<?xml version="1.0" encoding="UTF-8" standalone="no"?>
<!DOCTYPE log SYSTEM "logger.dtd">
<log>
<record>
  <date>2019-11-27T16:09:22</date>
  <millis>1574845762085</millis>
  <sequence>0</sequence>
  <level>START</level>
  <class>com.kms.katalon.core.logging.XmlKeywordLogger</class>
  <method>startSuite</method>
  <thread>1</thread>
  <message>Start Test Suite : Test Suites/E_Wallet/TS_createBilling/TS_createBillingCustomer_push_notif</message>
  <nestedLevel>0</nestedLevel>
  <property name="name">TS_createBillingCustomer_push_notif</property>
  <property name="description"></property>
  <property name="id">Test Suites/E_Wallet/TS_createBilling/TS_createBillingCustomer_push_notif</property>
</record>
<record>
  <date>2019-11-27T16:09:22</date>
  <millis>1574845762098</millis>
  <sequence>1</sequence>
  <level>RUN_DATA</level>
  <class>com.kms.katalon.core.logging.XmlKeywordLogger</class>
  <method>logMessage</method>
  <thread>1</thread>
  <message>hostName = Silvi - LAPTOP-ALMT97O4</message>
  <nestedLevel>0</nestedLevel>
  <property name="hostName">Silvi - LAPTOP-ALMT97O4</property>
</record>
<record>
  <date>2019-11-27T16:09:22</date>
  <millis>1574845762099</millis>
  <sequence>2</sequence>
  <level>RUN_DATA</level>
  <class>com.kms.katalon.core.logging.XmlKeywordLogger</class>
  <method>logMessage</method>
  <thread>1</thread>
  <message>os = Windows 10 64bit</message>
  <nestedLevel>0</nestedLevel>
  <property name="os">Windows 10 64bit</property>
</record>
<record>
  <date>2019-11-27T16:09:22</date>
  <millis>1574845762100</millis>
  <sequence>3</sequence>
  <level>RUN_DATA</level>
  <class>com.kms.katalon.core.logging.XmlKeywordLogger</class>
  <method>logMessage</method>
  <thread>1</thread>
  <message>hostAddress = 192.168.4.154</message>
  <nestedLevel>0</nestedLevel>
  <property name="hostAddress">192.168.4.154</property>
</record>
<record>
  <date>2019-11-27T16:09:22</date>
  <millis>1574845762100</millis>
  <sequence>4</sequence>
  <level>RUN_DATA</level>
  <class>com.kms.katalon.core.logging.XmlKeywordLogger</class>
  <method>logMessage</method>
  <thread>1</thread>
  <message>katalonVersion = 6.2.2.4</message>
  <nestedLevel>0</nestedLevel>
  <property name="katalonVersion">6.2.2.4</property>
</record>
<record>
  <date>2019-11-27T16:09:22</date>
  <millis>1574845762295</millis>
  <sequence>5</sequence>
  <level>START</level>
  <class>com.kms.katalon.core.logging.XmlKeywordLogger</class>
  <method>startTest</method>
  <thread>1</thread>
  <message>Start Test Case : Test Cases/E_Wallet/TC_createBilling/TC_createBillingCustomer</message>
  <nestedLevel>1</nestedLevel>
  <property name="name">Test Cases/E_Wallet/TC_createBilling/TC_createBillingCustomer</property>
  <property name="description"></property>
  <property name="id">Test Cases/E_Wallet/TC_createBilling/TC_createBillingCustomer</property>
  <property name="source">D:\\katalon-ewallet\\Test Cases\\E_Wallet\\TC_createBilling\\TC_createBillingCustomer.tc</property>
  <property name="tag"></property>
  <property name="isOptional">false</property>
</record>
<record>
  <date>2019-11-27T16:09:22</date>
  <millis>1574845762322</millis>
  <sequence>7</sequence>
  <level>INFO</level>
  <class>com.kms.katalon.core.logging.XmlKeywordLogger</class>
  <method>logMessage</method>
  <thread>1</thread>
  <message>var_user_agent = 1</message>
  <nestedLevel>1</nestedLevel>
</record>
<record>
  <date>2019-11-27T16:09:22</date>
  <millis>1574845762323</millis>
  <sequence>8</sequence>
  <level>INFO</level>
  <class>com.kms.katalon.core.logging.XmlKeywordLogger</class>
  <method>logMessage</method>
  <thread>1</thread>
  <message>var_trx_type_id = 20</message>
  <nestedLevel>1</nestedLevel>
</record>
<record>
  <date>2019-11-27T16:09:22</date>
  <millis>1574845762324</millis>
  <sequence>9</sequence>
  <level>INFO</level>
  <class>com.kms.katalon.core.logging.XmlKeywordLogger</class>
  <method>logMessage</method>
  <thread>1</thread>
  <message>var_to = merchant</message>
  <nestedLevel>1</nestedLevel>
</record>
<record>
  <date>2019-11-27T16:09:22</date>
  <millis>1574845762324</millis>
  <sequence>10</sequence>
  <level>INFO</level>
  <class>com.kms.katalon.core.logging.XmlKeywordLogger</class>
  <method>logMessage</method>
  <thread>1</thread>
  <message>var_to_id = 7</message>
  <nestedLevel>1</nestedLevel>
</record>
<record>
  <date>2019-11-27T16:09:22</date>
  <millis>1574845762325</millis>
  <sequence>11</sequence>
  <level>INFO</level>
  <class>com.kms.katalon.core.logging.XmlKeywordLogger</class>
  <method>logMessage</method>
  <thread>1</thread>
  <message>var_amount = 50</message>
  <nestedLevel>1</nestedLevel>
</record>
<record>
  <date>2019-11-27T16:09:22</date>
  <millis>1574845762325</millis>
  <sequence>12</sequence>
  <level>INFO</level>
  <class>com.kms.katalon.core.logging.XmlKeywordLogger</class>
  <method>logMessage</method>
  <thread>1</thread>
  <message>var_wallet_id = 1722</message>
  <nestedLevel>1</nestedLevel>
</record>
<record>
  <date>2019-11-27T16:09:22</date>
  <millis>1574845762325</millis>
  <sequence>13</sequence>
  <level>INFO</level>
  <class>com.kms.katalon.core.logging.XmlKeywordLogger</class>
  <method>logMessage</method>
  <thread>1</thread>
  <message>var_billing_ref1 = </message>
  <nestedLevel>1</nestedLevel>
</record>
<record>
  <date>2019-11-27T16:09:22</date>
  <millis>1574845762326</millis>
  <sequence>14</sequence>
  <level>INFO</level>
  <class>com.kms.katalon.core.logging.XmlKeywordLogger</class>
  <method>logMessage</method>
  <thread>1</thread>
  <message>var_billing_ref2 = bilardo|bilardo.741@bkmt.com|ppob_pulsa_prabayar|358240051111110|4|TELKOMSEL|082130427985|5000</message>
  <nestedLevel>1</nestedLevel>
</record>
<record>
  <date>2019-11-27T16:09:22</date>
  <millis>1574845762326</millis>
  <sequence>15</sequence>
  <level>INFO</level>
  <class>com.kms.katalon.core.logging.XmlKeywordLogger</class>
  <method>logMessage</method>
  <thread>1</thread>
  <message>var_billing_ref3 = 3</message>
  <nestedLevel>1</nestedLevel>
</record>
<record>
  <date>2019-11-27T16:09:22</date>
  <millis>1574845762327</millis>
  <sequence>16</sequence>
  <level>INFO</level>
  <class>com.kms.katalon.core.logging.XmlKeywordLogger</class>
  <method>logMessage</method>
  <thread>1</thread>
  <message>var_trace_number = 118486979869285</message>
  <nestedLevel>1</nestedLevel>
</record>
<record>
  <date>2019-11-27T16:09:22</date>
  <millis>1574845762328</millis>
  <sequence>17</sequence>
  <level>INFO</level>
  <class>com.kms.katalon.core.logging.XmlKeywordLogger</class>
  <method>logMessage</method>
  <thread>1</thread>
  <message>var_need_verify = 1</message>
  <nestedLevel>1</nestedLevel>
</record>
<record>
  <date>2019-11-27T16:09:22</date>
  <millis>1574845762328</millis>
  <sequence>18</sequence>
  <level>INFO</level>
  <class>com.kms.katalon.core.logging.XmlKeywordLogger</class>
  <method>logMessage</method>
  <thread>1</thread>
  <message>var_phone_number = 081223330010</message>
  <nestedLevel>1</nestedLevel>
</record>
<record>
  <date>2019-11-27T16:09:22</date>
  <millis>1574845762328</millis>
  <sequence>19</sequence>
  <level>INFO</level>
  <class>com.kms.katalon.core.logging.XmlKeywordLogger</class>
  <method>logMessage</method>
  <thread>1</thread>
  <message>var_unique_code = </message>
  <nestedLevel>1</nestedLevel>
</record>
<record>
  <date>2019-11-27T16:09:22</date>
  <millis>1574845762329</millis>
  <sequence>20</sequence>
  <level>INFO</level>
  <class>com.kms.katalon.core.logging.XmlKeywordLogger</class>
  <method>logMessage</method>
  <thread>1</thread>
  <message>var_expected_rc = RC00</message>
  <nestedLevel>1</nestedLevel>
</record>
<record>
  <date>2019-11-27T16:09:22</date>
  <millis>1574845762330</millis>
  <sequence>21</sequence>
  <level>INFO</level>
  <class>com.kms.katalon.core.logging.XmlKeywordLogger</class>
  <method>logMessage</method>
  <thread>1</thread>
  <message>var_customer_token = 1</message>
  <nestedLevel>1</nestedLevel>
</record>
<record>
  <date>2019-11-27T16:09:22</date>
  <millis>1574845762330</millis>
  <sequence>22</sequence>
  <level>INFO</level>
  <class>com.kms.katalon.core.logging.XmlKeywordLogger</class>
  <method>logMessage</method>
  <thread>1</thread>
  <message>var_partner_token = ABCDEF0123456789</message>
  <nestedLevel>1</nestedLevel>
</record>
<record>
  <date>2019-11-27T16:09:22</date>
  <millis>1574845762675</millis>
  <sequence>23</sequence>
  <level>INFO</level>
  <class>com.kms.katalon.core.logging.XmlKeywordLogger</class>
  <method>logMessage</method>
  <thread>1</thread>
  <message>(Default) access_token_customer = </message>
  <nestedLevel>1</nestedLevel>
</record>
<record>
  <date>2019-11-27T16:09:22</date>
  <millis>1574845762685</millis>
  <sequence>24</sequence>
  <level>INFO</level>
  <class>com.kms.katalon.core.logging.XmlKeywordLogger</class>
  <method>logMessage</method>
  <thread>1</thread>
  <message>(Default) var_aes_key = this_key_have_to_equal_32_bytes!</message>
  <nestedLevel>1</nestedLevel>
</record>
<record>
  <date>2019-11-27T16:09:22</date>
  <millis>1574845762694</millis>
  <sequence>25</sequence>
  <level>INFO</level>
  <class>com.kms.katalon.core.logging.XmlKeywordLogger</class>
  <method>logMessage</method>
  <thread>1</thread>
  <message>(Default) var_fcm_token = </message>
  <nestedLevel>1</nestedLevel>
</record>
<record>
  <date>2019-11-27T16:09:22</date>
  <millis>1574845762702</millis>
  <sequence>26</sequence>
  <level>INFO</level>
  <class>com.kms.katalon.core.logging.XmlKeywordLogger</class>
  <method>logMessage</method>
  <thread>1</thread>
  <message>(Default) var_device_id = </message>
  <nestedLevel>1</nestedLevel>
</record>
<record>
  <date>2019-11-27T16:09:22</date>
  <millis>1574845762702</millis>
  <sequence>27</sequence>
  <level>INFO</level>
  <class>com.kms.katalon.core.logging.XmlKeywordLogger</class>
  <method>logMessage</method>
  <thread>1</thread>
  <message>obj_model = 2</message>
  <nestedLevel>1</nestedLevel>
</record>
<record>
  <date>2019-11-27T16:09:22</date>
  <millis>1574845762901</millis>
  <sequence>28</sequence>
  <level>START</level>
  <class>com.kms.katalon.core.logging.XmlKeywordLogger</class>
  <method>startKeyword</method>
  <thread>1</thread>
  <message>Start action : trace_number = &amp;lt;not implemented yet for class: org.codehaus.groovy.ast.expr.EmptyExpression&amp;gt;</message>
  <nestedLevel>1</nestedLevel>
  <property name="startLine">34</property>
  <property name="stepIndex">1</property>
</record>
<record>
  <date>2019-11-27T16:09:22</date>
  <millis>1574845762902</millis>
  <sequence>29</sequence>
  <level>END</level>
  <class>com.kms.katalon.core.logging.XmlKeywordLogger</class>
  <method>endKeyword</method>
  <thread>1</thread>
  <message>End action : trace_number = &amp;lt;not implemented yet for class: org.codehaus.groovy.ast.expr.EmptyExpression&amp;gt;</message>
  <nestedLevel>1</nestedLevel>
</record>
<record>
  <date>2019-11-27T16:09:22</date>
  <millis>1574845762903</millis>
  <sequence>30</sequence>
  <level>START</level>
  <class>com.kms.katalon.core.logging.XmlKeywordLogger</class>
  <method>startKeyword</method>
  <thread>1</thread>
  <message>Start action : trace_number = Math.random() * 1000000000</message>
  <nestedLevel>1</nestedLevel>
  <property name="startLine">35</property>
  <property name="stepIndex">2</property>
</record>
<record>
  <date>2019-11-27T16:09:22</date>
  <millis>1574845762911</millis>
  <sequence>31</sequence>
  <level>END</level>
  <class>com.kms.katalon.core.logging.XmlKeywordLogger</class>
  <method>endKeyword</method>
  <thread>1</thread>
  <message>End action : trace_number = Math.random() * 1000000000</message>
  <nestedLevel>1</nestedLevel>
</record>
<record>
  <date>2019-11-27T16:09:22</date>
  <millis>1574845762911</millis>
  <sequence>32</sequence>
  <level>START</level>
  <class>com.kms.katalon.core.logging.XmlKeywordLogger</class>
  <method>startKeyword</method>
  <thread>1</thread>
  <message>Start action : partner_token = var_partner_token</message>
  <nestedLevel>1</nestedLevel>
  <property name="startLine">38</property>
  <property name="stepIndex">3</property>
</record>
<record>
  <date>2019-11-27T16:09:22</date>
  <millis>1574845762914</millis>
  <sequence>33</sequence>
  <level>END</level>
  <class>com.kms.katalon.core.logging.XmlKeywordLogger</class>
  <method>endKeyword</method>
  <thread>1</thread>
  <message>End action : partner_token = var_partner_token</message>
  <nestedLevel>1</nestedLevel>
</record>
<record>
  <date>2019-11-27T16:09:22</date>
  <millis>1574845762914</millis>
  <sequence>34</sequence>
  <level>START</level>
  <class>com.kms.katalon.core.logging.XmlKeywordLogger</class>
  <method>startKeyword</method>
  <thread>1</thread>
  <message>Start action : plain = \&amp;quot;{\&amp;quot; + \&amp;quot;\&amp;quot;user_agent\&amp;quot;:\&amp;quot;\&amp;quot; + var_user_agent + \&amp;quot;\&amp;quot;,\&amp;quot; + \&amp;quot;\&amp;quot;trx_type_id\&amp;quot;:\&amp;quot;\&amp;quot; + var_trx_type_id + \&amp;quot;\&amp;quot;,\&amp;quot; + \&amp;quot;\&amp;quot;to\&amp;quot;:\&amp;quot;\&amp;quot; + var_to + \&amp;quot;\&amp;quot;,\&amp;quot; + \&amp;quot;\&amp;quot;to_id\&amp;quot;:\&amp;quot;\&amp;quot; + var_to_id + \&amp;quot;\&amp;quot;,\&amp;quot; + \&amp;quot;\&amp;quot;amount\&amp;quot;:\&amp;quot;\&amp;quot; + var_amount + \&amp;quot;\&amp;quot;,\&amp;quot; + \&amp;quot;\&amp;quot;wallet_id\&amp;quot;:\&amp;quot;\&amp;quot; + var_wallet_id + \&amp;quot;\&amp;quot;,\&amp;quot; + \&amp;quot;\&amp;quot;billing_ref1\&amp;quot;:\&amp;quot;\&amp;quot; + var_billing_ref1 + \&amp;quot;\&amp;quot;,\&amp;quot; + \&amp;quot;\&amp;quot;billing_ref2\&amp;quot;:\&amp;quot;\&amp;quot; + var_billing_ref2 + \&amp;quot;\&amp;quot;,\&amp;quot; + \&amp;quot;\&amp;quot;billing_ref3\&amp;quot;:\&amp;quot;\&amp;quot; + var_billing_ref3 + \&amp;quot;\&amp;quot;,\&amp;quot; + \&amp;quot;\&amp;quot;trace_number\&amp;quot;:\&amp;quot;\&amp;quot; + var_trace_number + \&amp;quot;\&amp;quot;,\&amp;quot; + \&amp;quot;\&amp;quot;need_verify\&amp;quot;:\&amp;quot;\&amp;quot; + var_need_verify + \&amp;quot;\&amp;quot;,\&amp;quot; + \&amp;quot;\&amp;quot;phone_number\&amp;quot;:\&amp;quot;\&amp;quot; + var_phone_number + \&amp;quot;\&amp;quot;,\&amp;quot; + \&amp;quot;\&amp;quot;qr_unique_code\&amp;quot;:\&amp;quot;\&amp;quot; + var_unique_code + \&amp;quot;\&amp;quot;}\&amp;quot;</message>
  <nestedLevel>1</nestedLevel>
  <property name="startLine">39</property>
  <property name="stepIndex">4</property>
</record>
<record>
  <date>2019-11-27T16:09:22</date>
  <millis>1574845762916</millis>
  <sequence>35</sequence>
  <level>END</level>
  <class>com.kms.katalon.core.logging.XmlKeywordLogger</class>
  <method>endKeyword</method>
  <thread>1</thread>
  <message>End action : plain = \&amp;quot;{\&amp;quot; + \&amp;quot;\&amp;quot;user_agent\&amp;quot;:\&amp;quot;\&amp;quot; + var_user_agent + \&amp;quot;\&amp;quot;,\&amp;quot; + \&amp;quot;\&amp;quot;trx_type_id\&amp;quot;:\&amp;quot;\&amp;quot; + var_trx_type_id + \&amp;quot;\&amp;quot;,\&amp;quot; + \&amp;quot;\&amp;quot;to\&amp;quot;:\&amp;quot;\&amp;quot; + var_to + \&amp;quot;\&amp;quot;,\&amp;quot; + \&amp;quot;\&amp;quot;to_id\&amp;quot;:\&amp;quot;\&amp;quot; + var_to_id + \&amp;quot;\&amp;quot;,\&amp;quot; + \&amp;quot;\&amp;quot;amount\&amp;quot;:\&amp;quot;\&amp;quot; + var_amount + \&amp;quot;\&amp;quot;,\&amp;quot; + \&amp;quot;\&amp;quot;wallet_id\&amp;quot;:\&amp;quot;\&amp;quot; + var_wallet_id + \&amp;quot;\&amp;quot;,\&amp;quot; + \&amp;quot;\&amp;quot;billing_ref1\&amp;quot;:\&amp;quot;\&amp;quot; + var_billing_ref1 + \&amp;quot;\&amp;quot;,\&amp;quot; + \&amp;quot;\&amp;quot;billing_ref2\&amp;quot;:\&amp;quot;\&amp;quot; + var_billing_ref2 + \&amp;quot;\&amp;quot;,\&amp;quot; + \&amp;quot;\&amp;quot;billing_ref3\&amp;quot;:\&amp;quot;\&amp;quot; + var_billing_ref3 + \&amp;quot;\&amp;quot;,\&amp;quot; + \&amp;quot;\&amp;quot;trace_number\&amp;quot;:\&amp;quot;\&amp;quot; + var_trace_number + \&amp;quot;\&amp;quot;,\&amp;quot; + \&amp;quot;\&amp;quot;need_verify\&amp;quot;:\&amp;quot;\&amp;quot; + var_need_verify + \&amp;quot;\&amp;quot;,\&amp;quot; + \&amp;quot;\&amp;quot;phone_number\&amp;quot;:\&amp;quot;\&amp;quot; + var_phone_number + \&amp;quot;\&amp;quot;,\&amp;quot; + \&amp;quot;\&amp;quot;qr_unique_code\&amp;quot;:\&amp;quot;\&amp;quot; + var_unique_code + \&amp;quot;\&amp;quot;}\&amp;quot;</message>
  <nestedLevel>1</nestedLevel>
</record>
<record>
  <date>2019-11-27T16:09:22</date>
  <millis>1574845762917</millis>
  <sequence>36</sequence>
  <level>START</level>
  <class>com.kms.katalon.core.logging.XmlKeywordLogger</class>
  <method>startKeyword</method>
  <thread>1</thread>
  <message>Start action : out.println(plain)</message>
  <nestedLevel>1</nestedLevel>
  <property name="startLine">56</property>
  <property name="stepIndex">5</property>
</record>
<record>
  <date>2019-11-27T16:09:22</date>
  <millis>1574845762924</millis>
  <sequence>37</sequence>
  <level>END</level>
  <class>com.kms.katalon.core.logging.XmlKeywordLogger</class>
  <method>endKeyword</method>
  <thread>1</thread>
  <message>End action : out.println(plain)</message>
  <nestedLevel>1</nestedLevel>
</record>
<record>
  <date>2019-11-27T16:09:22</date>
  <millis>1574845762925</millis>
  <sequence>38</sequence>
  <level>START</level>
  <class>com.kms.katalon.core.logging.XmlKeywordLogger</class>
  <method>startKeyword</method>
  <thread>1</thread>
  <message>Start action : out.println(\&amp;quot;var_customer_token\&amp;quot; + var_customer_token)</message>
  <nestedLevel>1</nestedLevel>
  <property name="startLine">57</property>
  <property name="stepIndex">6</property>
</record>
<record>
  <date>2019-11-27T16:09:22</date>
  <millis>1574845762926</millis>
  <sequence>39</sequence>
  <level>END</level>
  <class>com.kms.katalon.core.logging.XmlKeywordLogger</class>
  <method>endKeyword</method>
  <thread>1</thread>
  <message>End action : out.println(\&amp;quot;var_customer_token\&amp;quot; + var_customer_token)</message>
  <nestedLevel>1</nestedLevel>
</record>
<record>
  <date>2019-11-27T16:09:22</date>
  <millis>1574845762926</millis>
  <sequence>40</sequence>
  <level>START</level>
  <class>com.kms.katalon.core.logging.XmlKeywordLogger</class>
  <method>startKeyword</method>
  <thread>1</thread>
  <message>Start action : out.println(\&amp;quot;var_partner_token\&amp;quot; + var_partner_token)</message>
  <nestedLevel>1</nestedLevel>
  <property name="startLine">58</property>
  <property name="stepIndex">7</property>
</record>
<record>
  <date>2019-11-27T16:09:22</date>
  <millis>1574845762927</millis>
  <sequence>41</sequence>
  <level>END</level>
  <class>com.kms.katalon.core.logging.XmlKeywordLogger</class>
  <method>endKeyword</method>
  <thread>1</thread>
  <message>End action : out.println(\&amp;quot;var_partner_token\&amp;quot; + var_partner_token)</message>
  <nestedLevel>1</nestedLevel>
</record>
<record>
  <date>2019-11-27T16:09:22</date>
  <millis>1574845762927</millis>
  <sequence>42</sequence>
  <level>START</level>
  <class>com.kms.katalon.core.logging.XmlKeywordLogger</class>
  <method>startKeyword</method>
  <thread>1</thread>
  <message>Start action : encipheredData = SecureUtils.encryptAesEwallet(plain, var_aes_key)</message>
  <nestedLevel>1</nestedLevel>
  <property name="startLine">61</property>
  <property name="stepIndex">8</property>
</record>
<record>
  <date>2019-11-27T16:09:23</date>
  <millis>1574845763761</millis>
  <sequence>43</sequence>
  <level>END</level>
  <class>com.kms.katalon.core.logging.XmlKeywordLogger</class>
  <method>endKeyword</method>
  <thread>1</thread>
  <message>End action : encipheredData = SecureUtils.encryptAesEwallet(plain, var_aes_key)</message>
  <nestedLevel>1</nestedLevel>
</record>
<record>
  <date>2019-11-27T16:09:23</date>
  <millis>1574845763761</millis>
  <sequence>44</sequence>
  <level>START</level>
  <class>com.kms.katalon.core.logging.XmlKeywordLogger</class>
  <method>startKeyword</method>
  <thread>1</thread>
  <message>Start action : body = \&amp;quot;{\&amp;quot;organisation_id\&amp;quot;:\&amp;quot;1\&amp;quot;,\&amp;quot;data\&amp;quot;:\&amp;quot;\&amp;quot; + encipheredData + \&amp;quot;\&amp;quot;,\&amp;quot;lang\&amp;quot;:\&amp;quot;id\&amp;quot;}\&amp;quot;</message>
  <nestedLevel>1</nestedLevel>
  <property name="startLine">64</property>
  <property name="stepIndex">9</property>
</record>
<record>
  <date>2019-11-27T16:09:23</date>
  <millis>1574845763762</millis>
  <sequence>45</sequence>
  <level>END</level>
  <class>com.kms.katalon.core.logging.XmlKeywordLogger</class>
  <method>endKeyword</method>
  <thread>1</thread>
  <message>End action : body = \&amp;quot;{\&amp;quot;organisation_id\&amp;quot;:\&amp;quot;1\&amp;quot;,\&amp;quot;data\&amp;quot;:\&amp;quot;\&amp;quot; + encipheredData + \&amp;quot;\&amp;quot;,\&amp;quot;lang\&amp;quot;:\&amp;quot;id\&amp;quot;}\&amp;quot;</message>
  <nestedLevel>1</nestedLevel>
</record>
<record>
  <date>2019-11-27T16:09:23</date>
  <millis>1574845763763</millis>
  <sequence>46</sequence>
  <level>START</level>
  <class>com.kms.katalon.core.logging.XmlKeywordLogger</class>
  <method>startKeyword</method>
  <thread>1</thread>
  <message>Start action : out.println(body)</message>
  <nestedLevel>1</nestedLevel>
  <property name="startLine">66</property>
  <property name="stepIndex">10</property>
</record>
<record>
  <date>2019-11-27T16:09:23</date>
  <millis>1574845763763</millis>
  <sequence>47</sequence>
  <level>END</level>
  <class>com.kms.katalon.core.logging.XmlKeywordLogger</class>
  <method>endKeyword</method>
  <thread>1</thread>
  <message>End action : out.println(body)</message>
  <nestedLevel>1</nestedLevel>
</record>
<record>
  <date>2019-11-27T16:09:23</date>
  <millis>1574845763764</millis>
  <sequence>48</sequence>
  <level>START</level>
  <class>com.kms.katalon.core.logging.XmlKeywordLogger</class>
  <method>startKeyword</method>
  <thread>1</thread>
  <message>Start action : request = &amp;lt;not implemented yet for class: org.codehaus.groovy.ast.expr.EmptyExpression&amp;gt;</message>
  <nestedLevel>1</nestedLevel>
  <property name="startLine">69</property>
  <property name="stepIndex">11</property>
</record>
<record>
  <date>2019-11-27T16:09:23</date>
  <millis>1574845763764</millis>
  <sequence>49</sequence>
  <level>END</level>
  <class>com.kms.katalon.core.logging.XmlKeywordLogger</class>
  <method>endKeyword</method>
  <thread>1</thread>
  <message>End action : request = &amp;lt;not implemented yet for class: org.codehaus.groovy.ast.expr.EmptyExpression&amp;gt;</message>
  <nestedLevel>1</nestedLevel>
</record>
<record>
  <date>2019-11-27T16:09:23</date>
  <millis>1574845763764</millis>
  <sequence>50</sequence>
  <level>START</level>
  <class>com.kms.katalon.core.logging.XmlKeywordLogger</class>
  <method>startKeyword</method>
  <thread>1</thread>
  <message>Start action : if (obj_model == \&amp;quot;1\&amp;quot;)</message>
  <nestedLevel>1</nestedLevel>
  <property name="startLine">70</property>
  <property name="stepIndex">12</property>
</record>
<record>
  <date>2019-11-27T16:09:23</date>
  <millis>1574845763765</millis>
  <sequence>51</sequence>
  <level>END</level>
  <class>com.kms.katalon.core.logging.XmlKeywordLogger</class>
  <method>endKeyword</method>
  <thread>1</thread>
  <message>End action : if (obj_model == \&amp;quot;1\&amp;quot;)</message>
  <nestedLevel>1</nestedLevel>
</record>
<record>
  <date>2019-11-27T16:09:23</date>
  <millis>1574845763765</millis>
  <sequence>52</sequence>
  <level>START</level>
  <class>com.kms.katalon.core.logging.XmlKeywordLogger</class>
  <method>startKeyword</method>
  <thread>1</thread>
  <message>Start action : else</message>
  <nestedLevel>1</nestedLevel>
  <property name="startLine">74</property>
  <property name="stepIndex">13</property>
</record>
<record>
  <date>2019-11-27T16:09:23</date>
  <millis>1574845763766</millis>
  <sequence>53</sequence>
  <level>START</level>
  <class>com.kms.katalon.core.logging.XmlKeywordLogger</class>
  <method>startKeyword</method>
  <thread>1</thread>
  <message>Start action : request = findTestObject(\&amp;quot;E_Wallet/obj_createBillingCustomer2\&amp;quot;)</message>
  <nestedLevel>2</nestedLevel>
  <property name="startLine">75</property>
  <property name="stepIndex">1</property>
</record>
<record>
  <date>2019-11-27T16:09:23</date>
  <millis>1574845763827</millis>
  <sequence>55</sequence>
  <level>END</level>
  <class>com.kms.katalon.core.logging.XmlKeywordLogger</class>
  <method>endKeyword</method>
  <thread>1</thread>
  <message>End action : request = findTestObject(\&amp;quot;E_Wallet/obj_createBillingCustomer2\&amp;quot;)</message>
  <nestedLevel>2</nestedLevel>
</record>
<record>
  <date>2019-11-27T16:09:23</date>
  <millis>1574845763828</millis>
  <sequence>56</sequence>
  <level>START</level>
  <class>com.kms.katalon.core.logging.XmlKeywordLogger</class>
  <method>startKeyword</method>
  <thread>1</thread>
  <message>Start action : request.setBodyContent(new com.kms.katalon.core.testobject.impl.HttpTextBodyContent(body, UTF-8, application/json))</message>
  <nestedLevel>2</nestedLevel>
  <property name="startLine">76</property>
  <property name="stepIndex">2</property>
</record>
<record>
  <date>2019-11-27T16:09:23</date>
  <millis>1574845763840</millis>
  <sequence>57</sequence>
  <level>END</level>
  <class>com.kms.katalon.core.logging.XmlKeywordLogger</class>
  <method>endKeyword</method>
  <thread>1</thread>
  <message>End action : request.setBodyContent(new com.kms.katalon.core.testobject.impl.HttpTextBodyContent(body, UTF-8, application/json))</message>
  <nestedLevel>2</nestedLevel>
</record>
<record>
  <date>2019-11-27T16:09:23</date>
  <millis>1574845763841</millis>
  <sequence>58</sequence>
  <level>END</level>
  <class>com.kms.katalon.core.logging.XmlKeywordLogger</class>
  <method>endKeyword</method>
  <thread>1</thread>
  <message>End action : else</message>
  <nestedLevel>1</nestedLevel>
</record>
<record>
  <date>2019-11-27T16:09:23</date>
  <millis>1574845763841</millis>
  <sequence>59</sequence>
  <level>START</level>
  <class>com.kms.katalon.core.logging.XmlKeywordLogger</class>
  <method>startKeyword</method>
  <thread>1</thread>
  <message>Start action : if (var_customer_token == \&amp;quot;0\&amp;quot;)</message>
  <nestedLevel>1</nestedLevel>
  <property name="startLine">79</property>
  <property name="stepIndex">14</property>
</record>
<record>
  <date>2019-11-27T16:09:23</date>
  <millis>1574845763842</millis>
  <sequence>60</sequence>
  <level>END</level>
  <class>com.kms.katalon.core.logging.XmlKeywordLogger</class>
  <method>endKeyword</method>
  <thread>1</thread>
  <message>End action : if (var_customer_token == \&amp;quot;0\&amp;quot;)</message>
  <nestedLevel>1</nestedLevel>
</record>
<record>
  <date>2019-11-27T16:09:23</date>
  <millis>1574845763842</millis>
  <sequence>61</sequence>
  <level>START</level>
  <class>com.kms.katalon.core.logging.XmlKeywordLogger</class>
  <method>startKeyword</method>
  <thread>1</thread>
  <message>Start action : else</message>
  <nestedLevel>1</nestedLevel>
  <property name="startLine">90</property>
  <property name="stepIndex">15</property>
</record>
<record>
  <date>2019-11-27T16:09:23</date>
  <millis>1574845763843</millis>
  <sequence>62</sequence>
  <level>START</level>
  <class>com.kms.katalon.core.logging.XmlKeywordLogger</class>
  <method>startKeyword</method>
  <thread>1</thread>
  <message>Start action : out.println(\&amp;quot;using access_token = \&amp;quot; + access_token_customer)</message>
  <nestedLevel>2</nestedLevel>
  <property name="startLine">91</property>
  <property name="stepIndex">1</property>
</record>
<record>
  <date>2019-11-27T16:09:23</date>
  <millis>1574845763845</millis>
  <sequence>63</sequence>
  <level>END</level>
  <class>com.kms.katalon.core.logging.XmlKeywordLogger</class>
  <method>endKeyword</method>
  <thread>1</thread>
  <message>End action : out.println(\&amp;quot;using access_token = \&amp;quot; + access_token_customer)</message>
  <nestedLevel>2</nestedLevel>
</record>
<record>
  <date>2019-11-27T16:09:23</date>
  <millis>1574845763845</millis>
  <sequence>64</sequence>
  <level>START</level>
  <class>com.kms.katalon.core.logging.XmlKeywordLogger</class>
  <method>startKeyword</method>
  <thread>1</thread>
  <message>Start action : out.println(request.getRestUrl())</message>
  <nestedLevel>2</nestedLevel>
  <property name="startLine">92</property>
  <property name="stepIndex">2</property>
</record>
<record>
  <date>2019-11-27T16:09:23</date>
  <millis>1574845763847</millis>
  <sequence>65</sequence>
  <level>END</level>
  <class>com.kms.katalon.core.logging.XmlKeywordLogger</class>
  <method>endKeyword</method>
  <thread>1</thread>
  <message>End action : out.println(request.getRestUrl())</message>
  <nestedLevel>2</nestedLevel>
</record>
<record>
  <date>2019-11-27T16:09:23</date>
  <millis>1574845763847</millis>
  <sequence>66</sequence>
  <level>END</level>
  <class>com.kms.katalon.core.logging.XmlKeywordLogger</class>
  <method>endKeyword</method>
  <thread>1</thread>
  <message>End action : else</message>
  <nestedLevel>1</nestedLevel>
</record>
<record>
  <date>2019-11-27T16:09:23</date>
  <millis>1574845763847</millis>
  <sequence>67</sequence>
  <level>START</level>
  <class>com.kms.katalon.core.logging.XmlKeywordLogger</class>
  <method>startKeyword</method>
  <thread>1</thread>
  <message>Start action : response = sendRequest(request)</message>
  <nestedLevel>1</nestedLevel>
  <property name="startLine">96</property>
  <property name="stepIndex">16</property>
</record>
<record>
  <date>2019-11-27T16:09:24</date>
  <millis>1574845764567</millis>
  <sequence>69</sequence>
  <level>INFO</level>
  <class>com.kms.katalon.core.logging.XmlKeywordLogger</class>
  <method>logMessage</method>
  <thread>1</thread>
  <message>HAR: D:\\katalon-ewallet\\Reports\\E_Wallet\\TS_createBilling\\TS_createBillingCustomer_push_notif\\20191127_160920\\requests\\main\\0.har</message>
  <nestedLevel>1</nestedLevel>
  <property name="harId">aeca5bce-881e-4238-b0e0-88407a4e1941</property>
</record>
<record>
  <date>2019-11-27T16:09:24</date>
  <millis>1574845764637</millis>
  <sequence>70</sequence>
  <level>PASSED</level>
  <class>com.kms.katalon.core.logging.XmlKeywordLogger</class>
  <method>logMessage</method>
  <thread>1</thread>
  <message>Send request successfully</message>
  <nestedLevel>1</nestedLevel>
</record>
<record>
  <date>2019-11-27T16:09:24</date>
  <millis>1574845764637</millis>
  <sequence>71</sequence>
  <level>END</level>
  <class>com.kms.katalon.core.logging.XmlKeywordLogger</class>
  <method>endKeyword</method>
  <thread>1</thread>
  <message>End action : response = sendRequest(request)</message>
  <nestedLevel>1</nestedLevel>
</record>
<record>
  <date>2019-11-27T16:09:24</date>
  <millis>1574845764638</millis>
  <sequence>72</sequence>
  <level>START</level>
  <class>com.kms.katalon.core.logging.XmlKeywordLogger</class>
  <method>startKeyword</method>
  <thread>1</thread>
  <message>Start action : println(partner_token)</message>
  <nestedLevel>1</nestedLevel>
  <property name="startLine">97</property>
  <property name="stepIndex">17</property>
</record>
<record>
  <date>2019-11-27T16:09:24</date>
  <millis>1574845764641</millis>
  <sequence>73</sequence>
  <level>END</level>
  <class>com.kms.katalon.core.logging.XmlKeywordLogger</class>
  <method>endKeyword</method>
  <thread>1</thread>
  <message>End action : println(partner_token)</message>
  <nestedLevel>1</nestedLevel>
</record>
<record>
  <date>2019-11-27T16:09:24</date>
  <millis>1574845764641</millis>
  <sequence>74</sequence>
  <level>START</level>
  <class>com.kms.katalon.core.logging.XmlKeywordLogger</class>
  <method>startKeyword</method>
  <thread>1</thread>
  <message>Start action : body_content = responseBodyContent</message>
  <nestedLevel>1</nestedLevel>
  <property name="startLine">99</property>
  <property name="stepIndex">18</property>
</record>
<record>
  <date>2019-11-27T16:09:24</date>
  <millis>1574845764647</millis>
  <sequence>75</sequence>
  <level>END</level>
  <class>com.kms.katalon.core.logging.XmlKeywordLogger</class>
  <method>endKeyword</method>
  <thread>1</thread>
  <message>End action : body_content = responseBodyContent</message>
  <nestedLevel>1</nestedLevel>
</record>
<record>
  <date>2019-11-27T16:09:24</date>
  <millis>1574845764648</millis>
  <sequence>76</sequence>
  <level>START</level>
  <class>com.kms.katalon.core.logging.XmlKeywordLogger</class>
  <method>startKeyword</method>
  <thread>1</thread>
  <message>Start action : status_code = statusCode</message>
  <nestedLevel>1</nestedLevel>
  <property name="startLine">100</property>
  <property name="stepIndex">19</property>
</record>
<record>
  <date>2019-11-27T16:09:24</date>
  <millis>1574845764649</millis>
  <sequence>77</sequence>
  <level>END</level>
  <class>com.kms.katalon.core.logging.XmlKeywordLogger</class>
  <method>endKeyword</method>
  <thread>1</thread>
  <message>End action : status_code = statusCode</message>
  <nestedLevel>1</nestedLevel>
</record>
<record>
  <date>2019-11-27T16:09:24</date>
  <millis>1574845764649</millis>
  <sequence>78</sequence>
  <level>START</level>
  <class>com.kms.katalon.core.logging.XmlKeywordLogger</class>
  <method>startKeyword</method>
  <thread>1</thread>
  <message>Start action : respDataMap = JsonSlurper().parseText(body_content)</message>
  <nestedLevel>1</nestedLevel>
  <property name="startLine">102</property>
  <property name="stepIndex">20</property>
</record>
<record>
  <date>2019-11-27T16:09:24</date>
  <millis>1574845764662</millis>
  <sequence>79</sequence>
  <level>END</level>
  <class>com.kms.katalon.core.logging.XmlKeywordLogger</class>
  <method>endKeyword</method>
  <thread>1</thread>
  <message>End action : respDataMap = JsonSlurper().parseText(body_content)</message>
  <nestedLevel>1</nestedLevel>
</record>
<record>
  <date>2019-11-27T16:09:24</date>
  <millis>1574845764662</millis>
  <sequence>80</sequence>
  <level>START</level>
  <class>com.kms.katalon.core.logging.XmlKeywordLogger</class>
  <method>startKeyword</method>
  <thread>1</thread>
  <message>Start action : out.println(respDataMap)</message>
  <nestedLevel>1</nestedLevel>
  <property name="startLine">104</property>
  <property name="stepIndex">21</property>
</record>
<record>
  <date>2019-11-27T16:09:24</date>
  <millis>1574845764664</millis>
  <sequence>81</sequence>
  <level>END</level>
  <class>com.kms.katalon.core.logging.XmlKeywordLogger</class>
  <method>endKeyword</method>
  <thread>1</thread>
  <message>End action : out.println(respDataMap)</message>
  <nestedLevel>1</nestedLevel>
</record>
<record>
  <date>2019-11-27T16:09:24</date>
  <millis>1574845764664</millis>
  <sequence>82</sequence>
  <level>START</level>
  <class>com.kms.katalon.core.logging.XmlKeywordLogger</class>
  <method>startKeyword</method>
  <thread>1</thread>
  <message>Start action : rc_ref = ReturnCodeWrapper(var_expected_rc).getEnumRC()</message>
  <nestedLevel>1</nestedLevel>
  <property name="startLine">107</property>
  <property name="stepIndex">22</property>
</record>
<record>
  <date>2019-11-27T16:09:24</date>
  <millis>1574845764678</millis>
  <sequence>83</sequence>
  <level>END</level>
  <class>com.kms.katalon.core.logging.XmlKeywordLogger</class>
  <method>endKeyword</method>
  <thread>1</thread>
  <message>End action : rc_ref = ReturnCodeWrapper(var_expected_rc).getEnumRC()</message>
  <nestedLevel>1</nestedLevel>
</record>
<record>
  <date>2019-11-27T16:09:24</date>
  <millis>1574845764678</millis>
  <sequence>84</sequence>
  <level>START</level>
  <class>com.kms.katalon.core.logging.XmlKeywordLogger</class>
  <method>startKeyword</method>
  <thread>1</thread>
  <message>Start action : out.println(var_expected_rc)</message>
  <nestedLevel>1</nestedLevel>
  <property name="startLine">109</property>
  <property name="stepIndex">23</property>
</record>
<record>
  <date>2019-11-27T16:09:24</date>
  <millis>1574845764678</millis>
  <sequence>85</sequence>
  <level>END</level>
  <class>com.kms.katalon.core.logging.XmlKeywordLogger</class>
  <method>endKeyword</method>
  <thread>1</thread>
  <message>End action : out.println(var_expected_rc)</message>
  <nestedLevel>1</nestedLevel>
</record>
<record>
  <date>2019-11-27T16:09:24</date>
  <millis>1574845764679</millis>
  <sequence>86</sequence>
  <level>START</level>
  <class>com.kms.katalon.core.logging.XmlKeywordLogger</class>
  <method>startKeyword</method>
  <thread>1</thread>
  <message>Start action : out.println(rc_ref.getRCName())</message>
  <nestedLevel>1</nestedLevel>
  <property name="startLine">110</property>
  <property name="stepIndex">24</property>
</record>
<record>
  <date>2019-11-27T16:09:24</date>
  <millis>1574845764680</millis>
  <sequence>87</sequence>
  <level>END</level>
  <class>com.kms.katalon.core.logging.XmlKeywordLogger</class>
  <method>endKeyword</method>
  <thread>1</thread>
  <message>End action : out.println(rc_ref.getRCName())</message>
  <nestedLevel>1</nestedLevel>
</record>
<record>
  <date>2019-11-27T16:09:24</date>
  <millis>1574845764680</millis>
  <sequence>88</sequence>
  <level>START</level>
  <class>com.kms.katalon.core.logging.XmlKeywordLogger</class>
  <method>startKeyword</method>
  <thread>1</thread>
  <message>Start action : out.println(rc_ref.getHttpResponse())</message>
  <nestedLevel>1</nestedLevel>
  <property name="startLine">111</property>
  <property name="stepIndex">25</property>
</record>
<record>
  <date>2019-11-27T16:09:24</date>
  <millis>1574845764682</millis>
  <sequence>89</sequence>
  <level>END</level>
  <class>com.kms.katalon.core.logging.XmlKeywordLogger</class>
  <method>endKeyword</method>
  <thread>1</thread>
  <message>End action : out.println(rc_ref.getHttpResponse())</message>
  <nestedLevel>1</nestedLevel>
</record>
<record>
  <date>2019-11-27T16:09:24</date>
  <millis>1574845764683</millis>
  <sequence>90</sequence>
  <level>START</level>
  <class>com.kms.katalon.core.logging.XmlKeywordLogger</class>
  <method>startKeyword</method>
  <thread>1</thread>
  <message>Start action : result = verifyEqual(response_code, rc_ref.getRCName())</message>
  <nestedLevel>1</nestedLevel>
  <property name="startLine">114</property>
  <property name="stepIndex">26</property>
</record>
<record>
  <date>2019-11-27T16:09:24</date>
  <millis>1574845764700</millis>
  <sequence>92</sequence>
  <level>PASSED</level>
  <class>com.kms.katalon.core.logging.XmlKeywordLogger</class>
  <method>logMessage</method>
  <thread>1</thread>
  <message>Actual object &amp;apos;RC00&amp;apos; and expected object &amp;apos;RC00&amp;apos; are equal</message>
  <nestedLevel>1</nestedLevel>
</record>
<record>
  <date>2019-11-27T16:09:24</date>
  <millis>1574845764701</millis>
  <sequence>93</sequence>
  <level>END</level>
  <class>com.kms.katalon.core.logging.XmlKeywordLogger</class>
  <method>endKeyword</method>
  <thread>1</thread>
  <message>End action : result = verifyEqual(response_code, rc_ref.getRCName())</message>
  <nestedLevel>1</nestedLevel>
</record>
<record>
  <date>2019-11-27T16:09:24</date>
  <millis>1574845764701</millis>
  <sequence>94</sequence>
  <level>START</level>
  <class>com.kms.katalon.core.logging.XmlKeywordLogger</class>
  <method>startKeyword</method>
  <thread>1</thread>
  <message>Start action : if (result == false)</message>
  <nestedLevel>1</nestedLevel>
  <property name="startLine">116</property>
  <property name="stepIndex">27</property>
</record>
<record>
  <date>2019-11-27T16:09:24</date>
  <millis>1574845764702</millis>
  <sequence>95</sequence>
  <level>END</level>
  <class>com.kms.katalon.core.logging.XmlKeywordLogger</class>
  <method>endKeyword</method>
  <thread>1</thread>
  <message>End action : if (result == false)</message>
  <nestedLevel>1</nestedLevel>
</record>
<record>
  <date>2019-11-27T16:09:24</date>
  <millis>1574845764702</millis>
  <sequence>96</sequence>
  <level>START</level>
  <class>com.kms.katalon.core.logging.XmlKeywordLogger</class>
  <method>startKeyword</method>
  <thread>1</thread>
  <message>Start action : else</message>
  <nestedLevel>1</nestedLevel>
  <property name="startLine">119</property>
  <property name="stepIndex">28</property>
</record>
<record>
  <date>2019-11-27T16:09:24</date>
  <millis>1574845764703</millis>
  <sequence>97</sequence>
  <level>START</level>
  <class>com.kms.katalon.core.logging.XmlKeywordLogger</class>
  <method>startKeyword</method>
  <thread>1</thread>
  <message>Start action : verifyEqual(statusCode, rc_ref.getHttpResponse())</message>
  <nestedLevel>2</nestedLevel>
  <property name="startLine">121</property>
  <property name="stepIndex">1</property>
</record>
<record>
  <date>2019-11-27T16:09:24</date>
  <millis>1574845764708</millis>
  <sequence>99</sequence>
  <level>PASSED</level>
  <class>com.kms.katalon.core.logging.XmlKeywordLogger</class>
  <method>logMessage</method>
  <thread>1</thread>
  <message>Actual object &amp;apos;200&amp;apos; and expected object &amp;apos;200&amp;apos; are equal</message>
  <nestedLevel>1</nestedLevel>
</record>
<record>
  <date>2019-11-27T16:09:24</date>
  <millis>1574845764708</millis>
  <sequence>100</sequence>
  <level>END</level>
  <class>com.kms.katalon.core.logging.XmlKeywordLogger</class>
  <method>endKeyword</method>
  <thread>1</thread>
  <message>End action : verifyEqual(statusCode, rc_ref.getHttpResponse())</message>
  <nestedLevel>2</nestedLevel>
</record>
<record>
  <date>2019-11-27T16:09:24</date>
  <millis>1574845764709</millis>
  <sequence>101</sequence>
  <level>START</level>
  <class>com.kms.katalon.core.logging.XmlKeywordLogger</class>
  <method>startKeyword</method>
  <thread>1</thread>
  <message>Start action : if (rc_ref == RC00)</message>
  <nestedLevel>2</nestedLevel>
  <property name="startLine">124</property>
  <property name="stepIndex">2</property>
</record>
<record>
  <date>2019-11-27T16:09:24</date>
  <millis>1574845764710</millis>
  <sequence>102</sequence>
  <level>START</level>
  <class>com.kms.katalon.core.logging.XmlKeywordLogger</class>
  <method>startKeyword</method>
  <thread>1</thread>
  <message>Start action : decipheredResponseData = SecureUtils.decryptAesEwallet(data, var_aes_key)</message>
  <nestedLevel>3</nestedLevel>
  <property name="startLine">125</property>
  <property name="stepIndex">1</property>
</record>
<record>
  <date>2019-11-27T16:09:24</date>
  <millis>1574845764714</millis>
  <sequence>103</sequence>
  <level>END</level>
  <class>com.kms.katalon.core.logging.XmlKeywordLogger</class>
  <method>endKeyword</method>
  <thread>1</thread>
  <message>End action : decipheredResponseData = SecureUtils.decryptAesEwallet(data, var_aes_key)</message>
  <nestedLevel>3</nestedLevel>
</record>
<record>
  <date>2019-11-27T16:09:24</date>
  <millis>1574845764714</millis>
  <sequence>104</sequence>
  <level>START</level>
  <class>com.kms.katalon.core.logging.XmlKeywordLogger</class>
  <method>startKeyword</method>
  <thread>1</thread>
  <message>Start action : decipheredRespDataMap = JsonSlurper().parseText(decipheredResponseData)</message>
  <nestedLevel>3</nestedLevel>
  <property name="startLine">126</property>
  <property name="stepIndex">2</property>
</record>
<record>
  <date>2019-11-27T16:09:24</date>
  <millis>1574845764715</millis>
  <sequence>105</sequence>
  <level>END</level>
  <class>com.kms.katalon.core.logging.XmlKeywordLogger</class>
  <method>endKeyword</method>
  <thread>1</thread>
  <message>End action : decipheredRespDataMap = JsonSlurper().parseText(decipheredResponseData)</message>
  <nestedLevel>3</nestedLevel>
</record>
<record>
  <date>2019-11-27T16:09:24</date>
  <millis>1574845764715</millis>
  <sequence>106</sequence>
  <level>START</level>
  <class>com.kms.katalon.core.logging.XmlKeywordLogger</class>
  <method>startKeyword</method>
  <thread>1</thread>
  <message>Start action : out.println(decipheredRespDataMap)</message>
  <nestedLevel>3</nestedLevel>
  <property name="startLine">128</property>
  <property name="stepIndex">3</property>
</record>
<record>
  <date>2019-11-27T16:09:24</date>
  <millis>1574845764716</millis>
  <sequence>107</sequence>
  <level>END</level>
  <class>com.kms.katalon.core.logging.XmlKeywordLogger</class>
  <method>endKeyword</method>
  <thread>1</thread>
  <message>End action : out.println(decipheredRespDataMap)</message>
  <nestedLevel>3</nestedLevel>
</record>
<record>
  <date>2019-11-27T16:09:24</date>
  <millis>1574845764716</millis>
  <sequence>108</sequence>
  <level>END</level>
  <class>com.kms.katalon.core.logging.XmlKeywordLogger</class>
  <method>endKeyword</method>
  <thread>1</thread>
  <message>End action : if (rc_ref == RC00)</message>
  <nestedLevel>2</nestedLevel>
</record>
<record>
  <date>2019-11-27T16:09:24</date>
  <millis>1574845764716</millis>
  <sequence>109</sequence>
  <level>END</level>
  <class>com.kms.katalon.core.logging.XmlKeywordLogger</class>
  <method>endKeyword</method>
  <thread>1</thread>
  <message>End action : else</message>
  <nestedLevel>1</nestedLevel>
</record>
<record>
  <date>2019-11-27T16:09:24</date>
  <millis>1574845764716</millis>
  <sequence>110</sequence>
  <level>PASSED</level>
  <class>com.kms.katalon.core.logging.XmlKeywordLogger</class>
  <method>logMessage</method>
  <thread>1</thread>
  <message>Test Cases/E_Wallet/TC_createBilling/TC_createBillingCustomer</message>
  <nestedLevel>1</nestedLevel>
</record>
<record>
  <date>2019-11-27T16:09:24</date>
  <millis>1574845764717</millis>
  <sequence>111</sequence>
  <level>END</level>
  <class>com.kms.katalon.core.logging.XmlKeywordLogger</class>
  <method>endTest</method>
  <thread>1</thread>
  <message>End Test Case : Test Cases/E_Wallet/TC_createBilling/TC_createBillingCustomer</message>
  <nestedLevel>0</nestedLevel>
</record>
<record>
  <date>2019-11-27T16:09:24</date>
  <millis>1574845764719</millis>
  <sequence>112</sequence>
  <level>START</level>
  <class>com.kms.katalon.core.logging.XmlKeywordLogger</class>
  <method>startKeyword</method>
  <thread>1</thread>
  <message>Start listener action : exportKatalonReports</message>
  <nestedLevel>0</nestedLevel>
</record>
<record>
  <date>2019-11-27T16:09:24</date>
  <millis>1574845764843</millis>
  <sequence>330</sequence>
  <level>INFO</level>
  <class>com.kms.katalon.core.logging.XmlKeywordLogger</class>
  <method>logMessage</method>
  <thread>1</thread>
  <message>Start generating HTML report folder at: D:\\katalon-ewallet\\Reports\\E_Wallet\\TS_createBilling\\TS_createBillingCustomer_push_notif\\20191127_160920...</message>
  <nestedLevel>0</nestedLevel>
</record>
<record>
  <date>2019-11-27T16:09:25</date>
  <millis>1574845765096</millis>
  <sequence>331</sequence>
  <level>INFO</level>
  <class>com.kms.katalon.core.logging.XmlKeywordLogger</class>
  <method>logMessage</method>
  <thread>1</thread>
  <message>HTML report generated</message>
  <nestedLevel>0</nestedLevel>
</record>
<record>
  <date>2019-11-27T16:09:25</date>
  <millis>1574845765096</millis>
  <sequence>332</sequence>
  <level>INFO</level>
  <class>com.kms.katalon.core.logging.XmlKeywordLogger</class>
  <method>logMessage</method>
  <thread>1</thread>
  <message>Start generating CSV report folder at: D:\\katalon-ewallet\\Reports\\E_Wallet\\TS_createBilling\\TS_createBillingCustomer_push_notif\\20191127_160920...</message>
  <nestedLevel>0</nestedLevel>
</record>
<record>
  <date>2019-11-27T16:09:25</date>
  <millis>1574845765136</millis>
  <sequence>333</sequence>
  <level>INFO</level>
  <class>com.kms.katalon.core.logging.XmlKeywordLogger</class>
  <method>logMessage</method>
  <thread>1</thread>
  <message>CSV report generated</message>
  <nestedLevel>0</nestedLevel>
</record>
<record>
  <date>2019-11-27T16:09:25</date>
  <millis>1574845765137</millis>
  <sequence>334</sequence>
  <level>INFO</level>
  <class>com.kms.katalon.core.logging.XmlKeywordLogger</class>
  <method>logMessage</method>
  <thread>1</thread>
  <message>Start generating JUnit report folder at: D:\\katalon-ewallet\\Reports\\E_Wallet\\TS_createBilling\\TS_createBillingCustomer_push_notif\\20191127_160920...</message>
  <nestedLevel>0</nestedLevel>
</record>
<record>
  <date>2019-11-27T16:09:25</date>
  <millis>1574845765250</millis>
  <sequence>335</sequence>
  <level>INFO</level>
  <class>com.kms.katalon.core.logging.XmlKeywordLogger</class>
  <method>logMessage</method>
  <thread>1</thread>
  <message>JUnit report generated</message>
  <nestedLevel>0</nestedLevel>
</record>
<record>
  <date>2019-11-27T16:09:25</date>
  <millis>1574845765250</millis>
  <sequence>337</sequence>
  <level>END</level>
  <class>com.kms.katalon.core.logging.XmlKeywordLogger</class>
  <method>endKeyword</method>
  <thread>1</thread>
  <message>End listener action : exportKatalonReports</message>
  <nestedLevel>0</nestedLevel>
</record>
<record>
  <date>2019-11-27T16:09:25</date>
  <millis>1574845765287</millis>
  <sequence>338</sequence>
  <level>END</level>
  <class>com.kms.katalon.core.logging.XmlKeywordLogger</class>
  <method>endSuite</method>
  <thread>1</thread>
  <message>End Test Suite : Test Suites/E_Wallet/TS_createBilling/TS_createBillingCustomer_push_notif</message>
  <nestedLevel>0</nestedLevel>
</record>
</log>