#
# There is insufficient memory for the Java Runtime Environment to continue.
# Native memory allocation (mmap) failed to map 149946368 bytes for committing reserved memory.
# Possible reasons:
#   The system is out of physical RAM or swap space
#   The process is running with CompressedOops enabled, and the Java Heap may be blocking the growth of the native heap
# Possible solutions:
#   Reduce memory load on the system
#   Increase physical memory or swap space
#   Check if swap backing store is full
#   Decrease Java heap size (-Xmx/-Xms)
#   Decrease number of Java threads
#   Decrease Java thread stack sizes (-Xss)
#   Set larger code cache with -XX:ReservedCodeCacheSize=
#   JVM is running with Unscaled Compressed Oops mode in which the Java heap is
#     placed in the first 4GB address space. The Java Heap base address is the
#     maximum limit for the native heap growth. Please use -XX:HeapBaseMinAddress
#     to set the Java Heap base and to place the Java Heap above 4GB virtual address.
# This output file may be truncated or incomplete.
#
#  Out of Memory Error (os_linux.cpp:2749), pid=2880, tid=0x00007f7986388700
#
# JRE version: Java(TM) SE Runtime Environment (8.0_201-b09) (build 1.8.0_201-b09)
# Java VM: Java HotSpot(TM) 64-Bit Server VM (25.201-b09 mixed mode linux-amd64 compressed oops)
# Failed to write core dump. Core dumps have been disabled. To enable core dumping, try "ulimit -c unlimited" before starting Java again
#

---------------  T H R E A D  ---------------

Current thread (0x00007f79ac081800):  VMThread [stack: 0x00007f7986289000,0x00007f7986389000] [id=2893]

Stack: [0x00007f7986289000,0x00007f7986389000],  sp=0x00007f79863873c0,  free space=1016k
Native frames: (J=compiled Java code, j=interpreted, Vv=VM code, C=native code)
V  [libjvm.so+0xad3525]  VMError::report_and_die()+0x2e5
V  [libjvm.so+0x4e0457]  report_vm_out_of_memory(char const*, int, unsigned long, VMErrorType, char const*)+0x67
V  [libjvm.so+0x9102f0]  os::pd_commit_memory(char*, unsigned long, unsigned long, bool)+0x100
V  [libjvm.so+0x90791f]  os::commit_memory(char*, unsigned long, unsigned long, bool)+0x1f
V  [libjvm.so+0x98c806]  PSVirtualSpace::expand_by(unsigned long)+0x56
V  [libjvm.so+0x98da98]  PSYoungGen::resize(unsigned long, unsigned long)+0xd8
V  [libjvm.so+0x98a236]  PSScavenge::invoke_no_policy()+0x1376
V  [libjvm.so+0x982c59]  PSParallelCompact::invoke(bool)+0x49
V  [libjvm.so+0x45cb73]  CollectedHeap::collect_as_vm_thread(GCCause::Cause)+0x153
V  [libjvm.so+0xad45b1]  VM_CollectForMetadataAllocation::doit()+0x161
V  [libjvm.so+0xada296]  VM_Operation::evaluate()+0x46
V  [libjvm.so+0xad85cd]  VMThread::evaluate_operation(VM_Operation*) [clone .constprop.44]+0xcd
V  [libjvm.so+0xad8bb3]  VMThread::loop()+0x3a3
V  [libjvm.so+0xad8f88]  VMThread::run()+0x78
V  [libjvm.so+0x90d922]  java_start(Thread*)+0x102

VM_Operation (0x00007f79b28b3070): CollectForMetadataAllocation, mode: safepoint, requested by thread 0x00007f79ac013800


---------------  P R O C E S S  ---------------

Java Threads: ( => current thread )
  0x00007f79ac0d3000 JavaThread "Service Thread" daemon [_thread_blocked, id=2900, stack(0x00007f79858a2000,0x00007f79859a3000)]
  0x00007f79ac0c8000 JavaThread "C1 CompilerThread2" daemon [_thread_blocked, id=2899, stack(0x00007f79859a4000,0x00007f7985aa4000)]
  0x00007f79ac0c6000 JavaThread "C2 CompilerThread1" daemon [_thread_blocked, id=2898, stack(0x00007f7985aa5000,0x00007f7985ba5000)]
  0x00007f79ac0c3000 JavaThread "C2 CompilerThread0" daemon [_thread_blocked, id=2897, stack(0x00007f7985ba6000,0x00007f7985ca6000)]
  0x00007f79ac0c1800 JavaThread "Signal Dispatcher" daemon [_thread_blocked, id=2896, stack(0x00007f7985ca6000,0x00007f7985da7000)]
  0x00007f79ac08e000 JavaThread "Finalizer" daemon [_thread_blocked, id=2895, stack(0x00007f7986086000,0x00007f7986187000)]
  0x00007f79ac08b800 JavaThread "Reference Handler" daemon [_thread_blocked, id=2894, stack(0x00007f7986187000,0x00007f7986288000)]
  0x00007f79ac013800 JavaThread "main" [_thread_blocked, id=2886, stack(0x00007f79b27b9000,0x00007f79b28b9000)]

Other Threads:
=>0x00007f79ac081800 VMThread [stack: 0x00007f7986289000,0x00007f7986389000] [id=2893]
  0x00007f79ac0d6000 WatcherThread [stack: 0x00007f79857a2000,0x00007f79858a2000] [id=2901]

VM state:at safepoint (normal execution)

VM Mutex/Monitor currently owned by a thread:  ([mutex/lock_event])
[0x00007f79ac00ff50] Threads_lock - owner thread: 0x00007f79ac081800
[0x00007f79ac010450] Heap_lock - owner thread: 0x00007f79ac013800

heap address: 0x000000008e400000, size: 1820 MB, Compressed Oops mode: 32-bit
Narrow klass base: 0x0000000000000000, Narrow klass shift: 3
Compressed class space size: 1073741824 Address: 0x0000000100000000

Heap:
 PSYoungGen      total 132096K, used 5088K [0x00000000da180000, 0x00000000e2780000, 0x0000000100000000)
  eden space 126976K, 0% used [0x00000000da180000,0x00000000da180000,0x00000000e1d80000)
  from space 5120K, 99% used [0x00000000e1d80000,0x00000000e2278168,0x00000000e2280000)
  to   space 5120K, 0% used [0x00000000e2280000,0x00000000e2280000,0x00000000e2780000)
 ParOldGen       total 84992K, used 16192K [0x000000008e400000, 0x0000000093700000, 0x00000000da180000)
  object space 84992K, 19% used [0x000000008e400000,0x000000008f3d0220,0x0000000093700000)
 Metaspace       used 20872K, capacity 21108K, committed 21296K, reserved 1069056K
  class space    used 2345K, capacity 2428K, committed 2432K, reserved 1048576K

Card table byte_map: [0x00007f799c05d000,0x00007f799c3ec000] byte_map_base: 0x00007f799bbeb000

Marking Bits: (ParMarkBitMap*) 0x00007f79b1c6ad80
 Begin Bits: [0x00007f799811a000, 0x00007f7999d8a000)
 End Bits:   [0x00007f7999d8a000, 0x00007f799b9fa000)

Polling page: 0x00007f79b28da000

CodeCache: size=245760Kb used=8307Kb max_used=8321Kb free=237452Kb
 bounds [0x00007f799c7ac000, 0x00007f799cfdc000, 0x00007f79ab7ac000]
 total_blobs=2536 nmethods=1906 adapters=543
 compilation: enabled

Compilation events (10 events):
Event: 11,279 Thread 0x00007f79ac0c8000 1932       3       org.dom4j.tree.AbstractElement::childAdded (12 bytes)
Event: 11,279 Thread 0x00007f79ac0c8000 nmethod 1932 0x00007f799cfc9f90 code [0x00007f799cfca100, 0x00007f799cfca368]
Event: 11,279 Thread 0x00007f79ac0c8000 1933       3       java.util.TreeMap$PrivateEntryIterator::hasNext (13 bytes)
Event: 11,280 Thread 0x00007f79ac0c8000 nmethod 1933 0x00007f799cfca450 code [0x00007f799cfca5c0, 0x00007f799cfca770]
Event: 11,307 Thread 0x00007f79ac0c8000 1934       3       java.util.jar.JavaUtilJarAccessImpl::getTrustedAttributes (6 bytes)
Event: 11,307 Thread 0x00007f79ac0c8000 nmethod 1934 0x00007f799cfca7d0 code [0x00007f799cfca940, 0x00007f799cfcaac8]
Event: 11,338 Thread 0x00007f79ac0c6000 nmethod 1909 0x00007f799cfced50 code [0x00007f799cfceea0, 0x00007f799cfcef58]
Event: 11,338 Thread 0x00007f79ac0c6000 1910       4       java.util.regex.Pattern$7::isSatisfiedBy (28 bytes)
Event: 11,363 Thread 0x00007f79ac0c3000 nmethod 1904 0x00007f799cfcacd0 code [0x00007f799cfcaea0, 0x00007f799cfcb838]
Event: 11,363 Thread 0x00007f79ac0c3000 1917       4       java.util.regex.Pattern$Node::match (27 bytes)

GC Heap History (9 events):
Event: 0,771 GC heap before
{Heap before GC invocations=1 (full 0):
 PSYoungGen      total 36864K, used 31744K [0x00000000da180000, 0x00000000dca80000, 0x0000000100000000)
  eden space 31744K, 100% used [0x00000000da180000,0x00000000dc080000,0x00000000dc080000)
  from space 5120K, 0% used [0x00000000dc580000,0x00000000dc580000,0x00000000dca80000)
  to   space 5120K, 0% used [0x00000000dc080000,0x00000000dc080000,0x00000000dc580000)
 ParOldGen       total 84992K, used 0K [0x000000008e400000, 0x0000000093700000, 0x00000000da180000)
  object space 84992K, 0% used [0x000000008e400000,0x000000008e400000,0x0000000093700000)
 Metaspace       used 5974K, capacity 6304K, committed 6656K, reserved 1056768K
  class space    used 619K, capacity 656K, committed 768K, reserved 1048576K
Event: 0,787 GC heap after
Heap after GC invocations=1 (full 0):
 PSYoungGen      total 36864K, used 4195K [0x00000000da180000, 0x00000000de980000, 0x0000000100000000)
  eden space 31744K, 0% used [0x00000000da180000,0x00000000da180000,0x00000000dc080000)
  from space 5120K, 81% used [0x00000000dc080000,0x00000000dc498d10,0x00000000dc580000)
  to   space 5120K, 0% used [0x00000000de480000,0x00000000de480000,0x00000000de980000)
 ParOldGen       total 84992K, used 8K [0x000000008e400000, 0x0000000093700000, 0x00000000da180000)
  object space 84992K, 0% used [0x000000008e400000,0x000000008e402000,0x0000000093700000)
 Metaspace       used 5974K, capacity 6304K, committed 6656K, reserved 1056768K
  class space    used 619K, capacity 656K, committed 768K, reserved 1048576K
}
Event: 1,231 GC heap before
{Heap before GC invocations=2 (full 0):
 PSYoungGen      total 36864K, used 35939K [0x00000000da180000, 0x00000000de980000, 0x0000000100000000)
  eden space 31744K, 100% used [0x00000000da180000,0x00000000dc080000,0x00000000dc080000)
  from space 5120K, 81% used [0x00000000dc080000,0x00000000dc498d10,0x00000000dc580000)
  to   space 5120K, 0% used [0x00000000de480000,0x00000000de480000,0x00000000de980000)
 ParOldGen       total 84992K, used 8K [0x000000008e400000, 0x0000000093700000, 0x00000000da180000)
  object space 84992K, 0% used [0x000000008e400000,0x000000008e402000,0x0000000093700000)
 Metaspace       used 9861K, capacity 9942K, committed 10112K, reserved 1058816K
  class space    used 1108K, capacity 1137K, committed 1152K, reserved 1048576K
Event: 1,242 GC heap after
Heap after GC invocations=2 (full 0):
 PSYoungGen      total 68608K, used 5024K [0x00000000da180000, 0x00000000de980000, 0x0000000100000000)
  eden space 63488K, 0% used [0x00000000da180000,0x00000000da180000,0x00000000ddf80000)
  from space 5120K, 98% used [0x00000000de480000,0x00000000de968328,0x00000000de980000)
  to   space 5120K, 0% used [0x00000000ddf80000,0x00000000ddf80000,0x00000000de480000)
 ParOldGen       total 84992K, used 16K [0x000000008e400000, 0x0000000093700000, 0x00000000da180000)
  object space 84992K, 0% used [0x000000008e400000,0x000000008e404000,0x0000000093700000)
 Metaspace       used 9861K, capacity 9942K, committed 10112K, reserved 1058816K
  class space    used 1108K, capacity 1137K, committed 1152K, reserved 1048576K
}
Event: 2,084 GC heap before
{Heap before GC invocations=3 (full 0):
 PSYoungGen      total 68608K, used 68512K [0x00000000da180000, 0x00000000de980000, 0x0000000100000000)
  eden space 63488K, 100% used [0x00000000da180000,0x00000000ddf80000,0x00000000ddf80000)
  from space 5120K, 98% used [0x00000000de480000,0x00000000de968328,0x00000000de980000)
  to   space 5120K, 0% used [0x00000000ddf80000,0x00000000ddf80000,0x00000000de480000)
 ParOldGen       total 84992K, used 16K [0x000000008e400000, 0x0000000093700000, 0x00000000da180000)
  object space 84992K, 0% used [0x000000008e400000,0x000000008e404000,0x0000000093700000)
 Metaspace       used 16972K, capacity 17120K, committed 17408K, reserved 1064960K
  class space    used 1869K, capacity 1933K, committed 2048K, reserved 1048576K
Event: 2,094 GC heap after
Heap after GC invocations=3 (full 0):
 PSYoungGen      total 68608K, used 5105K [0x00000000da180000, 0x00000000e2780000, 0x0000000100000000)
  eden space 63488K, 0% used [0x00000000da180000,0x00000000da180000,0x00000000ddf80000)
  from space 5120K, 99% used [0x00000000ddf80000,0x00000000de47c5c8,0x00000000de480000)
  to   space 5120K, 0% used [0x00000000e2280000,0x00000000e2280000,0x00000000e2780000)
 ParOldGen       total 84992K, used 4123K [0x000000008e400000, 0x0000000093700000, 0x00000000da180000)
  object space 84992K, 4% used [0x000000008e400000,0x000000008e806d88,0x0000000093700000)
 Metaspace       used 16972K, capacity 17120K, committed 17408K, reserved 1064960K
  class space    used 1869K, capacity 1933K, committed 2048K, reserved 1048576K
}
Event: 4,658 GC heap before
{Heap before GC invocations=4 (full 0):
 PSYoungGen      total 68608K, used 68376K [0x00000000da180000, 0x00000000e2780000, 0x0000000100000000)
  eden space 63488K, 99% used [0x00000000da180000,0x00000000ddf49d08,0x00000000ddf80000)
  from space 5120K, 99% used [0x00000000ddf80000,0x00000000de47c5c8,0x00000000de480000)
  to   space 5120K, 0% used [0x00000000e2280000,0x00000000e2280000,0x00000000e2780000)
 ParOldGen       total 84992K, used 4123K [0x000000008e400000, 0x0000000093700000, 0x00000000da180000)
  object space 84992K, 4% used [0x000000008e400000,0x000000008e806d88,0x0000000093700000)
 Metaspace       used 20369K, capacity 20628K, committed 20864K, reserved 1067008K
  class space    used 2297K, capacity 2396K, committed 2432K, reserved 1048576K
Event: 4,706 GC heap after
Heap after GC invocations=4 (full 0):
 PSYoungGen      total 132096K, used 5105K [0x00000000da180000, 0x00000000e2780000, 0x0000000100000000)
  eden space 126976K, 0% used [0x00000000da180000,0x00000000da180000,0x00000000e1d80000)
  from space 5120K, 99% used [0x00000000e2280000,0x00000000e277c5b8,0x00000000e2780000)
  to   space 5120K, 0% used [0x00000000e1d80000,0x00000000e1d80000,0x00000000e2280000)
 ParOldGen       total 84992K, used 13998K [0x000000008e400000, 0x0000000093700000, 0x00000000da180000)
  object space 84992K, 16% used [0x000000008e400000,0x000000008f1abaa8,0x0000000093700000)
 Metaspace       used 20369K, capacity 20628K, committed 20864K, reserved 1067008K
  class space    used 2297K, capacity 2396K, committed 2432K, reserved 1048576K
}
Event: 11,414 GC heap before
{Heap before GC invocations=5 (full 0):
 PSYoungGen      total 132096K, used 20948K [0x00000000da180000, 0x00000000e2780000, 0x0000000100000000)
  eden space 126976K, 12% used [0x00000000da180000,0x00000000db0f8d40,0x00000000e1d80000)
  from space 5120K, 99% used [0x00000000e2280000,0x00000000e277c5b8,0x00000000e2780000)
  to   space 5120K, 0% used [0x00000000e1d80000,0x00000000e1d80000,0x00000000e2280000)
 ParOldGen       total 84992K, used 13998K [0x000000008e400000, 0x0000000093700000, 0x00000000da180000)
  object space 84992K, 16% used [0x000000008e400000,0x000000008f1abaa8,0x0000000093700000)
 Metaspace       used 20872K, capacity 21108K, committed 21296K, reserved 1069056K
  class space    used 2345K, capacity 2428K, committed 2432K, reserved 1048576K

Deoptimization events (10 events):
Event: 2,143 Thread 0x00007f79ac013800 Uncommon trap: reason=unstable_if action=reinterpret pc=0x00007f799ccec500 method=java.lang.StringCoding$StringEncoder.encode([CII)[B @ 20
Event: 2,157 Thread 0x00007f79ac013800 Uncommon trap: reason=unstable_if action=reinterpret pc=0x00007f799cd32d98 method=java.util.concurrent.ConcurrentHashMap.putVal(Ljava/lang/Object;Ljava/lang/Object;Z)Ljava/lang/Object; @ 181
Event: 2,213 Thread 0x00007f79ac013800 Uncommon trap: reason=unstable_if action=reinterpret pc=0x00007f799ccb1e2c method=java.lang.ThreadLocal$ThreadLocalMap.getEntry(Ljava/lang/ThreadLocal;)Ljava/lang/ThreadLocal$ThreadLocalMap$Entry; @ 29
Event: 2,277 Thread 0x00007f79ac013800 Uncommon trap: reason=predicate action=maybe_recompile pc=0x00007f799cd67b58 method=java.lang.String.regionMatches(ZILjava/lang/String;II)Z @ 63
Event: 2,354 Thread 0x00007f79ac013800 Uncommon trap: reason=unstable_if action=reinterpret pc=0x00007f799caf4b30 method=sun.misc.MetaIndex.mayContain(Ljava/lang/String;)Z @ 38
Event: 2,448 Thread 0x00007f79ac013800 Uncommon trap: reason=predicate action=maybe_recompile pc=0x00007f799cabd37c method=groovyjarjarantlr.InputBuffer.syncConsume()V @ 7
Event: 2,448 Thread 0x00007f79ac013800 Uncommon trap: reason=predicate action=maybe_recompile pc=0x00007f799cabacb4 method=groovyjarjarantlr.InputBuffer.syncConsume()V @ 7
Event: 2,448 Thread 0x00007f79ac013800 Uncommon trap: reason=predicate action=maybe_recompile pc=0x00007f799cad48cc method=groovyjarjarantlr.InputBuffer.syncConsume()V @ 7
Event: 2,496 Thread 0x00007f79ac013800 Uncommon trap: reason=unstable_if action=reinterpret pc=0x00007f799cd49bc4 method=java.lang.Class$MethodArray.addIfNotPresent(Ljava/lang/reflect/Method;)V @ 19
Event: 4,527 Thread 0x00007f79ac013800 Uncommon trap: reason=unstable_if action=reinterpret pc=0x00007f799ce83e04 method=java.util.jar.Attributes.read(Ljava/util/jar/Manifest$FastInputStream;[B)V @ 17

Classes redefined (0 events):
No events

Internal exceptions (10 events):
Event: 3,865 Thread 0x00007f79ac013800 Exception <a 'java/security/PrivilegedActionException'> (0x00000000dc834510) thrown at [/HUDSON/workspace/8-2-build-linux-amd64/jdk8u201/12317/hotspot/src/share/vm/prims/jvm.cpp, line 1502]
Event: 3,865 Thread 0x00007f79ac013800 Exception <a 'java/security/PrivilegedActionException'> (0x00000000dc834af0) thrown at [/HUDSON/workspace/8-2-build-linux-amd64/jdk8u201/12317/hotspot/src/share/vm/prims/jvm.cpp, line 1502]
Event: 3,881 Thread 0x00007f79ac013800 Exception <a 'java/security/PrivilegedActionException'> (0x00000000dca63ed8) thrown at [/HUDSON/workspace/8-2-build-linux-amd64/jdk8u201/12317/hotspot/src/share/vm/prims/jvm.cpp, line 1502]
Event: 3,881 Thread 0x00007f79ac013800 Exception <a 'java/security/PrivilegedActionException'> (0x00000000dca644b8) thrown at [/HUDSON/workspace/8-2-build-linux-amd64/jdk8u201/12317/hotspot/src/share/vm/prims/jvm.cpp, line 1502]
Event: 3,881 Thread 0x00007f79ac013800 Exception <a 'java/security/PrivilegedActionException'> (0x00000000dca72440) thrown at [/HUDSON/workspace/8-2-build-linux-amd64/jdk8u201/12317/hotspot/src/share/vm/prims/jvm.cpp, line 1502]
Event: 3,881 Thread 0x00007f79ac013800 Exception <a 'java/security/PrivilegedActionException'> (0x00000000dca72a20) thrown at [/HUDSON/workspace/8-2-build-linux-amd64/jdk8u201/12317/hotspot/src/share/vm/prims/jvm.cpp, line 1502]
Event: 4,064 Thread 0x00007f79ac013800 Exception <a 'java/lang/ClassNotFoundException': Script1BeanInfo> (0x00000000dcb7d608) thrown at [/HUDSON/workspace/8-2-build-linux-amd64/jdk8u201/12317/hotspot/src/share/vm/classfile/systemDictionary.cpp, line 210]
Event: 4,067 Thread 0x00007f79ac013800 Exception <a 'java/lang/ClassNotFoundException': Script1Customizer> (0x00000000dcba2180) thrown at [/HUDSON/workspace/8-2-build-linux-amd64/jdk8u201/12317/hotspot/src/share/vm/classfile/systemDictionary.cpp, line 210]
Event: 4,123 Thread 0x00007f79ac013800 Exception <a 'java/lang/ClassNotFoundException': com/kms/katalon/core/testdata/TestDataFactoryBeanInfo> (0x00000000dcc02268) thrown at [/HUDSON/workspace/8-2-build-linux-amd64/jdk8u201/12317/hotspot/src/share/vm/classfile/systemDictionary.cpp, line 210]
Event: 4,141 Thread 0x00007f79ac013800 Exception <a 'java/lang/ClassNotFoundException': com/kms/katalon/core/testdata/TestDataFactoryCustomizer> (0x00000000dcc2ac50) thrown at [/HUDSON/workspace/8-2-build-linux-amd64/jdk8u201/12317/hotspot/src/share/vm/classfile/systemDictionary.cpp, line 210]

Events (10 events):
Event: 11,322 loading class org/apache/poi/ss/formula/atp/WorkdayFunction done
Event: 11,322 loading class org/apache/poi/ss/formula/atp/YearFrac
Event: 11,322 loading class org/apache/poi/ss/formula/atp/YearFrac done
Event: 11,323 loading class org/apache/poi/ss/usermodel/Row
Event: 11,323 loading class org/apache/poi/ss/usermodel/Row done
Event: 11,330 loading class org/apache/poi/ss/usermodel/Row$MissingCellPolicy
Event: 11,330 loading class org/apache/poi/ss/usermodel/Row$MissingCellPolicy done
Event: 11,331 loading class org/apache/poi/xssf/usermodel/XSSFChartSheet
Event: 11,331 loading class org/apache/poi/xssf/usermodel/XSSFChartSheet done
Event: 11,363 Executing VM operation: CollectForMetadataAllocation


Dynamic libraries:
00400000-00401000 r-xp 00000000 08:05 1316764                            /opt/jdk1.8.0_201/bin/java
00600000-00601000 r--p 00000000 08:05 1316764                            /opt/jdk1.8.0_201/bin/java
00601000-00602000 rw-p 00001000 08:05 1316764                            /opt/jdk1.8.0_201/bin/java
01a8d000-01aae000 rw-p 00000000 00:00 0                                  [heap]
8e400000-93700000 rw-p 00000000 00:00 0 
93700000-da180000 ---p 00000000 00:00 0 
da180000-e2780000 rw-p 00000000 00:00 0 
eb680000-100000000 ---p 00000000 00:00 0 
100000000-100260000 rw-p 00000000 00:00 0 
100260000-140000000 ---p 00000000 00:00 0 
7f795cfff000-7f7960000000 rw-p 00000000 00:00 0 
7f7960000000-7f7960021000 rw-p 00000000 00:00 0 
7f7960021000-7f7964000000 ---p 00000000 00:00 0 
7f7964000000-7f7964021000 rw-p 00000000 00:00 0 
7f7964021000-7f7968000000 ---p 00000000 00:00 0 
7f7968000000-7f7969284000 rw-p 00000000 00:00 0 
7f7969284000-7f796c000000 ---p 00000000 00:00 0 
7f796c000000-7f796c94e000 rw-p 00000000 00:00 0 
7f796c94e000-7f7970000000 ---p 00000000 00:00 0 
7f7970000000-7f7970021000 rw-p 00000000 00:00 0 
7f7970021000-7f7974000000 ---p 00000000 00:00 0 
7f7974000000-7f797503c000 rw-p 00000000 00:00 0 
7f797503c000-7f7978000000 ---p 00000000 00:00 0 
7f7978000000-7f7978021000 rw-p 00000000 00:00 0 
7f7978021000-7f797c000000 ---p 00000000 00:00 0 
7f797c000000-7f797c021000 rw-p 00000000 00:00 0 
7f797c021000-7f7980000000 ---p 00000000 00:00 0 
7f7980000000-7f798029b000 rw-p 00000000 00:00 0 
7f798029b000-7f7984000000 ---p 00000000 00:00 0 
7f7984110000-7f798417c000 rw-p 00000000 00:00 0 
7f798417c000-7f7984310000 ---p 00000000 00:00 0 
7f7984310000-7f7984323000 r--s 00345000 08:05 1318302                    /opt/jdk1.8.0_201/jre/lib/resources.jar
7f7984323000-7f7984523000 rw-p 00000000 00:00 0 
7f7984523000-7f7984539000 r-xp 00000000 08:05 1318481                    /opt/jdk1.8.0_201/jre/lib/amd64/libnet.so
7f7984539000-7f7984739000 ---p 00016000 08:05 1318481                    /opt/jdk1.8.0_201/jre/lib/amd64/libnet.so
7f7984739000-7f798473a000 r--p 00016000 08:05 1318481                    /opt/jdk1.8.0_201/jre/lib/amd64/libnet.so
7f798473a000-7f798473b000 rw-p 00017000 08:05 1318481                    /opt/jdk1.8.0_201/jre/lib/amd64/libnet.so
7f798473b000-7f798474c000 r-xp 00000000 08:05 1318484                    /opt/jdk1.8.0_201/jre/lib/amd64/libnio.so
7f798474c000-7f798494b000 ---p 00011000 08:05 1318484                    /opt/jdk1.8.0_201/jre/lib/amd64/libnio.so
7f798494b000-7f798494c000 r--p 00010000 08:05 1318484                    /opt/jdk1.8.0_201/jre/lib/amd64/libnio.so
7f798494c000-7f798494d000 rw-p 00011000 08:05 1318484                    /opt/jdk1.8.0_201/jre/lib/amd64/libnio.so
7f798494d000-7f7984b4d000 rw-p 00000000 00:00 0 
7f7984b4d000-7f7984d4d000 rw-p 00000000 00:00 0 
7f7984d4d000-7f7984d50000 r--s 0001a000 08:05 1318497                    /opt/jdk1.8.0_201/jre/lib/jce.jar
7f7984d50000-7f7984d54000 r--s 000a1000 08:05 1318321                    /opt/jdk1.8.0_201/jre/lib/jsse.jar
7f7984d54000-7f7984f54000 rw-p 00000000 00:00 0 
7f7984f54000-7f7985154000 rw-p 00000000 00:00 0 
7f7985154000-7f7985156000 r--s 00016000 08:05 1857787                    /home/bondhan/opt/Katalon_studio_Linux_64-6.1.5/plugins/org.codehaus.groovy_2.4.7.xx-201611170128-e46/lib/servlet-api-2.4.jar
7f7985156000-7f798516f000 r--s 0013a000 08:05 1835241                    /home/bondhan/opt/Katalon_studio_Linux_64-6.1.5/plugins/org.codehaus.groovy_2.4.7.xx-201611170128-e46/lib/org.apache.xerces.impl_2.11.0.jar
7f798516f000-7f7985185000 r--s 00124000 08:05 1857786                    /home/bondhan/opt/Katalon_studio_Linux_64-6.1.5/plugins/org.codehaus.groovy_2.4.7.xx-201611170128-e46/lib/ivy-2.4.0.jar
7f7985185000-7f7985188000 r--s 00019000 08:05 1857784                    /home/bondhan/opt/Katalon_studio_Linux_64-6.1.5/plugins/org.codehaus.groovy_2.4.7.xx-201611170128-e46/lib/bsf-2.4.0.jar
7f7985188000-7f798518d000 r--s 00016000 08:05 1835245                    /home/bondhan/opt/Katalon_studio_Linux_64-6.1.5/plugins/org.codehaus.groovy_2.4.7.xx-201611170128-e46/lib/xml-apis_1.0.0.b2.jar
7f798518d000-7f79851fd000 r--s 00641000 08:05 1857785                    /home/bondhan/opt/Katalon_studio_Linux_64-6.1.5/plugins/org.codehaus.groovy_2.4.7.xx-201611170128-e46/lib/groovy-all-2.4.7.jar
7f79851fd000-7f7985206000 r--s 00050000 08:05 1857266                    /home/bondhan/opt/Katalon_studio_Linux_64-6.1.5/plugins/com.google.http-client.google-http-client_1.22.0.jar
7f7985206000-7f7985209000 r--s 0000d000 08:05 1857268                    /home/bondhan/opt/Katalon_studio_Linux_64-6.1.5/plugins/com.google.oauth-client.google-oauth-client_1.22.0.jar
7f7985209000-7f798520e000 r--s 00021000 08:05 1857590                    /home/bondhan/opt/Katalon_studio_Linux_64-6.1.5/plugins/wsdl4j_1.6.2.jar
7f798520e000-7f7985211000 r--s 00014000 08:05 1857318                    /home/bondhan/opt/Katalon_studio_Linux_64-6.1.5/plugins/com.kms.katalon.core.webservice_1.0.0.201905140226.jar
7f7985211000-7f7985213000 r--s 00007000 08:05 1857358                    /home/bondhan/opt/Katalon_studio_Linux_64-6.1.5/plugins/io.cucumber.junit_3.0.2.jar
7f7985213000-7f7985214000 r--s 00003000 08:05 1857359                    /home/bondhan/opt/Katalon_studio_Linux_64-6.1.5/plugins/io.cucumber.tag-expressions_1.1.1.jar
7f7985214000-7f7985222000 r--s 0003d000 08:05 1857357                    /home/bondhan/opt/Katalon_studio_Linux_64-6.1.5/plugins/io.cucumber.java_3.0.2.jar
7f7985222000-7f7985223000 r--s 00009000 08:05 1857356                    /home/bondhan/opt/Katalon_studio_Linux_64-6.1.5/plugins/io.cucumber.html_0.2.7.jar
7f7985223000-7f798522b000 r--s 0004c000 08:05 1857355                    /home/bondhan/opt/Katalon_studio_Linux_64-6.1.5/plugins/io.cucumber.gherkin_5.0.0.jar
7f798522b000-7f798522d000 r--s 0000a000 08:05 1857354                    /home/bondhan/opt/Katalon_studio_Linux_64-6.1.5/plugins/io.cucumber.expressions_5.0.19.jar
7f798522d000-7f798524c000 r--s 001a4000 08:05 1857352                    /home/bondhan/opt/Katalon_studio_Linux_64-6.1.5/plugins/io.cucumber.datatable-dependencies_1.0.3.jar
7f798524c000-7f798524e000 r--s 0000a000 08:05 1857353                    /home/bondhan/opt/Katalon_studio_Linux_64-6.1.5/plugins/io.cucumber.datatable_1.0.3.jar
7f798524e000-7f7985255000 r--s 0003f000 08:05 1857351                    /home/bondhan/opt/Katalon_studio_Linux_64-6.1.5/plugins/io.cucumber.core_3.0.2.jar
7f7985255000-7f7985257000 r--s 00005000 08:05 1857316                    /home/bondhan/opt/Katalon_studio_Linux_64-6.1.5/plugins/com.kms.katalon.core.cucumber_1.0.0.201905140226.jar
7f7985257000-7f798525a000 r--s 00028000 08:05 1857403                    /home/bondhan/opt/Katalon_studio_Linux_64-6.1.5/plugins/org.apache.commons.validator_1.5.0.jar
7f798525a000-7f7985267000 r--s 00736000 08:05 1857317                    /home/bondhan/opt/Katalon_studio_Linux_64-6.1.5/plugins/com.kms.katalon.core.mobile_1.0.0.201905140226.jar
7f7985267000-7f7985269000 r--s 0000f000 08:05 1857572                    /home/bondhan/opt/Katalon_studio_Linux_64-6.1.5/plugins/org.json_20140107.0.0.jar
7f7985269000-7f7985275000 r--s 00206000 08:05 1857319                    /home/bondhan/opt/Katalon_studio_Linux_64-6.1.5/plugins/com.kms.katalon.core.webui_1.0.0.201905140226.jar
7f7985275000-7f7985278000 r--s 0001b000 08:05 1857483                    /home/bondhan/opt/Katalon_studio_Linux_64-6.1.5/plugins/org.eclipse.equinox.common_3.8.0.v20160509-1230.jar
7f7985278000-7f798527a000 r--s 0003c000 08:05 1857315                    /home/bondhan/opt/Katalon_studio_Linux_64-6.1.5/plugins/com.kms.katalon.core.appium_1.0.0.201905140226.jar
7f798527a000-7f798527b000 r--s 00004000 08:05 1857382                    /home/bondhan/opt/Katalon_studio_Linux_64-6.1.5/plugins/org.apache.ant.launcher_1.9.6.jar
7f798527b000-7f7985280000 r--s 00041000 08:05 1857418                    /home/bondhan/opt/Katalon_studio_Linux_64-6.1.5/plugins/org.beanshell.bsh_2.0.0.0b4.jar
7f7985280000-7f7985282000 r--s 0000c000 08:05 1857570                    /home/bondhan/opt/Katalon_studio_Linux_64-6.1.5/plugins/org.hamcrest.core_1.3.0.v201303031735.jar
7f7985282000-7f7985284000 r--s 0000e000 08:05 1857402                    /home/bondhan/opt/Katalon_studio_Linux_64-6.1.5/plugins/org.apache.commons.logging_1.2.0.jar
7f7985284000-7f798528b000 r--s 00039000 08:05 1857391                    /home/bondhan/opt/Katalon_studio_Linux_64-6.1.5/plugins/org.apache.commons.codec_1.7.0.jar
7f798528b000-7f798528c000 r--s 006ab000 08:05 1857335                    /home/bondhan/opt/Katalon_studio_Linux_64-6.1.5/plugins/com.kms.katalon.netlightbody_1.0.0.201905140226.jar
7f798528c000-7f7985290000 r--s 00042000 08:05 1857568                    /home/bondhan/opt/Katalon_studio_Linux_64-6.1.5/plugins/org.fusesource.jansi_1.17.1.jar
7f7985290000-7f7985292000 r--s 00009000 08:05 1857588                    /home/bondhan/opt/Katalon_studio_Linux_64-6.1.5/plugins/slf4j.api_1.7.25.jar
7f7985292000-7f798529d000 r--s 00069000 08:05 1857255                    /home/bondhan/opt/Katalon_studio_Linux_64-6.1.5/plugins/ch.qos.logback.core_1.2.3.jar
7f798529d000-7f79852a3000 r--s 00041000 08:05 1857254                    /home/bondhan/opt/Katalon_studio_Linux_64-6.1.5/plugins/ch.qos.logback.classic_1.2.3.jar
7f79852a3000-7f79852a5000 r--s 00007000 08:05 1857579                    /home/bondhan/opt/Katalon_studio_Linux_64-6.1.5/plugins/org.slf4j.api_1.7.2.v20121108-1250.jar
7f79852a5000-7f79852a8000 r--s 0000e000 08:05 1857256                    /home/bondhan/opt/Katalon_studio_Linux_64-6.1.5/plugins/com.fasterxml.jackson.core.jackson-annotations_2.9.1.jar
7f79852a8000-7f79852ad000 r--s 0004b000 08:05 1857257                    /home/bondhan/opt/Katalon_studio_Linux_64-6.1.5/plugins/com.fasterxml.jackson.core.jackson-core_2.9.6.jar
7f79852ad000-7f79852bf000 r--s 00133000 08:05 1857258                    /home/bondhan/opt/Katalon_studio_Linux_64-6.1.5/plugins/com.fasterxml.jackson.core.jackson-databind_2.9.1.jar
7f79852bf000-7f79852c7000 r--s 00047000 08:05 1857574                    /home/bondhan/opt/Katalon_studio_Linux_64-6.1.5/plugins/org.junit_4.12.0.jar
7f79852c7000-7f7985320000 r--s 0036f000 08:05 1857417                    /home/bondhan/opt/Katalon_studio_Linux_64-6.1.5/plugins/org.assertj.core_3.10.0.jar
7f7985320000-7f7985322000 r--s 0000d000 08:05 1857569                    /home/bondhan/opt/Katalon_studio_Linux_64-6.1.5/plugins/org.greenrobot.eventbus_3.1.1.jar
7f7985322000-7f798532a000 r--s 00071000 08:05 1857400                    /home/bondhan/opt/Katalon_studio_Linux_64-6.1.5/plugins/org.apache.commons.lang3_3.6.0.jar
7f798532a000-7f798532c000 r--s 00009000 08:05 1857409                    /home/bondhan/opt/Katalon_studio_Linux_64-6.1.5/plugins/org.apache.httpcomponents.httpmime_4.5.1.jar
7f798532c000-7f7985333000 r--s 00049000 08:05 1857408                    /home/bondhan/opt/Katalon_studio_Linux_64-6.1.5/plugins/org.apache.httpcomponents.httpcore_4.4.4.jar
7f7985333000-7f7985340000 r--s 000a9000 08:05 1857407                    /home/bondhan/opt/Katalon_studio_Linux_64-6.1.5/plugins/org.apache.httpcomponents.httpclient_4.5.1.jar
7f7985340000-7f7985341000 r--s 00004000 08:05 1857343                    /home/bondhan/opt/Katalon_studio_Linux_64-6.1.5/plugins/com.kms.katalon.util_1.0.0.201905140226.jar
7f7985341000-7f7985371000 r--s 0024f000 08:05 1857265                    /home/bondhan/opt/Katalon_studio_Linux_64-6.1.5/plugins/com.google.guava_23.0.0.jar
7f7985371000-7f79853e4000 r--s 0078f000 08:05 1857545                    /home/bondhan/opt/Katalon_studio_Linux_64-6.1.5/plugins/org.eclipse.persistence.eclipselink_2.5.0.RC1.jar
7f79853e4000-7f79853f9000 r--s 00139000 08:05 1857544                    /home/bondhan/opt/Katalon_studio_Linux_64-6.1.5/plugins/org.eclipse.osgi_3.11.3.v20170209-1843.jar
7f79853f9000-7f7985400000 r--s 00097000 08:05 1857578                    /home/bondhan/opt/Katalon_studio_Linux_64-6.1.5/plugins/org.postgresql.jdbc41_9.4.1208.jre7.jar
7f7985400000-7f7985426000 r--s 00368000 08:05 1857347                    /home/bondhan/opt/Katalon_studio_Linux_64-6.1.5/plugins/com.oracle.jdbc.ojdbc7_12.1.0.2.jar
7f7985426000-7f7985429000 r--s 00011000 08:05 1857395                    /home/bondhan/opt/Katalon_studio_Linux_64-6.1.5/plugins/org.apache.commons.dbutils_1.6.0.jar
7f7985429000-7f7985430000 r--s 00094000 08:05 1857345                    /home/bondhan/opt/Katalon_studio_Linux_64-6.1.5/plugins/com.microsoft.sqlserver.sqljdbc4_4.1.5605.100.jar
7f7985430000-7f798543a000 r--s 000e7000 08:05 1857346                    /home/bondhan/opt/Katalon_studio_Linux_64-6.1.5/plugins/com.mysql.jdbc_5.1.38.jar
7f798543a000-7f7985440000 r--s 00042000 08:05 1857573                    /home/bondhan/opt/Katalon_studio_Linux_64-6.1.5/plugins/org.jsoup_1.7.2.jar
7f7985440000-7f7985445000 r--s 00035000 08:05 1857264                    /home/bondhan/opt/Katalon_studio_Linux_64-6.1.5/plugins/com.google.gson_2.8.0.jar
7f7985445000-7f7985483000 r--s 00265000 08:05 1857416                    /home/bondhan/opt/Katalon_studio_Linux_64-6.1.5/plugins/org.apache.xmlbeans_2.6.0.jar
7f7985483000-7f7985488000 r--s 00041000 08:05 1857401                    /home/bondhan/opt/Katalon_studio_Linux_64-6.1.5/plugins/org.apache.commons.lang_2.6.0.jar
7f7985488000-7f798551c000 r--s 00461000 08:05 1857412                    /home/bondhan/opt/Katalon_studio_Linux_64-6.1.5/plugins/org.apache.poi.ooxml.schemas_3.9.0.v201405241750.jar
7f798551c000-7f7985528000 r--s 000e0000 08:05 1857413                    /home/bondhan/opt/Katalon_studio_Linux_64-6.1.5/plugins/org.apache.poi.ooxml_3.9.0.v201405241905.jar
7f7985528000-7f7985548000 r--s 001bf000 08:05 1857414                    /home/bondhan/opt/Katalon_studio_Linux_64-6.1.5/plugins/org.apache.poi_3.9.0.v201405241750.jar
7f7985548000-7f7985578000 r--s 00208000 08:05 1857685                    /home/bondhan/opt/Katalon_studio_Linux_64-6.1.5/configuration/resources/lib/repackaged-guava-19.0.jar
7f7985578000-7f798559f000 r--s 0020e000 08:05 1857684                    /home/bondhan/opt/Katalon_studio_Linux_64-6.1.5/configuration/resources/lib/netty-all-4.0.51.Final.jar
7f798559f000-7f79855ed000 r--s 00fd6000 08:05 1857686                    /home/bondhan/opt/Katalon_studio_Linux_64-6.1.5/configuration/resources/lib/repackaged-sikuli-api-1.0.2-standalone.jar
7f79855ed000-7f7985640000 r--s 00373000 08:05 1857674                    /home/bondhan/opt/Katalon_studio_Linux_64-6.1.5/configuration/resources/lib/bcprov-jdk15on-1.58.jar
7f7985640000-7f79857a1000 r--s 013d4000 08:05 1857688                    /home/bondhan/opt/Katalon_studio_Linux_64-6.1.5/configuration/resources/lib/selenium-server-standalone-3.7.1.jar
7f79857a1000-7f79857a2000 ---p 00000000 00:00 0 
7f79857a2000-7f79858a2000 rw-p 00000000 00:00 0 
7f79858a2000-7f79858a5000 ---p 00000000 00:00 0 
7f79858a5000-7f79859a3000 rw-p 00000000 00:00 0 
7f79859a3000-7f79859a4000 ---p 00000000 00:00 0 
7f79859a4000-7f79859a7000 ---p 00000000 00:00 0 
7f79859a7000-7f7985aa4000 rw-p 00000000 00:00 0 
7f7985aa4000-7f7985aa5000 ---p 00000000 00:00 0 
7f7985aa5000-7f7985aa8000 ---p 00000000 00:00 0 
7f7985aa8000-7f7985ba5000 rw-p 00000000 00:00 0 
7f7985ba5000-7f7985ba6000 ---p 00000000 00:00 0 
7f7985ba6000-7f7985ba9000 ---p 00000000 00:00 0 
7f7985ba9000-7f7985ca6000 rw-p 00000000 00:00 0 
7f7985ca6000-7f7985ca9000 ---p 00000000 00:00 0 
7f7985ca9000-7f7985da7000 rw-p 00000000 00:00 0 
7f7985da7000-7f7986086000 r--p 00000000 08:05 3938755                    /usr/lib/locale/locale-archive
7f7986086000-7f7986089000 ---p 00000000 00:00 0 
7f7986089000-7f7986187000 rw-p 00000000 00:00 0 
7f7986187000-7f798618a000 ---p 00000000 00:00 0 
7f798618a000-7f7986288000 rw-p 00000000 00:00 0 
7f7986288000-7f7986289000 ---p 00000000 00:00 0 
7f7986289000-7f7987298000 rw-p 00000000 00:00 0 
7f7987298000-7f7987472000 r--s 03d6f000 08:05 1318264                    /opt/jdk1.8.0_201/jre/lib/rt.jar
7f7987472000-7f7988000000 rw-p 00000000 00:00 0 
7f7988000000-7f7988021000 rw-p 00000000 00:00 0 
7f7988021000-7f798c000000 ---p 00000000 00:00 0 
7f798c000000-7f798c021000 rw-p 00000000 00:00 0 
7f798c021000-7f7990000000 ---p 00000000 00:00 0 
7f7990000000-7f7990021000 rw-p 00000000 00:00 0 
7f7990021000-7f7994000000 ---p 00000000 00:00 0 
7f7994000000-7f7994021000 rw-p 00000000 00:00 0 
7f7994021000-7f7998000000 ---p 00000000 00:00 0 
7f7998000000-7f7998002000 r--s 0001c000 08:05 1857253                    /home/bondhan/opt/Katalon_studio_Linux_64-6.1.5/plugins/atu.testrecorder.screen-recorder_2.1.0.jar
7f7998002000-7f7998006000 r--s 0002a000 08:05 1857398                    /home/bondhan/opt/Katalon_studio_Linux_64-6.1.5/plugins/org.apache.commons.io_2.4.0.jar
7f7998006000-7f799800b000 r--s 0004c000 08:05 1857430                    /home/bondhan/opt/Katalon_studio_Linux_64-6.1.5/plugins/org.dom4j_1.6.1.v201312101416.jar
7f799800b000-7f799800e000 r--s 00014000 08:05 1857381                    /home/bondhan/opt/Katalon_studio_Linux_64-6.1.5/plugins/net.sf.supercsv.super-csv_2.1.0.jar
7f799800e000-7f799801f000 r--s 00155000 08:05 1857679                    /home/bondhan/opt/Katalon_studio_Linux_64-6.1.5/configuration/resources/lib/jna-platform-4.1.0.jar
7f799801f000-7f7998031000 r--s 000ae000 08:05 1857673                    /home/bondhan/opt/Katalon_studio_Linux_64-6.1.5/configuration/resources/lib/bcpkix-jdk15on-1.58.jar
7f7998031000-7f799b9fa000 rw-p 00000000 00:00 0 
7f799b9fa000-7f799b9fb000 ---p 00000000 00:00 0 
7f799b9fb000-7f799bafb000 rw-p 00000000 00:00 0 
7f799bafb000-7f799bafc000 ---p 00000000 00:00 0 
7f799bafc000-7f799bbfc000 rw-p 00000000 00:00 0 
7f799bbfc000-7f799bbfd000 ---p 00000000 00:00 0 
7f799bbfd000-7f799bcfd000 rw-p 00000000 00:00 0 
7f799bcfd000-7f799bcfe000 ---p 00000000 00:00 0 
7f799bcfe000-7f799be28000 rw-p 00000000 00:00 0 
7f799be28000-7f799c05d000 ---p 00000000 00:00 0 
7f799c05d000-7f799c087000 rw-p 00000000 00:00 0 
7f799c087000-7f799c2bb000 ---p 00000000 00:00 0 
7f799c2bb000-7f799c2ff000 rw-p 00000000 00:00 0 
7f799c2ff000-7f799c3eb000 ---p 00000000 00:00 0 
7f799c3eb000-7f799c40d000 rw-p 00000000 00:00 0 
7f799c40d000-7f799c7ac000 ---p 00000000 00:00 0 
7f799c7ac000-7f799cfdc000 rwxp 00000000 00:00 0 
7f799cfdc000-7f79ab7ac000 ---p 00000000 00:00 0 
7f79ab7ac000-7f79ab7c7000 r-xp 00000000 08:05 1318477                    /opt/jdk1.8.0_201/jre/lib/amd64/libzip.so
7f79ab7c7000-7f79ab9c6000 ---p 0001b000 08:05 1318477                    /opt/jdk1.8.0_201/jre/lib/amd64/libzip.so
7f79ab9c6000-7f79ab9c7000 r--p 0001a000 08:05 1318477                    /opt/jdk1.8.0_201/jre/lib/amd64/libzip.so
7f79ab9c7000-7f79ab9c8000 rw-p 0001b000 08:05 1318477                    /opt/jdk1.8.0_201/jre/lib/amd64/libzip.so
7f79ab9c8000-7f79ab9d3000 r-xp 00000000 08:05 267156                     /lib/x86_64-linux-gnu/libnss_files-2.27.so
7f79ab9d3000-7f79abbd2000 ---p 0000b000 08:05 267156                     /lib/x86_64-linux-gnu/libnss_files-2.27.so
7f79abbd2000-7f79abbd3000 r--p 0000a000 08:05 267156                     /lib/x86_64-linux-gnu/libnss_files-2.27.so
7f79abbd3000-7f79abbd4000 rw-p 0000b000 08:05 267156                     /lib/x86_64-linux-gnu/libnss_files-2.27.so
7f79abbd4000-7f79abbda000 rw-p 00000000 00:00 0 
7f79abbda000-7f79abbf1000 r-xp 00000000 08:05 267150                     /lib/x86_64-linux-gnu/libnsl-2.27.so
7f79abbf1000-7f79abdf0000 ---p 00017000 08:05 267150                     /lib/x86_64-linux-gnu/libnsl-2.27.so
7f79abdf0000-7f79abdf1000 r--p 00016000 08:05 267150                     /lib/x86_64-linux-gnu/libnsl-2.27.so
7f79abdf1000-7f79abdf2000 rw-p 00017000 08:05 267150                     /lib/x86_64-linux-gnu/libnsl-2.27.so
7f79abdf2000-7f79abdf4000 rw-p 00000000 00:00 0 
7f79abdf4000-7f79abdff000 r-xp 00000000 08:05 267167                     /lib/x86_64-linux-gnu/libnss_nis-2.27.so
7f79abdff000-7f79abffe000 ---p 0000b000 08:05 267167                     /lib/x86_64-linux-gnu/libnss_nis-2.27.so
7f79abffe000-7f79abfff000 r--p 0000a000 08:05 267167                     /lib/x86_64-linux-gnu/libnss_nis-2.27.so
7f79abfff000-7f79ac000000 rw-p 0000b000 08:05 267167                     /lib/x86_64-linux-gnu/libnss_nis-2.27.so
7f79ac000000-7f79ad169000 rw-p 00000000 00:00 0 
7f79ad169000-7f79b0000000 ---p 00000000 00:00 0 
7f79b0000000-7f79b0002000 r--s 0159b000 08:05 1857338                    /home/bondhan/opt/Katalon_studio_Linux_64-6.1.5/plugins/com.kms.katalon.selenium-standalone_1.0.0.201905140226.jar
7f79b0002000-7f79b0006000 r--s 0001e000 08:05 1857675                    /home/bondhan/opt/Katalon_studio_Linux_64-6.1.5/configuration/resources/lib/browsermob-core-2.1.5.jar
7f79b0006000-7f79b000d000 r--s 00034000 08:05 1857677                    /home/bondhan/opt/Katalon_studio_Linux_64-6.1.5/configuration/resources/lib/java-client-5.0.4.jar
7f79b000d000-7f79b001a000 r--s 000ba000 08:05 1857687                    /home/bondhan/opt/Katalon_studio_Linux_64-6.1.5/configuration/resources/lib/selenium-leg-rc-3.7.0.jar
7f79b001a000-7f79b00b1000 rw-p 00000000 00:00 0 
7f79b00b1000-7f79b00b9000 r-xp 00000000 08:05 267152                     /lib/x86_64-linux-gnu/libnss_compat-2.27.so
7f79b00b9000-7f79b02b9000 ---p 00008000 08:05 267152                     /lib/x86_64-linux-gnu/libnss_compat-2.27.so
7f79b02b9000-7f79b02ba000 r--p 00008000 08:05 267152                     /lib/x86_64-linux-gnu/libnss_compat-2.27.so
7f79b02ba000-7f79b02bb000 rw-p 00009000 08:05 267152                     /lib/x86_64-linux-gnu/libnss_compat-2.27.so
7f79b02bb000-7f79b02e7000 r-xp 00000000 08:05 1318471                    /opt/jdk1.8.0_201/jre/lib/amd64/libjava.so
7f79b02e7000-7f79b04e7000 ---p 0002c000 08:05 1318471                    /opt/jdk1.8.0_201/jre/lib/amd64/libjava.so
7f79b04e7000-7f79b04e8000 r--p 0002c000 08:05 1318471                    /opt/jdk1.8.0_201/jre/lib/amd64/libjava.so
7f79b04e8000-7f79b04ea000 rw-p 0002d000 08:05 1318471                    /opt/jdk1.8.0_201/jre/lib/amd64/libjava.so
7f79b04ea000-7f79b04f7000 r-xp 00000000 08:05 1318476                    /opt/jdk1.8.0_201/jre/lib/amd64/libverify.so
7f79b04f7000-7f79b06f6000 ---p 0000d000 08:05 1318476                    /opt/jdk1.8.0_201/jre/lib/amd64/libverify.so
7f79b06f6000-7f79b06f8000 r--p 0000c000 08:05 1318476                    /opt/jdk1.8.0_201/jre/lib/amd64/libverify.so
7f79b06f8000-7f79b06f9000 rw-p 0000e000 08:05 1318476                    /opt/jdk1.8.0_201/jre/lib/amd64/libverify.so
7f79b06f9000-7f79b0700000 r-xp 00000000 08:05 267207                     /lib/x86_64-linux-gnu/librt-2.27.so
7f79b0700000-7f79b08ff000 ---p 00007000 08:05 267207                     /lib/x86_64-linux-gnu/librt-2.27.so
7f79b08ff000-7f79b0900000 r--p 00006000 08:05 267207                     /lib/x86_64-linux-gnu/librt-2.27.so
7f79b0900000-7f79b0901000 rw-p 00007000 08:05 267207                     /lib/x86_64-linux-gnu/librt-2.27.so
7f79b0901000-7f79b0a9e000 r-xp 00000000 08:05 267129                     /lib/x86_64-linux-gnu/libm-2.27.so
7f79b0a9e000-7f79b0c9d000 ---p 0019d000 08:05 267129                     /lib/x86_64-linux-gnu/libm-2.27.so
7f79b0c9d000-7f79b0c9e000 r--p 0019c000 08:05 267129                     /lib/x86_64-linux-gnu/libm-2.27.so
7f79b0c9e000-7f79b0c9f000 rw-p 0019d000 08:05 267129                     /lib/x86_64-linux-gnu/libm-2.27.so
7f79b0c9f000-7f79b1987000 r-xp 00000000 08:05 1318453                    /opt/jdk1.8.0_201/jre/lib/amd64/server/libjvm.so
7f79b1987000-7f79b1b86000 ---p 00ce8000 08:05 1318453                    /opt/jdk1.8.0_201/jre/lib/amd64/server/libjvm.so
7f79b1b86000-7f79b1c1c000 r--p 00ce7000 08:05 1318453                    /opt/jdk1.8.0_201/jre/lib/amd64/server/libjvm.so
7f79b1c1c000-7f79b1c4d000 rw-p 00d7d000 08:05 1318453                    /opt/jdk1.8.0_201/jre/lib/amd64/server/libjvm.so
7f79b1c4d000-7f79b1c88000 rw-p 00000000 00:00 0 
7f79b1c88000-7f79b1e6f000 r-xp 00000000 08:05 267066                     /lib/x86_64-linux-gnu/libc-2.27.so
7f79b1e6f000-7f79b206f000 ---p 001e7000 08:05 267066                     /lib/x86_64-linux-gnu/libc-2.27.so
7f79b206f000-7f79b2073000 r--p 001e7000 08:05 267066                     /lib/x86_64-linux-gnu/libc-2.27.so
7f79b2073000-7f79b2075000 rw-p 001eb000 08:05 267066                     /lib/x86_64-linux-gnu/libc-2.27.so
7f79b2075000-7f79b2079000 rw-p 00000000 00:00 0 
7f79b2079000-7f79b207c000 r-xp 00000000 08:05 267089                     /lib/x86_64-linux-gnu/libdl-2.27.so
7f79b207c000-7f79b227b000 ---p 00003000 08:05 267089                     /lib/x86_64-linux-gnu/libdl-2.27.so
7f79b227b000-7f79b227c000 r--p 00002000 08:05 267089                     /lib/x86_64-linux-gnu/libdl-2.27.so
7f79b227c000-7f79b227d000 rw-p 00003000 08:05 267089                     /lib/x86_64-linux-gnu/libdl-2.27.so
7f79b227d000-7f79b2294000 r-xp 00000000 08:05 1318126                    /opt/jdk1.8.0_201/lib/amd64/jli/libjli.so
7f79b2294000-7f79b2493000 ---p 00017000 08:05 1318126                    /opt/jdk1.8.0_201/lib/amd64/jli/libjli.so
7f79b2493000-7f79b2494000 r--p 00016000 08:05 1318126                    /opt/jdk1.8.0_201/lib/amd64/jli/libjli.so
7f79b2494000-7f79b2495000 rw-p 00017000 08:05 1318126                    /opt/jdk1.8.0_201/lib/amd64/jli/libjli.so
7f79b2495000-7f79b24af000 r-xp 00000000 08:05 267199                     /lib/x86_64-linux-gnu/libpthread-2.27.so
7f79b24af000-7f79b26ae000 ---p 0001a000 08:05 267199                     /lib/x86_64-linux-gnu/libpthread-2.27.so
7f79b26ae000-7f79b26af000 r--p 00019000 08:05 267199                     /lib/x86_64-linux-gnu/libpthread-2.27.so
7f79b26af000-7f79b26b0000 rw-p 0001a000 08:05 267199                     /lib/x86_64-linux-gnu/libpthread-2.27.so
7f79b26b0000-7f79b26b4000 rw-p 00000000 00:00 0 
7f79b26b4000-7f79b26db000 r-xp 00000000 08:05 267038                     /lib/x86_64-linux-gnu/ld-2.27.so
7f79b26db000-7f79b26dc000 r--s 00005000 08:05 1857313                    /home/bondhan/opt/Katalon_studio_Linux_64-6.1.5/plugins/com.kms.katalon.constant_1.0.0.201905140226.jar
7f79b26dc000-7f79b26de000 r--s 00010000 08:05 1857680                    /home/bondhan/opt/Katalon_studio_Linux_64-6.1.5/configuration/resources/lib/jzlib-1.1.3.jar
7f79b26de000-7f79b26df000 r--s 00000000 08:05 1857681                    /home/bondhan/opt/Katalon_studio_Linux_64-6.1.5/configuration/resources/lib/kat-server.jar
7f79b26df000-7f79b26e3000 r--s 000dc000 08:05 1857678                    /home/bondhan/opt/Katalon_studio_Linux_64-6.1.5/configuration/resources/lib/jna-4.1.0.jar
7f79b26e3000-7f79b26f0000 r--s 000ae000 08:05 1857689                    /home/bondhan/opt/Katalon_studio_Linux_64-6.1.5/configuration/resources/lib/testng-6.11.jar
7f79b26f0000-7f79b27b8000 rw-p 00000000 00:00 0 
7f79b27b8000-7f79b27b9000 ---p 00000000 00:00 0 
7f79b27b9000-7f79b27bc000 ---p 00000000 00:00 0 
7f79b27bc000-7f79b28bd000 rw-p 00000000 00:00 0 
7f79b28bd000-7f79b28c0000 r--s 0001d000 08:05 1857682                    /home/bondhan/opt/Katalon_studio_Linux_64-6.1.5/configuration/resources/lib/littleproxy-1.1.0-beta-bmp-17.jar
7f79b28c0000-7f79b28c5000 r--s 00048000 08:05 1857676                    /home/bondhan/opt/Katalon_studio_Linux_64-6.1.5/configuration/resources/lib/dnsjava-2.1.8.jar
7f79b28c5000-7f79b28c8000 r--s 00033000 08:05 1857683                    /home/bondhan/opt/Katalon_studio_Linux_64-6.1.5/configuration/resources/lib/mitm-2.1.5.jar
7f79b28c8000-7f79b28d1000 r--s 00081000 08:05 1857320                    /home/bondhan/opt/Katalon_studio_Linux_64-6.1.5/plugins/com.kms.katalon.core_1.0.0.201905140226.jar
7f79b28d1000-7f79b28d9000 rw-s 00000000 08:05 3670805                    /tmp/hsperfdata_bondhan/2880
7f79b28d9000-7f79b28da000 rw-p 00000000 00:00 0 
7f79b28da000-7f79b28db000 ---p 00000000 00:00 0 
7f79b28db000-7f79b28dc000 r--p 00027000 08:05 267038                     /lib/x86_64-linux-gnu/ld-2.27.so
7f79b28dc000-7f79b28dd000 rw-p 00028000 08:05 267038                     /lib/x86_64-linux-gnu/ld-2.27.so
7f79b28dd000-7f79b28de000 rw-p 00000000 00:00 0 
7ffe09049000-7ffe0906e000 rw-p 00000000 00:00 0                          [stack]
7ffe090be000-7ffe090c1000 r--p 00000000 00:00 0                          [vvar]
7ffe090c1000-7ffe090c3000 r-xp 00000000 00:00 0                          [vdso]
ffffffffff600000-ffffffffff601000 r-xp 00000000 00:00 0                  [vsyscall]

VM Arguments:
jvm_args: -Dgroovy.home=/home/bondhan/opt/Katalon_studio_Linux_64-6.1.5/plugins/org.codehaus.groovy_2.4.7.xx-201611170128-e46/ -Xmx1820m -Dfile.encoding=UTF-8 
java_command: org.codehaus.groovy.tools.GroovyStarter --classpath /home/bondhan/git/katalon-ewallet/Include/scripts/groovy:/home/bondhan/git/katalon-ewallet/Keywords:/home/bondhan/git/katalon-ewallet/Libs:/home/bondhan/git/katalon-ewallet/Test Listeners:/home/bondhan/opt/Katalon_studio_Linux_64-6.1.5/configuration/resources/lib/bcpkix-jdk15on-1.58.jar:/home/bondhan/opt/Katalon_studio_Linux_64-6.1.5/configuration/resources/lib/bcprov-jdk15on-1.58.jar:/home/bondhan/opt/Katalon_studio_Linux_64-6.1.5/configuration/resources/lib/browsermob-core-2.1.5.jar:/home/bondhan/opt/Katalon_studio_Linux_64-6.1.5/configuration/resources/lib/dnsjava-2.1.8.jar:/home/bondhan/opt/Katalon_studio_Linux_64-6.1.5/configuration/resources/lib/java-client-5.0.4.jar:/home/bondhan/opt/Katalon_studio_Linux_64-6.1.5/configuration/resources/lib/jna-4.1.0.jar:/home/bondhan/opt/Katalon_studio_Linux_64-6.1.5/configuration/resources/lib/jna-platform-4.1.0.jar:/home/bondhan/opt/Katalon_studio_Linux_64-6.1.5/configuration/resources/lib/jzlib-1.1.3.jar:/home/bondhan/opt/Katalon_studio_Linux_64-6.1.5/configuration/resources/lib/kat-server.jar:/home/bondhan/opt/Katalon_studio_Linux_64-6.1.5/configuration/resources/lib/littleproxy-1.1.0-beta-bmp-17.jar:/home/bondhan/opt/Katalon_studio_Linux_64-6.1.5/configuration/resources/lib/mitm-2.1.5.jar:/home/bondhan/opt/Katalon_studio_Linux_64-6.1.5/configuration/resources/lib/netty-all-4.0.51.Final.jar:/home/bondhan/opt/Katalon_studio_Linux_64-6.1.5/configuration/resources/lib/repackaged-guava-19.0.jar:/home/bondhan/opt/Katalon_studio_Linux_64-6.1.5/configuration/resources/lib/repackaged-sikuli-api-1.0.2-standalone.jar:/home/bondhan/opt/Katalon_studio_Linux_64-6.1.5/configuration/resources/lib/selenium-leg-rc-3.7.0.jar:/home/bondhan/opt/Katalon_studio_Linux_64-6.1.5/configuration/resources/lib/selenium-server-standalone-3.7.1.jar:/home/bondhan/opt/Katalon_studio_Linux_64-6.1.5/configuration/resources/lib/testng-6.11.jar:/home/bondhan/opt/Katalon_studio_Linux_64-6.1.
java_class_path (initial): /home/bondhan/git/katalon-ewallet/bin/keyword:/home/bondhan/git/katalon-ewallet/bin/listener:/home/bondhan/git/katalon-ewallet/bin/lib:/home/bondhan/git/katalon-ewallet/bin/groovy:/home/bondhan/git/katalon-ewallet/bin:/home/bondhan/opt/Katalon_studio_Linux_64-6.1.5/plugins/com.kms.katalon.core_1.0.0.201905140226.jar:/home/bondhan/opt/Katalon_studio_Linux_64-6.1.5/configuration/resources/lib/selenium-server-standalone-3.7.1.jar:/home/bondhan/opt/Katalon_studio_Linux_64-6.1.5/configuration/resources/lib/mitm-2.1.5.jar:/home/bondhan/opt/Katalon_studio_Linux_64-6.1.5/configuration/resources/lib/dnsjava-2.1.8.jar:/home/bondhan/opt/Katalon_studio_Linux_64-6.1.5/configuration/resources/lib/littleproxy-1.1.0-beta-bmp-17.jar:/home/bondhan/opt/Katalon_studio_Linux_64-6.1.5/configuration/resources/lib/bcprov-jdk15on-1.58.jar:/home/bondhan/opt/Katalon_studio_Linux_64-6.1.5/configuration/resources/lib/repackaged-sikuli-api-1.0.2-standalone.jar:/home/bondhan/opt/Katalon_studio_Linux_64-6.1.5/configuration/resources/lib/testng-6.11.jar:/home/bondhan/opt/Katalon_studio_Linux_64-6.1.5/configuration/resources/lib/jna-4.1.0.jar:/home/bondhan/opt/Katalon_studio_Linux_64-6.1.5/configuration/resources/lib/selenium-leg-rc-3.7.0.jar:/home/bondhan/opt/Katalon_studio_Linux_64-6.1.5/configuration/resources/lib/java-client-5.0.4.jar:/home/bondhan/opt/Katalon_studio_Linux_64-6.1.5/configuration/resources/lib/bcpkix-jdk15on-1.58.jar:/home/bondhan/opt/Katalon_studio_Linux_64-6.1.5/configuration/resources/lib/kat-server.jar:/home/bondhan/opt/Katalon_studio_Linux_64-6.1.5/configuration/resources/lib/jna-platform-4.1.0.jar:/home/bondhan/opt/Katalon_studio_Linux_64-6.1.5/configuration/resources/lib/netty-all-4.0.51.Final.jar:/home/bondhan/opt/Katalon_studio_Linux_64-6.1.5/configuration/resources/lib/browsermob-core-2.1.5.jar:/home/bondhan/opt/Katalon_studio_Linux_64-6.1.5/configuration/resources/lib/repackaged-guava-19.0.jar:/home/bondhan/opt/Katalon_studio_Linux_64-6.1.5
Launcher Type: SUN_STANDARD

Environment Variables:
JAVA_HOME=/opt/jdk1.8.0_201
PATH=/home/bondhan/.local/bin:/home/bondhan/bin:/usr/local/sbin:/usr/local/bin:/usr/sbin:/usr/bin:/sbin:/bin:/usr/games:/usr/local/games:/opt/jdk1.8.0_201/bin
SHELL=/bin/bash
DISPLAY=:0

Signal Handlers:
SIGSEGV: [libjvm.so+0xad3e60], sa_mask[0]=11111111011111111101111111111110, sa_flags=SA_RESTART|SA_SIGINFO
SIGBUS: [libjvm.so+0xad3e60], sa_mask[0]=11111111011111111101111111111110, sa_flags=SA_RESTART|SA_SIGINFO
SIGFPE: [libjvm.so+0x90b880], sa_mask[0]=11111111011111111101111111111110, sa_flags=SA_RESTART|SA_SIGINFO
SIGPIPE: [libjvm.so+0x90b880], sa_mask[0]=11111111011111111101111111111110, sa_flags=SA_RESTART|SA_SIGINFO
SIGXFSZ: [libjvm.so+0x90b880], sa_mask[0]=11111111011111111101111111111110, sa_flags=SA_RESTART|SA_SIGINFO
SIGILL: [libjvm.so+0x90b880], sa_mask[0]=11111111011111111101111111111110, sa_flags=SA_RESTART|SA_SIGINFO
SIGUSR1: SIG_DFL, sa_mask[0]=00000000000000000000000000000000, sa_flags=none
SIGUSR2: [libjvm.so+0x90b750], sa_mask[0]=00100000000000000000000000000000, sa_flags=SA_RESTART|SA_SIGINFO
SIGHUP: [libjvm.so+0x90bd70], sa_mask[0]=11111111011111111101111111111110, sa_flags=SA_RESTART|SA_SIGINFO
SIGINT: [libjvm.so+0x90bd70], sa_mask[0]=11111111011111111101111111111110, sa_flags=SA_RESTART|SA_SIGINFO
SIGTERM: [libjvm.so+0x90bd70], sa_mask[0]=11111111011111111101111111111110, sa_flags=SA_RESTART|SA_SIGINFO
SIGQUIT: [libjvm.so+0x90bd70], sa_mask[0]=11111111011111111101111111111110, sa_flags=SA_RESTART|SA_SIGINFO


---------------  S Y S T E M  ---------------

OS:DISTRIB_ID=LinuxMint
DISTRIB_RELEASE=19.1
DISTRIB_CODENAME=tessa
DISTRIB_DESCRIPTION="Linux Mint 19.1 Tessa"

uname:Linux 4.15.0-50-generic #54-Ubuntu SMP Mon May 6 18:46:08 UTC 2019 x86_64
libc:glibc 2.27 NPTL 2.27 
rlimit: STACK 8192k, CORE 0k, NPROC 30417, NOFILE 1048576, AS infinity
load average:4,64 3,08 2,54

/proc/meminfo:
MemTotal:        8049188 kB
MemFree:          118704 kB
MemAvailable:      27828 kB
Buffers:             400 kB
Cached:           603392 kB
SwapCached:        14040 kB
Active:          6554024 kB
Inactive:        1004872 kB
Active(anon):    6544580 kB
Inactive(anon):   987004 kB
Active(file):       9444 kB
Inactive(file):    17868 kB
Unevictable:         308 kB
Mlocked:             308 kB
SwapTotal:       2097148 kB
SwapFree:              0 kB
Dirty:                96 kB
Writeback:             0 kB
AnonPages:       6942316 kB
Mapped:           388056 kB
Shmem:            575864 kB
Slab:             169872 kB
SReclaimable:      62568 kB
SUnreclaim:       107304 kB
KernelStack:       20624 kB
PageTables:        95332 kB
NFS_Unstable:          0 kB
Bounce:                0 kB
WritebackTmp:          0 kB
CommitLimit:     6121740 kB
Committed_AS:   17737308 kB
VmallocTotal:   34359738367 kB
VmallocUsed:           0 kB
VmallocChunk:          0 kB
HardwareCorrupted:     0 kB
AnonHugePages:         0 kB
ShmemHugePages:        0 kB
ShmemPmdMapped:        0 kB
CmaTotal:              0 kB
CmaFree:               0 kB
HugePages_Total:       0
HugePages_Free:        0
HugePages_Rsvd:        0
HugePages_Surp:        0
Hugepagesize:       2048 kB
DirectMap4k:      368136 kB
DirectMap2M:     7901184 kB
DirectMap1G:           0 kB

container (cgroup) information:
container_type: cgroupv1
cpu_cpuset_cpus: 0-3
cpu_memory_nodes: 0
active_processor_count: 4
cpu_quota: -1
cpu_period: 100000
cpu_shares: -1
memory_limit_in_bytes: -1
memory_and_swap_limit_in_bytes: -2
memory_soft_limit_in_bytes: -1
memory_usage_in_bytes: 7777898496
memory_max_usage_in_bytes: 7793029120


CPU:total 4 (initial active 4) (2 cores per cpu, 2 threads per core) family 6 model 69 stepping 1, cmov, cx8, fxsr, mmx, sse, sse2, sse3, ssse3, sse4.1, sse4.2, popcnt, avx, avx2, aes, clmul, erms, lzcnt, ht, tsc, tscinvbit, bmi1, bmi2

/proc/cpuinfo:
processor	: 0
vendor_id	: GenuineIntel
cpu family	: 6
model		: 69
model name	: Intel(R) Core(TM) i7-4510U CPU @ 2.00GHz
stepping	: 1
microcode	: 0x25
cpu MHz		: 2769.155
cache size	: 4096 KB
physical id	: 0
siblings	: 4
core id		: 0
cpu cores	: 2
apicid		: 0
initial apicid	: 0
fpu		: yes
fpu_exception	: yes
cpuid level	: 13
wp		: yes
flags		: fpu vme de pse tsc msr pae mce cx8 apic sep mtrr pge mca cmov pat pse36 clflush dts acpi mmx fxsr sse sse2 ss ht tm pbe syscall nx pdpe1gb rdtscp lm constant_tsc arch_perfmon pebs bts rep_good nopl xtopology nonstop_tsc cpuid aperfmperf pni pclmulqdq dtes64 monitor ds_cpl vmx est tm2 ssse3 sdbg fma cx16 xtpr pdcm pcid sse4_1 sse4_2 movbe popcnt tsc_deadline_timer aes xsave avx f16c rdrand lahf_lm abm cpuid_fault epb invpcid_single pti ssbd ibrs ibpb stibp tpr_shadow vnmi flexpriority ept vpid fsgsbase tsc_adjust bmi1 avx2 smep bmi2 erms invpcid xsaveopt dtherm ida arat pln pts md_clear flush_l1d
bugs		: cpu_meltdown spectre_v1 spectre_v2 spec_store_bypass l1tf mds
bogomips	: 5187.89
clflush size	: 64
cache_alignment	: 64
address sizes	: 39 bits physical, 48 bits virtual
power management:

processor	: 1
vendor_id	: GenuineIntel
cpu family	: 6
model		: 69
model name	: Intel(R) Core(TM) i7-4510U CPU @ 2.00GHz
stepping	: 1
microcode	: 0x25
cpu MHz		: 2738.848
cache size	: 4096 KB
physical id	: 0
siblings	: 4
core id		: 1
cpu cores	: 2
apicid		: 2
initial apicid	: 2
fpu		: yes
fpu_exception	: yes
cpuid level	: 13
wp		: yes
flags		: fpu vme de pse tsc msr pae mce cx8 apic sep mtrr pge mca cmov pat pse36 clflush dts acpi mmx fxsr sse sse2 ss ht tm pbe syscall nx pdpe1gb rdtscp lm constant_tsc arch_perfmon pebs bts rep_good nopl xtopology nonstop_tsc cpuid aperfmperf pni pclmulqdq dtes64 monitor ds_cpl vmx est tm2 ssse3 sdbg fma cx16 xtpr pdcm pcid sse4_1 sse4_2 movbe popcnt tsc_deadline_timer aes xsave avx f16c rdrand lahf_lm abm cpuid_fault epb invpcid_single pti ssbd ibrs ibpb stibp tpr_shadow vnmi flexpriority ept vpid fsgsbase tsc_adjust bmi1 avx2 smep bmi2 erms invpcid xsaveopt dtherm ida arat pln pts md_clear flush_l1d
bugs		: cpu_meltdown spectre_v1 spectre_v2 spec_store_bypass l1tf mds
bogomips	: 5187.89
clflush size	: 64
cache_alignment	: 64
address sizes	: 39 bits physical, 48 bits virtual
power management:

processor	: 2
vendor_id	: GenuineIntel
cpu family	: 6
model		: 69
model name	: Intel(R) Core(TM) i7-4510U CPU @ 2.00GHz
stepping	: 1
microcode	: 0x25
cpu MHz		: 2771.353
cache size	: 4096 KB
physical id	: 0
siblings	: 4
core id		: 0
cpu cores	: 2
apicid		: 1
initial apicid	: 1
fpu		: yes
fpu_exception	: yes
cpuid level	: 13
wp		: yes
flags		: fpu vme de pse tsc msr pae mce cx8 apic sep mtrr pge mca cmov pat pse36 clflush dts acpi mmx fxsr sse sse2 ss ht tm pbe syscall nx pdpe1gb rdtscp lm constant_tsc arch_perfmon pebs bts rep_good nopl xtopology nonstop_tsc cpuid aperfmperf pni pclmulqdq dtes64 monitor ds_cpl vmx est tm2 ssse3 sdbg fma cx16 xtpr pdcm pcid sse4_1 sse4_2 movbe popcnt tsc_deadline_timer aes xsave avx f16c rdrand lahf_lm abm cpuid_fault epb invpcid_single pti ssbd ibrs ibpb stibp tpr_shadow vnmi flexpriority ept vpid fsgsbase tsc_adjust bmi1 avx2 smep bmi2 erms invpcid xsaveopt dtherm ida arat pln pts md_clear flush_l1d
bugs		: cpu_meltdown spectre_v1 spectre_v2 spec_store_bypass l1tf mds
bogomips	: 5187.89
clflush size	: 64
cache_alignment	: 64
address sizes	: 39 bits physical, 48 bits virtual
power management:

processor	: 3
vendor_id	: GenuineIntel
cpu family	: 6
model		: 69
model name	: Intel(R) Core(TM) i7-4510U CPU @ 2.00GHz
stepping	: 1
microcode	: 0x25
cpu MHz		: 2734.653
cache size	: 4096 KB
physical id	: 0
siblings	: 4
core id		: 1
cpu cores	: 2
apicid		: 3
initial apicid	: 3
fpu		: yes
fpu_exception	: yes
cpuid level	: 13
wp		: yes
flags		: fpu vme de pse tsc msr pae mce cx8 apic sep mtrr pge mca cmov pat pse36 clflush dts acpi mmx fxsr sse sse2 ss ht tm pbe syscall nx pdpe1gb rdtscp lm constant_tsc arch_perfmon pebs bts rep_good nopl xtopology nonstop_tsc cpuid aperfmperf pni pclmulqdq dtes64 monitor ds_cpl vmx est tm2 ssse3 sdbg fma cx16 xtpr pdcm pcid sse4_1 sse4_2 movbe popcnt tsc_deadline_timer aes xsave avx f16c rdrand lahf_lm abm cpuid_fault epb invpcid_single pti ssbd ibrs ibpb stibp tpr_shadow vnmi flexpriority ept vpid fsgsbase tsc_adjust bmi1 avx2 smep bmi2 erms invpcid xsaveopt dtherm ida arat pln pts md_clear flush_l1d
bugs		: cpu_meltdown spectre_v1 spectre_v2 spec_store_bypass l1tf mds
bogomips	: 5187.89
clflush size	: 64
cache_alignment	: 64
address sizes	: 39 bits physical, 48 bits virtual
power management:



Memory: 4k page, physical 8049188k(117488k free), swap 2097148k(0k free)

vm_info: Java HotSpot(TM) 64-Bit Server VM (25.201-b09) for linux-amd64 JRE (1.8.0_201-b09), built on Dec 15 2018 11:35:59 by "java_re" with gcc 7.3.0

time: Tue May 28 16:22:47 2019
timezone: WIB
elapsed time: 12 seconds (0d 0h 0m 12s)

