<?xml version="1.0" encoding="UTF-8" standalone="no"?>
<!DOCTYPE log SYSTEM "logger.dtd">
<log>
<record>
  <date>2019-12-17T11:32:55</date>
  <millis>1576557175526</millis>
  <sequence>0</sequence>
  <level>START</level>
  <class>com.kms.katalon.core.logging.XmlKeywordLogger</class>
  <method>startSuite</method>
  <thread>1</thread>
  <message>Start Test Suite : Test Suites/E_Wallet/TS_promoAddSofEdc/TS_promoAddSofEdc</message>
  <nestedLevel>0</nestedLevel>
  <property name="name">TS_promoAddSofEdc</property>
  <property name="description"></property>
  <property name="id">Test Suites/E_Wallet/TS_promoAddSofEdc/TS_promoAddSofEdc</property>
</record>
<record>
  <date>2019-12-17T11:32:55</date>
  <millis>1576557175541</millis>
  <sequence>1</sequence>
  <level>RUN_DATA</level>
  <class>com.kms.katalon.core.logging.XmlKeywordLogger</class>
  <method>logMessage</method>
  <thread>1</thread>
  <message>hostName = Silvi - LAPTOP-ALMT97O4</message>
  <nestedLevel>0</nestedLevel>
  <property name="hostName">Silvi - LAPTOP-ALMT97O4</property>
</record>
<record>
  <date>2019-12-17T11:32:55</date>
  <millis>1576557175542</millis>
  <sequence>2</sequence>
  <level>RUN_DATA</level>
  <class>com.kms.katalon.core.logging.XmlKeywordLogger</class>
  <method>logMessage</method>
  <thread>1</thread>
  <message>os = Windows 10 64bit</message>
  <nestedLevel>0</nestedLevel>
  <property name="os">Windows 10 64bit</property>
</record>
<record>
  <date>2019-12-17T11:32:55</date>
  <millis>1576557175543</millis>
  <sequence>3</sequence>
  <level>RUN_DATA</level>
  <class>com.kms.katalon.core.logging.XmlKeywordLogger</class>
  <method>logMessage</method>
  <thread>1</thread>
  <message>hostAddress = 172.18.4.57</message>
  <nestedLevel>0</nestedLevel>
  <property name="hostAddress">172.18.4.57</property>
</record>
<record>
  <date>2019-12-17T11:32:55</date>
  <millis>1576557175543</millis>
  <sequence>4</sequence>
  <level>RUN_DATA</level>
  <class>com.kms.katalon.core.logging.XmlKeywordLogger</class>
  <method>logMessage</method>
  <thread>1</thread>
  <message>katalonVersion = 6.2.2.4</message>
  <nestedLevel>0</nestedLevel>
  <property name="katalonVersion">6.2.2.4</property>
</record>
<record>
  <date>2019-12-17T11:32:55</date>
  <millis>1576557175731</millis>
  <sequence>5</sequence>
  <level>START</level>
  <class>com.kms.katalon.core.logging.XmlKeywordLogger</class>
  <method>startTest</method>
  <thread>1</thread>
  <message>Start Test Case : Test Cases/Account/TC_loginCustomer/Login_Customer_Rian</message>
  <nestedLevel>1</nestedLevel>
  <property name="name">Test Cases/Account/TC_loginCustomer/Login_Customer_Rian</property>
  <property name="description"></property>
  <property name="id">Test Cases/Account/TC_loginCustomer/Login_Customer_Rian</property>
  <property name="source">D:\\katalon-ewallet\\Test Cases\\Account\\TC_loginCustomer\\Login_Customer_Rian.tc</property>
  <property name="tag"></property>
  <property name="isOptional">false</property>
</record>
<record>
  <date>2019-12-17T11:32:55</date>
  <millis>1576557175817</millis>
  <sequence>7</sequence>
  <level>INFO</level>
  <class>com.kms.katalon.core.logging.XmlKeywordLogger</class>
  <method>logMessage</method>
  <thread>1</thread>
  <message>(Default) var_user_agent = 1</message>
  <nestedLevel>1</nestedLevel>
</record>
<record>
  <date>2019-12-17T11:32:55</date>
  <millis>1576557175827</millis>
  <sequence>8</sequence>
  <level>INFO</level>
  <class>com.kms.katalon.core.logging.XmlKeywordLogger</class>
  <method>logMessage</method>
  <thread>1</thread>
  <message>(Default) var_user_pin = 121212</message>
  <nestedLevel>1</nestedLevel>
</record>
<record>
  <date>2019-12-17T11:32:55</date>
  <millis>1576557175837</millis>
  <sequence>9</sequence>
  <level>INFO</level>
  <class>com.kms.katalon.core.logging.XmlKeywordLogger</class>
  <method>logMessage</method>
  <thread>1</thread>
  <message>(Default) var_phone_number = 081322762669</message>
  <nestedLevel>1</nestedLevel>
</record>
<record>
  <date>2019-12-17T11:32:55</date>
  <millis>1576557175844</millis>
  <sequence>10</sequence>
  <level>INFO</level>
  <class>com.kms.katalon.core.logging.XmlKeywordLogger</class>
  <method>logMessage</method>
  <thread>1</thread>
  <message>(Default) var_device_id = 1</message>
  <nestedLevel>1</nestedLevel>
</record>
<record>
  <date>2019-12-17T11:32:55</date>
  <millis>1576557175851</millis>
  <sequence>11</sequence>
  <level>INFO</level>
  <class>com.kms.katalon.core.logging.XmlKeywordLogger</class>
  <method>logMessage</method>
  <thread>1</thread>
  <message>(Default) var_fcm_token = diVLYxZ8n_w:APA91bGOaEfSSOsjnWjSHRNICAAaTWAHr-AE0gAqslD7N_LZJU6xQgcUkOxSZA05om3O8VBD-ZRmNWTfD-75ft-8FsBRb7C-yGlccIOlehs5tZp16z4AvLjHGoQzf_zDStyhUbQp0Um_</message>
  <nestedLevel>1</nestedLevel>
</record>
<record>
  <date>2019-12-17T11:32:55</date>
  <millis>1576557175859</millis>
  <sequence>12</sequence>
  <level>INFO</level>
  <class>com.kms.katalon.core.logging.XmlKeywordLogger</class>
  <method>logMessage</method>
  <thread>1</thread>
  <message>(Default) var_expected_rc = RC00</message>
  <nestedLevel>1</nestedLevel>
</record>
<record>
  <date>2019-12-17T11:32:56</date>
  <millis>1576557176155</millis>
  <sequence>13</sequence>
  <level>INFO</level>
  <class>com.kms.katalon.core.logging.XmlKeywordLogger</class>
  <method>logMessage</method>
  <thread>1</thread>
  <message>(Default) access_token_customer = </message>
  <nestedLevel>1</nestedLevel>
</record>
<record>
  <date>2019-12-17T11:32:56</date>
  <millis>1576557176164</millis>
  <sequence>14</sequence>
  <level>INFO</level>
  <class>com.kms.katalon.core.logging.XmlKeywordLogger</class>
  <method>logMessage</method>
  <thread>1</thread>
  <message>(Default) var_aes_key = this_key_have_to_equal_32_bytes!</message>
  <nestedLevel>1</nestedLevel>
</record>
<record>
  <date>2019-12-17T11:32:56</date>
  <millis>1576557176315</millis>
  <sequence>15</sequence>
  <level>START</level>
  <class>com.kms.katalon.core.logging.XmlKeywordLogger</class>
  <method>startKeyword</method>
  <thread>1</thread>
  <message>Start action : var_enciphered_pin = SecureUtils.doEncryptPinRsaEwallet(dev_public_pem_file, var_user_pin)</message>
  <nestedLevel>1</nestedLevel>
  <property name="startLine">26</property>
  <property name="stepIndex">1</property>
</record>
<record>
  <date>2019-12-17T11:32:57</date>
  <millis>1576557177317</millis>
  <sequence>16</sequence>
  <level>END</level>
  <class>com.kms.katalon.core.logging.XmlKeywordLogger</class>
  <method>endKeyword</method>
  <thread>1</thread>
  <message>End action : var_enciphered_pin = SecureUtils.doEncryptPinRsaEwallet(dev_public_pem_file, var_user_pin)</message>
  <nestedLevel>1</nestedLevel>
</record>
<record>
  <date>2019-12-17T11:32:57</date>
  <millis>1576557177317</millis>
  <sequence>17</sequence>
  <level>START</level>
  <class>com.kms.katalon.core.logging.XmlKeywordLogger</class>
  <method>startKeyword</method>
  <thread>1</thread>
  <message>Start action : plain = \&amp;quot;{\&amp;quot; + \&amp;quot;\&amp;quot;user_agent\&amp;quot;:\&amp;quot;\&amp;quot; + var_user_agent + \&amp;quot;\&amp;quot;,\&amp;quot; + \&amp;quot;\&amp;quot;phone_number\&amp;quot;:\&amp;quot;\&amp;quot; + var_phone_number + \&amp;quot;\&amp;quot;,\&amp;quot; + \&amp;quot;\&amp;quot;pin\&amp;quot;:\&amp;quot;\&amp;quot; + var_enciphered_pin + \&amp;quot;\&amp;quot;,\&amp;quot; + \&amp;quot;\&amp;quot;device_id\&amp;quot;:\&amp;quot;\&amp;quot; + var_device_id + \&amp;quot;\&amp;quot;,\&amp;quot; + \&amp;quot;\&amp;quot;fcm_token\&amp;quot;:\&amp;quot;\&amp;quot; + var_fcm_token + \&amp;quot;\&amp;quot;}\&amp;quot;</message>
  <nestedLevel>1</nestedLevel>
  <property name="startLine">27</property>
  <property name="stepIndex">2</property>
</record>
<record>
  <date>2019-12-17T11:32:57</date>
  <millis>1576557177318</millis>
  <sequence>18</sequence>
  <level>END</level>
  <class>com.kms.katalon.core.logging.XmlKeywordLogger</class>
  <method>endKeyword</method>
  <thread>1</thread>
  <message>End action : plain = \&amp;quot;{\&amp;quot; + \&amp;quot;\&amp;quot;user_agent\&amp;quot;:\&amp;quot;\&amp;quot; + var_user_agent + \&amp;quot;\&amp;quot;,\&amp;quot; + \&amp;quot;\&amp;quot;phone_number\&amp;quot;:\&amp;quot;\&amp;quot; + var_phone_number + \&amp;quot;\&amp;quot;,\&amp;quot; + \&amp;quot;\&amp;quot;pin\&amp;quot;:\&amp;quot;\&amp;quot; + var_enciphered_pin + \&amp;quot;\&amp;quot;,\&amp;quot; + \&amp;quot;\&amp;quot;device_id\&amp;quot;:\&amp;quot;\&amp;quot; + var_device_id + \&amp;quot;\&amp;quot;,\&amp;quot; + \&amp;quot;\&amp;quot;fcm_token\&amp;quot;:\&amp;quot;\&amp;quot; + var_fcm_token + \&amp;quot;\&amp;quot;}\&amp;quot;</message>
  <nestedLevel>1</nestedLevel>
</record>
<record>
  <date>2019-12-17T11:32:57</date>
  <millis>1576557177319</millis>
  <sequence>19</sequence>
  <level>START</level>
  <class>com.kms.katalon.core.logging.XmlKeywordLogger</class>
  <method>startKeyword</method>
  <thread>1</thread>
  <message>Start action : out.println(plain)</message>
  <nestedLevel>1</nestedLevel>
  <property name="startLine">36</property>
  <property name="stepIndex">3</property>
</record>
<record>
  <date>2019-12-17T11:32:57</date>
  <millis>1576557177325</millis>
  <sequence>20</sequence>
  <level>END</level>
  <class>com.kms.katalon.core.logging.XmlKeywordLogger</class>
  <method>endKeyword</method>
  <thread>1</thread>
  <message>End action : out.println(plain)</message>
  <nestedLevel>1</nestedLevel>
</record>
<record>
  <date>2019-12-17T11:32:57</date>
  <millis>1576557177325</millis>
  <sequence>21</sequence>
  <level>START</level>
  <class>com.kms.katalon.core.logging.XmlKeywordLogger</class>
  <method>startKeyword</method>
  <thread>1</thread>
  <message>Start action : encipheredData = SecureUtils.encryptAesEwallet(plain, var_aes_key)</message>
  <nestedLevel>1</nestedLevel>
  <property name="startLine">39</property>
  <property name="stepIndex">4</property>
</record>
<record>
  <date>2019-12-17T11:32:57</date>
  <millis>1576557177344</millis>
  <sequence>22</sequence>
  <level>END</level>
  <class>com.kms.katalon.core.logging.XmlKeywordLogger</class>
  <method>endKeyword</method>
  <thread>1</thread>
  <message>End action : encipheredData = SecureUtils.encryptAesEwallet(plain, var_aes_key)</message>
  <nestedLevel>1</nestedLevel>
</record>
<record>
  <date>2019-12-17T11:32:57</date>
  <millis>1576557177344</millis>
  <sequence>23</sequence>
  <level>START</level>
  <class>com.kms.katalon.core.logging.XmlKeywordLogger</class>
  <method>startKeyword</method>
  <thread>1</thread>
  <message>Start action : body = \&amp;quot;{\&amp;quot;organisation_id\&amp;quot;:\&amp;quot;1\&amp;quot;,\&amp;quot;data\&amp;quot;:\&amp;quot;\&amp;quot; + encipheredData + \&amp;quot;\&amp;quot;,\&amp;quot;lang\&amp;quot;:\&amp;quot;id\&amp;quot;}\&amp;quot;</message>
  <nestedLevel>1</nestedLevel>
  <property name="startLine">42</property>
  <property name="stepIndex">5</property>
</record>
<record>
  <date>2019-12-17T11:32:57</date>
  <millis>1576557177345</millis>
  <sequence>24</sequence>
  <level>END</level>
  <class>com.kms.katalon.core.logging.XmlKeywordLogger</class>
  <method>endKeyword</method>
  <thread>1</thread>
  <message>End action : body = \&amp;quot;{\&amp;quot;organisation_id\&amp;quot;:\&amp;quot;1\&amp;quot;,\&amp;quot;data\&amp;quot;:\&amp;quot;\&amp;quot; + encipheredData + \&amp;quot;\&amp;quot;,\&amp;quot;lang\&amp;quot;:\&amp;quot;id\&amp;quot;}\&amp;quot;</message>
  <nestedLevel>1</nestedLevel>
</record>
<record>
  <date>2019-12-17T11:32:57</date>
  <millis>1576557177345</millis>
  <sequence>25</sequence>
  <level>START</level>
  <class>com.kms.katalon.core.logging.XmlKeywordLogger</class>
  <method>startKeyword</method>
  <thread>1</thread>
  <message>Start action : out.println(body)</message>
  <nestedLevel>1</nestedLevel>
  <property name="startLine">44</property>
  <property name="stepIndex">6</property>
</record>
<record>
  <date>2019-12-17T11:32:57</date>
  <millis>1576557177346</millis>
  <sequence>26</sequence>
  <level>END</level>
  <class>com.kms.katalon.core.logging.XmlKeywordLogger</class>
  <method>endKeyword</method>
  <thread>1</thread>
  <message>End action : out.println(body)</message>
  <nestedLevel>1</nestedLevel>
</record>
<record>
  <date>2019-12-17T11:32:57</date>
  <millis>1576557177346</millis>
  <sequence>27</sequence>
  <level>START</level>
  <class>com.kms.katalon.core.logging.XmlKeywordLogger</class>
  <method>startKeyword</method>
  <thread>1</thread>
  <message>Start action : request = findTestObject(\&amp;quot;Account/obj_loginCustomer\&amp;quot;)</message>
  <nestedLevel>1</nestedLevel>
  <property name="startLine">46</property>
  <property name="stepIndex">7</property>
</record>
<record>
  <date>2019-12-17T11:32:57</date>
  <millis>1576557177390</millis>
  <sequence>29</sequence>
  <level>END</level>
  <class>com.kms.katalon.core.logging.XmlKeywordLogger</class>
  <method>endKeyword</method>
  <thread>1</thread>
  <message>End action : request = findTestObject(\&amp;quot;Account/obj_loginCustomer\&amp;quot;)</message>
  <nestedLevel>1</nestedLevel>
</record>
<record>
  <date>2019-12-17T11:32:57</date>
  <millis>1576557177391</millis>
  <sequence>30</sequence>
  <level>START</level>
  <class>com.kms.katalon.core.logging.XmlKeywordLogger</class>
  <method>startKeyword</method>
  <thread>1</thread>
  <message>Start action : request.setBodyContent(new com.kms.katalon.core.testobject.impl.HttpTextBodyContent(body, UTF-8, application/json))</message>
  <nestedLevel>1</nestedLevel>
  <property name="startLine">47</property>
  <property name="stepIndex">8</property>
</record>
<record>
  <date>2019-12-17T11:32:57</date>
  <millis>1576557177400</millis>
  <sequence>31</sequence>
  <level>END</level>
  <class>com.kms.katalon.core.logging.XmlKeywordLogger</class>
  <method>endKeyword</method>
  <thread>1</thread>
  <message>End action : request.setBodyContent(new com.kms.katalon.core.testobject.impl.HttpTextBodyContent(body, UTF-8, application/json))</message>
  <nestedLevel>1</nestedLevel>
</record>
<record>
  <date>2019-12-17T11:32:57</date>
  <millis>1576557177400</millis>
  <sequence>32</sequence>
  <level>START</level>
  <class>com.kms.katalon.core.logging.XmlKeywordLogger</class>
  <method>startKeyword</method>
  <thread>1</thread>
  <message>Start action : response = sendRequest(request)</message>
  <nestedLevel>1</nestedLevel>
  <property name="startLine">49</property>
  <property name="stepIndex">9</property>
</record>
<record>
  <date>2019-12-17T11:32:58</date>
  <millis>1576557178302</millis>
  <sequence>34</sequence>
  <level>INFO</level>
  <class>com.kms.katalon.core.logging.XmlKeywordLogger</class>
  <method>logMessage</method>
  <thread>1</thread>
  <message>HAR: D:\\katalon-ewallet\\Reports\\E_Wallet\\TS_promoAddSofEdc\\TS_promoAddSofEdc\\20191217_113253\\requests\\main\\0.har</message>
  <nestedLevel>1</nestedLevel>
  <property name="harId">b6048efa-3fb8-418f-9db4-fbddbb07ba1a</property>
</record>
<record>
  <date>2019-12-17T11:32:58</date>
  <millis>1576557178391</millis>
  <sequence>35</sequence>
  <level>PASSED</level>
  <class>com.kms.katalon.core.logging.XmlKeywordLogger</class>
  <method>logMessage</method>
  <thread>1</thread>
  <message>Send request successfully</message>
  <nestedLevel>1</nestedLevel>
</record>
<record>
  <date>2019-12-17T11:32:58</date>
  <millis>1576557178391</millis>
  <sequence>36</sequence>
  <level>END</level>
  <class>com.kms.katalon.core.logging.XmlKeywordLogger</class>
  <method>endKeyword</method>
  <thread>1</thread>
  <message>End action : response = sendRequest(request)</message>
  <nestedLevel>1</nestedLevel>
</record>
<record>
  <date>2019-12-17T11:32:58</date>
  <millis>1576557178392</millis>
  <sequence>37</sequence>
  <level>START</level>
  <class>com.kms.katalon.core.logging.XmlKeywordLogger</class>
  <method>startKeyword</method>
  <thread>1</thread>
  <message>Start action : body_content = responseBodyContent</message>
  <nestedLevel>1</nestedLevel>
  <property name="startLine">52</property>
  <property name="stepIndex">10</property>
</record>
<record>
  <date>2019-12-17T11:32:58</date>
  <millis>1576557178396</millis>
  <sequence>38</sequence>
  <level>END</level>
  <class>com.kms.katalon.core.logging.XmlKeywordLogger</class>
  <method>endKeyword</method>
  <thread>1</thread>
  <message>End action : body_content = responseBodyContent</message>
  <nestedLevel>1</nestedLevel>
</record>
<record>
  <date>2019-12-17T11:32:58</date>
  <millis>1576557178397</millis>
  <sequence>39</sequence>
  <level>START</level>
  <class>com.kms.katalon.core.logging.XmlKeywordLogger</class>
  <method>startKeyword</method>
  <thread>1</thread>
  <message>Start action : status_code = statusCode</message>
  <nestedLevel>1</nestedLevel>
  <property name="startLine">53</property>
  <property name="stepIndex">11</property>
</record>
<record>
  <date>2019-12-17T11:32:58</date>
  <millis>1576557178399</millis>
  <sequence>40</sequence>
  <level>END</level>
  <class>com.kms.katalon.core.logging.XmlKeywordLogger</class>
  <method>endKeyword</method>
  <thread>1</thread>
  <message>End action : status_code = statusCode</message>
  <nestedLevel>1</nestedLevel>
</record>
<record>
  <date>2019-12-17T11:32:58</date>
  <millis>1576557178399</millis>
  <sequence>41</sequence>
  <level>START</level>
  <class>com.kms.katalon.core.logging.XmlKeywordLogger</class>
  <method>startKeyword</method>
  <thread>1</thread>
  <message>Start action : respDataMap = JsonSlurper().parseText(body_content)</message>
  <nestedLevel>1</nestedLevel>
  <property name="startLine">55</property>
  <property name="stepIndex">12</property>
</record>
<record>
  <date>2019-12-17T11:32:58</date>
  <millis>1576557178412</millis>
  <sequence>42</sequence>
  <level>END</level>
  <class>com.kms.katalon.core.logging.XmlKeywordLogger</class>
  <method>endKeyword</method>
  <thread>1</thread>
  <message>End action : respDataMap = JsonSlurper().parseText(body_content)</message>
  <nestedLevel>1</nestedLevel>
</record>
<record>
  <date>2019-12-17T11:32:58</date>
  <millis>1576557178412</millis>
  <sequence>43</sequence>
  <level>START</level>
  <class>com.kms.katalon.core.logging.XmlKeywordLogger</class>
  <method>startKeyword</method>
  <thread>1</thread>
  <message>Start action : out.println(respDataMap)</message>
  <nestedLevel>1</nestedLevel>
  <property name="startLine">57</property>
  <property name="stepIndex">13</property>
</record>
<record>
  <date>2019-12-17T11:32:58</date>
  <millis>1576557178415</millis>
  <sequence>44</sequence>
  <level>END</level>
  <class>com.kms.katalon.core.logging.XmlKeywordLogger</class>
  <method>endKeyword</method>
  <thread>1</thread>
  <message>End action : out.println(respDataMap)</message>
  <nestedLevel>1</nestedLevel>
</record>
<record>
  <date>2019-12-17T11:32:58</date>
  <millis>1576557178416</millis>
  <sequence>45</sequence>
  <level>START</level>
  <class>com.kms.katalon.core.logging.XmlKeywordLogger</class>
  <method>startKeyword</method>
  <thread>1</thread>
  <message>Start action : rc_ref = ReturnCodeWrapper(var_expected_rc).getEnumRC()</message>
  <nestedLevel>1</nestedLevel>
  <property name="startLine">59</property>
  <property name="stepIndex">14</property>
</record>
<record>
  <date>2019-12-17T11:32:58</date>
  <millis>1576557178429</millis>
  <sequence>46</sequence>
  <level>END</level>
  <class>com.kms.katalon.core.logging.XmlKeywordLogger</class>
  <method>endKeyword</method>
  <thread>1</thread>
  <message>End action : rc_ref = ReturnCodeWrapper(var_expected_rc).getEnumRC()</message>
  <nestedLevel>1</nestedLevel>
</record>
<record>
  <date>2019-12-17T11:32:58</date>
  <millis>1576557178429</millis>
  <sequence>47</sequence>
  <level>START</level>
  <class>com.kms.katalon.core.logging.XmlKeywordLogger</class>
  <method>startKeyword</method>
  <thread>1</thread>
  <message>Start action : out.println(var_expected_rc)</message>
  <nestedLevel>1</nestedLevel>
  <property name="startLine">61</property>
  <property name="stepIndex">15</property>
</record>
<record>
  <date>2019-12-17T11:32:58</date>
  <millis>1576557178431</millis>
  <sequence>48</sequence>
  <level>END</level>
  <class>com.kms.katalon.core.logging.XmlKeywordLogger</class>
  <method>endKeyword</method>
  <thread>1</thread>
  <message>End action : out.println(var_expected_rc)</message>
  <nestedLevel>1</nestedLevel>
</record>
<record>
  <date>2019-12-17T11:32:58</date>
  <millis>1576557178432</millis>
  <sequence>49</sequence>
  <level>START</level>
  <class>com.kms.katalon.core.logging.XmlKeywordLogger</class>
  <method>startKeyword</method>
  <thread>1</thread>
  <message>Start action : out.println(rc_ref.getRCName())</message>
  <nestedLevel>1</nestedLevel>
  <property name="startLine">62</property>
  <property name="stepIndex">16</property>
</record>
<record>
  <date>2019-12-17T11:32:58</date>
  <millis>1576557178434</millis>
  <sequence>50</sequence>
  <level>END</level>
  <class>com.kms.katalon.core.logging.XmlKeywordLogger</class>
  <method>endKeyword</method>
  <thread>1</thread>
  <message>End action : out.println(rc_ref.getRCName())</message>
  <nestedLevel>1</nestedLevel>
</record>
<record>
  <date>2019-12-17T11:32:58</date>
  <millis>1576557178434</millis>
  <sequence>51</sequence>
  <level>START</level>
  <class>com.kms.katalon.core.logging.XmlKeywordLogger</class>
  <method>startKeyword</method>
  <thread>1</thread>
  <message>Start action : out.println(rc_ref.getHttpResponse())</message>
  <nestedLevel>1</nestedLevel>
  <property name="startLine">63</property>
  <property name="stepIndex">17</property>
</record>
<record>
  <date>2019-12-17T11:32:58</date>
  <millis>1576557178437</millis>
  <sequence>52</sequence>
  <level>END</level>
  <class>com.kms.katalon.core.logging.XmlKeywordLogger</class>
  <method>endKeyword</method>
  <thread>1</thread>
  <message>End action : out.println(rc_ref.getHttpResponse())</message>
  <nestedLevel>1</nestedLevel>
</record>
<record>
  <date>2019-12-17T11:32:58</date>
  <millis>1576557178437</millis>
  <sequence>53</sequence>
  <level>START</level>
  <class>com.kms.katalon.core.logging.XmlKeywordLogger</class>
  <method>startKeyword</method>
  <thread>1</thread>
  <message>Start action : rcIsTrue = verifyEqual(response_code, rc_ref.getRCName())</message>
  <nestedLevel>1</nestedLevel>
  <property name="startLine">65</property>
  <property name="stepIndex">18</property>
</record>
<record>
  <date>2019-12-17T11:32:58</date>
  <millis>1576557178470</millis>
  <sequence>55</sequence>
  <level>PASSED</level>
  <class>com.kms.katalon.core.logging.XmlKeywordLogger</class>
  <method>logMessage</method>
  <thread>1</thread>
  <message>Actual object &amp;apos;RC00&amp;apos; and expected object &amp;apos;RC00&amp;apos; are equal</message>
  <nestedLevel>1</nestedLevel>
</record>
<record>
  <date>2019-12-17T11:32:58</date>
  <millis>1576557178471</millis>
  <sequence>56</sequence>
  <level>END</level>
  <class>com.kms.katalon.core.logging.XmlKeywordLogger</class>
  <method>endKeyword</method>
  <thread>1</thread>
  <message>End action : rcIsTrue = verifyEqual(response_code, rc_ref.getRCName())</message>
  <nestedLevel>1</nestedLevel>
</record>
<record>
  <date>2019-12-17T11:32:58</date>
  <millis>1576557178472</millis>
  <sequence>57</sequence>
  <level>START</level>
  <class>com.kms.katalon.core.logging.XmlKeywordLogger</class>
  <method>startKeyword</method>
  <thread>1</thread>
  <message>Start action : httpRespIsTrue = verifyEqual(statusCode, rc_ref.getHttpResponse())</message>
  <nestedLevel>1</nestedLevel>
  <property name="startLine">66</property>
  <property name="stepIndex">19</property>
</record>
<record>
  <date>2019-12-17T11:32:58</date>
  <millis>1576557178477</millis>
  <sequence>59</sequence>
  <level>PASSED</level>
  <class>com.kms.katalon.core.logging.XmlKeywordLogger</class>
  <method>logMessage</method>
  <thread>1</thread>
  <message>Actual object &amp;apos;200&amp;apos; and expected object &amp;apos;200&amp;apos; are equal</message>
  <nestedLevel>1</nestedLevel>
</record>
<record>
  <date>2019-12-17T11:32:58</date>
  <millis>1576557178477</millis>
  <sequence>60</sequence>
  <level>END</level>
  <class>com.kms.katalon.core.logging.XmlKeywordLogger</class>
  <method>endKeyword</method>
  <thread>1</thread>
  <message>End action : httpRespIsTrue = verifyEqual(statusCode, rc_ref.getHttpResponse())</message>
  <nestedLevel>1</nestedLevel>
</record>
<record>
  <date>2019-12-17T11:32:58</date>
  <millis>1576557178478</millis>
  <sequence>61</sequence>
  <level>START</level>
  <class>com.kms.katalon.core.logging.XmlKeywordLogger</class>
  <method>startKeyword</method>
  <thread>1</thread>
  <message>Start action : if (rc_ref == RC00)</message>
  <nestedLevel>1</nestedLevel>
  <property name="startLine">68</property>
  <property name="stepIndex">20</property>
</record>
<record>
  <date>2019-12-17T11:32:58</date>
  <millis>1576557178478</millis>
  <sequence>62</sequence>
  <level>START</level>
  <class>com.kms.katalon.core.logging.XmlKeywordLogger</class>
  <method>startKeyword</method>
  <thread>1</thread>
  <message>Start action : decipheredResponseData = SecureUtils.decryptAesEwallet(data, var_aes_key)</message>
  <nestedLevel>2</nestedLevel>
  <property name="startLine">70</property>
  <property name="stepIndex">1</property>
</record>
<record>
  <date>2019-12-17T11:32:58</date>
  <millis>1576557178482</millis>
  <sequence>63</sequence>
  <level>END</level>
  <class>com.kms.katalon.core.logging.XmlKeywordLogger</class>
  <method>endKeyword</method>
  <thread>1</thread>
  <message>End action : decipheredResponseData = SecureUtils.decryptAesEwallet(data, var_aes_key)</message>
  <nestedLevel>2</nestedLevel>
</record>
<record>
  <date>2019-12-17T11:32:58</date>
  <millis>1576557178482</millis>
  <sequence>64</sequence>
  <level>START</level>
  <class>com.kms.katalon.core.logging.XmlKeywordLogger</class>
  <method>startKeyword</method>
  <thread>1</thread>
  <message>Start action : decipheredRespDataMap = JsonSlurper().parseText(decipheredResponseData)</message>
  <nestedLevel>2</nestedLevel>
  <property name="startLine">71</property>
  <property name="stepIndex">2</property>
</record>
<record>
  <date>2019-12-17T11:32:58</date>
  <millis>1576557178483</millis>
  <sequence>65</sequence>
  <level>END</level>
  <class>com.kms.katalon.core.logging.XmlKeywordLogger</class>
  <method>endKeyword</method>
  <thread>1</thread>
  <message>End action : decipheredRespDataMap = JsonSlurper().parseText(decipheredResponseData)</message>
  <nestedLevel>2</nestedLevel>
</record>
<record>
  <date>2019-12-17T11:32:58</date>
  <millis>1576557178483</millis>
  <sequence>66</sequence>
  <level>START</level>
  <class>com.kms.katalon.core.logging.XmlKeywordLogger</class>
  <method>startKeyword</method>
  <thread>1</thread>
  <message>Start action : out.println(decipheredRespDataMap)</message>
  <nestedLevel>2</nestedLevel>
  <property name="startLine">73</property>
  <property name="stepIndex">3</property>
</record>
<record>
  <date>2019-12-17T11:32:58</date>
  <millis>1576557178484</millis>
  <sequence>67</sequence>
  <level>END</level>
  <class>com.kms.katalon.core.logging.XmlKeywordLogger</class>
  <method>endKeyword</method>
  <thread>1</thread>
  <message>End action : out.println(decipheredRespDataMap)</message>
  <nestedLevel>2</nestedLevel>
</record>
<record>
  <date>2019-12-17T11:32:58</date>
  <millis>1576557178484</millis>
  <sequence>68</sequence>
  <level>START</level>
  <class>com.kms.katalon.core.logging.XmlKeywordLogger</class>
  <method>startKeyword</method>
  <thread>1</thread>
  <message>Start action : access_token_customer = access_token</message>
  <nestedLevel>2</nestedLevel>
  <property name="startLine">76</property>
  <property name="stepIndex">4</property>
</record>
<record>
  <date>2019-12-17T11:32:58</date>
  <millis>1576557178485</millis>
  <sequence>69</sequence>
  <level>END</level>
  <class>com.kms.katalon.core.logging.XmlKeywordLogger</class>
  <method>endKeyword</method>
  <thread>1</thread>
  <message>End action : access_token_customer = access_token</message>
  <nestedLevel>2</nestedLevel>
</record>
<record>
  <date>2019-12-17T11:32:58</date>
  <millis>1576557178485</millis>
  <sequence>70</sequence>
  <level>END</level>
  <class>com.kms.katalon.core.logging.XmlKeywordLogger</class>
  <method>endKeyword</method>
  <thread>1</thread>
  <message>End action : if (rc_ref == RC00)</message>
  <nestedLevel>1</nestedLevel>
</record>
<record>
  <date>2019-12-17T11:32:58</date>
  <millis>1576557178486</millis>
  <sequence>71</sequence>
  <level>PASSED</level>
  <class>com.kms.katalon.core.logging.XmlKeywordLogger</class>
  <method>logMessage</method>
  <thread>1</thread>
  <message>Test Cases/Account/TC_loginCustomer/Login_Customer_Rian</message>
  <nestedLevel>1</nestedLevel>
</record>
<record>
  <date>2019-12-17T11:32:58</date>
  <millis>1576557178486</millis>
  <sequence>72</sequence>
  <level>END</level>
  <class>com.kms.katalon.core.logging.XmlKeywordLogger</class>
  <method>endTest</method>
  <thread>1</thread>
  <message>End Test Case : Test Cases/Account/TC_loginCustomer/Login_Customer_Rian</message>
  <nestedLevel>0</nestedLevel>
</record>
<record>
  <date>2019-12-17T11:32:58</date>
  <millis>1576557178493</millis>
  <sequence>73</sequence>
  <level>START</level>
  <class>com.kms.katalon.core.logging.XmlKeywordLogger</class>
  <method>startTest</method>
  <thread>1</thread>
  <message>Start Test Case : Test Cases/E_Wallet/TC_promoAddSofEdc/TC_promoAddSofEdc</message>
  <nestedLevel>1</nestedLevel>
  <property name="name">Test Cases/E_Wallet/TC_promoAddSofEdc/TC_promoAddSofEdc</property>
  <property name="description"></property>
  <property name="id">Test Cases/E_Wallet/TC_promoAddSofEdc/TC_promoAddSofEdc</property>
  <property name="source">D:\\katalon-ewallet\\Test Cases\\E_Wallet\\TC_promoAddSofEdc\\TC_promoAddSofEdc.tc</property>
  <property name="tag"></property>
  <property name="isOptional">false</property>
</record>
<record>
  <date>2019-12-17T11:32:58</date>
  <millis>1576557178506</millis>
  <sequence>75</sequence>
  <level>INFO</level>
  <class>com.kms.katalon.core.logging.XmlKeywordLogger</class>
  <method>logMessage</method>
  <thread>1</thread>
  <message>var_user_agent = 1</message>
  <nestedLevel>1</nestedLevel>
</record>
<record>
  <date>2019-12-17T11:32:58</date>
  <millis>1576557178507</millis>
  <sequence>76</sequence>
  <level>INFO</level>
  <class>com.kms.katalon.core.logging.XmlKeywordLogger</class>
  <method>logMessage</method>
  <thread>1</thread>
  <message>var_organisation_id = 1</message>
  <nestedLevel>1</nestedLevel>
</record>
<record>
  <date>2019-12-17T11:32:58</date>
  <millis>1576557178507</millis>
  <sequence>77</sequence>
  <level>INFO</level>
  <class>com.kms.katalon.core.logging.XmlKeywordLogger</class>
  <method>logMessage</method>
  <thread>1</thread>
  <message>var_lang = id</message>
  <nestedLevel>1</nestedLevel>
</record>
<record>
  <date>2019-12-17T11:32:58</date>
  <millis>1576557178507</millis>
  <sequence>78</sequence>
  <level>INFO</level>
  <class>com.kms.katalon.core.logging.XmlKeywordLogger</class>
  <method>logMessage</method>
  <thread>1</thread>
  <message>var_expected_rc = RC00</message>
  <nestedLevel>1</nestedLevel>
</record>
<record>
  <date>2019-12-17T11:32:58</date>
  <millis>1576557178518</millis>
  <sequence>79</sequence>
  <level>INFO</level>
  <class>com.kms.katalon.core.logging.XmlKeywordLogger</class>
  <method>logMessage</method>
  <thread>1</thread>
  <message>(Default) var_customer_token = 2WDnwOZWO5jgal4ghhoEXOpcbpMGwR2Z1RHu2BALAwIguFmKeRytPzj0uC6a</message>
  <nestedLevel>1</nestedLevel>
</record>
<record>
  <date>2019-12-17T11:32:58</date>
  <millis>1576557178528</millis>
  <sequence>80</sequence>
  <level>INFO</level>
  <class>com.kms.katalon.core.logging.XmlKeywordLogger</class>
  <method>logMessage</method>
  <thread>1</thread>
  <message>(Default) var_aes_key = this_key_have_to_equal_32_bytes!</message>
  <nestedLevel>1</nestedLevel>
</record>
<record>
  <date>2019-12-17T11:32:58</date>
  <millis>1576557178529</millis>
  <sequence>81</sequence>
  <level>INFO</level>
  <class>com.kms.katalon.core.logging.XmlKeywordLogger</class>
  <method>logMessage</method>
  <thread>1</thread>
  <message>var_issuer_code = KASPRO</message>
  <nestedLevel>1</nestedLevel>
</record>
<record>
  <date>2019-12-17T11:32:58</date>
  <millis>1576557178529</millis>
  <sequence>82</sequence>
  <level>INFO</level>
  <class>com.kms.katalon.core.logging.XmlKeywordLogger</class>
  <method>logMessage</method>
  <thread>1</thread>
  <message>var_account_no_cid = 081234567892</message>
  <nestedLevel>1</nestedLevel>
</record>
<record>
  <date>2019-12-17T11:32:58</date>
  <millis>1576557178530</millis>
  <sequence>83</sequence>
  <level>INFO</level>
  <class>com.kms.katalon.core.logging.XmlKeywordLogger</class>
  <method>logMessage</method>
  <thread>1</thread>
  <message>var_customer_email = rian12@texo.id</message>
  <nestedLevel>1</nestedLevel>
</record>
<record>
  <date>2019-12-17T11:32:58</date>
  <millis>1576557178530</millis>
  <sequence>84</sequence>
  <level>INFO</level>
  <class>com.kms.katalon.core.logging.XmlKeywordLogger</class>
  <method>logMessage</method>
  <thread>1</thread>
  <message>var_wallet_ref1 = </message>
  <nestedLevel>1</nestedLevel>
</record>
<record>
  <date>2019-12-17T11:32:58</date>
  <millis>1576557178531</millis>
  <sequence>85</sequence>
  <level>INFO</level>
  <class>com.kms.katalon.core.logging.XmlKeywordLogger</class>
  <method>logMessage</method>
  <thread>1</thread>
  <message>var_wallet_ref2 = </message>
  <nestedLevel>1</nestedLevel>
</record>
<record>
  <date>2019-12-17T11:32:58</date>
  <millis>1576557178531</millis>
  <sequence>86</sequence>
  <level>INFO</level>
  <class>com.kms.katalon.core.logging.XmlKeywordLogger</class>
  <method>logMessage</method>
  <thread>1</thread>
  <message>var_wallet_ref3 = </message>
  <nestedLevel>1</nestedLevel>
</record>
<record>
  <date>2019-12-17T11:32:58</date>
  <millis>1576557178531</millis>
  <sequence>87</sequence>
  <level>INFO</level>
  <class>com.kms.katalon.core.logging.XmlKeywordLogger</class>
  <method>logMessage</method>
  <thread>1</thread>
  <message>var_first_name = siam</message>
  <nestedLevel>1</nestedLevel>
</record>
<record>
  <date>2019-12-17T11:32:58</date>
  <millis>1576557178532</millis>
  <sequence>88</sequence>
  <level>INFO</level>
  <class>com.kms.katalon.core.logging.XmlKeywordLogger</class>
  <method>logMessage</method>
  <thread>1</thread>
  <message>var_last_name = fin</message>
  <nestedLevel>1</nestedLevel>
</record>
<record>
  <date>2019-12-17T11:32:58</date>
  <millis>1576557178532</millis>
  <sequence>89</sequence>
  <level>INFO</level>
  <class>com.kms.katalon.core.logging.XmlKeywordLogger</class>
  <method>logMessage</method>
  <thread>1</thread>
  <message>var_user_pin = 121212</message>
  <nestedLevel>1</nestedLevel>
</record>
<record>
  <date>2019-12-17T11:32:58</date>
  <millis>1576557178544</millis>
  <sequence>90</sequence>
  <level>INFO</level>
  <class>com.kms.katalon.core.logging.XmlKeywordLogger</class>
  <method>logMessage</method>
  <thread>1</thread>
  <message>(Default) var_partner_token = ABCDEF0123456789</message>
  <nestedLevel>1</nestedLevel>
</record>
<record>
  <date>2019-12-17T11:32:58</date>
  <millis>1576557178841</millis>
  <sequence>91</sequence>
  <level>START</level>
  <class>com.kms.katalon.core.logging.XmlKeywordLogger</class>
  <method>startKeyword</method>
  <thread>1</thread>
  <message>Start action : var_enciphered_pin = SecureUtils.doEncryptPinRsaEwallet(dev_public_pem_file, var_user_pin)</message>
  <nestedLevel>1</nestedLevel>
  <property name="startLine">19</property>
  <property name="stepIndex">1</property>
</record>
<record>
  <date>2019-12-17T11:32:58</date>
  <millis>1576557178843</millis>
  <sequence>92</sequence>
  <level>END</level>
  <class>com.kms.katalon.core.logging.XmlKeywordLogger</class>
  <method>endKeyword</method>
  <thread>1</thread>
  <message>End action : var_enciphered_pin = SecureUtils.doEncryptPinRsaEwallet(dev_public_pem_file, var_user_pin)</message>
  <nestedLevel>1</nestedLevel>
</record>
<record>
  <date>2019-12-17T11:32:58</date>
  <millis>1576557178843</millis>
  <sequence>93</sequence>
  <level>START</level>
  <class>com.kms.katalon.core.logging.XmlKeywordLogger</class>
  <method>startKeyword</method>
  <thread>1</thread>
  <message>Start action : plain = \&amp;quot;{\&amp;quot; + \&amp;quot;\&amp;quot;user_agent\&amp;quot;:\&amp;quot;\&amp;quot; + var_user_agent + \&amp;quot;\&amp;quot;,\&amp;quot; + \&amp;quot;\&amp;quot;issuer_code\&amp;quot;:\&amp;quot;\&amp;quot; + var_issuer_code + \&amp;quot;\&amp;quot;,\&amp;quot; + \&amp;quot;\&amp;quot;account_no_cid\&amp;quot;:\&amp;quot;\&amp;quot; + var_account_no_cid + \&amp;quot;\&amp;quot;,\&amp;quot; + \&amp;quot;\&amp;quot;authentication\&amp;quot;:\&amp;quot;\&amp;quot; + var_enciphered_pin + \&amp;quot;\&amp;quot;,\&amp;quot; + \&amp;quot;\&amp;quot;customer_email\&amp;quot;:\&amp;quot;\&amp;quot; + var_customer_email + \&amp;quot;\&amp;quot;,\&amp;quot; + \&amp;quot;\&amp;quot;wallet_ref1\&amp;quot;:\&amp;quot;\&amp;quot; + var_wallet_ref1 + \&amp;quot;\&amp;quot;,\&amp;quot; + \&amp;quot;\&amp;quot;wallet_ref2\&amp;quot;:\&amp;quot;\&amp;quot; + var_wallet_ref2 + \&amp;quot;\&amp;quot;,\&amp;quot; + \&amp;quot;\&amp;quot;wallet_ref3\&amp;quot;:\&amp;quot;\&amp;quot; + var_wallet_ref3 + \&amp;quot;\&amp;quot;,\&amp;quot; + \&amp;quot;\&amp;quot;first_name\&amp;quot;:\&amp;quot;\&amp;quot; + var_first_name + \&amp;quot;\&amp;quot;,\&amp;quot; + \&amp;quot;\&amp;quot;last_name\&amp;quot;:\&amp;quot;\&amp;quot; + var_last_name + \&amp;quot;\&amp;quot;\&amp;quot; + \&amp;quot;}\&amp;quot;</message>
  <nestedLevel>1</nestedLevel>
  <property name="startLine">21</property>
  <property name="stepIndex">2</property>
</record>
<record>
  <date>2019-12-17T11:32:58</date>
  <millis>1576557178845</millis>
  <sequence>94</sequence>
  <level>END</level>
  <class>com.kms.katalon.core.logging.XmlKeywordLogger</class>
  <method>endKeyword</method>
  <thread>1</thread>
  <message>End action : plain = \&amp;quot;{\&amp;quot; + \&amp;quot;\&amp;quot;user_agent\&amp;quot;:\&amp;quot;\&amp;quot; + var_user_agent + \&amp;quot;\&amp;quot;,\&amp;quot; + \&amp;quot;\&amp;quot;issuer_code\&amp;quot;:\&amp;quot;\&amp;quot; + var_issuer_code + \&amp;quot;\&amp;quot;,\&amp;quot; + \&amp;quot;\&amp;quot;account_no_cid\&amp;quot;:\&amp;quot;\&amp;quot; + var_account_no_cid + \&amp;quot;\&amp;quot;,\&amp;quot; + \&amp;quot;\&amp;quot;authentication\&amp;quot;:\&amp;quot;\&amp;quot; + var_enciphered_pin + \&amp;quot;\&amp;quot;,\&amp;quot; + \&amp;quot;\&amp;quot;customer_email\&amp;quot;:\&amp;quot;\&amp;quot; + var_customer_email + \&amp;quot;\&amp;quot;,\&amp;quot; + \&amp;quot;\&amp;quot;wallet_ref1\&amp;quot;:\&amp;quot;\&amp;quot; + var_wallet_ref1 + \&amp;quot;\&amp;quot;,\&amp;quot; + \&amp;quot;\&amp;quot;wallet_ref2\&amp;quot;:\&amp;quot;\&amp;quot; + var_wallet_ref2 + \&amp;quot;\&amp;quot;,\&amp;quot; + \&amp;quot;\&amp;quot;wallet_ref3\&amp;quot;:\&amp;quot;\&amp;quot; + var_wallet_ref3 + \&amp;quot;\&amp;quot;,\&amp;quot; + \&amp;quot;\&amp;quot;first_name\&amp;quot;:\&amp;quot;\&amp;quot; + var_first_name + \&amp;quot;\&amp;quot;,\&amp;quot; + \&amp;quot;\&amp;quot;last_name\&amp;quot;:\&amp;quot;\&amp;quot; + var_last_name + \&amp;quot;\&amp;quot;\&amp;quot; + \&amp;quot;}\&amp;quot;</message>
  <nestedLevel>1</nestedLevel>
</record>
<record>
  <date>2019-12-17T11:32:58</date>
  <millis>1576557178845</millis>
  <sequence>95</sequence>
  <level>START</level>
  <class>com.kms.katalon.core.logging.XmlKeywordLogger</class>
  <method>startKeyword</method>
  <thread>1</thread>
  <message>Start action : out.println(plain)</message>
  <nestedLevel>1</nestedLevel>
  <property name="startLine">35</property>
  <property name="stepIndex">3</property>
</record>
<record>
  <date>2019-12-17T11:32:58</date>
  <millis>1576557178847</millis>
  <sequence>96</sequence>
  <level>END</level>
  <class>com.kms.katalon.core.logging.XmlKeywordLogger</class>
  <method>endKeyword</method>
  <thread>1</thread>
  <message>End action : out.println(plain)</message>
  <nestedLevel>1</nestedLevel>
</record>
<record>
  <date>2019-12-17T11:32:58</date>
  <millis>1576557178847</millis>
  <sequence>97</sequence>
  <level>START</level>
  <class>com.kms.katalon.core.logging.XmlKeywordLogger</class>
  <method>startKeyword</method>
  <thread>1</thread>
  <message>Start action : out.println(\&amp;quot;var_customer_token\&amp;quot; + var_customer_token)</message>
  <nestedLevel>1</nestedLevel>
  <property name="startLine">36</property>
  <property name="stepIndex">4</property>
</record>
<record>
  <date>2019-12-17T11:32:58</date>
  <millis>1576557178848</millis>
  <sequence>98</sequence>
  <level>END</level>
  <class>com.kms.katalon.core.logging.XmlKeywordLogger</class>
  <method>endKeyword</method>
  <thread>1</thread>
  <message>End action : out.println(\&amp;quot;var_customer_token\&amp;quot; + var_customer_token)</message>
  <nestedLevel>1</nestedLevel>
</record>
<record>
  <date>2019-12-17T11:32:58</date>
  <millis>1576557178848</millis>
  <sequence>99</sequence>
  <level>START</level>
  <class>com.kms.katalon.core.logging.XmlKeywordLogger</class>
  <method>startKeyword</method>
  <thread>1</thread>
  <message>Start action : out.println(\&amp;quot;var_partner_token\&amp;quot; + var_partner_token)</message>
  <nestedLevel>1</nestedLevel>
  <property name="startLine">37</property>
  <property name="stepIndex">5</property>
</record>
<record>
  <date>2019-12-17T11:32:58</date>
  <millis>1576557178849</millis>
  <sequence>100</sequence>
  <level>END</level>
  <class>com.kms.katalon.core.logging.XmlKeywordLogger</class>
  <method>endKeyword</method>
  <thread>1</thread>
  <message>End action : out.println(\&amp;quot;var_partner_token\&amp;quot; + var_partner_token)</message>
  <nestedLevel>1</nestedLevel>
</record>
<record>
  <date>2019-12-17T11:32:58</date>
  <millis>1576557178849</millis>
  <sequence>101</sequence>
  <level>START</level>
  <class>com.kms.katalon.core.logging.XmlKeywordLogger</class>
  <method>startKeyword</method>
  <thread>1</thread>
  <message>Start action : encipheredData = SecureUtils.encryptAesEwallet(plain, var_aes_key)</message>
  <nestedLevel>1</nestedLevel>
  <property name="startLine">40</property>
  <property name="stepIndex">6</property>
</record>
<record>
  <date>2019-12-17T11:32:58</date>
  <millis>1576557178851</millis>
  <sequence>102</sequence>
  <level>END</level>
  <class>com.kms.katalon.core.logging.XmlKeywordLogger</class>
  <method>endKeyword</method>
  <thread>1</thread>
  <message>End action : encipheredData = SecureUtils.encryptAesEwallet(plain, var_aes_key)</message>
  <nestedLevel>1</nestedLevel>
</record>
<record>
  <date>2019-12-17T11:32:58</date>
  <millis>1576557178851</millis>
  <sequence>103</sequence>
  <level>START</level>
  <class>com.kms.katalon.core.logging.XmlKeywordLogger</class>
  <method>startKeyword</method>
  <thread>1</thread>
  <message>Start action : body = \&amp;quot;{\&amp;quot;organisation_id\&amp;quot;:\&amp;quot;\&amp;quot; + var_organisation_id + \&amp;quot;\&amp;quot;,\&amp;quot;data\&amp;quot;:\&amp;quot;\&amp;quot; + encipheredData + \&amp;quot;\&amp;quot;,\&amp;quot;lang\&amp;quot;:\&amp;quot;id\&amp;quot;}\&amp;quot;</message>
  <nestedLevel>1</nestedLevel>
  <property name="startLine">43</property>
  <property name="stepIndex">7</property>
</record>
<record>
  <date>2019-12-17T11:32:58</date>
  <millis>1576557178852</millis>
  <sequence>104</sequence>
  <level>END</level>
  <class>com.kms.katalon.core.logging.XmlKeywordLogger</class>
  <method>endKeyword</method>
  <thread>1</thread>
  <message>End action : body = \&amp;quot;{\&amp;quot;organisation_id\&amp;quot;:\&amp;quot;\&amp;quot; + var_organisation_id + \&amp;quot;\&amp;quot;,\&amp;quot;data\&amp;quot;:\&amp;quot;\&amp;quot; + encipheredData + \&amp;quot;\&amp;quot;,\&amp;quot;lang\&amp;quot;:\&amp;quot;id\&amp;quot;}\&amp;quot;</message>
  <nestedLevel>1</nestedLevel>
</record>
<record>
  <date>2019-12-17T11:32:58</date>
  <millis>1576557178852</millis>
  <sequence>105</sequence>
  <level>START</level>
  <class>com.kms.katalon.core.logging.XmlKeywordLogger</class>
  <method>startKeyword</method>
  <thread>1</thread>
  <message>Start action : out.println(body)</message>
  <nestedLevel>1</nestedLevel>
  <property name="startLine">45</property>
  <property name="stepIndex">8</property>
</record>
<record>
  <date>2019-12-17T11:32:58</date>
  <millis>1576557178853</millis>
  <sequence>106</sequence>
  <level>END</level>
  <class>com.kms.katalon.core.logging.XmlKeywordLogger</class>
  <method>endKeyword</method>
  <thread>1</thread>
  <message>End action : out.println(body)</message>
  <nestedLevel>1</nestedLevel>
</record>
<record>
  <date>2019-12-17T11:32:58</date>
  <millis>1576557178853</millis>
  <sequence>107</sequence>
  <level>START</level>
  <class>com.kms.katalon.core.logging.XmlKeywordLogger</class>
  <method>startKeyword</method>
  <thread>1</thread>
  <message>Start action : request = findTestObject(\&amp;quot;E_wallet/obj_addSofEdc\&amp;quot;)</message>
  <nestedLevel>1</nestedLevel>
  <property name="startLine">49</property>
  <property name="stepIndex">9</property>
</record>
<record>
  <date>2019-12-17T11:32:58</date>
  <millis>1576557178909</millis>
  <sequence>109</sequence>
  <level>END</level>
  <class>com.kms.katalon.core.logging.XmlKeywordLogger</class>
  <method>endKeyword</method>
  <thread>1</thread>
  <message>End action : request = findTestObject(\&amp;quot;E_wallet/obj_addSofEdc\&amp;quot;)</message>
  <nestedLevel>1</nestedLevel>
</record>
<record>
  <date>2019-12-17T11:32:58</date>
  <millis>1576557178910</millis>
  <sequence>110</sequence>
  <level>START</level>
  <class>com.kms.katalon.core.logging.XmlKeywordLogger</class>
  <method>startKeyword</method>
  <thread>1</thread>
  <message>Start action : request.setBodyContent(new com.kms.katalon.core.testobject.impl.HttpTextBodyContent(body, UTF-8, application/json))</message>
  <nestedLevel>1</nestedLevel>
  <property name="startLine">50</property>
  <property name="stepIndex">10</property>
</record>
<record>
  <date>2019-12-17T11:32:58</date>
  <millis>1576557178911</millis>
  <sequence>111</sequence>
  <level>END</level>
  <class>com.kms.katalon.core.logging.XmlKeywordLogger</class>
  <method>endKeyword</method>
  <thread>1</thread>
  <message>End action : request.setBodyContent(new com.kms.katalon.core.testobject.impl.HttpTextBodyContent(body, UTF-8, application/json))</message>
  <nestedLevel>1</nestedLevel>
</record>
<record>
  <date>2019-12-17T11:32:58</date>
  <millis>1576557178911</millis>
  <sequence>112</sequence>
  <level>START</level>
  <class>com.kms.katalon.core.logging.XmlKeywordLogger</class>
  <method>startKeyword</method>
  <thread>1</thread>
  <message>Start action : out.println(\&amp;quot;partner-token = \&amp;quot; + var_partner_token)</message>
  <nestedLevel>1</nestedLevel>
  <property name="startLine">52</property>
  <property name="stepIndex">11</property>
</record>
<record>
  <date>2019-12-17T11:32:58</date>
  <millis>1576557178913</millis>
  <sequence>113</sequence>
  <level>END</level>
  <class>com.kms.katalon.core.logging.XmlKeywordLogger</class>
  <method>endKeyword</method>
  <thread>1</thread>
  <message>End action : out.println(\&amp;quot;partner-token = \&amp;quot; + var_partner_token)</message>
  <nestedLevel>1</nestedLevel>
</record>
<record>
  <date>2019-12-17T11:32:58</date>
  <millis>1576557178914</millis>
  <sequence>114</sequence>
  <level>START</level>
  <class>com.kms.katalon.core.logging.XmlKeywordLogger</class>
  <method>startKeyword</method>
  <thread>1</thread>
  <message>Start action : listHeader = new java.util.ArrayList()</message>
  <nestedLevel>1</nestedLevel>
  <property name="startLine">53</property>
  <property name="stepIndex">12</property>
</record>
<record>
  <date>2019-12-17T11:32:58</date>
  <millis>1576557178915</millis>
  <sequence>115</sequence>
  <level>END</level>
  <class>com.kms.katalon.core.logging.XmlKeywordLogger</class>
  <method>endKeyword</method>
  <thread>1</thread>
  <message>End action : listHeader = new java.util.ArrayList()</message>
  <nestedLevel>1</nestedLevel>
</record>
<record>
  <date>2019-12-17T11:32:58</date>
  <millis>1576557178916</millis>
  <sequence>116</sequence>
  <level>START</level>
  <class>com.kms.katalon.core.logging.XmlKeywordLogger</class>
  <method>startKeyword</method>
  <thread>1</thread>
  <message>Start action : listHeader.add(new com.kms.katalon.core.testobject.TestObjectProperty(partner-token, com.kms.katalon.core.testobject.ConditionType.EQUALS, var_partner_token))</message>
  <nestedLevel>1</nestedLevel>
  <property name="startLine">54</property>
  <property name="stepIndex">13</property>
</record>
<record>
  <date>2019-12-17T11:32:58</date>
  <millis>1576557178923</millis>
  <sequence>117</sequence>
  <level>END</level>
  <class>com.kms.katalon.core.logging.XmlKeywordLogger</class>
  <method>endKeyword</method>
  <thread>1</thread>
  <message>End action : listHeader.add(new com.kms.katalon.core.testobject.TestObjectProperty(partner-token, com.kms.katalon.core.testobject.ConditionType.EQUALS, var_partner_token))</message>
  <nestedLevel>1</nestedLevel>
</record>
<record>
  <date>2019-12-17T11:32:58</date>
  <millis>1576557178924</millis>
  <sequence>118</sequence>
  <level>START</level>
  <class>com.kms.katalon.core.logging.XmlKeywordLogger</class>
  <method>startKeyword</method>
  <thread>1</thread>
  <message>Start action : request.setHttpHeaderProperties(listHeader)</message>
  <nestedLevel>1</nestedLevel>
  <property name="startLine">55</property>
  <property name="stepIndex">14</property>
</record>
<record>
  <date>2019-12-17T11:32:58</date>
  <millis>1576557178926</millis>
  <sequence>119</sequence>
  <level>END</level>
  <class>com.kms.katalon.core.logging.XmlKeywordLogger</class>
  <method>endKeyword</method>
  <thread>1</thread>
  <message>End action : request.setHttpHeaderProperties(listHeader)</message>
  <nestedLevel>1</nestedLevel>
</record>
<record>
  <date>2019-12-17T11:32:58</date>
  <millis>1576557178926</millis>
  <sequence>120</sequence>
  <level>START</level>
  <class>com.kms.katalon.core.logging.XmlKeywordLogger</class>
  <method>startKeyword</method>
  <thread>1</thread>
  <message>Start action : out.println(\&amp;quot;using access_token = \&amp;quot; + access_token_customer)</message>
  <nestedLevel>1</nestedLevel>
  <property name="startLine">57</property>
  <property name="stepIndex">15</property>
</record>
<record>
  <date>2019-12-17T11:32:58</date>
  <millis>1576557178927</millis>
  <sequence>121</sequence>
  <level>END</level>
  <class>com.kms.katalon.core.logging.XmlKeywordLogger</class>
  <method>endKeyword</method>
  <thread>1</thread>
  <message>End action : out.println(\&amp;quot;using access_token = \&amp;quot; + access_token_customer)</message>
  <nestedLevel>1</nestedLevel>
</record>
<record>
  <date>2019-12-17T11:32:58</date>
  <millis>1576557178927</millis>
  <sequence>122</sequence>
  <level>START</level>
  <class>com.kms.katalon.core.logging.XmlKeywordLogger</class>
  <method>startKeyword</method>
  <thread>1</thread>
  <message>Start action : response = sendRequest(request)</message>
  <nestedLevel>1</nestedLevel>
  <property name="startLine">58</property>
  <property name="stepIndex">16</property>
</record>
<record>
  <date>2019-12-17T11:32:59</date>
  <millis>1576557179029</millis>
  <sequence>124</sequence>
  <level>INFO</level>
  <class>com.kms.katalon.core.logging.XmlKeywordLogger</class>
  <method>logMessage</method>
  <thread>1</thread>
  <message>HAR: D:\\katalon-ewallet\\Reports\\E_Wallet\\TS_promoAddSofEdc\\TS_promoAddSofEdc\\20191217_113253\\requests\\main\\1.har</message>
  <nestedLevel>1</nestedLevel>
  <property name="harId">8c3a4a1c-a1de-4830-8021-d4756ecc9434</property>
</record>
<record>
  <date>2019-12-17T11:32:59</date>
  <millis>1576557179044</millis>
  <sequence>125</sequence>
  <level>PASSED</level>
  <class>com.kms.katalon.core.logging.XmlKeywordLogger</class>
  <method>logMessage</method>
  <thread>1</thread>
  <message>Send request successfully</message>
  <nestedLevel>1</nestedLevel>
</record>
<record>
  <date>2019-12-17T11:32:59</date>
  <millis>1576557179045</millis>
  <sequence>126</sequence>
  <level>END</level>
  <class>com.kms.katalon.core.logging.XmlKeywordLogger</class>
  <method>endKeyword</method>
  <thread>1</thread>
  <message>End action : response = sendRequest(request)</message>
  <nestedLevel>1</nestedLevel>
</record>
<record>
  <date>2019-12-17T11:32:59</date>
  <millis>1576557179046</millis>
  <sequence>127</sequence>
  <level>START</level>
  <class>com.kms.katalon.core.logging.XmlKeywordLogger</class>
  <method>startKeyword</method>
  <thread>1</thread>
  <message>Start action : body_content = responseBodyContent</message>
  <nestedLevel>1</nestedLevel>
  <property name="startLine">61</property>
  <property name="stepIndex">17</property>
</record>
<record>
  <date>2019-12-17T11:32:59</date>
  <millis>1576557179047</millis>
  <sequence>128</sequence>
  <level>END</level>
  <class>com.kms.katalon.core.logging.XmlKeywordLogger</class>
  <method>endKeyword</method>
  <thread>1</thread>
  <message>End action : body_content = responseBodyContent</message>
  <nestedLevel>1</nestedLevel>
</record>
<record>
  <date>2019-12-17T11:32:59</date>
  <millis>1576557179047</millis>
  <sequence>129</sequence>
  <level>START</level>
  <class>com.kms.katalon.core.logging.XmlKeywordLogger</class>
  <method>startKeyword</method>
  <thread>1</thread>
  <message>Start action : status_code = statusCode</message>
  <nestedLevel>1</nestedLevel>
  <property name="startLine">62</property>
  <property name="stepIndex">18</property>
</record>
<record>
  <date>2019-12-17T11:32:59</date>
  <millis>1576557179048</millis>
  <sequence>130</sequence>
  <level>END</level>
  <class>com.kms.katalon.core.logging.XmlKeywordLogger</class>
  <method>endKeyword</method>
  <thread>1</thread>
  <message>End action : status_code = statusCode</message>
  <nestedLevel>1</nestedLevel>
</record>
<record>
  <date>2019-12-17T11:32:59</date>
  <millis>1576557179048</millis>
  <sequence>131</sequence>
  <level>START</level>
  <class>com.kms.katalon.core.logging.XmlKeywordLogger</class>
  <method>startKeyword</method>
  <thread>1</thread>
  <message>Start action : println(body_content)</message>
  <nestedLevel>1</nestedLevel>
  <property name="startLine">64</property>
  <property name="stepIndex">19</property>
</record>
<record>
  <date>2019-12-17T11:32:59</date>
  <millis>1576557179052</millis>
  <sequence>132</sequence>
  <level>END</level>
  <class>com.kms.katalon.core.logging.XmlKeywordLogger</class>
  <method>endKeyword</method>
  <thread>1</thread>
  <message>End action : println(body_content)</message>
  <nestedLevel>1</nestedLevel>
</record>
<record>
  <date>2019-12-17T11:32:59</date>
  <millis>1576557179052</millis>
  <sequence>133</sequence>
  <level>START</level>
  <class>com.kms.katalon.core.logging.XmlKeywordLogger</class>
  <method>startKeyword</method>
  <thread>1</thread>
  <message>Start action : respDataMap = JsonSlurper().parseText(body_content)</message>
  <nestedLevel>1</nestedLevel>
  <property name="startLine">66</property>
  <property name="stepIndex">20</property>
</record>
<record>
  <date>2019-12-17T11:32:59</date>
  <millis>1576557179053</millis>
  <sequence>134</sequence>
  <level>END</level>
  <class>com.kms.katalon.core.logging.XmlKeywordLogger</class>
  <method>endKeyword</method>
  <thread>1</thread>
  <message>End action : respDataMap = JsonSlurper().parseText(body_content)</message>
  <nestedLevel>1</nestedLevel>
</record>
<record>
  <date>2019-12-17T11:32:59</date>
  <millis>1576557179054</millis>
  <sequence>135</sequence>
  <level>START</level>
  <class>com.kms.katalon.core.logging.XmlKeywordLogger</class>
  <method>startKeyword</method>
  <thread>1</thread>
  <message>Start action : out.println(respDataMap)</message>
  <nestedLevel>1</nestedLevel>
  <property name="startLine">68</property>
  <property name="stepIndex">21</property>
</record>
<record>
  <date>2019-12-17T11:32:59</date>
  <millis>1576557179056</millis>
  <sequence>136</sequence>
  <level>END</level>
  <class>com.kms.katalon.core.logging.XmlKeywordLogger</class>
  <method>endKeyword</method>
  <thread>1</thread>
  <message>End action : out.println(respDataMap)</message>
  <nestedLevel>1</nestedLevel>
</record>
<record>
  <date>2019-12-17T11:32:59</date>
  <millis>1576557179056</millis>
  <sequence>137</sequence>
  <level>START</level>
  <class>com.kms.katalon.core.logging.XmlKeywordLogger</class>
  <method>startKeyword</method>
  <thread>1</thread>
  <message>Start action : rc_ref = ReturnCodeWrapper(var_expected_rc).getEnumRC()</message>
  <nestedLevel>1</nestedLevel>
  <property name="startLine">70</property>
  <property name="stepIndex">22</property>
</record>
<record>
  <date>2019-12-17T11:32:59</date>
  <millis>1576557179057</millis>
  <sequence>138</sequence>
  <level>END</level>
  <class>com.kms.katalon.core.logging.XmlKeywordLogger</class>
  <method>endKeyword</method>
  <thread>1</thread>
  <message>End action : rc_ref = ReturnCodeWrapper(var_expected_rc).getEnumRC()</message>
  <nestedLevel>1</nestedLevel>
</record>
<record>
  <date>2019-12-17T11:32:59</date>
  <millis>1576557179057</millis>
  <sequence>139</sequence>
  <level>START</level>
  <class>com.kms.katalon.core.logging.XmlKeywordLogger</class>
  <method>startKeyword</method>
  <thread>1</thread>
  <message>Start action : out.println(var_expected_rc)</message>
  <nestedLevel>1</nestedLevel>
  <property name="startLine">72</property>
  <property name="stepIndex">23</property>
</record>
<record>
  <date>2019-12-17T11:32:59</date>
  <millis>1576557179059</millis>
  <sequence>140</sequence>
  <level>END</level>
  <class>com.kms.katalon.core.logging.XmlKeywordLogger</class>
  <method>endKeyword</method>
  <thread>1</thread>
  <message>End action : out.println(var_expected_rc)</message>
  <nestedLevel>1</nestedLevel>
</record>
<record>
  <date>2019-12-17T11:32:59</date>
  <millis>1576557179059</millis>
  <sequence>141</sequence>
  <level>START</level>
  <class>com.kms.katalon.core.logging.XmlKeywordLogger</class>
  <method>startKeyword</method>
  <thread>1</thread>
  <message>Start action : out.println(rc_ref.getRCName())</message>
  <nestedLevel>1</nestedLevel>
  <property name="startLine">73</property>
  <property name="stepIndex">24</property>
</record>
<record>
  <date>2019-12-17T11:32:59</date>
  <millis>1576557179060</millis>
  <sequence>142</sequence>
  <level>END</level>
  <class>com.kms.katalon.core.logging.XmlKeywordLogger</class>
  <method>endKeyword</method>
  <thread>1</thread>
  <message>End action : out.println(rc_ref.getRCName())</message>
  <nestedLevel>1</nestedLevel>
</record>
<record>
  <date>2019-12-17T11:32:59</date>
  <millis>1576557179061</millis>
  <sequence>143</sequence>
  <level>START</level>
  <class>com.kms.katalon.core.logging.XmlKeywordLogger</class>
  <method>startKeyword</method>
  <thread>1</thread>
  <message>Start action : out.println(rc_ref.getHttpResponse())</message>
  <nestedLevel>1</nestedLevel>
  <property name="startLine">74</property>
  <property name="stepIndex">25</property>
</record>
<record>
  <date>2019-12-17T11:32:59</date>
  <millis>1576557179062</millis>
  <sequence>144</sequence>
  <level>END</level>
  <class>com.kms.katalon.core.logging.XmlKeywordLogger</class>
  <method>endKeyword</method>
  <thread>1</thread>
  <message>End action : out.println(rc_ref.getHttpResponse())</message>
  <nestedLevel>1</nestedLevel>
</record>
<record>
  <date>2019-12-17T11:32:59</date>
  <millis>1576557179062</millis>
  <sequence>145</sequence>
  <level>START</level>
  <class>com.kms.katalon.core.logging.XmlKeywordLogger</class>
  <method>startKeyword</method>
  <thread>1</thread>
  <message>Start action : println(request.getRestUrl())</message>
  <nestedLevel>1</nestedLevel>
  <property name="startLine">75</property>
  <property name="stepIndex">26</property>
</record>
<record>
  <date>2019-12-17T11:32:59</date>
  <millis>1576557179064</millis>
  <sequence>146</sequence>
  <level>END</level>
  <class>com.kms.katalon.core.logging.XmlKeywordLogger</class>
  <method>endKeyword</method>
  <thread>1</thread>
  <message>End action : println(request.getRestUrl())</message>
  <nestedLevel>1</nestedLevel>
</record>
<record>
  <date>2019-12-17T11:32:59</date>
  <millis>1576557179065</millis>
  <sequence>147</sequence>
  <level>START</level>
  <class>com.kms.katalon.core.logging.XmlKeywordLogger</class>
  <method>startKeyword</method>
  <thread>1</thread>
  <message>Start action : rcIsTrue = verifyEqual(response_code, rc_ref.getRCName())</message>
  <nestedLevel>1</nestedLevel>
  <property name="startLine">77</property>
  <property name="stepIndex">27</property>
</record>
<record>
  <date>2019-12-17T11:32:59</date>
  <millis>1576557179095</millis>
  <sequence>151</sequence>
  <level>FAILED</level>
  <class>com.kms.katalon.core.logging.XmlKeywordLogger</class>
  <method>logMessage</method>
  <thread>1</thread>
  <message>Unable to verify equal between actual object &amp;apos;RC01&amp;apos; and expected object &amp;apos;RC00&amp;apos; (Root cause: com.kms.katalon.core.exception.StepFailedException: Actual object &amp;apos;RC01&amp;apos; and expected object &amp;apos;RC00&amp;apos; are not equal\r\n\tat com.kms.katalon.core.keyword.builtin.VerifyEqualKeyword$_verifyEqual_closure1.doCall(VerifyEqualKeyword.groovy:58)\r\n\tat com.kms.katalon.core.keyword.builtin.VerifyEqualKeyword$_verifyEqual_closure1.call(VerifyEqualKeyword.groovy)\r\n\tat com.kms.katalon.core.keyword.internal.KeywordMain.runKeyword(KeywordMain.groovy:68)\r\n\tat com.kms.katalon.core.keyword.builtin.VerifyEqualKeyword.verifyEqual(VerifyEqualKeyword.groovy:63)\r\n\tat com.kms.katalon.core.keyword.builtin.VerifyEqualKeyword.execute(VerifyEqualKeyword.groovy:44)\r\n\tat com.kms.katalon.core.keyword.internal.KeywordExecutor.executeKeywordForPlatform(KeywordExecutor.groovy:56)\r\n\tat com.kms.katalon.core.keyword.BuiltinKeywords.verifyEqual(BuiltinKeywords.groovy:141)\r\n\tat TC_promoAddSofEdc.run(TC_promoAddSofEdc:77)\r\n\tat com.kms.katalon.core.main.ScriptEngine.run(ScriptEngine.java:194)\r\n\tat com.kms.katalon.core.main.ScriptEngine.runScriptAsRawText(ScriptEngine.java:119)\r\n\tat com.kms.katalon.core.main.TestCaseExecutor.runScript(TestCaseExecutor.java:337)\r\n\tat com.kms.katalon.core.main.TestCaseExecutor.doExecute(TestCaseExecutor.java:328)\r\n\tat com.kms.katalon.core.main.TestCaseExecutor.processExecutionPhase(TestCaseExecutor.java:307)\r\n\tat com.kms.katalon.core.main.TestCaseExecutor.accessMainPhase(TestCaseExecutor.java:299)\r\n\tat com.kms.katalon.core.main.TestCaseExecutor.execute(TestCaseExecutor.java:233)\r\n\tat com.kms.katalon.core.main.TestSuiteExecutor.accessTestCaseMainPhase(TestSuiteExecutor.java:133)\r\n\tat com.kms.katalon.core.main.TestSuiteExecutor.accessTestSuiteMainPhase(TestSuiteExecutor.java:116)\r\n\tat com.kms.katalon.core.main.TestSuiteExecutor.execute(TestSuiteExecutor.java:83)\r\n\tat com.kms.katalon.core.main.TestCaseMain.startTestSuite(TestCaseMain.java:157)\r\n\tat com.kms.katalon.core.main.TestCaseMain$startTestSuite$0.call(Unknown Source)\r\n\tat TempTestSuite1576557173759.run(TempTestSuite1576557173759.groovy:35)\r\n)</message>
  <nestedLevel>1</nestedLevel>
  <property name="failed.exception.class">com.kms.katalon.core.exception.StepFailedException</property>
  <property name="failed.exception.stacktrace">com.kms.katalon.core.exception.StepFailedException: Actual object &apos;RC01&apos; and expected object &apos;RC00&apos; are not equal\r\n\tat com.kms.katalon.core.keyword.builtin.VerifyEqualKeyword$_verifyEqual_closure1.doCall(VerifyEqualKeyword.groovy:58)\r\n\tat com.kms.katalon.core.keyword.builtin.VerifyEqualKeyword$_verifyEqual_closure1.call(VerifyEqualKeyword.groovy)\r\n\tat com.kms.katalon.core.keyword.internal.KeywordMain.runKeyword(KeywordMain.groovy:68)\r\n\tat com.kms.katalon.core.keyword.builtin.VerifyEqualKeyword.verifyEqual(VerifyEqualKeyword.groovy:63)\r\n\tat com.kms.katalon.core.keyword.builtin.VerifyEqualKeyword.execute(VerifyEqualKeyword.groovy:44)\r\n\tat com.kms.katalon.core.keyword.internal.KeywordExecutor.executeKeywordForPlatform(KeywordExecutor.groovy:56)\r\n\tat com.kms.katalon.core.keyword.BuiltinKeywords.verifyEqual(BuiltinKeywords.groovy:141)\r\n\tat TC_promoAddSofEdc.run(TC_promoAddSofEdc:77)\r\n\tat com.kms.katalon.core.main.ScriptEngine.run(ScriptEngine.java:194)\r\n\tat com.kms.katalon.core.main.ScriptEngine.runScriptAsRawText(ScriptEngine.java:119)\r\n\tat com.kms.katalon.core.main.TestCaseExecutor.runScript(TestCaseExecutor.java:337)\r\n\tat com.kms.katalon.core.main.TestCaseExecutor.doExecute(TestCaseExecutor.java:328)\r\n\tat com.kms.katalon.core.main.TestCaseExecutor.processExecutionPhase(TestCaseExecutor.java:307)\r\n\tat com.kms.katalon.core.main.TestCaseExecutor.accessMainPhase(TestCaseExecutor.java:299)\r\n\tat com.kms.katalon.core.main.TestCaseExecutor.execute(TestCaseExecutor.java:233)\r\n\tat com.kms.katalon.core.main.TestSuiteExecutor.accessTestCaseMainPhase(TestSuiteExecutor.java:133)\r\n\tat com.kms.katalon.core.main.TestSuiteExecutor.accessTestSuiteMainPhase(TestSuiteExecutor.java:116)\r\n\tat com.kms.katalon.core.main.TestSuiteExecutor.execute(TestSuiteExecutor.java:83)\r\n\tat com.kms.katalon.core.main.TestCaseMain.startTestSuite(TestCaseMain.java:157)\r\n\tat com.kms.katalon.core.main.TestCaseMain$startTestSuite$0.call(Unknown Source)\r\n\tat TempTestSuite1576557173759.run(TempTestSuite1576557173759.groovy:35)\r\n</property>
  <property name="failed.exception.message">Actual object &apos;RC01&apos; and expected object &apos;RC00&apos; are not equal</property>
</record>
<record>
  <date>2019-12-17T11:32:59</date>
  <millis>1576557179098</millis>
  <sequence>152</sequence>
  <level>END</level>
  <class>com.kms.katalon.core.logging.XmlKeywordLogger</class>
  <method>endKeyword</method>
  <thread>1</thread>
  <message>End action : rcIsTrue = verifyEqual(response_code, rc_ref.getRCName())</message>
  <nestedLevel>1</nestedLevel>
</record>
<record>
  <date>2019-12-17T11:32:59</date>
  <millis>1576557179099</millis>
  <sequence>154</sequence>
  <level>FAILED</level>
  <class>com.kms.katalon.core.logging.XmlKeywordLogger</class>
  <method>logMessage</method>
  <thread>1</thread>
  <message>Test Cases/E_Wallet/TC_promoAddSofEdc/TC_promoAddSofEdc FAILED.\nReason:\ncom.kms.katalon.core.exception.StepFailedException: Actual object &amp;apos;RC01&amp;apos; and expected object &amp;apos;RC00&amp;apos; are not equal\r\n\tat com.kms.katalon.core.keyword.builtin.VerifyEqualKeyword$_verifyEqual_closure1.doCall(VerifyEqualKeyword.groovy:58)\r\n\tat com.kms.katalon.core.keyword.builtin.VerifyEqualKeyword$_verifyEqual_closure1.call(VerifyEqualKeyword.groovy)\r\n\tat com.kms.katalon.core.keyword.internal.KeywordMain.runKeyword(KeywordMain.groovy:68)\r\n\tat com.kms.katalon.core.keyword.builtin.VerifyEqualKeyword.verifyEqual(VerifyEqualKeyword.groovy:63)\r\n\tat com.kms.katalon.core.keyword.builtin.VerifyEqualKeyword.execute(VerifyEqualKeyword.groovy:44)\r\n\tat com.kms.katalon.core.keyword.internal.KeywordExecutor.executeKeywordForPlatform(KeywordExecutor.groovy:56)\r\n\tat com.kms.katalon.core.keyword.BuiltinKeywords.verifyEqual(BuiltinKeywords.groovy:141)\r\n\tat TC_promoAddSofEdc.run(TC_promoAddSofEdc:77)\r\n\tat com.kms.katalon.core.main.ScriptEngine.run(ScriptEngine.java:194)\r\n\tat com.kms.katalon.core.main.ScriptEngine.runScriptAsRawText(ScriptEngine.java:119)\r\n\tat com.kms.katalon.core.main.TestCaseExecutor.runScript(TestCaseExecutor.java:337)\r\n\tat com.kms.katalon.core.main.TestCaseExecutor.doExecute(TestCaseExecutor.java:328)\r\n\tat com.kms.katalon.core.main.TestCaseExecutor.processExecutionPhase(TestCaseExecutor.java:307)\r\n\tat com.kms.katalon.core.main.TestCaseExecutor.accessMainPhase(TestCaseExecutor.java:299)\r\n\tat com.kms.katalon.core.main.TestCaseExecutor.execute(TestCaseExecutor.java:233)\r\n\tat com.kms.katalon.core.main.TestSuiteExecutor.accessTestCaseMainPhase(TestSuiteExecutor.java:133)\r\n\tat com.kms.katalon.core.main.TestSuiteExecutor.accessTestSuiteMainPhase(TestSuiteExecutor.java:116)\r\n\tat com.kms.katalon.core.main.TestSuiteExecutor.execute(TestSuiteExecutor.java:83)\r\n\tat com.kms.katalon.core.main.TestCaseMain.startTestSuite(TestCaseMain.java:157)\r\n\tat com.kms.katalon.core.main.TestCaseMain$startTestSuite$0.call(Unknown Source)\r\n\tat TempTestSuite1576557173759.run(TempTestSuite1576557173759.groovy:35)\r\n</message>
  <exception>
    <message>com.kms.katalon.core.exception.StepFailedException: Actual object 'RC01' and expected object 'RC00' are not equal</message>
    <frame>
      <class>com.kms.katalon.core.keyword.builtin.VerifyEqualKeyword$_verifyEqual_closure1</class>
      <method>doCall</method>
      <line>58</line>
    </frame>
    <frame>
      <class>com.kms.katalon.core.keyword.builtin.VerifyEqualKeyword$_verifyEqual_closure1</class>
      <method>call</method>
    </frame>
    <frame>
      <class>com.kms.katalon.core.keyword.internal.KeywordMain</class>
      <method>runKeyword</method>
      <line>68</line>
    </frame>
    <frame>
      <class>com.kms.katalon.core.keyword.builtin.VerifyEqualKeyword</class>
      <method>verifyEqual</method>
      <line>63</line>
    </frame>
    <frame>
      <class>com.kms.katalon.core.keyword.builtin.VerifyEqualKeyword</class>
      <method>execute</method>
      <line>44</line>
    </frame>
    <frame>
      <class>com.kms.katalon.core.keyword.internal.KeywordExecutor</class>
      <method>executeKeywordForPlatform</method>
      <line>56</line>
    </frame>
    <frame>
      <class>com.kms.katalon.core.keyword.BuiltinKeywords</class>
      <method>verifyEqual</method>
      <line>141</line>
    </frame>
    <frame>
      <class>TC_promoAddSofEdc</class>
      <method>run</method>
      <line>77</line>
    </frame>
    <frame>
      <class>com.kms.katalon.core.main.ScriptEngine</class>
      <method>run</method>
      <line>194</line>
    </frame>
    <frame>
      <class>com.kms.katalon.core.main.ScriptEngine</class>
      <method>runScriptAsRawText</method>
      <line>119</line>
    </frame>
    <frame>
      <class>com.kms.katalon.core.main.TestCaseExecutor</class>
      <method>runScript</method>
      <line>337</line>
    </frame>
    <frame>
      <class>com.kms.katalon.core.main.TestCaseExecutor</class>
      <method>doExecute</method>
      <line>328</line>
    </frame>
    <frame>
      <class>com.kms.katalon.core.main.TestCaseExecutor</class>
      <method>processExecutionPhase</method>
      <line>307</line>
    </frame>
    <frame>
      <class>com.kms.katalon.core.main.TestCaseExecutor</class>
      <method>accessMainPhase</method>
      <line>299</line>
    </frame>
    <frame>
      <class>com.kms.katalon.core.main.TestCaseExecutor</class>
      <method>execute</method>
      <line>233</line>
    </frame>
    <frame>
      <class>com.kms.katalon.core.main.TestSuiteExecutor</class>
      <method>accessTestCaseMainPhase</method>
      <line>133</line>
    </frame>
    <frame>
      <class>com.kms.katalon.core.main.TestSuiteExecutor</class>
      <method>accessTestSuiteMainPhase</method>
      <line>116</line>
    </frame>
    <frame>
      <class>com.kms.katalon.core.main.TestSuiteExecutor</class>
      <method>execute</method>
      <line>83</line>
    </frame>
    <frame>
      <class>com.kms.katalon.core.main.TestCaseMain</class>
      <method>startTestSuite</method>
      <line>157</line>
    </frame>
    <frame>
      <class>com.kms.katalon.core.main.TestCaseMain$startTestSuite$0</class>
      <method>call</method>
    </frame>
    <frame>
      <class>TempTestSuite1576557173759</class>
      <method>run</method>
      <line>35</line>
    </frame>
  </exception>
  <nestedLevel>0</nestedLevel>
  <property name="failed.exception.stacktrace">com.kms.katalon.core.exception.StepFailedException: Actual object &apos;RC01&apos; and expected object &apos;RC00&apos; are not equal\r\n\tat com.kms.katalon.core.keyword.builtin.VerifyEqualKeyword$_verifyEqual_closure1.doCall(VerifyEqualKeyword.groovy:58)\r\n\tat com.kms.katalon.core.keyword.builtin.VerifyEqualKeyword$_verifyEqual_closure1.call(VerifyEqualKeyword.groovy)\r\n\tat com.kms.katalon.core.keyword.internal.KeywordMain.runKeyword(KeywordMain.groovy:68)\r\n\tat com.kms.katalon.core.keyword.builtin.VerifyEqualKeyword.verifyEqual(VerifyEqualKeyword.groovy:63)\r\n\tat com.kms.katalon.core.keyword.builtin.VerifyEqualKeyword.execute(VerifyEqualKeyword.groovy:44)\r\n\tat com.kms.katalon.core.keyword.internal.KeywordExecutor.executeKeywordForPlatform(KeywordExecutor.groovy:56)\r\n\tat com.kms.katalon.core.keyword.BuiltinKeywords.verifyEqual(BuiltinKeywords.groovy:141)\r\n\tat TC_promoAddSofEdc.run(TC_promoAddSofEdc:77)\r\n\tat com.kms.katalon.core.main.ScriptEngine.run(ScriptEngine.java:194)\r\n\tat com.kms.katalon.core.main.ScriptEngine.runScriptAsRawText(ScriptEngine.java:119)\r\n\tat com.kms.katalon.core.main.TestCaseExecutor.runScript(TestCaseExecutor.java:337)\r\n\tat com.kms.katalon.core.main.TestCaseExecutor.doExecute(TestCaseExecutor.java:328)\r\n\tat com.kms.katalon.core.main.TestCaseExecutor.processExecutionPhase(TestCaseExecutor.java:307)\r\n\tat com.kms.katalon.core.main.TestCaseExecutor.accessMainPhase(TestCaseExecutor.java:299)\r\n\tat com.kms.katalon.core.main.TestCaseExecutor.execute(TestCaseExecutor.java:233)\r\n\tat com.kms.katalon.core.main.TestSuiteExecutor.accessTestCaseMainPhase(TestSuiteExecutor.java:133)\r\n\tat com.kms.katalon.core.main.TestSuiteExecutor.accessTestSuiteMainPhase(TestSuiteExecutor.java:116)\r\n\tat com.kms.katalon.core.main.TestSuiteExecutor.execute(TestSuiteExecutor.java:83)\r\n\tat com.kms.katalon.core.main.TestCaseMain.startTestSuite(TestCaseMain.java:157)\r\n\tat com.kms.katalon.core.main.TestCaseMain$startTestSuite$0.call(Unknown Source)\r\n\tat TempTestSuite1576557173759.run(TempTestSuite1576557173759.groovy:35)\r\n</property>
  <property name="failed.exception.class">com.kms.katalon.core.exception.StepFailedException</property>
  <property name="failed.exception.message">Actual object &apos;RC01&apos; and expected object &apos;RC00&apos; are not equal</property>
</record>
<record>
  <date>2019-12-17T11:32:59</date>
  <millis>1576557179102</millis>
  <sequence>156</sequence>
  <level>END</level>
  <class>com.kms.katalon.core.logging.XmlKeywordLogger</class>
  <method>endTest</method>
  <thread>1</thread>
  <message>End Test Case : Test Cases/E_Wallet/TC_promoAddSofEdc/TC_promoAddSofEdc</message>
  <nestedLevel>0</nestedLevel>
</record>
<record>
  <date>2019-12-17T11:32:59</date>
  <millis>1576557179103</millis>
  <sequence>157</sequence>
  <level>START</level>
  <class>com.kms.katalon.core.logging.XmlKeywordLogger</class>
  <method>startKeyword</method>
  <thread>1</thread>
  <message>Start listener action : exportKatalonReports</message>
  <nestedLevel>0</nestedLevel>
</record>
<record>
  <date>2019-12-17T11:32:59</date>
  <millis>1576557179258</millis>
  <sequence>449</sequence>
  <level>INFO</level>
  <class>com.kms.katalon.core.logging.XmlKeywordLogger</class>
  <method>logMessage</method>
  <thread>1</thread>
  <message>Start generating HTML report folder at: D:\\katalon-ewallet\\Reports\\E_Wallet\\TS_promoAddSofEdc\\TS_promoAddSofEdc\\20191217_113253...</message>
  <nestedLevel>0</nestedLevel>
</record>
<record>
  <date>2019-12-17T11:32:59</date>
  <millis>1576557179528</millis>
  <sequence>450</sequence>
  <level>INFO</level>
  <class>com.kms.katalon.core.logging.XmlKeywordLogger</class>
  <method>logMessage</method>
  <thread>1</thread>
  <message>HTML report generated</message>
  <nestedLevel>0</nestedLevel>
</record>
<record>
  <date>2019-12-17T11:32:59</date>
  <millis>1576557179528</millis>
  <sequence>451</sequence>
  <level>INFO</level>
  <class>com.kms.katalon.core.logging.XmlKeywordLogger</class>
  <method>logMessage</method>
  <thread>1</thread>
  <message>Start generating CSV report folder at: D:\\katalon-ewallet\\Reports\\E_Wallet\\TS_promoAddSofEdc\\TS_promoAddSofEdc\\20191217_113253...</message>
  <nestedLevel>0</nestedLevel>
</record>
<record>
  <date>2019-12-17T11:32:59</date>
  <millis>1576557179559</millis>
  <sequence>452</sequence>
  <level>INFO</level>
  <class>com.kms.katalon.core.logging.XmlKeywordLogger</class>
  <method>logMessage</method>
  <thread>1</thread>
  <message>CSV report generated</message>
  <nestedLevel>0</nestedLevel>
</record>
<record>
  <date>2019-12-17T11:32:59</date>
  <millis>1576557179560</millis>
  <sequence>453</sequence>
  <level>INFO</level>
  <class>com.kms.katalon.core.logging.XmlKeywordLogger</class>
  <method>logMessage</method>
  <thread>1</thread>
  <message>Start generating JUnit report folder at: D:\\katalon-ewallet\\Reports\\E_Wallet\\TS_promoAddSofEdc\\TS_promoAddSofEdc\\20191217_113253...</message>
  <nestedLevel>0</nestedLevel>
</record>
<record>
  <date>2019-12-17T11:32:59</date>
  <millis>1576557179726</millis>
  <sequence>454</sequence>
  <level>INFO</level>
  <class>com.kms.katalon.core.logging.XmlKeywordLogger</class>
  <method>logMessage</method>
  <thread>1</thread>
  <message>JUnit report generated</message>
  <nestedLevel>0</nestedLevel>
</record>
<record>
  <date>2019-12-17T11:32:59</date>
  <millis>1576557179726</millis>
  <sequence>456</sequence>
  <level>END</level>
  <class>com.kms.katalon.core.logging.XmlKeywordLogger</class>
  <method>endKeyword</method>
  <thread>1</thread>
  <message>End listener action : exportKatalonReports</message>
  <nestedLevel>0</nestedLevel>
</record>
<record>
  <date>2019-12-17T11:32:59</date>
  <millis>1576557179764</millis>
  <sequence>457</sequence>
  <level>END</level>
  <class>com.kms.katalon.core.logging.XmlKeywordLogger</class>
  <method>endSuite</method>
  <thread>1</thread>
  <message>End Test Suite : Test Suites/E_Wallet/TS_promoAddSofEdc/TS_promoAddSofEdc</message>
  <nestedLevel>0</nestedLevel>
</record>
</log>