<?xml version="1.0" encoding="UTF-8" standalone="no"?>
<!DOCTYPE log SYSTEM "logger.dtd">
<log>
<record>
  <date>2019-12-02T10:50:09</date>
  <millis>1575258609680</millis>
  <sequence>0</sequence>
  <level>START</level>
  <class>com.kms.katalon.core.logging.XmlKeywordLogger</class>
  <method>startSuite</method>
  <thread>1</thread>
  <message>Start Test Suite : Test Suites/E_Wallet/TS_createBilling/TS_createBillingCustomer_push_notif</message>
  <nestedLevel>0</nestedLevel>
  <property name="name">TS_createBillingCustomer_push_notif</property>
  <property name="description"></property>
  <property name="id">Test Suites/E_Wallet/TS_createBilling/TS_createBillingCustomer_push_notif</property>
</record>
<record>
  <date>2019-12-02T10:50:09</date>
  <millis>1575258609694</millis>
  <sequence>1</sequence>
  <level>RUN_DATA</level>
  <class>com.kms.katalon.core.logging.XmlKeywordLogger</class>
  <method>logMessage</method>
  <thread>1</thread>
  <message>hostName = Silvi - LAPTOP-ALMT97O4</message>
  <nestedLevel>0</nestedLevel>
  <property name="hostName">Silvi - LAPTOP-ALMT97O4</property>
</record>
<record>
  <date>2019-12-02T10:50:09</date>
  <millis>1575258609695</millis>
  <sequence>2</sequence>
  <level>RUN_DATA</level>
  <class>com.kms.katalon.core.logging.XmlKeywordLogger</class>
  <method>logMessage</method>
  <thread>1</thread>
  <message>os = Windows 10 64bit</message>
  <nestedLevel>0</nestedLevel>
  <property name="os">Windows 10 64bit</property>
</record>
<record>
  <date>2019-12-02T10:50:09</date>
  <millis>1575258609696</millis>
  <sequence>3</sequence>
  <level>RUN_DATA</level>
  <class>com.kms.katalon.core.logging.XmlKeywordLogger</class>
  <method>logMessage</method>
  <thread>1</thread>
  <message>hostAddress = 172.18.4.57</message>
  <nestedLevel>0</nestedLevel>
  <property name="hostAddress">172.18.4.57</property>
</record>
<record>
  <date>2019-12-02T10:50:09</date>
  <millis>1575258609697</millis>
  <sequence>4</sequence>
  <level>RUN_DATA</level>
  <class>com.kms.katalon.core.logging.XmlKeywordLogger</class>
  <method>logMessage</method>
  <thread>1</thread>
  <message>katalonVersion = 6.2.2.4</message>
  <nestedLevel>0</nestedLevel>
  <property name="katalonVersion">6.2.2.4</property>
</record>
<record>
  <date>2019-12-02T10:50:09</date>
  <millis>1575258609880</millis>
  <sequence>5</sequence>
  <level>START</level>
  <class>com.kms.katalon.core.logging.XmlKeywordLogger</class>
  <method>startTest</method>
  <thread>1</thread>
  <message>Start Test Case : Test Cases/Account/TC_loginCustomer/Login_Customer_Rian</message>
  <nestedLevel>1</nestedLevel>
  <property name="name">Test Cases/Account/TC_loginCustomer/Login_Customer_Rian</property>
  <property name="description"></property>
  <property name="id">Test Cases/Account/TC_loginCustomer/Login_Customer_Rian</property>
  <property name="source">D:\\katalon-ewallet\\Test Cases\\Account\\TC_loginCustomer\\Login_Customer_Rian.tc</property>
  <property name="tag"></property>
  <property name="isOptional">false</property>
</record>
<record>
  <date>2019-12-02T10:50:09</date>
  <millis>1575258609966</millis>
  <sequence>7</sequence>
  <level>INFO</level>
  <class>com.kms.katalon.core.logging.XmlKeywordLogger</class>
  <method>logMessage</method>
  <thread>1</thread>
  <message>(Default) var_user_agent = 1</message>
  <nestedLevel>1</nestedLevel>
</record>
<record>
  <date>2019-12-02T10:50:09</date>
  <millis>1575258609976</millis>
  <sequence>8</sequence>
  <level>INFO</level>
  <class>com.kms.katalon.core.logging.XmlKeywordLogger</class>
  <method>logMessage</method>
  <thread>1</thread>
  <message>(Default) var_user_pin = 159753</message>
  <nestedLevel>1</nestedLevel>
</record>
<record>
  <date>2019-12-02T10:50:09</date>
  <millis>1575258609986</millis>
  <sequence>9</sequence>
  <level>INFO</level>
  <class>com.kms.katalon.core.logging.XmlKeywordLogger</class>
  <method>logMessage</method>
  <thread>1</thread>
  <message>(Default) var_phone_number = 081266483909</message>
  <nestedLevel>1</nestedLevel>
</record>
<record>
  <date>2019-12-02T10:50:09</date>
  <millis>1575258609996</millis>
  <sequence>10</sequence>
  <level>INFO</level>
  <class>com.kms.katalon.core.logging.XmlKeywordLogger</class>
  <method>logMessage</method>
  <thread>1</thread>
  <message>(Default) var_device_id = 1</message>
  <nestedLevel>1</nestedLevel>
</record>
<record>
  <date>2019-12-02T10:50:10</date>
  <millis>1575258610003</millis>
  <sequence>11</sequence>
  <level>INFO</level>
  <class>com.kms.katalon.core.logging.XmlKeywordLogger</class>
  <method>logMessage</method>
  <thread>1</thread>
  <message>(Default) var_fcm_token = diVLYxZ8n_w:APA91bGOaEfSSOsjnWjSHRNICAAaTWAHr-AE0gAqslD7N_LZJU6xQgcUkOxSZA05om3O8VBD-ZRmNWTfD-75ft-8FsBRb7C-yGlccIOlehs5tZp16z4AvLjHGoQzf_zDStyhUbQp0Um_</message>
  <nestedLevel>1</nestedLevel>
</record>
<record>
  <date>2019-12-02T10:50:10</date>
  <millis>1575258610010</millis>
  <sequence>12</sequence>
  <level>INFO</level>
  <class>com.kms.katalon.core.logging.XmlKeywordLogger</class>
  <method>logMessage</method>
  <thread>1</thread>
  <message>(Default) var_expected_rc = RC00</message>
  <nestedLevel>1</nestedLevel>
</record>
<record>
  <date>2019-12-02T10:50:10</date>
  <millis>1575258610458</millis>
  <sequence>13</sequence>
  <level>INFO</level>
  <class>com.kms.katalon.core.logging.XmlKeywordLogger</class>
  <method>logMessage</method>
  <thread>1</thread>
  <message>(Default) access_token_customer = </message>
  <nestedLevel>1</nestedLevel>
</record>
<record>
  <date>2019-12-02T10:50:10</date>
  <millis>1575258610467</millis>
  <sequence>14</sequence>
  <level>INFO</level>
  <class>com.kms.katalon.core.logging.XmlKeywordLogger</class>
  <method>logMessage</method>
  <thread>1</thread>
  <message>(Default) var_aes_key = this_key_have_to_equal_32_bytes!</message>
  <nestedLevel>1</nestedLevel>
</record>
<record>
  <date>2019-12-02T10:50:10</date>
  <millis>1575258610640</millis>
  <sequence>15</sequence>
  <level>START</level>
  <class>com.kms.katalon.core.logging.XmlKeywordLogger</class>
  <method>startKeyword</method>
  <thread>1</thread>
  <message>Start action : var_enciphered_pin = SecureUtils.doEncryptPinRsaEwallet(dev_public_pem_file, var_user_pin)</message>
  <nestedLevel>1</nestedLevel>
  <property name="startLine">26</property>
  <property name="stepIndex">1</property>
</record>
<record>
  <date>2019-12-02T10:50:11</date>
  <millis>1575258611561</millis>
  <sequence>16</sequence>
  <level>END</level>
  <class>com.kms.katalon.core.logging.XmlKeywordLogger</class>
  <method>endKeyword</method>
  <thread>1</thread>
  <message>End action : var_enciphered_pin = SecureUtils.doEncryptPinRsaEwallet(dev_public_pem_file, var_user_pin)</message>
  <nestedLevel>1</nestedLevel>
</record>
<record>
  <date>2019-12-02T10:50:11</date>
  <millis>1575258611561</millis>
  <sequence>17</sequence>
  <level>START</level>
  <class>com.kms.katalon.core.logging.XmlKeywordLogger</class>
  <method>startKeyword</method>
  <thread>1</thread>
  <message>Start action : plain = \&amp;quot;{\&amp;quot; + \&amp;quot;\&amp;quot;user_agent\&amp;quot;:\&amp;quot;\&amp;quot; + var_user_agent + \&amp;quot;\&amp;quot;,\&amp;quot; + \&amp;quot;\&amp;quot;phone_number\&amp;quot;:\&amp;quot;\&amp;quot; + var_phone_number + \&amp;quot;\&amp;quot;,\&amp;quot; + \&amp;quot;\&amp;quot;pin\&amp;quot;:\&amp;quot;\&amp;quot; + var_enciphered_pin + \&amp;quot;\&amp;quot;,\&amp;quot; + \&amp;quot;\&amp;quot;device_id\&amp;quot;:\&amp;quot;\&amp;quot; + var_device_id + \&amp;quot;\&amp;quot;,\&amp;quot; + \&amp;quot;\&amp;quot;fcm_token\&amp;quot;:\&amp;quot;\&amp;quot; + var_fcm_token + \&amp;quot;\&amp;quot;}\&amp;quot;</message>
  <nestedLevel>1</nestedLevel>
  <property name="startLine">27</property>
  <property name="stepIndex">2</property>
</record>
<record>
  <date>2019-12-02T10:50:11</date>
  <millis>1575258611562</millis>
  <sequence>18</sequence>
  <level>END</level>
  <class>com.kms.katalon.core.logging.XmlKeywordLogger</class>
  <method>endKeyword</method>
  <thread>1</thread>
  <message>End action : plain = \&amp;quot;{\&amp;quot; + \&amp;quot;\&amp;quot;user_agent\&amp;quot;:\&amp;quot;\&amp;quot; + var_user_agent + \&amp;quot;\&amp;quot;,\&amp;quot; + \&amp;quot;\&amp;quot;phone_number\&amp;quot;:\&amp;quot;\&amp;quot; + var_phone_number + \&amp;quot;\&amp;quot;,\&amp;quot; + \&amp;quot;\&amp;quot;pin\&amp;quot;:\&amp;quot;\&amp;quot; + var_enciphered_pin + \&amp;quot;\&amp;quot;,\&amp;quot; + \&amp;quot;\&amp;quot;device_id\&amp;quot;:\&amp;quot;\&amp;quot; + var_device_id + \&amp;quot;\&amp;quot;,\&amp;quot; + \&amp;quot;\&amp;quot;fcm_token\&amp;quot;:\&amp;quot;\&amp;quot; + var_fcm_token + \&amp;quot;\&amp;quot;}\&amp;quot;</message>
  <nestedLevel>1</nestedLevel>
</record>
<record>
  <date>2019-12-02T10:50:11</date>
  <millis>1575258611563</millis>
  <sequence>19</sequence>
  <level>START</level>
  <class>com.kms.katalon.core.logging.XmlKeywordLogger</class>
  <method>startKeyword</method>
  <thread>1</thread>
  <message>Start action : out.println(plain)</message>
  <nestedLevel>1</nestedLevel>
  <property name="startLine">36</property>
  <property name="stepIndex">3</property>
</record>
<record>
  <date>2019-12-02T10:50:11</date>
  <millis>1575258611569</millis>
  <sequence>20</sequence>
  <level>END</level>
  <class>com.kms.katalon.core.logging.XmlKeywordLogger</class>
  <method>endKeyword</method>
  <thread>1</thread>
  <message>End action : out.println(plain)</message>
  <nestedLevel>1</nestedLevel>
</record>
<record>
  <date>2019-12-02T10:50:11</date>
  <millis>1575258611569</millis>
  <sequence>21</sequence>
  <level>START</level>
  <class>com.kms.katalon.core.logging.XmlKeywordLogger</class>
  <method>startKeyword</method>
  <thread>1</thread>
  <message>Start action : encipheredData = SecureUtils.encryptAesEwallet(plain, var_aes_key)</message>
  <nestedLevel>1</nestedLevel>
  <property name="startLine">39</property>
  <property name="stepIndex">4</property>
</record>
<record>
  <date>2019-12-02T10:50:11</date>
  <millis>1575258611589</millis>
  <sequence>22</sequence>
  <level>END</level>
  <class>com.kms.katalon.core.logging.XmlKeywordLogger</class>
  <method>endKeyword</method>
  <thread>1</thread>
  <message>End action : encipheredData = SecureUtils.encryptAesEwallet(plain, var_aes_key)</message>
  <nestedLevel>1</nestedLevel>
</record>
<record>
  <date>2019-12-02T10:50:11</date>
  <millis>1575258611589</millis>
  <sequence>23</sequence>
  <level>START</level>
  <class>com.kms.katalon.core.logging.XmlKeywordLogger</class>
  <method>startKeyword</method>
  <thread>1</thread>
  <message>Start action : body = \&amp;quot;{\&amp;quot;organisation_id\&amp;quot;:\&amp;quot;1\&amp;quot;,\&amp;quot;data\&amp;quot;:\&amp;quot;\&amp;quot; + encipheredData + \&amp;quot;\&amp;quot;,\&amp;quot;lang\&amp;quot;:\&amp;quot;id\&amp;quot;}\&amp;quot;</message>
  <nestedLevel>1</nestedLevel>
  <property name="startLine">42</property>
  <property name="stepIndex">5</property>
</record>
<record>
  <date>2019-12-02T10:50:11</date>
  <millis>1575258611590</millis>
  <sequence>24</sequence>
  <level>END</level>
  <class>com.kms.katalon.core.logging.XmlKeywordLogger</class>
  <method>endKeyword</method>
  <thread>1</thread>
  <message>End action : body = \&amp;quot;{\&amp;quot;organisation_id\&amp;quot;:\&amp;quot;1\&amp;quot;,\&amp;quot;data\&amp;quot;:\&amp;quot;\&amp;quot; + encipheredData + \&amp;quot;\&amp;quot;,\&amp;quot;lang\&amp;quot;:\&amp;quot;id\&amp;quot;}\&amp;quot;</message>
  <nestedLevel>1</nestedLevel>
</record>
<record>
  <date>2019-12-02T10:50:11</date>
  <millis>1575258611590</millis>
  <sequence>25</sequence>
  <level>START</level>
  <class>com.kms.katalon.core.logging.XmlKeywordLogger</class>
  <method>startKeyword</method>
  <thread>1</thread>
  <message>Start action : out.println(body)</message>
  <nestedLevel>1</nestedLevel>
  <property name="startLine">44</property>
  <property name="stepIndex">6</property>
</record>
<record>
  <date>2019-12-02T10:50:11</date>
  <millis>1575258611591</millis>
  <sequence>26</sequence>
  <level>END</level>
  <class>com.kms.katalon.core.logging.XmlKeywordLogger</class>
  <method>endKeyword</method>
  <thread>1</thread>
  <message>End action : out.println(body)</message>
  <nestedLevel>1</nestedLevel>
</record>
<record>
  <date>2019-12-02T10:50:11</date>
  <millis>1575258611591</millis>
  <sequence>27</sequence>
  <level>START</level>
  <class>com.kms.katalon.core.logging.XmlKeywordLogger</class>
  <method>startKeyword</method>
  <thread>1</thread>
  <message>Start action : request = findTestObject(\&amp;quot;Account/obj_loginCustomer\&amp;quot;)</message>
  <nestedLevel>1</nestedLevel>
  <property name="startLine">46</property>
  <property name="stepIndex">7</property>
</record>
<record>
  <date>2019-12-02T10:50:11</date>
  <millis>1575258611645</millis>
  <sequence>29</sequence>
  <level>END</level>
  <class>com.kms.katalon.core.logging.XmlKeywordLogger</class>
  <method>endKeyword</method>
  <thread>1</thread>
  <message>End action : request = findTestObject(\&amp;quot;Account/obj_loginCustomer\&amp;quot;)</message>
  <nestedLevel>1</nestedLevel>
</record>
<record>
  <date>2019-12-02T10:50:11</date>
  <millis>1575258611646</millis>
  <sequence>30</sequence>
  <level>START</level>
  <class>com.kms.katalon.core.logging.XmlKeywordLogger</class>
  <method>startKeyword</method>
  <thread>1</thread>
  <message>Start action : request.setBodyContent(new com.kms.katalon.core.testobject.impl.HttpTextBodyContent(body, UTF-8, application/json))</message>
  <nestedLevel>1</nestedLevel>
  <property name="startLine">47</property>
  <property name="stepIndex">8</property>
</record>
<record>
  <date>2019-12-02T10:50:11</date>
  <millis>1575258611657</millis>
  <sequence>31</sequence>
  <level>END</level>
  <class>com.kms.katalon.core.logging.XmlKeywordLogger</class>
  <method>endKeyword</method>
  <thread>1</thread>
  <message>End action : request.setBodyContent(new com.kms.katalon.core.testobject.impl.HttpTextBodyContent(body, UTF-8, application/json))</message>
  <nestedLevel>1</nestedLevel>
</record>
<record>
  <date>2019-12-02T10:50:11</date>
  <millis>1575258611657</millis>
  <sequence>32</sequence>
  <level>START</level>
  <class>com.kms.katalon.core.logging.XmlKeywordLogger</class>
  <method>startKeyword</method>
  <thread>1</thread>
  <message>Start action : response = sendRequest(request)</message>
  <nestedLevel>1</nestedLevel>
  <property name="startLine">49</property>
  <property name="stepIndex">9</property>
</record>
<record>
  <date>2019-12-02T10:50:12</date>
  <millis>1575258612517</millis>
  <sequence>34</sequence>
  <level>INFO</level>
  <class>com.kms.katalon.core.logging.XmlKeywordLogger</class>
  <method>logMessage</method>
  <thread>1</thread>
  <message>HAR: D:\\katalon-ewallet\\Reports\\E_Wallet\\TS_createBilling\\TS_createBillingCustomer_push_notif\\20191202_105007\\requests\\main\\0.har</message>
  <nestedLevel>1</nestedLevel>
  <property name="harId">4d5e0084-c38e-45f9-893b-7e46f2977210</property>
</record>
<record>
  <date>2019-12-02T10:50:12</date>
  <millis>1575258612603</millis>
  <sequence>35</sequence>
  <level>PASSED</level>
  <class>com.kms.katalon.core.logging.XmlKeywordLogger</class>
  <method>logMessage</method>
  <thread>1</thread>
  <message>Send request successfully</message>
  <nestedLevel>1</nestedLevel>
</record>
<record>
  <date>2019-12-02T10:50:12</date>
  <millis>1575258612604</millis>
  <sequence>36</sequence>
  <level>END</level>
  <class>com.kms.katalon.core.logging.XmlKeywordLogger</class>
  <method>endKeyword</method>
  <thread>1</thread>
  <message>End action : response = sendRequest(request)</message>
  <nestedLevel>1</nestedLevel>
</record>
<record>
  <date>2019-12-02T10:50:12</date>
  <millis>1575258612605</millis>
  <sequence>37</sequence>
  <level>START</level>
  <class>com.kms.katalon.core.logging.XmlKeywordLogger</class>
  <method>startKeyword</method>
  <thread>1</thread>
  <message>Start action : body_content = responseBodyContent</message>
  <nestedLevel>1</nestedLevel>
  <property name="startLine">52</property>
  <property name="stepIndex">10</property>
</record>
<record>
  <date>2019-12-02T10:50:12</date>
  <millis>1575258612611</millis>
  <sequence>38</sequence>
  <level>END</level>
  <class>com.kms.katalon.core.logging.XmlKeywordLogger</class>
  <method>endKeyword</method>
  <thread>1</thread>
  <message>End action : body_content = responseBodyContent</message>
  <nestedLevel>1</nestedLevel>
</record>
<record>
  <date>2019-12-02T10:50:12</date>
  <millis>1575258612612</millis>
  <sequence>39</sequence>
  <level>START</level>
  <class>com.kms.katalon.core.logging.XmlKeywordLogger</class>
  <method>startKeyword</method>
  <thread>1</thread>
  <message>Start action : status_code = statusCode</message>
  <nestedLevel>1</nestedLevel>
  <property name="startLine">53</property>
  <property name="stepIndex">11</property>
</record>
<record>
  <date>2019-12-02T10:50:12</date>
  <millis>1575258612614</millis>
  <sequence>40</sequence>
  <level>END</level>
  <class>com.kms.katalon.core.logging.XmlKeywordLogger</class>
  <method>endKeyword</method>
  <thread>1</thread>
  <message>End action : status_code = statusCode</message>
  <nestedLevel>1</nestedLevel>
</record>
<record>
  <date>2019-12-02T10:50:12</date>
  <millis>1575258612614</millis>
  <sequence>41</sequence>
  <level>START</level>
  <class>com.kms.katalon.core.logging.XmlKeywordLogger</class>
  <method>startKeyword</method>
  <thread>1</thread>
  <message>Start action : respDataMap = JsonSlurper().parseText(body_content)</message>
  <nestedLevel>1</nestedLevel>
  <property name="startLine">55</property>
  <property name="stepIndex">12</property>
</record>
<record>
  <date>2019-12-02T10:50:12</date>
  <millis>1575258612629</millis>
  <sequence>42</sequence>
  <level>END</level>
  <class>com.kms.katalon.core.logging.XmlKeywordLogger</class>
  <method>endKeyword</method>
  <thread>1</thread>
  <message>End action : respDataMap = JsonSlurper().parseText(body_content)</message>
  <nestedLevel>1</nestedLevel>
</record>
<record>
  <date>2019-12-02T10:50:12</date>
  <millis>1575258612629</millis>
  <sequence>43</sequence>
  <level>START</level>
  <class>com.kms.katalon.core.logging.XmlKeywordLogger</class>
  <method>startKeyword</method>
  <thread>1</thread>
  <message>Start action : out.println(respDataMap)</message>
  <nestedLevel>1</nestedLevel>
  <property name="startLine">57</property>
  <property name="stepIndex">13</property>
</record>
<record>
  <date>2019-12-02T10:50:12</date>
  <millis>1575258612632</millis>
  <sequence>44</sequence>
  <level>END</level>
  <class>com.kms.katalon.core.logging.XmlKeywordLogger</class>
  <method>endKeyword</method>
  <thread>1</thread>
  <message>End action : out.println(respDataMap)</message>
  <nestedLevel>1</nestedLevel>
</record>
<record>
  <date>2019-12-02T10:50:12</date>
  <millis>1575258612632</millis>
  <sequence>45</sequence>
  <level>START</level>
  <class>com.kms.katalon.core.logging.XmlKeywordLogger</class>
  <method>startKeyword</method>
  <thread>1</thread>
  <message>Start action : rc_ref = ReturnCodeWrapper(var_expected_rc).getEnumRC()</message>
  <nestedLevel>1</nestedLevel>
  <property name="startLine">59</property>
  <property name="stepIndex">14</property>
</record>
<record>
  <date>2019-12-02T10:50:12</date>
  <millis>1575258612644</millis>
  <sequence>46</sequence>
  <level>END</level>
  <class>com.kms.katalon.core.logging.XmlKeywordLogger</class>
  <method>endKeyword</method>
  <thread>1</thread>
  <message>End action : rc_ref = ReturnCodeWrapper(var_expected_rc).getEnumRC()</message>
  <nestedLevel>1</nestedLevel>
</record>
<record>
  <date>2019-12-02T10:50:12</date>
  <millis>1575258612644</millis>
  <sequence>47</sequence>
  <level>START</level>
  <class>com.kms.katalon.core.logging.XmlKeywordLogger</class>
  <method>startKeyword</method>
  <thread>1</thread>
  <message>Start action : out.println(var_expected_rc)</message>
  <nestedLevel>1</nestedLevel>
  <property name="startLine">61</property>
  <property name="stepIndex">15</property>
</record>
<record>
  <date>2019-12-02T10:50:12</date>
  <millis>1575258612645</millis>
  <sequence>48</sequence>
  <level>END</level>
  <class>com.kms.katalon.core.logging.XmlKeywordLogger</class>
  <method>endKeyword</method>
  <thread>1</thread>
  <message>End action : out.println(var_expected_rc)</message>
  <nestedLevel>1</nestedLevel>
</record>
<record>
  <date>2019-12-02T10:50:12</date>
  <millis>1575258612646</millis>
  <sequence>49</sequence>
  <level>START</level>
  <class>com.kms.katalon.core.logging.XmlKeywordLogger</class>
  <method>startKeyword</method>
  <thread>1</thread>
  <message>Start action : out.println(rc_ref.getRCName())</message>
  <nestedLevel>1</nestedLevel>
  <property name="startLine">62</property>
  <property name="stepIndex">16</property>
</record>
<record>
  <date>2019-12-02T10:50:12</date>
  <millis>1575258612648</millis>
  <sequence>50</sequence>
  <level>END</level>
  <class>com.kms.katalon.core.logging.XmlKeywordLogger</class>
  <method>endKeyword</method>
  <thread>1</thread>
  <message>End action : out.println(rc_ref.getRCName())</message>
  <nestedLevel>1</nestedLevel>
</record>
<record>
  <date>2019-12-02T10:50:12</date>
  <millis>1575258612649</millis>
  <sequence>51</sequence>
  <level>START</level>
  <class>com.kms.katalon.core.logging.XmlKeywordLogger</class>
  <method>startKeyword</method>
  <thread>1</thread>
  <message>Start action : out.println(rc_ref.getHttpResponse())</message>
  <nestedLevel>1</nestedLevel>
  <property name="startLine">63</property>
  <property name="stepIndex">17</property>
</record>
<record>
  <date>2019-12-02T10:50:12</date>
  <millis>1575258612653</millis>
  <sequence>52</sequence>
  <level>END</level>
  <class>com.kms.katalon.core.logging.XmlKeywordLogger</class>
  <method>endKeyword</method>
  <thread>1</thread>
  <message>End action : out.println(rc_ref.getHttpResponse())</message>
  <nestedLevel>1</nestedLevel>
</record>
<record>
  <date>2019-12-02T10:50:12</date>
  <millis>1575258612653</millis>
  <sequence>53</sequence>
  <level>START</level>
  <class>com.kms.katalon.core.logging.XmlKeywordLogger</class>
  <method>startKeyword</method>
  <thread>1</thread>
  <message>Start action : rcIsTrue = verifyEqual(response_code, rc_ref.getRCName())</message>
  <nestedLevel>1</nestedLevel>
  <property name="startLine">65</property>
  <property name="stepIndex">18</property>
</record>
<record>
  <date>2019-12-02T10:50:12</date>
  <millis>1575258612684</millis>
  <sequence>55</sequence>
  <level>PASSED</level>
  <class>com.kms.katalon.core.logging.XmlKeywordLogger</class>
  <method>logMessage</method>
  <thread>1</thread>
  <message>Actual object &amp;apos;RC00&amp;apos; and expected object &amp;apos;RC00&amp;apos; are equal</message>
  <nestedLevel>1</nestedLevel>
</record>
<record>
  <date>2019-12-02T10:50:12</date>
  <millis>1575258612685</millis>
  <sequence>56</sequence>
  <level>END</level>
  <class>com.kms.katalon.core.logging.XmlKeywordLogger</class>
  <method>endKeyword</method>
  <thread>1</thread>
  <message>End action : rcIsTrue = verifyEqual(response_code, rc_ref.getRCName())</message>
  <nestedLevel>1</nestedLevel>
</record>
<record>
  <date>2019-12-02T10:50:12</date>
  <millis>1575258612686</millis>
  <sequence>57</sequence>
  <level>START</level>
  <class>com.kms.katalon.core.logging.XmlKeywordLogger</class>
  <method>startKeyword</method>
  <thread>1</thread>
  <message>Start action : httpRespIsTrue = verifyEqual(statusCode, rc_ref.getHttpResponse())</message>
  <nestedLevel>1</nestedLevel>
  <property name="startLine">66</property>
  <property name="stepIndex">19</property>
</record>
<record>
  <date>2019-12-02T10:50:12</date>
  <millis>1575258612691</millis>
  <sequence>59</sequence>
  <level>PASSED</level>
  <class>com.kms.katalon.core.logging.XmlKeywordLogger</class>
  <method>logMessage</method>
  <thread>1</thread>
  <message>Actual object &amp;apos;200&amp;apos; and expected object &amp;apos;200&amp;apos; are equal</message>
  <nestedLevel>1</nestedLevel>
</record>
<record>
  <date>2019-12-02T10:50:12</date>
  <millis>1575258612692</millis>
  <sequence>60</sequence>
  <level>END</level>
  <class>com.kms.katalon.core.logging.XmlKeywordLogger</class>
  <method>endKeyword</method>
  <thread>1</thread>
  <message>End action : httpRespIsTrue = verifyEqual(statusCode, rc_ref.getHttpResponse())</message>
  <nestedLevel>1</nestedLevel>
</record>
<record>
  <date>2019-12-02T10:50:12</date>
  <millis>1575258612692</millis>
  <sequence>61</sequence>
  <level>START</level>
  <class>com.kms.katalon.core.logging.XmlKeywordLogger</class>
  <method>startKeyword</method>
  <thread>1</thread>
  <message>Start action : if (rc_ref == RC00)</message>
  <nestedLevel>1</nestedLevel>
  <property name="startLine">68</property>
  <property name="stepIndex">20</property>
</record>
<record>
  <date>2019-12-02T10:50:12</date>
  <millis>1575258612693</millis>
  <sequence>62</sequence>
  <level>START</level>
  <class>com.kms.katalon.core.logging.XmlKeywordLogger</class>
  <method>startKeyword</method>
  <thread>1</thread>
  <message>Start action : decipheredResponseData = SecureUtils.decryptAesEwallet(data, var_aes_key)</message>
  <nestedLevel>2</nestedLevel>
  <property name="startLine">70</property>
  <property name="stepIndex">1</property>
</record>
<record>
  <date>2019-12-02T10:50:12</date>
  <millis>1575258612698</millis>
  <sequence>63</sequence>
  <level>END</level>
  <class>com.kms.katalon.core.logging.XmlKeywordLogger</class>
  <method>endKeyword</method>
  <thread>1</thread>
  <message>End action : decipheredResponseData = SecureUtils.decryptAesEwallet(data, var_aes_key)</message>
  <nestedLevel>2</nestedLevel>
</record>
<record>
  <date>2019-12-02T10:50:12</date>
  <millis>1575258612698</millis>
  <sequence>64</sequence>
  <level>START</level>
  <class>com.kms.katalon.core.logging.XmlKeywordLogger</class>
  <method>startKeyword</method>
  <thread>1</thread>
  <message>Start action : decipheredRespDataMap = JsonSlurper().parseText(decipheredResponseData)</message>
  <nestedLevel>2</nestedLevel>
  <property name="startLine">71</property>
  <property name="stepIndex">2</property>
</record>
<record>
  <date>2019-12-02T10:50:12</date>
  <millis>1575258612699</millis>
  <sequence>65</sequence>
  <level>END</level>
  <class>com.kms.katalon.core.logging.XmlKeywordLogger</class>
  <method>endKeyword</method>
  <thread>1</thread>
  <message>End action : decipheredRespDataMap = JsonSlurper().parseText(decipheredResponseData)</message>
  <nestedLevel>2</nestedLevel>
</record>
<record>
  <date>2019-12-02T10:50:12</date>
  <millis>1575258612700</millis>
  <sequence>66</sequence>
  <level>START</level>
  <class>com.kms.katalon.core.logging.XmlKeywordLogger</class>
  <method>startKeyword</method>
  <thread>1</thread>
  <message>Start action : out.println(decipheredRespDataMap)</message>
  <nestedLevel>2</nestedLevel>
  <property name="startLine">73</property>
  <property name="stepIndex">3</property>
</record>
<record>
  <date>2019-12-02T10:50:12</date>
  <millis>1575258612700</millis>
  <sequence>67</sequence>
  <level>END</level>
  <class>com.kms.katalon.core.logging.XmlKeywordLogger</class>
  <method>endKeyword</method>
  <thread>1</thread>
  <message>End action : out.println(decipheredRespDataMap)</message>
  <nestedLevel>2</nestedLevel>
</record>
<record>
  <date>2019-12-02T10:50:12</date>
  <millis>1575258612701</millis>
  <sequence>68</sequence>
  <level>START</level>
  <class>com.kms.katalon.core.logging.XmlKeywordLogger</class>
  <method>startKeyword</method>
  <thread>1</thread>
  <message>Start action : access_token_customer = access_token</message>
  <nestedLevel>2</nestedLevel>
  <property name="startLine">76</property>
  <property name="stepIndex">4</property>
</record>
<record>
  <date>2019-12-02T10:50:12</date>
  <millis>1575258612701</millis>
  <sequence>69</sequence>
  <level>END</level>
  <class>com.kms.katalon.core.logging.XmlKeywordLogger</class>
  <method>endKeyword</method>
  <thread>1</thread>
  <message>End action : access_token_customer = access_token</message>
  <nestedLevel>2</nestedLevel>
</record>
<record>
  <date>2019-12-02T10:50:12</date>
  <millis>1575258612701</millis>
  <sequence>70</sequence>
  <level>END</level>
  <class>com.kms.katalon.core.logging.XmlKeywordLogger</class>
  <method>endKeyword</method>
  <thread>1</thread>
  <message>End action : if (rc_ref == RC00)</message>
  <nestedLevel>1</nestedLevel>
</record>
<record>
  <date>2019-12-02T10:50:12</date>
  <millis>1575258612701</millis>
  <sequence>71</sequence>
  <level>PASSED</level>
  <class>com.kms.katalon.core.logging.XmlKeywordLogger</class>
  <method>logMessage</method>
  <thread>1</thread>
  <message>Test Cases/Account/TC_loginCustomer/Login_Customer_Rian</message>
  <nestedLevel>1</nestedLevel>
</record>
<record>
  <date>2019-12-02T10:50:12</date>
  <millis>1575258612702</millis>
  <sequence>72</sequence>
  <level>END</level>
  <class>com.kms.katalon.core.logging.XmlKeywordLogger</class>
  <method>endTest</method>
  <thread>1</thread>
  <message>End Test Case : Test Cases/Account/TC_loginCustomer/Login_Customer_Rian</message>
  <nestedLevel>0</nestedLevel>
</record>
<record>
  <date>2019-12-02T10:50:12</date>
  <millis>1575258612705</millis>
  <sequence>73</sequence>
  <level>START</level>
  <class>com.kms.katalon.core.logging.XmlKeywordLogger</class>
  <method>startKeyword</method>
  <thread>1</thread>
  <message>Start listener action : exportKatalonReports</message>
  <nestedLevel>0</nestedLevel>
</record>
<record>
  <date>2019-12-02T10:50:12</date>
  <millis>1575258612838</millis>
  <sequence>213</sequence>
  <level>INFO</level>
  <class>com.kms.katalon.core.logging.XmlKeywordLogger</class>
  <method>logMessage</method>
  <thread>1</thread>
  <message>Start generating HTML report folder at: D:\\katalon-ewallet\\Reports\\E_Wallet\\TS_createBilling\\TS_createBillingCustomer_push_notif\\20191202_105007...</message>
  <nestedLevel>0</nestedLevel>
</record>
<record>
  <date>2019-12-02T10:50:13</date>
  <millis>1575258613110</millis>
  <sequence>214</sequence>
  <level>INFO</level>
  <class>com.kms.katalon.core.logging.XmlKeywordLogger</class>
  <method>logMessage</method>
  <thread>1</thread>
  <message>HTML report generated</message>
  <nestedLevel>0</nestedLevel>
</record>
<record>
  <date>2019-12-02T10:50:13</date>
  <millis>1575258613111</millis>
  <sequence>215</sequence>
  <level>INFO</level>
  <class>com.kms.katalon.core.logging.XmlKeywordLogger</class>
  <method>logMessage</method>
  <thread>1</thread>
  <message>Start generating CSV report folder at: D:\\katalon-ewallet\\Reports\\E_Wallet\\TS_createBilling\\TS_createBillingCustomer_push_notif\\20191202_105007...</message>
  <nestedLevel>0</nestedLevel>
</record>
<record>
  <date>2019-12-02T10:50:13</date>
  <millis>1575258613130</millis>
  <sequence>216</sequence>
  <level>INFO</level>
  <class>com.kms.katalon.core.logging.XmlKeywordLogger</class>
  <method>logMessage</method>
  <thread>1</thread>
  <message>CSV report generated</message>
  <nestedLevel>0</nestedLevel>
</record>
<record>
  <date>2019-12-02T10:50:13</date>
  <millis>1575258613131</millis>
  <sequence>217</sequence>
  <level>INFO</level>
  <class>com.kms.katalon.core.logging.XmlKeywordLogger</class>
  <method>logMessage</method>
  <thread>1</thread>
  <message>Start generating JUnit report folder at: D:\\katalon-ewallet\\Reports\\E_Wallet\\TS_createBilling\\TS_createBillingCustomer_push_notif\\20191202_105007...</message>
  <nestedLevel>0</nestedLevel>
</record>
<record>
  <date>2019-12-02T10:50:13</date>
  <millis>1575258613268</millis>
  <sequence>218</sequence>
  <level>INFO</level>
  <class>com.kms.katalon.core.logging.XmlKeywordLogger</class>
  <method>logMessage</method>
  <thread>1</thread>
  <message>JUnit report generated</message>
  <nestedLevel>0</nestedLevel>
</record>
<record>
  <date>2019-12-02T10:50:13</date>
  <millis>1575258613268</millis>
  <sequence>220</sequence>
  <level>END</level>
  <class>com.kms.katalon.core.logging.XmlKeywordLogger</class>
  <method>endKeyword</method>
  <thread>1</thread>
  <message>End listener action : exportKatalonReports</message>
  <nestedLevel>0</nestedLevel>
</record>
<record>
  <date>2019-12-02T10:50:13</date>
  <millis>1575258613306</millis>
  <sequence>221</sequence>
  <level>END</level>
  <class>com.kms.katalon.core.logging.XmlKeywordLogger</class>
  <method>endSuite</method>
  <thread>1</thread>
  <message>End Test Suite : Test Suites/E_Wallet/TS_createBilling/TS_createBillingCustomer_push_notif</message>
  <nestedLevel>0</nestedLevel>
</record>
</log>