<?xml version="1.0" encoding="UTF-8" standalone="no"?>
<!DOCTYPE log SYSTEM "logger.dtd">
<log>
<record>
  <date>2019-11-27T16:06:36</date>
  <millis>1574845596026</millis>
  <sequence>0</sequence>
  <level>START</level>
  <class>com.kms.katalon.core.logging.XmlKeywordLogger</class>
  <method>startSuite</method>
  <thread>1</thread>
  <message>Start Test Suite : Test Suites/E_Wallet/TS_createBilling/TS_createBillingCustomer_push_notif</message>
  <nestedLevel>0</nestedLevel>
  <property name="name">TS_createBillingCustomer_push_notif</property>
  <property name="description"></property>
  <property name="id">Test Suites/E_Wallet/TS_createBilling/TS_createBillingCustomer_push_notif</property>
</record>
<record>
  <date>2019-11-27T16:06:36</date>
  <millis>1574845596041</millis>
  <sequence>1</sequence>
  <level>RUN_DATA</level>
  <class>com.kms.katalon.core.logging.XmlKeywordLogger</class>
  <method>logMessage</method>
  <thread>1</thread>
  <message>hostName = Silvi - LAPTOP-ALMT97O4</message>
  <nestedLevel>0</nestedLevel>
  <property name="hostName">Silvi - LAPTOP-ALMT97O4</property>
</record>
<record>
  <date>2019-11-27T16:06:36</date>
  <millis>1574845596042</millis>
  <sequence>2</sequence>
  <level>RUN_DATA</level>
  <class>com.kms.katalon.core.logging.XmlKeywordLogger</class>
  <method>logMessage</method>
  <thread>1</thread>
  <message>os = Windows 10 64bit</message>
  <nestedLevel>0</nestedLevel>
  <property name="os">Windows 10 64bit</property>
</record>
<record>
  <date>2019-11-27T16:06:36</date>
  <millis>1574845596043</millis>
  <sequence>3</sequence>
  <level>RUN_DATA</level>
  <class>com.kms.katalon.core.logging.XmlKeywordLogger</class>
  <method>logMessage</method>
  <thread>1</thread>
  <message>hostAddress = 192.168.4.154</message>
  <nestedLevel>0</nestedLevel>
  <property name="hostAddress">192.168.4.154</property>
</record>
<record>
  <date>2019-11-27T16:06:36</date>
  <millis>1574845596043</millis>
  <sequence>4</sequence>
  <level>RUN_DATA</level>
  <class>com.kms.katalon.core.logging.XmlKeywordLogger</class>
  <method>logMessage</method>
  <thread>1</thread>
  <message>katalonVersion = 6.2.2.4</message>
  <nestedLevel>0</nestedLevel>
  <property name="katalonVersion">6.2.2.4</property>
</record>
<record>
  <date>2019-11-27T16:06:36</date>
  <millis>1574845596275</millis>
  <sequence>5</sequence>
  <level>START</level>
  <class>com.kms.katalon.core.logging.XmlKeywordLogger</class>
  <method>startTest</method>
  <thread>1</thread>
  <message>Start Test Case : Test Cases/Account/Login_Customer/Login_081266483909</message>
  <nestedLevel>1</nestedLevel>
  <property name="name">Test Cases/Account/Login_Customer/Login_081266483909</property>
  <property name="description"></property>
  <property name="id">Test Cases/Account/Login_Customer/Login_081266483909</property>
  <property name="source">D:\\katalon-ewallet\\Test Cases\\Account\\Login_Customer\\Login_081266483909.tc</property>
  <property name="tag"></property>
  <property name="isOptional">false</property>
</record>
<record>
  <date>2019-11-27T16:06:37</date>
  <millis>1574845597065</millis>
  <sequence>11</sequence>
  <level>INFO</level>
  <class>com.kms.katalon.core.logging.XmlKeywordLogger</class>
  <method>logMessage</method>
  <thread>1</thread>
  <message>(Default) var_user_agent = 1</message>
  <nestedLevel>1</nestedLevel>
</record>
<record>
  <date>2019-11-27T16:06:37</date>
  <millis>1574845597106</millis>
  <sequence>16</sequence>
  <level>INFO</level>
  <class>com.kms.katalon.core.logging.XmlKeywordLogger</class>
  <method>logMessage</method>
  <thread>1</thread>
  <message>(Default) var_user_pin = 159753</message>
  <nestedLevel>1</nestedLevel>
</record>
<record>
  <date>2019-11-27T16:06:37</date>
  <millis>1574845597145</millis>
  <sequence>21</sequence>
  <level>INFO</level>
  <class>com.kms.katalon.core.logging.XmlKeywordLogger</class>
  <method>logMessage</method>
  <thread>1</thread>
  <message>(Default) var_phone_number = 081266483909</message>
  <nestedLevel>1</nestedLevel>
</record>
<record>
  <date>2019-11-27T16:06:37</date>
  <millis>1574845597181</millis>
  <sequence>26</sequence>
  <level>INFO</level>
  <class>com.kms.katalon.core.logging.XmlKeywordLogger</class>
  <method>logMessage</method>
  <thread>1</thread>
  <message>(Default) var_device_id = 123456</message>
  <nestedLevel>1</nestedLevel>
</record>
<record>
  <date>2019-11-27T16:06:37</date>
  <millis>1574845597219</millis>
  <sequence>31</sequence>
  <level>INFO</level>
  <class>com.kms.katalon.core.logging.XmlKeywordLogger</class>
  <method>logMessage</method>
  <thread>1</thread>
  <message>(Default) var_fcm_token = d1ElCEl-y84:APA91bGaOFpOb43fDEWCR4-mwHmscFG3vfCIrH_ie3W5DS0pXqSXqmyDkB_E2IegHIOdPeDLqTO4Zdk1LFyPF_16Vd4f7_fix6c9efIJYYer8O-FVy5taoHkNT9LX22Mx5l-a__ZfnZH</message>
  <nestedLevel>1</nestedLevel>
</record>
<record>
  <date>2019-11-27T16:06:37</date>
  <millis>1574845597254</millis>
  <sequence>36</sequence>
  <level>INFO</level>
  <class>com.kms.katalon.core.logging.XmlKeywordLogger</class>
  <method>logMessage</method>
  <thread>1</thread>
  <message>(Default) var_expected_rc = RC00</message>
  <nestedLevel>1</nestedLevel>
</record>
<record>
  <date>2019-11-27T16:06:37</date>
  <millis>1574845597508</millis>
  <sequence>37</sequence>
  <level>INFO</level>
  <class>com.kms.katalon.core.logging.XmlKeywordLogger</class>
  <method>logMessage</method>
  <thread>1</thread>
  <message>(Default) access_token_customer = </message>
  <nestedLevel>1</nestedLevel>
</record>
<record>
  <date>2019-11-27T16:06:37</date>
  <millis>1574845597515</millis>
  <sequence>38</sequence>
  <level>INFO</level>
  <class>com.kms.katalon.core.logging.XmlKeywordLogger</class>
  <method>logMessage</method>
  <thread>1</thread>
  <message>(Default) var_aes_key = this_key_have_to_equal_32_bytes!</message>
  <nestedLevel>1</nestedLevel>
</record>
<record>
  <date>2019-11-27T16:06:37</date>
  <millis>1574845597718</millis>
  <sequence>39</sequence>
  <level>START</level>
  <class>com.kms.katalon.core.logging.XmlKeywordLogger</class>
  <method>startKeyword</method>
  <thread>1</thread>
  <message>Start action : var_enciphered_pin = SecureUtils.doEncryptPinRsaEwallet(dev_public_pem_file, var_user_pin)</message>
  <nestedLevel>1</nestedLevel>
  <property name="startLine">26</property>
  <property name="stepIndex">1</property>
</record>
<record>
  <date>2019-11-27T16:06:38</date>
  <millis>1574845598584</millis>
  <sequence>40</sequence>
  <level>END</level>
  <class>com.kms.katalon.core.logging.XmlKeywordLogger</class>
  <method>endKeyword</method>
  <thread>1</thread>
  <message>End action : var_enciphered_pin = SecureUtils.doEncryptPinRsaEwallet(dev_public_pem_file, var_user_pin)</message>
  <nestedLevel>1</nestedLevel>
</record>
<record>
  <date>2019-11-27T16:06:38</date>
  <millis>1574845598584</millis>
  <sequence>41</sequence>
  <level>START</level>
  <class>com.kms.katalon.core.logging.XmlKeywordLogger</class>
  <method>startKeyword</method>
  <thread>1</thread>
  <message>Start action : plain = \&amp;quot;{\&amp;quot; + \&amp;quot;\&amp;quot;user_agent\&amp;quot;:\&amp;quot;\&amp;quot; + var_user_agent + \&amp;quot;\&amp;quot;,\&amp;quot; + \&amp;quot;\&amp;quot;phone_number\&amp;quot;:\&amp;quot;\&amp;quot; + var_phone_number + \&amp;quot;\&amp;quot;,\&amp;quot; + \&amp;quot;\&amp;quot;pin\&amp;quot;:\&amp;quot;\&amp;quot; + var_enciphered_pin + \&amp;quot;\&amp;quot;,\&amp;quot; + \&amp;quot;\&amp;quot;device_id\&amp;quot;:\&amp;quot;\&amp;quot; + var_device_id + \&amp;quot;\&amp;quot;,\&amp;quot; + \&amp;quot;\&amp;quot;fcm_token\&amp;quot;:\&amp;quot;\&amp;quot; + var_fcm_token + \&amp;quot;\&amp;quot;}\&amp;quot;</message>
  <nestedLevel>1</nestedLevel>
  <property name="startLine">27</property>
  <property name="stepIndex">2</property>
</record>
<record>
  <date>2019-11-27T16:06:38</date>
  <millis>1574845598585</millis>
  <sequence>42</sequence>
  <level>END</level>
  <class>com.kms.katalon.core.logging.XmlKeywordLogger</class>
  <method>endKeyword</method>
  <thread>1</thread>
  <message>End action : plain = \&amp;quot;{\&amp;quot; + \&amp;quot;\&amp;quot;user_agent\&amp;quot;:\&amp;quot;\&amp;quot; + var_user_agent + \&amp;quot;\&amp;quot;,\&amp;quot; + \&amp;quot;\&amp;quot;phone_number\&amp;quot;:\&amp;quot;\&amp;quot; + var_phone_number + \&amp;quot;\&amp;quot;,\&amp;quot; + \&amp;quot;\&amp;quot;pin\&amp;quot;:\&amp;quot;\&amp;quot; + var_enciphered_pin + \&amp;quot;\&amp;quot;,\&amp;quot; + \&amp;quot;\&amp;quot;device_id\&amp;quot;:\&amp;quot;\&amp;quot; + var_device_id + \&amp;quot;\&amp;quot;,\&amp;quot; + \&amp;quot;\&amp;quot;fcm_token\&amp;quot;:\&amp;quot;\&amp;quot; + var_fcm_token + \&amp;quot;\&amp;quot;}\&amp;quot;</message>
  <nestedLevel>1</nestedLevel>
</record>
<record>
  <date>2019-11-27T16:06:38</date>
  <millis>1574845598587</millis>
  <sequence>43</sequence>
  <level>START</level>
  <class>com.kms.katalon.core.logging.XmlKeywordLogger</class>
  <method>startKeyword</method>
  <thread>1</thread>
  <message>Start action : out.println(plain)</message>
  <nestedLevel>1</nestedLevel>
  <property name="startLine">36</property>
  <property name="stepIndex">3</property>
</record>
<record>
  <date>2019-11-27T16:06:38</date>
  <millis>1574845598593</millis>
  <sequence>44</sequence>
  <level>END</level>
  <class>com.kms.katalon.core.logging.XmlKeywordLogger</class>
  <method>endKeyword</method>
  <thread>1</thread>
  <message>End action : out.println(plain)</message>
  <nestedLevel>1</nestedLevel>
</record>
<record>
  <date>2019-11-27T16:06:38</date>
  <millis>1574845598594</millis>
  <sequence>45</sequence>
  <level>START</level>
  <class>com.kms.katalon.core.logging.XmlKeywordLogger</class>
  <method>startKeyword</method>
  <thread>1</thread>
  <message>Start action : encipheredData = SecureUtils.encryptAesEwallet(plain, var_aes_key)</message>
  <nestedLevel>1</nestedLevel>
  <property name="startLine">39</property>
  <property name="stepIndex">4</property>
</record>
<record>
  <date>2019-11-27T16:06:38</date>
  <millis>1574845598620</millis>
  <sequence>46</sequence>
  <level>END</level>
  <class>com.kms.katalon.core.logging.XmlKeywordLogger</class>
  <method>endKeyword</method>
  <thread>1</thread>
  <message>End action : encipheredData = SecureUtils.encryptAesEwallet(plain, var_aes_key)</message>
  <nestedLevel>1</nestedLevel>
</record>
<record>
  <date>2019-11-27T16:06:38</date>
  <millis>1574845598620</millis>
  <sequence>47</sequence>
  <level>START</level>
  <class>com.kms.katalon.core.logging.XmlKeywordLogger</class>
  <method>startKeyword</method>
  <thread>1</thread>
  <message>Start action : body = \&amp;quot;{\&amp;quot;organisation_id\&amp;quot;:\&amp;quot;1\&amp;quot;,\&amp;quot;data\&amp;quot;:\&amp;quot;\&amp;quot; + encipheredData + \&amp;quot;\&amp;quot;,\&amp;quot;lang\&amp;quot;:\&amp;quot;id\&amp;quot;}\&amp;quot;</message>
  <nestedLevel>1</nestedLevel>
  <property name="startLine">42</property>
  <property name="stepIndex">5</property>
</record>
<record>
  <date>2019-11-27T16:06:38</date>
  <millis>1574845598621</millis>
  <sequence>48</sequence>
  <level>END</level>
  <class>com.kms.katalon.core.logging.XmlKeywordLogger</class>
  <method>endKeyword</method>
  <thread>1</thread>
  <message>End action : body = \&amp;quot;{\&amp;quot;organisation_id\&amp;quot;:\&amp;quot;1\&amp;quot;,\&amp;quot;data\&amp;quot;:\&amp;quot;\&amp;quot; + encipheredData + \&amp;quot;\&amp;quot;,\&amp;quot;lang\&amp;quot;:\&amp;quot;id\&amp;quot;}\&amp;quot;</message>
  <nestedLevel>1</nestedLevel>
</record>
<record>
  <date>2019-11-27T16:06:38</date>
  <millis>1574845598621</millis>
  <sequence>49</sequence>
  <level>START</level>
  <class>com.kms.katalon.core.logging.XmlKeywordLogger</class>
  <method>startKeyword</method>
  <thread>1</thread>
  <message>Start action : out.println(body)</message>
  <nestedLevel>1</nestedLevel>
  <property name="startLine">44</property>
  <property name="stepIndex">6</property>
</record>
<record>
  <date>2019-11-27T16:06:38</date>
  <millis>1574845598623</millis>
  <sequence>50</sequence>
  <level>END</level>
  <class>com.kms.katalon.core.logging.XmlKeywordLogger</class>
  <method>endKeyword</method>
  <thread>1</thread>
  <message>End action : out.println(body)</message>
  <nestedLevel>1</nestedLevel>
</record>
<record>
  <date>2019-11-27T16:06:38</date>
  <millis>1574845598623</millis>
  <sequence>51</sequence>
  <level>START</level>
  <class>com.kms.katalon.core.logging.XmlKeywordLogger</class>
  <method>startKeyword</method>
  <thread>1</thread>
  <message>Start action : request = findTestObject(\&amp;quot;Account/Login_Customer_URL\&amp;quot;)</message>
  <nestedLevel>1</nestedLevel>
  <property name="startLine">46</property>
  <property name="stepIndex">7</property>
</record>
<record>
  <date>2019-11-27T16:06:38</date>
  <millis>1574845598668</millis>
  <sequence>53</sequence>
  <level>END</level>
  <class>com.kms.katalon.core.logging.XmlKeywordLogger</class>
  <method>endKeyword</method>
  <thread>1</thread>
  <message>End action : request = findTestObject(\&amp;quot;Account/Login_Customer_URL\&amp;quot;)</message>
  <nestedLevel>1</nestedLevel>
</record>
<record>
  <date>2019-11-27T16:06:38</date>
  <millis>1574845598668</millis>
  <sequence>54</sequence>
  <level>START</level>
  <class>com.kms.katalon.core.logging.XmlKeywordLogger</class>
  <method>startKeyword</method>
  <thread>1</thread>
  <message>Start action : request.setBodyContent(new com.kms.katalon.core.testobject.impl.HttpTextBodyContent(body, UTF-8, application/json))</message>
  <nestedLevel>1</nestedLevel>
  <property name="startLine">47</property>
  <property name="stepIndex">8</property>
</record>
<record>
  <date>2019-11-27T16:06:38</date>
  <millis>1574845598704</millis>
  <sequence>55</sequence>
  <level>END</level>
  <class>com.kms.katalon.core.logging.XmlKeywordLogger</class>
  <method>endKeyword</method>
  <thread>1</thread>
  <message>End action : request.setBodyContent(new com.kms.katalon.core.testobject.impl.HttpTextBodyContent(body, UTF-8, application/json))</message>
  <nestedLevel>1</nestedLevel>
</record>
<record>
  <date>2019-11-27T16:06:38</date>
  <millis>1574845598705</millis>
  <sequence>56</sequence>
  <level>START</level>
  <class>com.kms.katalon.core.logging.XmlKeywordLogger</class>
  <method>startKeyword</method>
  <thread>1</thread>
  <message>Start action : response = sendRequest(request)</message>
  <nestedLevel>1</nestedLevel>
  <property name="startLine">49</property>
  <property name="stepIndex">9</property>
</record>
<record>
  <date>2019-11-27T16:06:39</date>
  <millis>1574845599304</millis>
  <sequence>58</sequence>
  <level>INFO</level>
  <class>com.kms.katalon.core.logging.XmlKeywordLogger</class>
  <method>logMessage</method>
  <thread>1</thread>
  <message>HAR: D:\\katalon-ewallet\\Reports\\E_Wallet\\TS_createBilling\\TS_createBillingCustomer_push_notif\\20191127_160634\\requests\\main\\0.har</message>
  <nestedLevel>1</nestedLevel>
  <property name="harId">7f162f40-3a72-4bf5-a2ae-51bcbd5303a3</property>
</record>
<record>
  <date>2019-11-27T16:06:39</date>
  <millis>1574845599374</millis>
  <sequence>59</sequence>
  <level>PASSED</level>
  <class>com.kms.katalon.core.logging.XmlKeywordLogger</class>
  <method>logMessage</method>
  <thread>1</thread>
  <message>Send request successfully</message>
  <nestedLevel>1</nestedLevel>
</record>
<record>
  <date>2019-11-27T16:06:39</date>
  <millis>1574845599375</millis>
  <sequence>60</sequence>
  <level>END</level>
  <class>com.kms.katalon.core.logging.XmlKeywordLogger</class>
  <method>endKeyword</method>
  <thread>1</thread>
  <message>End action : response = sendRequest(request)</message>
  <nestedLevel>1</nestedLevel>
</record>
<record>
  <date>2019-11-27T16:06:39</date>
  <millis>1574845599375</millis>
  <sequence>61</sequence>
  <level>START</level>
  <class>com.kms.katalon.core.logging.XmlKeywordLogger</class>
  <method>startKeyword</method>
  <thread>1</thread>
  <message>Start action : println(request.getRestUrl())</message>
  <nestedLevel>1</nestedLevel>
  <property name="startLine">52</property>
  <property name="stepIndex">10</property>
</record>
<record>
  <date>2019-11-27T16:06:39</date>
  <millis>1574845599378</millis>
  <sequence>62</sequence>
  <level>END</level>
  <class>com.kms.katalon.core.logging.XmlKeywordLogger</class>
  <method>endKeyword</method>
  <thread>1</thread>
  <message>End action : println(request.getRestUrl())</message>
  <nestedLevel>1</nestedLevel>
</record>
<record>
  <date>2019-11-27T16:06:39</date>
  <millis>1574845599379</millis>
  <sequence>63</sequence>
  <level>START</level>
  <class>com.kms.katalon.core.logging.XmlKeywordLogger</class>
  <method>startKeyword</method>
  <thread>1</thread>
  <message>Start action : body_content = responseBodyContent</message>
  <nestedLevel>1</nestedLevel>
  <property name="startLine">53</property>
  <property name="stepIndex">11</property>
</record>
<record>
  <date>2019-11-27T16:06:39</date>
  <millis>1574845599385</millis>
  <sequence>64</sequence>
  <level>END</level>
  <class>com.kms.katalon.core.logging.XmlKeywordLogger</class>
  <method>endKeyword</method>
  <thread>1</thread>
  <message>End action : body_content = responseBodyContent</message>
  <nestedLevel>1</nestedLevel>
</record>
<record>
  <date>2019-11-27T16:06:39</date>
  <millis>1574845599385</millis>
  <sequence>65</sequence>
  <level>START</level>
  <class>com.kms.katalon.core.logging.XmlKeywordLogger</class>
  <method>startKeyword</method>
  <thread>1</thread>
  <message>Start action : status_code = statusCode</message>
  <nestedLevel>1</nestedLevel>
  <property name="startLine">54</property>
  <property name="stepIndex">12</property>
</record>
<record>
  <date>2019-11-27T16:06:39</date>
  <millis>1574845599386</millis>
  <sequence>66</sequence>
  <level>END</level>
  <class>com.kms.katalon.core.logging.XmlKeywordLogger</class>
  <method>endKeyword</method>
  <thread>1</thread>
  <message>End action : status_code = statusCode</message>
  <nestedLevel>1</nestedLevel>
</record>
<record>
  <date>2019-11-27T16:06:39</date>
  <millis>1574845599386</millis>
  <sequence>67</sequence>
  <level>START</level>
  <class>com.kms.katalon.core.logging.XmlKeywordLogger</class>
  <method>startKeyword</method>
  <thread>1</thread>
  <message>Start action : respDataMap = JsonSlurper().parseText(body_content)</message>
  <nestedLevel>1</nestedLevel>
  <property name="startLine">56</property>
  <property name="stepIndex">13</property>
</record>
<record>
  <date>2019-11-27T16:06:39</date>
  <millis>1574845599397</millis>
  <sequence>68</sequence>
  <level>END</level>
  <class>com.kms.katalon.core.logging.XmlKeywordLogger</class>
  <method>endKeyword</method>
  <thread>1</thread>
  <message>End action : respDataMap = JsonSlurper().parseText(body_content)</message>
  <nestedLevel>1</nestedLevel>
</record>
<record>
  <date>2019-11-27T16:06:39</date>
  <millis>1574845599397</millis>
  <sequence>69</sequence>
  <level>START</level>
  <class>com.kms.katalon.core.logging.XmlKeywordLogger</class>
  <method>startKeyword</method>
  <thread>1</thread>
  <message>Start action : out.println(respDataMap)</message>
  <nestedLevel>1</nestedLevel>
  <property name="startLine">58</property>
  <property name="stepIndex">14</property>
</record>
<record>
  <date>2019-11-27T16:06:39</date>
  <millis>1574845599399</millis>
  <sequence>70</sequence>
  <level>END</level>
  <class>com.kms.katalon.core.logging.XmlKeywordLogger</class>
  <method>endKeyword</method>
  <thread>1</thread>
  <message>End action : out.println(respDataMap)</message>
  <nestedLevel>1</nestedLevel>
</record>
<record>
  <date>2019-11-27T16:06:39</date>
  <millis>1574845599400</millis>
  <sequence>71</sequence>
  <level>START</level>
  <class>com.kms.katalon.core.logging.XmlKeywordLogger</class>
  <method>startKeyword</method>
  <thread>1</thread>
  <message>Start action : rc_ref = ReturnCodeWrapper(var_expected_rc).getEnumRC()</message>
  <nestedLevel>1</nestedLevel>
  <property name="startLine">60</property>
  <property name="stepIndex">15</property>
</record>
<record>
  <date>2019-11-27T16:06:39</date>
  <millis>1574845599412</millis>
  <sequence>72</sequence>
  <level>END</level>
  <class>com.kms.katalon.core.logging.XmlKeywordLogger</class>
  <method>endKeyword</method>
  <thread>1</thread>
  <message>End action : rc_ref = ReturnCodeWrapper(var_expected_rc).getEnumRC()</message>
  <nestedLevel>1</nestedLevel>
</record>
<record>
  <date>2019-11-27T16:06:39</date>
  <millis>1574845599412</millis>
  <sequence>73</sequence>
  <level>START</level>
  <class>com.kms.katalon.core.logging.XmlKeywordLogger</class>
  <method>startKeyword</method>
  <thread>1</thread>
  <message>Start action : out.println(var_expected_rc)</message>
  <nestedLevel>1</nestedLevel>
  <property name="startLine">62</property>
  <property name="stepIndex">16</property>
</record>
<record>
  <date>2019-11-27T16:06:39</date>
  <millis>1574845599414</millis>
  <sequence>74</sequence>
  <level>END</level>
  <class>com.kms.katalon.core.logging.XmlKeywordLogger</class>
  <method>endKeyword</method>
  <thread>1</thread>
  <message>End action : out.println(var_expected_rc)</message>
  <nestedLevel>1</nestedLevel>
</record>
<record>
  <date>2019-11-27T16:06:39</date>
  <millis>1574845599414</millis>
  <sequence>75</sequence>
  <level>START</level>
  <class>com.kms.katalon.core.logging.XmlKeywordLogger</class>
  <method>startKeyword</method>
  <thread>1</thread>
  <message>Start action : out.println(rc_ref.getRCName())</message>
  <nestedLevel>1</nestedLevel>
  <property name="startLine">63</property>
  <property name="stepIndex">17</property>
</record>
<record>
  <date>2019-11-27T16:06:39</date>
  <millis>1574845599416</millis>
  <sequence>76</sequence>
  <level>END</level>
  <class>com.kms.katalon.core.logging.XmlKeywordLogger</class>
  <method>endKeyword</method>
  <thread>1</thread>
  <message>End action : out.println(rc_ref.getRCName())</message>
  <nestedLevel>1</nestedLevel>
</record>
<record>
  <date>2019-11-27T16:06:39</date>
  <millis>1574845599416</millis>
  <sequence>77</sequence>
  <level>START</level>
  <class>com.kms.katalon.core.logging.XmlKeywordLogger</class>
  <method>startKeyword</method>
  <thread>1</thread>
  <message>Start action : out.println(rc_ref.getHttpResponse())</message>
  <nestedLevel>1</nestedLevel>
  <property name="startLine">64</property>
  <property name="stepIndex">18</property>
</record>
<record>
  <date>2019-11-27T16:06:39</date>
  <millis>1574845599419</millis>
  <sequence>78</sequence>
  <level>END</level>
  <class>com.kms.katalon.core.logging.XmlKeywordLogger</class>
  <method>endKeyword</method>
  <thread>1</thread>
  <message>End action : out.println(rc_ref.getHttpResponse())</message>
  <nestedLevel>1</nestedLevel>
</record>
<record>
  <date>2019-11-27T16:06:39</date>
  <millis>1574845599419</millis>
  <sequence>79</sequence>
  <level>START</level>
  <class>com.kms.katalon.core.logging.XmlKeywordLogger</class>
  <method>startKeyword</method>
  <thread>1</thread>
  <message>Start action : rcIsTrue = verifyEqual(response_code, rc_ref.getRCName())</message>
  <nestedLevel>1</nestedLevel>
  <property name="startLine">66</property>
  <property name="stepIndex">19</property>
</record>
<record>
  <date>2019-11-27T16:06:39</date>
  <millis>1574845599442</millis>
  <sequence>81</sequence>
  <level>PASSED</level>
  <class>com.kms.katalon.core.logging.XmlKeywordLogger</class>
  <method>logMessage</method>
  <thread>1</thread>
  <message>Actual object &amp;apos;RC00&amp;apos; and expected object &amp;apos;RC00&amp;apos; are equal</message>
  <nestedLevel>1</nestedLevel>
</record>
<record>
  <date>2019-11-27T16:06:39</date>
  <millis>1574845599442</millis>
  <sequence>82</sequence>
  <level>END</level>
  <class>com.kms.katalon.core.logging.XmlKeywordLogger</class>
  <method>endKeyword</method>
  <thread>1</thread>
  <message>End action : rcIsTrue = verifyEqual(response_code, rc_ref.getRCName())</message>
  <nestedLevel>1</nestedLevel>
</record>
<record>
  <date>2019-11-27T16:06:39</date>
  <millis>1574845599442</millis>
  <sequence>83</sequence>
  <level>START</level>
  <class>com.kms.katalon.core.logging.XmlKeywordLogger</class>
  <method>startKeyword</method>
  <thread>1</thread>
  <message>Start action : httpRespIsTrue = verifyEqual(statusCode, rc_ref.getHttpResponse())</message>
  <nestedLevel>1</nestedLevel>
  <property name="startLine">67</property>
  <property name="stepIndex">20</property>
</record>
<record>
  <date>2019-11-27T16:06:39</date>
  <millis>1574845599446</millis>
  <sequence>85</sequence>
  <level>PASSED</level>
  <class>com.kms.katalon.core.logging.XmlKeywordLogger</class>
  <method>logMessage</method>
  <thread>1</thread>
  <message>Actual object &amp;apos;200&amp;apos; and expected object &amp;apos;200&amp;apos; are equal</message>
  <nestedLevel>1</nestedLevel>
</record>
<record>
  <date>2019-11-27T16:06:39</date>
  <millis>1574845599447</millis>
  <sequence>86</sequence>
  <level>END</level>
  <class>com.kms.katalon.core.logging.XmlKeywordLogger</class>
  <method>endKeyword</method>
  <thread>1</thread>
  <message>End action : httpRespIsTrue = verifyEqual(statusCode, rc_ref.getHttpResponse())</message>
  <nestedLevel>1</nestedLevel>
</record>
<record>
  <date>2019-11-27T16:06:39</date>
  <millis>1574845599447</millis>
  <sequence>87</sequence>
  <level>START</level>
  <class>com.kms.katalon.core.logging.XmlKeywordLogger</class>
  <method>startKeyword</method>
  <thread>1</thread>
  <message>Start action : if (rc_ref == RC00)</message>
  <nestedLevel>1</nestedLevel>
  <property name="startLine">69</property>
  <property name="stepIndex">21</property>
</record>
<record>
  <date>2019-11-27T16:06:39</date>
  <millis>1574845599448</millis>
  <sequence>88</sequence>
  <level>START</level>
  <class>com.kms.katalon.core.logging.XmlKeywordLogger</class>
  <method>startKeyword</method>
  <thread>1</thread>
  <message>Start action : decipheredResponseData = SecureUtils.decryptAesEwallet(data, var_aes_key)</message>
  <nestedLevel>2</nestedLevel>
  <property name="startLine">71</property>
  <property name="stepIndex">1</property>
</record>
<record>
  <date>2019-11-27T16:06:39</date>
  <millis>1574845599452</millis>
  <sequence>89</sequence>
  <level>END</level>
  <class>com.kms.katalon.core.logging.XmlKeywordLogger</class>
  <method>endKeyword</method>
  <thread>1</thread>
  <message>End action : decipheredResponseData = SecureUtils.decryptAesEwallet(data, var_aes_key)</message>
  <nestedLevel>2</nestedLevel>
</record>
<record>
  <date>2019-11-27T16:06:39</date>
  <millis>1574845599452</millis>
  <sequence>90</sequence>
  <level>START</level>
  <class>com.kms.katalon.core.logging.XmlKeywordLogger</class>
  <method>startKeyword</method>
  <thread>1</thread>
  <message>Start action : decipheredRespDataMap = JsonSlurper().parseText(decipheredResponseData)</message>
  <nestedLevel>2</nestedLevel>
  <property name="startLine">72</property>
  <property name="stepIndex">2</property>
</record>
<record>
  <date>2019-11-27T16:06:39</date>
  <millis>1574845599453</millis>
  <sequence>91</sequence>
  <level>END</level>
  <class>com.kms.katalon.core.logging.XmlKeywordLogger</class>
  <method>endKeyword</method>
  <thread>1</thread>
  <message>End action : decipheredRespDataMap = JsonSlurper().parseText(decipheredResponseData)</message>
  <nestedLevel>2</nestedLevel>
</record>
<record>
  <date>2019-11-27T16:06:39</date>
  <millis>1574845599453</millis>
  <sequence>92</sequence>
  <level>START</level>
  <class>com.kms.katalon.core.logging.XmlKeywordLogger</class>
  <method>startKeyword</method>
  <thread>1</thread>
  <message>Start action : out.println(decipheredRespDataMap)</message>
  <nestedLevel>2</nestedLevel>
  <property name="startLine">74</property>
  <property name="stepIndex">3</property>
</record>
<record>
  <date>2019-11-27T16:06:39</date>
  <millis>1574845599454</millis>
  <sequence>93</sequence>
  <level>END</level>
  <class>com.kms.katalon.core.logging.XmlKeywordLogger</class>
  <method>endKeyword</method>
  <thread>1</thread>
  <message>End action : out.println(decipheredRespDataMap)</message>
  <nestedLevel>2</nestedLevel>
</record>
<record>
  <date>2019-11-27T16:06:39</date>
  <millis>1574845599455</millis>
  <sequence>94</sequence>
  <level>START</level>
  <class>com.kms.katalon.core.logging.XmlKeywordLogger</class>
  <method>startKeyword</method>
  <thread>1</thread>
  <message>Start action : access_token_customer = access_token</message>
  <nestedLevel>2</nestedLevel>
  <property name="startLine">77</property>
  <property name="stepIndex">4</property>
</record>
<record>
  <date>2019-11-27T16:06:39</date>
  <millis>1574845599455</millis>
  <sequence>95</sequence>
  <level>END</level>
  <class>com.kms.katalon.core.logging.XmlKeywordLogger</class>
  <method>endKeyword</method>
  <thread>1</thread>
  <message>End action : access_token_customer = access_token</message>
  <nestedLevel>2</nestedLevel>
</record>
<record>
  <date>2019-11-27T16:06:39</date>
  <millis>1574845599456</millis>
  <sequence>96</sequence>
  <level>END</level>
  <class>com.kms.katalon.core.logging.XmlKeywordLogger</class>
  <method>endKeyword</method>
  <thread>1</thread>
  <message>End action : if (rc_ref == RC00)</message>
  <nestedLevel>1</nestedLevel>
</record>
<record>
  <date>2019-11-27T16:06:39</date>
  <millis>1574845599456</millis>
  <sequence>97</sequence>
  <level>PASSED</level>
  <class>com.kms.katalon.core.logging.XmlKeywordLogger</class>
  <method>logMessage</method>
  <thread>1</thread>
  <message>Test Cases/Account/Login_Customer/Login_081266483909</message>
  <nestedLevel>1</nestedLevel>
</record>
<record>
  <date>2019-11-27T16:06:39</date>
  <millis>1574845599456</millis>
  <sequence>98</sequence>
  <level>END</level>
  <class>com.kms.katalon.core.logging.XmlKeywordLogger</class>
  <method>endTest</method>
  <thread>1</thread>
  <message>End Test Case : Test Cases/Account/Login_Customer/Login_081266483909</message>
  <nestedLevel>0</nestedLevel>
</record>
<record>
  <date>2019-11-27T16:06:39</date>
  <millis>1574845599463</millis>
  <sequence>99</sequence>
  <level>START</level>
  <class>com.kms.katalon.core.logging.XmlKeywordLogger</class>
  <method>startTest</method>
  <thread>1</thread>
  <message>Start Test Case : Test Cases/E_Wallet/TC_createBilling/TC_createBillingCustomer</message>
  <nestedLevel>1</nestedLevel>
  <property name="name">Test Cases/E_Wallet/TC_createBilling/TC_createBillingCustomer</property>
  <property name="description"></property>
  <property name="id">Test Cases/E_Wallet/TC_createBilling/TC_createBillingCustomer</property>
  <property name="source">D:\\katalon-ewallet\\Test Cases\\E_Wallet\\TC_createBilling\\TC_createBillingCustomer.tc</property>
  <property name="tag"></property>
  <property name="isOptional">false</property>
</record>
<record>
  <date>2019-11-27T16:06:39</date>
  <millis>1574845599477</millis>
  <sequence>101</sequence>
  <level>INFO</level>
  <class>com.kms.katalon.core.logging.XmlKeywordLogger</class>
  <method>logMessage</method>
  <thread>1</thread>
  <message>var_user_agent = 1</message>
  <nestedLevel>1</nestedLevel>
</record>
<record>
  <date>2019-11-27T16:06:39</date>
  <millis>1574845599478</millis>
  <sequence>102</sequence>
  <level>INFO</level>
  <class>com.kms.katalon.core.logging.XmlKeywordLogger</class>
  <method>logMessage</method>
  <thread>1</thread>
  <message>var_trx_type_id = 20</message>
  <nestedLevel>1</nestedLevel>
</record>
<record>
  <date>2019-11-27T16:06:39</date>
  <millis>1574845599478</millis>
  <sequence>103</sequence>
  <level>INFO</level>
  <class>com.kms.katalon.core.logging.XmlKeywordLogger</class>
  <method>logMessage</method>
  <thread>1</thread>
  <message>var_to = merchant</message>
  <nestedLevel>1</nestedLevel>
</record>
<record>
  <date>2019-11-27T16:06:39</date>
  <millis>1574845599478</millis>
  <sequence>104</sequence>
  <level>INFO</level>
  <class>com.kms.katalon.core.logging.XmlKeywordLogger</class>
  <method>logMessage</method>
  <thread>1</thread>
  <message>var_to_id = 7</message>
  <nestedLevel>1</nestedLevel>
</record>
<record>
  <date>2019-11-27T16:06:39</date>
  <millis>1574845599478</millis>
  <sequence>105</sequence>
  <level>INFO</level>
  <class>com.kms.katalon.core.logging.XmlKeywordLogger</class>
  <method>logMessage</method>
  <thread>1</thread>
  <message>var_amount = 50</message>
  <nestedLevel>1</nestedLevel>
</record>
<record>
  <date>2019-11-27T16:06:39</date>
  <millis>1574845599479</millis>
  <sequence>106</sequence>
  <level>INFO</level>
  <class>com.kms.katalon.core.logging.XmlKeywordLogger</class>
  <method>logMessage</method>
  <thread>1</thread>
  <message>var_wallet_id = 1323</message>
  <nestedLevel>1</nestedLevel>
</record>
<record>
  <date>2019-11-27T16:06:39</date>
  <millis>1574845599479</millis>
  <sequence>107</sequence>
  <level>INFO</level>
  <class>com.kms.katalon.core.logging.XmlKeywordLogger</class>
  <method>logMessage</method>
  <thread>1</thread>
  <message>var_billing_ref1 = </message>
  <nestedLevel>1</nestedLevel>
</record>
<record>
  <date>2019-11-27T16:06:39</date>
  <millis>1574845599480</millis>
  <sequence>108</sequence>
  <level>INFO</level>
  <class>com.kms.katalon.core.logging.XmlKeywordLogger</class>
  <method>logMessage</method>
  <thread>1</thread>
  <message>var_billing_ref2 = bilardo|bilardo.741@bkmt.com|ppob_pulsa_prabayar|358240051111110|4|TELKOMSEL|082130427985|5000</message>
  <nestedLevel>1</nestedLevel>
</record>
<record>
  <date>2019-11-27T16:06:39</date>
  <millis>1574845599480</millis>
  <sequence>109</sequence>
  <level>INFO</level>
  <class>com.kms.katalon.core.logging.XmlKeywordLogger</class>
  <method>logMessage</method>
  <thread>1</thread>
  <message>var_billing_ref3 = 3</message>
  <nestedLevel>1</nestedLevel>
</record>
<record>
  <date>2019-11-27T16:06:39</date>
  <millis>1574845599480</millis>
  <sequence>110</sequence>
  <level>INFO</level>
  <class>com.kms.katalon.core.logging.XmlKeywordLogger</class>
  <method>logMessage</method>
  <thread>1</thread>
  <message>var_trace_number = 130663106818688</message>
  <nestedLevel>1</nestedLevel>
</record>
<record>
  <date>2019-11-27T16:06:39</date>
  <millis>1574845599481</millis>
  <sequence>111</sequence>
  <level>INFO</level>
  <class>com.kms.katalon.core.logging.XmlKeywordLogger</class>
  <method>logMessage</method>
  <thread>1</thread>
  <message>var_need_verify = 1</message>
  <nestedLevel>1</nestedLevel>
</record>
<record>
  <date>2019-11-27T16:06:39</date>
  <millis>1574845599481</millis>
  <sequence>112</sequence>
  <level>INFO</level>
  <class>com.kms.katalon.core.logging.XmlKeywordLogger</class>
  <method>logMessage</method>
  <thread>1</thread>
  <message>var_phone_number = 081223330010</message>
  <nestedLevel>1</nestedLevel>
</record>
<record>
  <date>2019-11-27T16:06:39</date>
  <millis>1574845599481</millis>
  <sequence>113</sequence>
  <level>INFO</level>
  <class>com.kms.katalon.core.logging.XmlKeywordLogger</class>
  <method>logMessage</method>
  <thread>1</thread>
  <message>var_unique_code = </message>
  <nestedLevel>1</nestedLevel>
</record>
<record>
  <date>2019-11-27T16:06:39</date>
  <millis>1574845599482</millis>
  <sequence>114</sequence>
  <level>INFO</level>
  <class>com.kms.katalon.core.logging.XmlKeywordLogger</class>
  <method>logMessage</method>
  <thread>1</thread>
  <message>var_expected_rc = RC00</message>
  <nestedLevel>1</nestedLevel>
</record>
<record>
  <date>2019-11-27T16:06:39</date>
  <millis>1574845599482</millis>
  <sequence>115</sequence>
  <level>INFO</level>
  <class>com.kms.katalon.core.logging.XmlKeywordLogger</class>
  <method>logMessage</method>
  <thread>1</thread>
  <message>var_customer_token = 1</message>
  <nestedLevel>1</nestedLevel>
</record>
<record>
  <date>2019-11-27T16:06:39</date>
  <millis>1574845599482</millis>
  <sequence>116</sequence>
  <level>INFO</level>
  <class>com.kms.katalon.core.logging.XmlKeywordLogger</class>
  <method>logMessage</method>
  <thread>1</thread>
  <message>var_partner_token = ABCDEF0123456789</message>
  <nestedLevel>1</nestedLevel>
</record>
<record>
  <date>2019-11-27T16:06:39</date>
  <millis>1574845599494</millis>
  <sequence>117</sequence>
  <level>INFO</level>
  <class>com.kms.katalon.core.logging.XmlKeywordLogger</class>
  <method>logMessage</method>
  <thread>1</thread>
  <message>(Default) access_token_customer = btSZ38sWyEcCVhs65nsEt1xw84tZ6y6LQrvmOWnTYjJNSFyuLHk59YGjGKDP</message>
  <nestedLevel>1</nestedLevel>
</record>
<record>
  <date>2019-11-27T16:06:39</date>
  <millis>1574845599507</millis>
  <sequence>118</sequence>
  <level>INFO</level>
  <class>com.kms.katalon.core.logging.XmlKeywordLogger</class>
  <method>logMessage</method>
  <thread>1</thread>
  <message>(Default) var_aes_key = this_key_have_to_equal_32_bytes!</message>
  <nestedLevel>1</nestedLevel>
</record>
<record>
  <date>2019-11-27T16:06:39</date>
  <millis>1574845599516</millis>
  <sequence>119</sequence>
  <level>INFO</level>
  <class>com.kms.katalon.core.logging.XmlKeywordLogger</class>
  <method>logMessage</method>
  <thread>1</thread>
  <message>(Default) var_fcm_token = </message>
  <nestedLevel>1</nestedLevel>
</record>
<record>
  <date>2019-11-27T16:06:39</date>
  <millis>1574845599526</millis>
  <sequence>120</sequence>
  <level>INFO</level>
  <class>com.kms.katalon.core.logging.XmlKeywordLogger</class>
  <method>logMessage</method>
  <thread>1</thread>
  <message>(Default) var_device_id = </message>
  <nestedLevel>1</nestedLevel>
</record>
<record>
  <date>2019-11-27T16:06:39</date>
  <millis>1574845599526</millis>
  <sequence>121</sequence>
  <level>INFO</level>
  <class>com.kms.katalon.core.logging.XmlKeywordLogger</class>
  <method>logMessage</method>
  <thread>1</thread>
  <message>obj_model = 2</message>
  <nestedLevel>1</nestedLevel>
</record>
<record>
  <date>2019-11-27T16:06:39</date>
  <millis>1574845599788</millis>
  <sequence>122</sequence>
  <level>START</level>
  <class>com.kms.katalon.core.logging.XmlKeywordLogger</class>
  <method>startKeyword</method>
  <thread>1</thread>
  <message>Start action : trace_number = &amp;lt;not implemented yet for class: org.codehaus.groovy.ast.expr.EmptyExpression&amp;gt;</message>
  <nestedLevel>1</nestedLevel>
  <property name="startLine">34</property>
  <property name="stepIndex">1</property>
</record>
<record>
  <date>2019-11-27T16:06:39</date>
  <millis>1574845599789</millis>
  <sequence>123</sequence>
  <level>END</level>
  <class>com.kms.katalon.core.logging.XmlKeywordLogger</class>
  <method>endKeyword</method>
  <thread>1</thread>
  <message>End action : trace_number = &amp;lt;not implemented yet for class: org.codehaus.groovy.ast.expr.EmptyExpression&amp;gt;</message>
  <nestedLevel>1</nestedLevel>
</record>
<record>
  <date>2019-11-27T16:06:39</date>
  <millis>1574845599789</millis>
  <sequence>124</sequence>
  <level>START</level>
  <class>com.kms.katalon.core.logging.XmlKeywordLogger</class>
  <method>startKeyword</method>
  <thread>1</thread>
  <message>Start action : trace_number = Math.random() * 1000000000</message>
  <nestedLevel>1</nestedLevel>
  <property name="startLine">35</property>
  <property name="stepIndex">2</property>
</record>
<record>
  <date>2019-11-27T16:06:39</date>
  <millis>1574845599801</millis>
  <sequence>125</sequence>
  <level>END</level>
  <class>com.kms.katalon.core.logging.XmlKeywordLogger</class>
  <method>endKeyword</method>
  <thread>1</thread>
  <message>End action : trace_number = Math.random() * 1000000000</message>
  <nestedLevel>1</nestedLevel>
</record>
<record>
  <date>2019-11-27T16:06:39</date>
  <millis>1574845599801</millis>
  <sequence>126</sequence>
  <level>START</level>
  <class>com.kms.katalon.core.logging.XmlKeywordLogger</class>
  <method>startKeyword</method>
  <thread>1</thread>
  <message>Start action : partner_token = var_partner_token</message>
  <nestedLevel>1</nestedLevel>
  <property name="startLine">38</property>
  <property name="stepIndex">3</property>
</record>
<record>
  <date>2019-11-27T16:06:39</date>
  <millis>1574845599802</millis>
  <sequence>127</sequence>
  <level>END</level>
  <class>com.kms.katalon.core.logging.XmlKeywordLogger</class>
  <method>endKeyword</method>
  <thread>1</thread>
  <message>End action : partner_token = var_partner_token</message>
  <nestedLevel>1</nestedLevel>
</record>
<record>
  <date>2019-11-27T16:06:39</date>
  <millis>1574845599803</millis>
  <sequence>128</sequence>
  <level>START</level>
  <class>com.kms.katalon.core.logging.XmlKeywordLogger</class>
  <method>startKeyword</method>
  <thread>1</thread>
  <message>Start action : plain = \&amp;quot;{\&amp;quot; + \&amp;quot;\&amp;quot;user_agent\&amp;quot;:\&amp;quot;\&amp;quot; + var_user_agent + \&amp;quot;\&amp;quot;,\&amp;quot; + \&amp;quot;\&amp;quot;trx_type_id\&amp;quot;:\&amp;quot;\&amp;quot; + var_trx_type_id + \&amp;quot;\&amp;quot;,\&amp;quot; + \&amp;quot;\&amp;quot;to\&amp;quot;:\&amp;quot;\&amp;quot; + var_to + \&amp;quot;\&amp;quot;,\&amp;quot; + \&amp;quot;\&amp;quot;to_id\&amp;quot;:\&amp;quot;\&amp;quot; + var_to_id + \&amp;quot;\&amp;quot;,\&amp;quot; + \&amp;quot;\&amp;quot;amount\&amp;quot;:\&amp;quot;\&amp;quot; + var_amount + \&amp;quot;\&amp;quot;,\&amp;quot; + \&amp;quot;\&amp;quot;wallet_id\&amp;quot;:\&amp;quot;\&amp;quot; + var_wallet_id + \&amp;quot;\&amp;quot;,\&amp;quot; + \&amp;quot;\&amp;quot;billing_ref1\&amp;quot;:\&amp;quot;\&amp;quot; + var_billing_ref1 + \&amp;quot;\&amp;quot;,\&amp;quot; + \&amp;quot;\&amp;quot;billing_ref2\&amp;quot;:\&amp;quot;\&amp;quot; + var_billing_ref2 + \&amp;quot;\&amp;quot;,\&amp;quot; + \&amp;quot;\&amp;quot;billing_ref3\&amp;quot;:\&amp;quot;\&amp;quot; + var_billing_ref3 + \&amp;quot;\&amp;quot;,\&amp;quot; + \&amp;quot;\&amp;quot;trace_number\&amp;quot;:\&amp;quot;\&amp;quot; + var_trace_number + \&amp;quot;\&amp;quot;,\&amp;quot; + \&amp;quot;\&amp;quot;need_verify\&amp;quot;:\&amp;quot;\&amp;quot; + var_need_verify + \&amp;quot;\&amp;quot;,\&amp;quot; + \&amp;quot;\&amp;quot;phone_number\&amp;quot;:\&amp;quot;\&amp;quot; + var_phone_number + \&amp;quot;\&amp;quot;,\&amp;quot; + \&amp;quot;\&amp;quot;qr_unique_code\&amp;quot;:\&amp;quot;\&amp;quot; + var_unique_code + \&amp;quot;\&amp;quot;}\&amp;quot;</message>
  <nestedLevel>1</nestedLevel>
  <property name="startLine">39</property>
  <property name="stepIndex">4</property>
</record>
<record>
  <date>2019-11-27T16:06:39</date>
  <millis>1574845599804</millis>
  <sequence>129</sequence>
  <level>END</level>
  <class>com.kms.katalon.core.logging.XmlKeywordLogger</class>
  <method>endKeyword</method>
  <thread>1</thread>
  <message>End action : plain = \&amp;quot;{\&amp;quot; + \&amp;quot;\&amp;quot;user_agent\&amp;quot;:\&amp;quot;\&amp;quot; + var_user_agent + \&amp;quot;\&amp;quot;,\&amp;quot; + \&amp;quot;\&amp;quot;trx_type_id\&amp;quot;:\&amp;quot;\&amp;quot; + var_trx_type_id + \&amp;quot;\&amp;quot;,\&amp;quot; + \&amp;quot;\&amp;quot;to\&amp;quot;:\&amp;quot;\&amp;quot; + var_to + \&amp;quot;\&amp;quot;,\&amp;quot; + \&amp;quot;\&amp;quot;to_id\&amp;quot;:\&amp;quot;\&amp;quot; + var_to_id + \&amp;quot;\&amp;quot;,\&amp;quot; + \&amp;quot;\&amp;quot;amount\&amp;quot;:\&amp;quot;\&amp;quot; + var_amount + \&amp;quot;\&amp;quot;,\&amp;quot; + \&amp;quot;\&amp;quot;wallet_id\&amp;quot;:\&amp;quot;\&amp;quot; + var_wallet_id + \&amp;quot;\&amp;quot;,\&amp;quot; + \&amp;quot;\&amp;quot;billing_ref1\&amp;quot;:\&amp;quot;\&amp;quot; + var_billing_ref1 + \&amp;quot;\&amp;quot;,\&amp;quot; + \&amp;quot;\&amp;quot;billing_ref2\&amp;quot;:\&amp;quot;\&amp;quot; + var_billing_ref2 + \&amp;quot;\&amp;quot;,\&amp;quot; + \&amp;quot;\&amp;quot;billing_ref3\&amp;quot;:\&amp;quot;\&amp;quot; + var_billing_ref3 + \&amp;quot;\&amp;quot;,\&amp;quot; + \&amp;quot;\&amp;quot;trace_number\&amp;quot;:\&amp;quot;\&amp;quot; + var_trace_number + \&amp;quot;\&amp;quot;,\&amp;quot; + \&amp;quot;\&amp;quot;need_verify\&amp;quot;:\&amp;quot;\&amp;quot; + var_need_verify + \&amp;quot;\&amp;quot;,\&amp;quot; + \&amp;quot;\&amp;quot;phone_number\&amp;quot;:\&amp;quot;\&amp;quot; + var_phone_number + \&amp;quot;\&amp;quot;,\&amp;quot; + \&amp;quot;\&amp;quot;qr_unique_code\&amp;quot;:\&amp;quot;\&amp;quot; + var_unique_code + \&amp;quot;\&amp;quot;}\&amp;quot;</message>
  <nestedLevel>1</nestedLevel>
</record>
<record>
  <date>2019-11-27T16:06:39</date>
  <millis>1574845599805</millis>
  <sequence>130</sequence>
  <level>START</level>
  <class>com.kms.katalon.core.logging.XmlKeywordLogger</class>
  <method>startKeyword</method>
  <thread>1</thread>
  <message>Start action : out.println(plain)</message>
  <nestedLevel>1</nestedLevel>
  <property name="startLine">56</property>
  <property name="stepIndex">5</property>
</record>
<record>
  <date>2019-11-27T16:06:39</date>
  <millis>1574845599806</millis>
  <sequence>131</sequence>
  <level>END</level>
  <class>com.kms.katalon.core.logging.XmlKeywordLogger</class>
  <method>endKeyword</method>
  <thread>1</thread>
  <message>End action : out.println(plain)</message>
  <nestedLevel>1</nestedLevel>
</record>
<record>
  <date>2019-11-27T16:06:39</date>
  <millis>1574845599806</millis>
  <sequence>132</sequence>
  <level>START</level>
  <class>com.kms.katalon.core.logging.XmlKeywordLogger</class>
  <method>startKeyword</method>
  <thread>1</thread>
  <message>Start action : out.println(\&amp;quot;var_customer_token\&amp;quot; + var_customer_token)</message>
  <nestedLevel>1</nestedLevel>
  <property name="startLine">57</property>
  <property name="stepIndex">6</property>
</record>
<record>
  <date>2019-11-27T16:06:39</date>
  <millis>1574845599807</millis>
  <sequence>133</sequence>
  <level>END</level>
  <class>com.kms.katalon.core.logging.XmlKeywordLogger</class>
  <method>endKeyword</method>
  <thread>1</thread>
  <message>End action : out.println(\&amp;quot;var_customer_token\&amp;quot; + var_customer_token)</message>
  <nestedLevel>1</nestedLevel>
</record>
<record>
  <date>2019-11-27T16:06:39</date>
  <millis>1574845599807</millis>
  <sequence>134</sequence>
  <level>START</level>
  <class>com.kms.katalon.core.logging.XmlKeywordLogger</class>
  <method>startKeyword</method>
  <thread>1</thread>
  <message>Start action : out.println(\&amp;quot;var_partner_token\&amp;quot; + var_partner_token)</message>
  <nestedLevel>1</nestedLevel>
  <property name="startLine">58</property>
  <property name="stepIndex">7</property>
</record>
<record>
  <date>2019-11-27T16:06:39</date>
  <millis>1574845599808</millis>
  <sequence>135</sequence>
  <level>END</level>
  <class>com.kms.katalon.core.logging.XmlKeywordLogger</class>
  <method>endKeyword</method>
  <thread>1</thread>
  <message>End action : out.println(\&amp;quot;var_partner_token\&amp;quot; + var_partner_token)</message>
  <nestedLevel>1</nestedLevel>
</record>
<record>
  <date>2019-11-27T16:06:39</date>
  <millis>1574845599809</millis>
  <sequence>136</sequence>
  <level>START</level>
  <class>com.kms.katalon.core.logging.XmlKeywordLogger</class>
  <method>startKeyword</method>
  <thread>1</thread>
  <message>Start action : encipheredData = SecureUtils.encryptAesEwallet(plain, var_aes_key)</message>
  <nestedLevel>1</nestedLevel>
  <property name="startLine">61</property>
  <property name="stepIndex">8</property>
</record>
<record>
  <date>2019-11-27T16:06:39</date>
  <millis>1574845599810</millis>
  <sequence>137</sequence>
  <level>END</level>
  <class>com.kms.katalon.core.logging.XmlKeywordLogger</class>
  <method>endKeyword</method>
  <thread>1</thread>
  <message>End action : encipheredData = SecureUtils.encryptAesEwallet(plain, var_aes_key)</message>
  <nestedLevel>1</nestedLevel>
</record>
<record>
  <date>2019-11-27T16:06:39</date>
  <millis>1574845599810</millis>
  <sequence>138</sequence>
  <level>START</level>
  <class>com.kms.katalon.core.logging.XmlKeywordLogger</class>
  <method>startKeyword</method>
  <thread>1</thread>
  <message>Start action : body = \&amp;quot;{\&amp;quot;organisation_id\&amp;quot;:\&amp;quot;1\&amp;quot;,\&amp;quot;data\&amp;quot;:\&amp;quot;\&amp;quot; + encipheredData + \&amp;quot;\&amp;quot;,\&amp;quot;lang\&amp;quot;:\&amp;quot;id\&amp;quot;}\&amp;quot;</message>
  <nestedLevel>1</nestedLevel>
  <property name="startLine">64</property>
  <property name="stepIndex">9</property>
</record>
<record>
  <date>2019-11-27T16:06:39</date>
  <millis>1574845599811</millis>
  <sequence>139</sequence>
  <level>END</level>
  <class>com.kms.katalon.core.logging.XmlKeywordLogger</class>
  <method>endKeyword</method>
  <thread>1</thread>
  <message>End action : body = \&amp;quot;{\&amp;quot;organisation_id\&amp;quot;:\&amp;quot;1\&amp;quot;,\&amp;quot;data\&amp;quot;:\&amp;quot;\&amp;quot; + encipheredData + \&amp;quot;\&amp;quot;,\&amp;quot;lang\&amp;quot;:\&amp;quot;id\&amp;quot;}\&amp;quot;</message>
  <nestedLevel>1</nestedLevel>
</record>
<record>
  <date>2019-11-27T16:06:39</date>
  <millis>1574845599812</millis>
  <sequence>140</sequence>
  <level>START</level>
  <class>com.kms.katalon.core.logging.XmlKeywordLogger</class>
  <method>startKeyword</method>
  <thread>1</thread>
  <message>Start action : out.println(body)</message>
  <nestedLevel>1</nestedLevel>
  <property name="startLine">66</property>
  <property name="stepIndex">10</property>
</record>
<record>
  <date>2019-11-27T16:06:39</date>
  <millis>1574845599813</millis>
  <sequence>141</sequence>
  <level>END</level>
  <class>com.kms.katalon.core.logging.XmlKeywordLogger</class>
  <method>endKeyword</method>
  <thread>1</thread>
  <message>End action : out.println(body)</message>
  <nestedLevel>1</nestedLevel>
</record>
<record>
  <date>2019-11-27T16:06:39</date>
  <millis>1574845599814</millis>
  <sequence>142</sequence>
  <level>START</level>
  <class>com.kms.katalon.core.logging.XmlKeywordLogger</class>
  <method>startKeyword</method>
  <thread>1</thread>
  <message>Start action : request = &amp;lt;not implemented yet for class: org.codehaus.groovy.ast.expr.EmptyExpression&amp;gt;</message>
  <nestedLevel>1</nestedLevel>
  <property name="startLine">69</property>
  <property name="stepIndex">11</property>
</record>
<record>
  <date>2019-11-27T16:06:39</date>
  <millis>1574845599815</millis>
  <sequence>143</sequence>
  <level>END</level>
  <class>com.kms.katalon.core.logging.XmlKeywordLogger</class>
  <method>endKeyword</method>
  <thread>1</thread>
  <message>End action : request = &amp;lt;not implemented yet for class: org.codehaus.groovy.ast.expr.EmptyExpression&amp;gt;</message>
  <nestedLevel>1</nestedLevel>
</record>
<record>
  <date>2019-11-27T16:06:39</date>
  <millis>1574845599815</millis>
  <sequence>144</sequence>
  <level>START</level>
  <class>com.kms.katalon.core.logging.XmlKeywordLogger</class>
  <method>startKeyword</method>
  <thread>1</thread>
  <message>Start action : if (obj_model == \&amp;quot;1\&amp;quot;)</message>
  <nestedLevel>1</nestedLevel>
  <property name="startLine">70</property>
  <property name="stepIndex">12</property>
</record>
<record>
  <date>2019-11-27T16:06:39</date>
  <millis>1574845599816</millis>
  <sequence>145</sequence>
  <level>END</level>
  <class>com.kms.katalon.core.logging.XmlKeywordLogger</class>
  <method>endKeyword</method>
  <thread>1</thread>
  <message>End action : if (obj_model == \&amp;quot;1\&amp;quot;)</message>
  <nestedLevel>1</nestedLevel>
</record>
<record>
  <date>2019-11-27T16:06:39</date>
  <millis>1574845599816</millis>
  <sequence>146</sequence>
  <level>START</level>
  <class>com.kms.katalon.core.logging.XmlKeywordLogger</class>
  <method>startKeyword</method>
  <thread>1</thread>
  <message>Start action : else</message>
  <nestedLevel>1</nestedLevel>
  <property name="startLine">74</property>
  <property name="stepIndex">13</property>
</record>
<record>
  <date>2019-11-27T16:06:39</date>
  <millis>1574845599817</millis>
  <sequence>147</sequence>
  <level>START</level>
  <class>com.kms.katalon.core.logging.XmlKeywordLogger</class>
  <method>startKeyword</method>
  <thread>1</thread>
  <message>Start action : request = findTestObject(\&amp;quot;E_Wallet/obj_createBillingCustomer2\&amp;quot;)</message>
  <nestedLevel>2</nestedLevel>
  <property name="startLine">75</property>
  <property name="stepIndex">1</property>
</record>
<record>
  <date>2019-11-27T16:06:39</date>
  <millis>1574845599860</millis>
  <sequence>149</sequence>
  <level>END</level>
  <class>com.kms.katalon.core.logging.XmlKeywordLogger</class>
  <method>endKeyword</method>
  <thread>1</thread>
  <message>End action : request = findTestObject(\&amp;quot;E_Wallet/obj_createBillingCustomer2\&amp;quot;)</message>
  <nestedLevel>2</nestedLevel>
</record>
<record>
  <date>2019-11-27T16:06:39</date>
  <millis>1574845599860</millis>
  <sequence>150</sequence>
  <level>START</level>
  <class>com.kms.katalon.core.logging.XmlKeywordLogger</class>
  <method>startKeyword</method>
  <thread>1</thread>
  <message>Start action : request.setBodyContent(new com.kms.katalon.core.testobject.impl.HttpTextBodyContent(body, UTF-8, application/json))</message>
  <nestedLevel>2</nestedLevel>
  <property name="startLine">76</property>
  <property name="stepIndex">2</property>
</record>
<record>
  <date>2019-11-27T16:06:39</date>
  <millis>1574845599861</millis>
  <sequence>151</sequence>
  <level>END</level>
  <class>com.kms.katalon.core.logging.XmlKeywordLogger</class>
  <method>endKeyword</method>
  <thread>1</thread>
  <message>End action : request.setBodyContent(new com.kms.katalon.core.testobject.impl.HttpTextBodyContent(body, UTF-8, application/json))</message>
  <nestedLevel>2</nestedLevel>
</record>
<record>
  <date>2019-11-27T16:06:39</date>
  <millis>1574845599861</millis>
  <sequence>152</sequence>
  <level>END</level>
  <class>com.kms.katalon.core.logging.XmlKeywordLogger</class>
  <method>endKeyword</method>
  <thread>1</thread>
  <message>End action : else</message>
  <nestedLevel>1</nestedLevel>
</record>
<record>
  <date>2019-11-27T16:06:39</date>
  <millis>1574845599861</millis>
  <sequence>153</sequence>
  <level>START</level>
  <class>com.kms.katalon.core.logging.XmlKeywordLogger</class>
  <method>startKeyword</method>
  <thread>1</thread>
  <message>Start action : if (var_customer_token == \&amp;quot;0\&amp;quot;)</message>
  <nestedLevel>1</nestedLevel>
  <property name="startLine">79</property>
  <property name="stepIndex">14</property>
</record>
<record>
  <date>2019-11-27T16:06:39</date>
  <millis>1574845599862</millis>
  <sequence>154</sequence>
  <level>END</level>
  <class>com.kms.katalon.core.logging.XmlKeywordLogger</class>
  <method>endKeyword</method>
  <thread>1</thread>
  <message>End action : if (var_customer_token == \&amp;quot;0\&amp;quot;)</message>
  <nestedLevel>1</nestedLevel>
</record>
<record>
  <date>2019-11-27T16:06:39</date>
  <millis>1574845599862</millis>
  <sequence>155</sequence>
  <level>START</level>
  <class>com.kms.katalon.core.logging.XmlKeywordLogger</class>
  <method>startKeyword</method>
  <thread>1</thread>
  <message>Start action : else</message>
  <nestedLevel>1</nestedLevel>
  <property name="startLine">90</property>
  <property name="stepIndex">15</property>
</record>
<record>
  <date>2019-11-27T16:06:39</date>
  <millis>1574845599863</millis>
  <sequence>156</sequence>
  <level>START</level>
  <class>com.kms.katalon.core.logging.XmlKeywordLogger</class>
  <method>startKeyword</method>
  <thread>1</thread>
  <message>Start action : out.println(\&amp;quot;using access_token = \&amp;quot; + access_token_customer)</message>
  <nestedLevel>2</nestedLevel>
  <property name="startLine">91</property>
  <property name="stepIndex">1</property>
</record>
<record>
  <date>2019-11-27T16:06:39</date>
  <millis>1574845599863</millis>
  <sequence>157</sequence>
  <level>END</level>
  <class>com.kms.katalon.core.logging.XmlKeywordLogger</class>
  <method>endKeyword</method>
  <thread>1</thread>
  <message>End action : out.println(\&amp;quot;using access_token = \&amp;quot; + access_token_customer)</message>
  <nestedLevel>2</nestedLevel>
</record>
<record>
  <date>2019-11-27T16:06:39</date>
  <millis>1574845599863</millis>
  <sequence>158</sequence>
  <level>START</level>
  <class>com.kms.katalon.core.logging.XmlKeywordLogger</class>
  <method>startKeyword</method>
  <thread>1</thread>
  <message>Start action : out.println(request.getRestUrl())</message>
  <nestedLevel>2</nestedLevel>
  <property name="startLine">92</property>
  <property name="stepIndex">2</property>
</record>
<record>
  <date>2019-11-27T16:06:39</date>
  <millis>1574845599864</millis>
  <sequence>159</sequence>
  <level>END</level>
  <class>com.kms.katalon.core.logging.XmlKeywordLogger</class>
  <method>endKeyword</method>
  <thread>1</thread>
  <message>End action : out.println(request.getRestUrl())</message>
  <nestedLevel>2</nestedLevel>
</record>
<record>
  <date>2019-11-27T16:06:39</date>
  <millis>1574845599865</millis>
  <sequence>160</sequence>
  <level>END</level>
  <class>com.kms.katalon.core.logging.XmlKeywordLogger</class>
  <method>endKeyword</method>
  <thread>1</thread>
  <message>End action : else</message>
  <nestedLevel>1</nestedLevel>
</record>
<record>
  <date>2019-11-27T16:06:39</date>
  <millis>1574845599865</millis>
  <sequence>161</sequence>
  <level>START</level>
  <class>com.kms.katalon.core.logging.XmlKeywordLogger</class>
  <method>startKeyword</method>
  <thread>1</thread>
  <message>Start action : response = sendRequest(request)</message>
  <nestedLevel>1</nestedLevel>
  <property name="startLine">96</property>
  <property name="stepIndex">16</property>
</record>
<record>
  <date>2019-11-27T16:06:39</date>
  <millis>1574845599954</millis>
  <sequence>163</sequence>
  <level>INFO</level>
  <class>com.kms.katalon.core.logging.XmlKeywordLogger</class>
  <method>logMessage</method>
  <thread>1</thread>
  <message>HAR: D:\\katalon-ewallet\\Reports\\E_Wallet\\TS_createBilling\\TS_createBillingCustomer_push_notif\\20191127_160634\\requests\\main\\1.har</message>
  <nestedLevel>1</nestedLevel>
  <property name="harId">b60e5701-4b35-4fc8-8015-2dc7607ff3b9</property>
</record>
<record>
  <date>2019-11-27T16:06:39</date>
  <millis>1574845599965</millis>
  <sequence>164</sequence>
  <level>PASSED</level>
  <class>com.kms.katalon.core.logging.XmlKeywordLogger</class>
  <method>logMessage</method>
  <thread>1</thread>
  <message>Send request successfully</message>
  <nestedLevel>1</nestedLevel>
</record>
<record>
  <date>2019-11-27T16:06:39</date>
  <millis>1574845599966</millis>
  <sequence>165</sequence>
  <level>END</level>
  <class>com.kms.katalon.core.logging.XmlKeywordLogger</class>
  <method>endKeyword</method>
  <thread>1</thread>
  <message>End action : response = sendRequest(request)</message>
  <nestedLevel>1</nestedLevel>
</record>
<record>
  <date>2019-11-27T16:06:39</date>
  <millis>1574845599966</millis>
  <sequence>166</sequence>
  <level>START</level>
  <class>com.kms.katalon.core.logging.XmlKeywordLogger</class>
  <method>startKeyword</method>
  <thread>1</thread>
  <message>Start action : println(partner_token)</message>
  <nestedLevel>1</nestedLevel>
  <property name="startLine">97</property>
  <property name="stepIndex">17</property>
</record>
<record>
  <date>2019-11-27T16:06:39</date>
  <millis>1574845599966</millis>
  <sequence>167</sequence>
  <level>END</level>
  <class>com.kms.katalon.core.logging.XmlKeywordLogger</class>
  <method>endKeyword</method>
  <thread>1</thread>
  <message>End action : println(partner_token)</message>
  <nestedLevel>1</nestedLevel>
</record>
<record>
  <date>2019-11-27T16:06:39</date>
  <millis>1574845599967</millis>
  <sequence>168</sequence>
  <level>START</level>
  <class>com.kms.katalon.core.logging.XmlKeywordLogger</class>
  <method>startKeyword</method>
  <thread>1</thread>
  <message>Start action : body_content = responseBodyContent</message>
  <nestedLevel>1</nestedLevel>
  <property name="startLine">99</property>
  <property name="stepIndex">18</property>
</record>
<record>
  <date>2019-11-27T16:06:39</date>
  <millis>1574845599967</millis>
  <sequence>169</sequence>
  <level>END</level>
  <class>com.kms.katalon.core.logging.XmlKeywordLogger</class>
  <method>endKeyword</method>
  <thread>1</thread>
  <message>End action : body_content = responseBodyContent</message>
  <nestedLevel>1</nestedLevel>
</record>
<record>
  <date>2019-11-27T16:06:39</date>
  <millis>1574845599967</millis>
  <sequence>170</sequence>
  <level>START</level>
  <class>com.kms.katalon.core.logging.XmlKeywordLogger</class>
  <method>startKeyword</method>
  <thread>1</thread>
  <message>Start action : status_code = statusCode</message>
  <nestedLevel>1</nestedLevel>
  <property name="startLine">100</property>
  <property name="stepIndex">19</property>
</record>
<record>
  <date>2019-11-27T16:06:39</date>
  <millis>1574845599968</millis>
  <sequence>171</sequence>
  <level>END</level>
  <class>com.kms.katalon.core.logging.XmlKeywordLogger</class>
  <method>endKeyword</method>
  <thread>1</thread>
  <message>End action : status_code = statusCode</message>
  <nestedLevel>1</nestedLevel>
</record>
<record>
  <date>2019-11-27T16:06:39</date>
  <millis>1574845599968</millis>
  <sequence>172</sequence>
  <level>START</level>
  <class>com.kms.katalon.core.logging.XmlKeywordLogger</class>
  <method>startKeyword</method>
  <thread>1</thread>
  <message>Start action : respDataMap = JsonSlurper().parseText(body_content)</message>
  <nestedLevel>1</nestedLevel>
  <property name="startLine">102</property>
  <property name="stepIndex">20</property>
</record>
<record>
  <date>2019-11-27T16:06:39</date>
  <millis>1574845599969</millis>
  <sequence>173</sequence>
  <level>END</level>
  <class>com.kms.katalon.core.logging.XmlKeywordLogger</class>
  <method>endKeyword</method>
  <thread>1</thread>
  <message>End action : respDataMap = JsonSlurper().parseText(body_content)</message>
  <nestedLevel>1</nestedLevel>
</record>
<record>
  <date>2019-11-27T16:06:39</date>
  <millis>1574845599969</millis>
  <sequence>174</sequence>
  <level>START</level>
  <class>com.kms.katalon.core.logging.XmlKeywordLogger</class>
  <method>startKeyword</method>
  <thread>1</thread>
  <message>Start action : out.println(respDataMap)</message>
  <nestedLevel>1</nestedLevel>
  <property name="startLine">104</property>
  <property name="stepIndex">21</property>
</record>
<record>
  <date>2019-11-27T16:06:39</date>
  <millis>1574845599969</millis>
  <sequence>175</sequence>
  <level>END</level>
  <class>com.kms.katalon.core.logging.XmlKeywordLogger</class>
  <method>endKeyword</method>
  <thread>1</thread>
  <message>End action : out.println(respDataMap)</message>
  <nestedLevel>1</nestedLevel>
</record>
<record>
  <date>2019-11-27T16:06:39</date>
  <millis>1574845599969</millis>
  <sequence>176</sequence>
  <level>START</level>
  <class>com.kms.katalon.core.logging.XmlKeywordLogger</class>
  <method>startKeyword</method>
  <thread>1</thread>
  <message>Start action : rc_ref = ReturnCodeWrapper(var_expected_rc).getEnumRC()</message>
  <nestedLevel>1</nestedLevel>
  <property name="startLine">107</property>
  <property name="stepIndex">22</property>
</record>
<record>
  <date>2019-11-27T16:06:39</date>
  <millis>1574845599970</millis>
  <sequence>177</sequence>
  <level>END</level>
  <class>com.kms.katalon.core.logging.XmlKeywordLogger</class>
  <method>endKeyword</method>
  <thread>1</thread>
  <message>End action : rc_ref = ReturnCodeWrapper(var_expected_rc).getEnumRC()</message>
  <nestedLevel>1</nestedLevel>
</record>
<record>
  <date>2019-11-27T16:06:39</date>
  <millis>1574845599970</millis>
  <sequence>178</sequence>
  <level>START</level>
  <class>com.kms.katalon.core.logging.XmlKeywordLogger</class>
  <method>startKeyword</method>
  <thread>1</thread>
  <message>Start action : out.println(var_expected_rc)</message>
  <nestedLevel>1</nestedLevel>
  <property name="startLine">109</property>
  <property name="stepIndex">23</property>
</record>
<record>
  <date>2019-11-27T16:06:39</date>
  <millis>1574845599970</millis>
  <sequence>179</sequence>
  <level>END</level>
  <class>com.kms.katalon.core.logging.XmlKeywordLogger</class>
  <method>endKeyword</method>
  <thread>1</thread>
  <message>End action : out.println(var_expected_rc)</message>
  <nestedLevel>1</nestedLevel>
</record>
<record>
  <date>2019-11-27T16:06:39</date>
  <millis>1574845599971</millis>
  <sequence>180</sequence>
  <level>START</level>
  <class>com.kms.katalon.core.logging.XmlKeywordLogger</class>
  <method>startKeyword</method>
  <thread>1</thread>
  <message>Start action : out.println(rc_ref.getRCName())</message>
  <nestedLevel>1</nestedLevel>
  <property name="startLine">110</property>
  <property name="stepIndex">24</property>
</record>
<record>
  <date>2019-11-27T16:06:39</date>
  <millis>1574845599971</millis>
  <sequence>181</sequence>
  <level>END</level>
  <class>com.kms.katalon.core.logging.XmlKeywordLogger</class>
  <method>endKeyword</method>
  <thread>1</thread>
  <message>End action : out.println(rc_ref.getRCName())</message>
  <nestedLevel>1</nestedLevel>
</record>
<record>
  <date>2019-11-27T16:06:39</date>
  <millis>1574845599971</millis>
  <sequence>182</sequence>
  <level>START</level>
  <class>com.kms.katalon.core.logging.XmlKeywordLogger</class>
  <method>startKeyword</method>
  <thread>1</thread>
  <message>Start action : out.println(rc_ref.getHttpResponse())</message>
  <nestedLevel>1</nestedLevel>
  <property name="startLine">111</property>
  <property name="stepIndex">25</property>
</record>
<record>
  <date>2019-11-27T16:06:39</date>
  <millis>1574845599971</millis>
  <sequence>183</sequence>
  <level>END</level>
  <class>com.kms.katalon.core.logging.XmlKeywordLogger</class>
  <method>endKeyword</method>
  <thread>1</thread>
  <message>End action : out.println(rc_ref.getHttpResponse())</message>
  <nestedLevel>1</nestedLevel>
</record>
<record>
  <date>2019-11-27T16:06:39</date>
  <millis>1574845599972</millis>
  <sequence>184</sequence>
  <level>START</level>
  <class>com.kms.katalon.core.logging.XmlKeywordLogger</class>
  <method>startKeyword</method>
  <thread>1</thread>
  <message>Start action : result = verifyEqual(response_code, rc_ref.getRCName())</message>
  <nestedLevel>1</nestedLevel>
  <property name="startLine">114</property>
  <property name="stepIndex">26</property>
</record>
<record>
  <date>2019-11-27T16:06:39</date>
  <millis>1574845599982</millis>
  <sequence>188</sequence>
  <level>FAILED</level>
  <class>com.kms.katalon.core.logging.XmlKeywordLogger</class>
  <method>logMessage</method>
  <thread>1</thread>
  <message>Unable to verify equal between actual object &amp;apos;RC44&amp;apos; and expected object &amp;apos;RC00&amp;apos; (Root cause: com.kms.katalon.core.exception.StepFailedException: Actual object &amp;apos;RC44&amp;apos; and expected object &amp;apos;RC00&amp;apos; are not equal\r\n\tat com.kms.katalon.core.keyword.builtin.VerifyEqualKeyword$_verifyEqual_closure1.doCall(VerifyEqualKeyword.groovy:58)\r\n\tat com.kms.katalon.core.keyword.builtin.VerifyEqualKeyword$_verifyEqual_closure1.call(VerifyEqualKeyword.groovy)\r\n\tat com.kms.katalon.core.keyword.internal.KeywordMain.runKeyword(KeywordMain.groovy:68)\r\n\tat com.kms.katalon.core.keyword.builtin.VerifyEqualKeyword.verifyEqual(VerifyEqualKeyword.groovy:63)\r\n\tat com.kms.katalon.core.keyword.builtin.VerifyEqualKeyword.execute(VerifyEqualKeyword.groovy:44)\r\n\tat com.kms.katalon.core.keyword.internal.KeywordExecutor.executeKeywordForPlatform(KeywordExecutor.groovy:56)\r\n\tat com.kms.katalon.core.keyword.BuiltinKeywords.verifyEqual(BuiltinKeywords.groovy:141)\r\n\tat TC_createBillingCustomer.run(TC_createBillingCustomer:114)\r\n\tat com.kms.katalon.core.main.ScriptEngine.run(ScriptEngine.java:194)\r\n\tat com.kms.katalon.core.main.ScriptEngine.runScriptAsRawText(ScriptEngine.java:119)\r\n\tat com.kms.katalon.core.main.TestCaseExecutor.runScript(TestCaseExecutor.java:337)\r\n\tat com.kms.katalon.core.main.TestCaseExecutor.doExecute(TestCaseExecutor.java:328)\r\n\tat com.kms.katalon.core.main.TestCaseExecutor.processExecutionPhase(TestCaseExecutor.java:307)\r\n\tat com.kms.katalon.core.main.TestCaseExecutor.accessMainPhase(TestCaseExecutor.java:299)\r\n\tat com.kms.katalon.core.main.TestCaseExecutor.execute(TestCaseExecutor.java:233)\r\n\tat com.kms.katalon.core.main.TestSuiteExecutor.accessTestCaseMainPhase(TestSuiteExecutor.java:133)\r\n\tat com.kms.katalon.core.main.TestSuiteExecutor.accessTestSuiteMainPhase(TestSuiteExecutor.java:116)\r\n\tat com.kms.katalon.core.main.TestSuiteExecutor.execute(TestSuiteExecutor.java:83)\r\n\tat com.kms.katalon.core.main.TestCaseMain.startTestSuite(TestCaseMain.java:157)\r\n\tat com.kms.katalon.core.main.TestCaseMain$startTestSuite$0.call(Unknown Source)\r\n\tat TempTestSuite1574845594385.run(TempTestSuite1574845594385.groovy:35)\r\n)</message>
  <nestedLevel>1</nestedLevel>
  <property name="failed.exception.class">com.kms.katalon.core.exception.StepFailedException</property>
  <property name="failed.exception.stacktrace">com.kms.katalon.core.exception.StepFailedException: Actual object &apos;RC44&apos; and expected object &apos;RC00&apos; are not equal\r\n\tat com.kms.katalon.core.keyword.builtin.VerifyEqualKeyword$_verifyEqual_closure1.doCall(VerifyEqualKeyword.groovy:58)\r\n\tat com.kms.katalon.core.keyword.builtin.VerifyEqualKeyword$_verifyEqual_closure1.call(VerifyEqualKeyword.groovy)\r\n\tat com.kms.katalon.core.keyword.internal.KeywordMain.runKeyword(KeywordMain.groovy:68)\r\n\tat com.kms.katalon.core.keyword.builtin.VerifyEqualKeyword.verifyEqual(VerifyEqualKeyword.groovy:63)\r\n\tat com.kms.katalon.core.keyword.builtin.VerifyEqualKeyword.execute(VerifyEqualKeyword.groovy:44)\r\n\tat com.kms.katalon.core.keyword.internal.KeywordExecutor.executeKeywordForPlatform(KeywordExecutor.groovy:56)\r\n\tat com.kms.katalon.core.keyword.BuiltinKeywords.verifyEqual(BuiltinKeywords.groovy:141)\r\n\tat TC_createBillingCustomer.run(TC_createBillingCustomer:114)\r\n\tat com.kms.katalon.core.main.ScriptEngine.run(ScriptEngine.java:194)\r\n\tat com.kms.katalon.core.main.ScriptEngine.runScriptAsRawText(ScriptEngine.java:119)\r\n\tat com.kms.katalon.core.main.TestCaseExecutor.runScript(TestCaseExecutor.java:337)\r\n\tat com.kms.katalon.core.main.TestCaseExecutor.doExecute(TestCaseExecutor.java:328)\r\n\tat com.kms.katalon.core.main.TestCaseExecutor.processExecutionPhase(TestCaseExecutor.java:307)\r\n\tat com.kms.katalon.core.main.TestCaseExecutor.accessMainPhase(TestCaseExecutor.java:299)\r\n\tat com.kms.katalon.core.main.TestCaseExecutor.execute(TestCaseExecutor.java:233)\r\n\tat com.kms.katalon.core.main.TestSuiteExecutor.accessTestCaseMainPhase(TestSuiteExecutor.java:133)\r\n\tat com.kms.katalon.core.main.TestSuiteExecutor.accessTestSuiteMainPhase(TestSuiteExecutor.java:116)\r\n\tat com.kms.katalon.core.main.TestSuiteExecutor.execute(TestSuiteExecutor.java:83)\r\n\tat com.kms.katalon.core.main.TestCaseMain.startTestSuite(TestCaseMain.java:157)\r\n\tat com.kms.katalon.core.main.TestCaseMain$startTestSuite$0.call(Unknown Source)\r\n\tat TempTestSuite1574845594385.run(TempTestSuite1574845594385.groovy:35)\r\n</property>
  <property name="failed.exception.message">Actual object &apos;RC44&apos; and expected object &apos;RC00&apos; are not equal</property>
</record>
<record>
  <date>2019-11-27T16:06:39</date>
  <millis>1574845599983</millis>
  <sequence>189</sequence>
  <level>END</level>
  <class>com.kms.katalon.core.logging.XmlKeywordLogger</class>
  <method>endKeyword</method>
  <thread>1</thread>
  <message>End action : result = verifyEqual(response_code, rc_ref.getRCName())</message>
  <nestedLevel>1</nestedLevel>
</record>
<record>
  <date>2019-11-27T16:06:39</date>
  <millis>1574845599983</millis>
  <sequence>191</sequence>
  <level>FAILED</level>
  <class>com.kms.katalon.core.logging.XmlKeywordLogger</class>
  <method>logMessage</method>
  <thread>1</thread>
  <message>Test Cases/E_Wallet/TC_createBilling/TC_createBillingCustomer FAILED.\nReason:\ncom.kms.katalon.core.exception.StepFailedException: Actual object &amp;apos;RC44&amp;apos; and expected object &amp;apos;RC00&amp;apos; are not equal\r\n\tat com.kms.katalon.core.keyword.builtin.VerifyEqualKeyword$_verifyEqual_closure1.doCall(VerifyEqualKeyword.groovy:58)\r\n\tat com.kms.katalon.core.keyword.builtin.VerifyEqualKeyword$_verifyEqual_closure1.call(VerifyEqualKeyword.groovy)\r\n\tat com.kms.katalon.core.keyword.internal.KeywordMain.runKeyword(KeywordMain.groovy:68)\r\n\tat com.kms.katalon.core.keyword.builtin.VerifyEqualKeyword.verifyEqual(VerifyEqualKeyword.groovy:63)\r\n\tat com.kms.katalon.core.keyword.builtin.VerifyEqualKeyword.execute(VerifyEqualKeyword.groovy:44)\r\n\tat com.kms.katalon.core.keyword.internal.KeywordExecutor.executeKeywordForPlatform(KeywordExecutor.groovy:56)\r\n\tat com.kms.katalon.core.keyword.BuiltinKeywords.verifyEqual(BuiltinKeywords.groovy:141)\r\n\tat TC_createBillingCustomer.run(TC_createBillingCustomer:114)\r\n\tat com.kms.katalon.core.main.ScriptEngine.run(ScriptEngine.java:194)\r\n\tat com.kms.katalon.core.main.ScriptEngine.runScriptAsRawText(ScriptEngine.java:119)\r\n\tat com.kms.katalon.core.main.TestCaseExecutor.runScript(TestCaseExecutor.java:337)\r\n\tat com.kms.katalon.core.main.TestCaseExecutor.doExecute(TestCaseExecutor.java:328)\r\n\tat com.kms.katalon.core.main.TestCaseExecutor.processExecutionPhase(TestCaseExecutor.java:307)\r\n\tat com.kms.katalon.core.main.TestCaseExecutor.accessMainPhase(TestCaseExecutor.java:299)\r\n\tat com.kms.katalon.core.main.TestCaseExecutor.execute(TestCaseExecutor.java:233)\r\n\tat com.kms.katalon.core.main.TestSuiteExecutor.accessTestCaseMainPhase(TestSuiteExecutor.java:133)\r\n\tat com.kms.katalon.core.main.TestSuiteExecutor.accessTestSuiteMainPhase(TestSuiteExecutor.java:116)\r\n\tat com.kms.katalon.core.main.TestSuiteExecutor.execute(TestSuiteExecutor.java:83)\r\n\tat com.kms.katalon.core.main.TestCaseMain.startTestSuite(TestCaseMain.java:157)\r\n\tat com.kms.katalon.core.main.TestCaseMain$startTestSuite$0.call(Unknown Source)\r\n\tat TempTestSuite1574845594385.run(TempTestSuite1574845594385.groovy:35)\r\n</message>
  <exception>
    <message>com.kms.katalon.core.exception.StepFailedException: Actual object 'RC44' and expected object 'RC00' are not equal</message>
    <frame>
      <class>com.kms.katalon.core.keyword.builtin.VerifyEqualKeyword$_verifyEqual_closure1</class>
      <method>doCall</method>
      <line>58</line>
    </frame>
    <frame>
      <class>com.kms.katalon.core.keyword.builtin.VerifyEqualKeyword$_verifyEqual_closure1</class>
      <method>call</method>
    </frame>
    <frame>
      <class>com.kms.katalon.core.keyword.internal.KeywordMain</class>
      <method>runKeyword</method>
      <line>68</line>
    </frame>
    <frame>
      <class>com.kms.katalon.core.keyword.builtin.VerifyEqualKeyword</class>
      <method>verifyEqual</method>
      <line>63</line>
    </frame>
    <frame>
      <class>com.kms.katalon.core.keyword.builtin.VerifyEqualKeyword</class>
      <method>execute</method>
      <line>44</line>
    </frame>
    <frame>
      <class>com.kms.katalon.core.keyword.internal.KeywordExecutor</class>
      <method>executeKeywordForPlatform</method>
      <line>56</line>
    </frame>
    <frame>
      <class>com.kms.katalon.core.keyword.BuiltinKeywords</class>
      <method>verifyEqual</method>
      <line>141</line>
    </frame>
    <frame>
      <class>TC_createBillingCustomer</class>
      <method>run</method>
      <line>114</line>
    </frame>
    <frame>
      <class>com.kms.katalon.core.main.ScriptEngine</class>
      <method>run</method>
      <line>194</line>
    </frame>
    <frame>
      <class>com.kms.katalon.core.main.ScriptEngine</class>
      <method>runScriptAsRawText</method>
      <line>119</line>
    </frame>
    <frame>
      <class>com.kms.katalon.core.main.TestCaseExecutor</class>
      <method>runScript</method>
      <line>337</line>
    </frame>
    <frame>
      <class>com.kms.katalon.core.main.TestCaseExecutor</class>
      <method>doExecute</method>
      <line>328</line>
    </frame>
    <frame>
      <class>com.kms.katalon.core.main.TestCaseExecutor</class>
      <method>processExecutionPhase</method>
      <line>307</line>
    </frame>
    <frame>
      <class>com.kms.katalon.core.main.TestCaseExecutor</class>
      <method>accessMainPhase</method>
      <line>299</line>
    </frame>
    <frame>
      <class>com.kms.katalon.core.main.TestCaseExecutor</class>
      <method>execute</method>
      <line>233</line>
    </frame>
    <frame>
      <class>com.kms.katalon.core.main.TestSuiteExecutor</class>
      <method>accessTestCaseMainPhase</method>
      <line>133</line>
    </frame>
    <frame>
      <class>com.kms.katalon.core.main.TestSuiteExecutor</class>
      <method>accessTestSuiteMainPhase</method>
      <line>116</line>
    </frame>
    <frame>
      <class>com.kms.katalon.core.main.TestSuiteExecutor</class>
      <method>execute</method>
      <line>83</line>
    </frame>
    <frame>
      <class>com.kms.katalon.core.main.TestCaseMain</class>
      <method>startTestSuite</method>
      <line>157</line>
    </frame>
    <frame>
      <class>com.kms.katalon.core.main.TestCaseMain$startTestSuite$0</class>
      <method>call</method>
    </frame>
    <frame>
      <class>TempTestSuite1574845594385</class>
      <method>run</method>
      <line>35</line>
    </frame>
  </exception>
  <nestedLevel>0</nestedLevel>
  <property name="failed.exception.stacktrace">com.kms.katalon.core.exception.StepFailedException: Actual object &apos;RC44&apos; and expected object &apos;RC00&apos; are not equal\r\n\tat com.kms.katalon.core.keyword.builtin.VerifyEqualKeyword$_verifyEqual_closure1.doCall(VerifyEqualKeyword.groovy:58)\r\n\tat com.kms.katalon.core.keyword.builtin.VerifyEqualKeyword$_verifyEqual_closure1.call(VerifyEqualKeyword.groovy)\r\n\tat com.kms.katalon.core.keyword.internal.KeywordMain.runKeyword(KeywordMain.groovy:68)\r\n\tat com.kms.katalon.core.keyword.builtin.VerifyEqualKeyword.verifyEqual(VerifyEqualKeyword.groovy:63)\r\n\tat com.kms.katalon.core.keyword.builtin.VerifyEqualKeyword.execute(VerifyEqualKeyword.groovy:44)\r\n\tat com.kms.katalon.core.keyword.internal.KeywordExecutor.executeKeywordForPlatform(KeywordExecutor.groovy:56)\r\n\tat com.kms.katalon.core.keyword.BuiltinKeywords.verifyEqual(BuiltinKeywords.groovy:141)\r\n\tat TC_createBillingCustomer.run(TC_createBillingCustomer:114)\r\n\tat com.kms.katalon.core.main.ScriptEngine.run(ScriptEngine.java:194)\r\n\tat com.kms.katalon.core.main.ScriptEngine.runScriptAsRawText(ScriptEngine.java:119)\r\n\tat com.kms.katalon.core.main.TestCaseExecutor.runScript(TestCaseExecutor.java:337)\r\n\tat com.kms.katalon.core.main.TestCaseExecutor.doExecute(TestCaseExecutor.java:328)\r\n\tat com.kms.katalon.core.main.TestCaseExecutor.processExecutionPhase(TestCaseExecutor.java:307)\r\n\tat com.kms.katalon.core.main.TestCaseExecutor.accessMainPhase(TestCaseExecutor.java:299)\r\n\tat com.kms.katalon.core.main.TestCaseExecutor.execute(TestCaseExecutor.java:233)\r\n\tat com.kms.katalon.core.main.TestSuiteExecutor.accessTestCaseMainPhase(TestSuiteExecutor.java:133)\r\n\tat com.kms.katalon.core.main.TestSuiteExecutor.accessTestSuiteMainPhase(TestSuiteExecutor.java:116)\r\n\tat com.kms.katalon.core.main.TestSuiteExecutor.execute(TestSuiteExecutor.java:83)\r\n\tat com.kms.katalon.core.main.TestCaseMain.startTestSuite(TestCaseMain.java:157)\r\n\tat com.kms.katalon.core.main.TestCaseMain$startTestSuite$0.call(Unknown Source)\r\n\tat TempTestSuite1574845594385.run(TempTestSuite1574845594385.groovy:35)\r\n</property>
  <property name="failed.exception.class">com.kms.katalon.core.exception.StepFailedException</property>
  <property name="failed.exception.message">Actual object &apos;RC44&apos; and expected object &apos;RC00&apos; are not equal</property>
</record>
<record>
  <date>2019-11-27T16:06:39</date>
  <millis>1574845599985</millis>
  <sequence>193</sequence>
  <level>END</level>
  <class>com.kms.katalon.core.logging.XmlKeywordLogger</class>
  <method>endTest</method>
  <thread>1</thread>
  <message>End Test Case : Test Cases/E_Wallet/TC_createBilling/TC_createBillingCustomer</message>
  <nestedLevel>0</nestedLevel>
</record>
<record>
  <date>2019-11-27T16:06:39</date>
  <millis>1574845599985</millis>
  <sequence>194</sequence>
  <level>START</level>
  <class>com.kms.katalon.core.logging.XmlKeywordLogger</class>
  <method>startKeyword</method>
  <thread>1</thread>
  <message>Start listener action : exportKatalonReports</message>
  <nestedLevel>0</nestedLevel>
</record>
<record>
  <date>2019-11-27T16:06:40</date>
  <millis>1574845600158</millis>
  <sequence>512</sequence>
  <level>INFO</level>
  <class>com.kms.katalon.core.logging.XmlKeywordLogger</class>
  <method>logMessage</method>
  <thread>1</thread>
  <message>Start generating HTML report folder at: D:\\katalon-ewallet\\Reports\\E_Wallet\\TS_createBilling\\TS_createBillingCustomer_push_notif\\20191127_160634...</message>
  <nestedLevel>0</nestedLevel>
</record>
<record>
  <date>2019-11-27T16:06:40</date>
  <millis>1574845600448</millis>
  <sequence>513</sequence>
  <level>INFO</level>
  <class>com.kms.katalon.core.logging.XmlKeywordLogger</class>
  <method>logMessage</method>
  <thread>1</thread>
  <message>HTML report generated</message>
  <nestedLevel>0</nestedLevel>
</record>
<record>
  <date>2019-11-27T16:06:40</date>
  <millis>1574845600448</millis>
  <sequence>514</sequence>
  <level>INFO</level>
  <class>com.kms.katalon.core.logging.XmlKeywordLogger</class>
  <method>logMessage</method>
  <thread>1</thread>
  <message>Start generating CSV report folder at: D:\\katalon-ewallet\\Reports\\E_Wallet\\TS_createBilling\\TS_createBillingCustomer_push_notif\\20191127_160634...</message>
  <nestedLevel>0</nestedLevel>
</record>
<record>
  <date>2019-11-27T16:06:40</date>
  <millis>1574845600471</millis>
  <sequence>515</sequence>
  <level>INFO</level>
  <class>com.kms.katalon.core.logging.XmlKeywordLogger</class>
  <method>logMessage</method>
  <thread>1</thread>
  <message>CSV report generated</message>
  <nestedLevel>0</nestedLevel>
</record>
<record>
  <date>2019-11-27T16:06:40</date>
  <millis>1574845600471</millis>
  <sequence>516</sequence>
  <level>INFO</level>
  <class>com.kms.katalon.core.logging.XmlKeywordLogger</class>
  <method>logMessage</method>
  <thread>1</thread>
  <message>Start generating JUnit report folder at: D:\\katalon-ewallet\\Reports\\E_Wallet\\TS_createBilling\\TS_createBillingCustomer_push_notif\\20191127_160634...</message>
  <nestedLevel>0</nestedLevel>
</record>
<record>
  <date>2019-11-27T16:06:40</date>
  <millis>1574845600622</millis>
  <sequence>517</sequence>
  <level>INFO</level>
  <class>com.kms.katalon.core.logging.XmlKeywordLogger</class>
  <method>logMessage</method>
  <thread>1</thread>
  <message>JUnit report generated</message>
  <nestedLevel>0</nestedLevel>
</record>
<record>
  <date>2019-11-27T16:06:40</date>
  <millis>1574845600622</millis>
  <sequence>519</sequence>
  <level>END</level>
  <class>com.kms.katalon.core.logging.XmlKeywordLogger</class>
  <method>endKeyword</method>
  <thread>1</thread>
  <message>End listener action : exportKatalonReports</message>
  <nestedLevel>0</nestedLevel>
</record>
<record>
  <date>2019-11-27T16:06:40</date>
  <millis>1574845600663</millis>
  <sequence>520</sequence>
  <level>END</level>
  <class>com.kms.katalon.core.logging.XmlKeywordLogger</class>
  <method>endSuite</method>
  <thread>1</thread>
  <message>End Test Suite : Test Suites/E_Wallet/TS_createBilling/TS_createBillingCustomer_push_notif</message>
  <nestedLevel>0</nestedLevel>
</record>
</log>