<?xml version="1.0" encoding="UTF-8" standalone="no"?>
<!DOCTYPE log SYSTEM "logger.dtd">
<log>
<record>
  <date>2019-12-17T11:18:42</date>
  <millis>1576556322422</millis>
  <sequence>0</sequence>
  <level>START</level>
  <class>com.kms.katalon.core.logging.XmlKeywordLogger</class>
  <method>startSuite</method>
  <thread>1</thread>
  <message>Start Test Suite : Test Suites/E_Wallet/TS_addSoF/TS_addSofDKI</message>
  <nestedLevel>0</nestedLevel>
  <property name="name">TS_addSofDKI</property>
  <property name="description"></property>
  <property name="id">Test Suites/E_Wallet/TS_addSoF/TS_addSofDKI</property>
</record>
<record>
  <date>2019-12-17T11:18:42</date>
  <millis>1576556322435</millis>
  <sequence>1</sequence>
  <level>RUN_DATA</level>
  <class>com.kms.katalon.core.logging.XmlKeywordLogger</class>
  <method>logMessage</method>
  <thread>1</thread>
  <message>hostName = Silvi - LAPTOP-ALMT97O4</message>
  <nestedLevel>0</nestedLevel>
  <property name="hostName">Silvi - LAPTOP-ALMT97O4</property>
</record>
<record>
  <date>2019-12-17T11:18:42</date>
  <millis>1576556322437</millis>
  <sequence>2</sequence>
  <level>RUN_DATA</level>
  <class>com.kms.katalon.core.logging.XmlKeywordLogger</class>
  <method>logMessage</method>
  <thread>1</thread>
  <message>os = Windows 10 64bit</message>
  <nestedLevel>0</nestedLevel>
  <property name="os">Windows 10 64bit</property>
</record>
<record>
  <date>2019-12-17T11:18:42</date>
  <millis>1576556322437</millis>
  <sequence>3</sequence>
  <level>RUN_DATA</level>
  <class>com.kms.katalon.core.logging.XmlKeywordLogger</class>
  <method>logMessage</method>
  <thread>1</thread>
  <message>hostAddress = 172.18.4.57</message>
  <nestedLevel>0</nestedLevel>
  <property name="hostAddress">172.18.4.57</property>
</record>
<record>
  <date>2019-12-17T11:18:42</date>
  <millis>1576556322438</millis>
  <sequence>4</sequence>
  <level>RUN_DATA</level>
  <class>com.kms.katalon.core.logging.XmlKeywordLogger</class>
  <method>logMessage</method>
  <thread>1</thread>
  <message>katalonVersion = 6.2.2.4</message>
  <nestedLevel>0</nestedLevel>
  <property name="katalonVersion">6.2.2.4</property>
</record>
<record>
  <date>2019-12-17T11:18:42</date>
  <millis>1576556322633</millis>
  <sequence>5</sequence>
  <level>START</level>
  <class>com.kms.katalon.core.logging.XmlKeywordLogger</class>
  <method>startTest</method>
  <thread>1</thread>
  <message>Start Test Case : Test Cases/Account/TC_loginCustomer/TC_login081266483909</message>
  <nestedLevel>1</nestedLevel>
  <property name="name">Test Cases/Account/TC_loginCustomer/TC_login081266483909</property>
  <property name="description"></property>
  <property name="id">Test Cases/Account/TC_loginCustomer/TC_login081266483909</property>
  <property name="source">D:\\katalon-ewallet\\Test Cases\\Account\\TC_loginCustomer\\TC_login081266483909.tc</property>
  <property name="tag"></property>
  <property name="isOptional">false</property>
</record>
<record>
  <date>2019-12-17T11:18:42</date>
  <millis>1576556322730</millis>
  <sequence>7</sequence>
  <level>INFO</level>
  <class>com.kms.katalon.core.logging.XmlKeywordLogger</class>
  <method>logMessage</method>
  <thread>1</thread>
  <message>(Default) var_user_agent = 1</message>
  <nestedLevel>1</nestedLevel>
</record>
<record>
  <date>2019-12-17T11:18:42</date>
  <millis>1576556322740</millis>
  <sequence>8</sequence>
  <level>INFO</level>
  <class>com.kms.katalon.core.logging.XmlKeywordLogger</class>
  <method>logMessage</method>
  <thread>1</thread>
  <message>(Default) var_user_pin = 159753</message>
  <nestedLevel>1</nestedLevel>
</record>
<record>
  <date>2019-12-17T11:18:42</date>
  <millis>1576556322750</millis>
  <sequence>9</sequence>
  <level>INFO</level>
  <class>com.kms.katalon.core.logging.XmlKeywordLogger</class>
  <method>logMessage</method>
  <thread>1</thread>
  <message>(Default) var_phone_number = 081266483909</message>
  <nestedLevel>1</nestedLevel>
</record>
<record>
  <date>2019-12-17T11:18:42</date>
  <millis>1576556322759</millis>
  <sequence>10</sequence>
  <level>INFO</level>
  <class>com.kms.katalon.core.logging.XmlKeywordLogger</class>
  <method>logMessage</method>
  <thread>1</thread>
  <message>(Default) var_device_id = 123456</message>
  <nestedLevel>1</nestedLevel>
</record>
<record>
  <date>2019-12-17T11:18:42</date>
  <millis>1576556322769</millis>
  <sequence>11</sequence>
  <level>INFO</level>
  <class>com.kms.katalon.core.logging.XmlKeywordLogger</class>
  <method>logMessage</method>
  <thread>1</thread>
  <message>(Default) var_fcm_token = dXmYm1h7Las:APA91bGCVGaHZdtz-4IMEYpOUGl6A1K8xd7p-MSAO9IquxfLLeoHP-dqt_pTc6oau413Dp6hH-PiWXGyIAcIExxd3oSbN4qArSUiuEpVbD-qGM-Z065xsG05HZq_1hkTkUlPKo6xLsHW</message>
  <nestedLevel>1</nestedLevel>
</record>
<record>
  <date>2019-12-17T11:18:42</date>
  <millis>1576556322780</millis>
  <sequence>12</sequence>
  <level>INFO</level>
  <class>com.kms.katalon.core.logging.XmlKeywordLogger</class>
  <method>logMessage</method>
  <thread>1</thread>
  <message>(Default) var_expected_rc = RC00</message>
  <nestedLevel>1</nestedLevel>
</record>
<record>
  <date>2019-12-17T11:18:43</date>
  <millis>1576556323091</millis>
  <sequence>13</sequence>
  <level>INFO</level>
  <class>com.kms.katalon.core.logging.XmlKeywordLogger</class>
  <method>logMessage</method>
  <thread>1</thread>
  <message>(Default) access_token_customer = </message>
  <nestedLevel>1</nestedLevel>
</record>
<record>
  <date>2019-12-17T11:18:43</date>
  <millis>1576556323101</millis>
  <sequence>14</sequence>
  <level>INFO</level>
  <class>com.kms.katalon.core.logging.XmlKeywordLogger</class>
  <method>logMessage</method>
  <thread>1</thread>
  <message>(Default) var_aes_key = this_key_have_to_equal_32_bytes!</message>
  <nestedLevel>1</nestedLevel>
</record>
<record>
  <date>2019-12-17T11:18:43</date>
  <millis>1576556323268</millis>
  <sequence>15</sequence>
  <level>START</level>
  <class>com.kms.katalon.core.logging.XmlKeywordLogger</class>
  <method>startKeyword</method>
  <thread>1</thread>
  <message>Start action : var_enciphered_pin = SecureUtils.doEncryptPinRsaEwallet(dev_public_pem_file, var_user_pin)</message>
  <nestedLevel>1</nestedLevel>
  <property name="startLine">26</property>
  <property name="stepIndex">1</property>
</record>
<record>
  <date>2019-12-17T11:18:44</date>
  <millis>1576556324184</millis>
  <sequence>16</sequence>
  <level>END</level>
  <class>com.kms.katalon.core.logging.XmlKeywordLogger</class>
  <method>endKeyword</method>
  <thread>1</thread>
  <message>End action : var_enciphered_pin = SecureUtils.doEncryptPinRsaEwallet(dev_public_pem_file, var_user_pin)</message>
  <nestedLevel>1</nestedLevel>
</record>
<record>
  <date>2019-12-17T11:18:44</date>
  <millis>1576556324184</millis>
  <sequence>17</sequence>
  <level>START</level>
  <class>com.kms.katalon.core.logging.XmlKeywordLogger</class>
  <method>startKeyword</method>
  <thread>1</thread>
  <message>Start action : plain = \&amp;quot;{\&amp;quot; + \&amp;quot;\&amp;quot;user_agent\&amp;quot;:\&amp;quot;\&amp;quot; + var_user_agent + \&amp;quot;\&amp;quot;,\&amp;quot; + \&amp;quot;\&amp;quot;phone_number\&amp;quot;:\&amp;quot;\&amp;quot; + var_phone_number + \&amp;quot;\&amp;quot;,\&amp;quot; + \&amp;quot;\&amp;quot;pin\&amp;quot;:\&amp;quot;\&amp;quot; + var_enciphered_pin + \&amp;quot;\&amp;quot;,\&amp;quot; + \&amp;quot;\&amp;quot;device_id\&amp;quot;:\&amp;quot;\&amp;quot; + var_device_id + \&amp;quot;\&amp;quot;,\&amp;quot; + \&amp;quot;\&amp;quot;fcm_token\&amp;quot;:\&amp;quot;\&amp;quot; + var_fcm_token + \&amp;quot;\&amp;quot;}\&amp;quot;</message>
  <nestedLevel>1</nestedLevel>
  <property name="startLine">27</property>
  <property name="stepIndex">2</property>
</record>
<record>
  <date>2019-12-17T11:18:44</date>
  <millis>1576556324185</millis>
  <sequence>18</sequence>
  <level>END</level>
  <class>com.kms.katalon.core.logging.XmlKeywordLogger</class>
  <method>endKeyword</method>
  <thread>1</thread>
  <message>End action : plain = \&amp;quot;{\&amp;quot; + \&amp;quot;\&amp;quot;user_agent\&amp;quot;:\&amp;quot;\&amp;quot; + var_user_agent + \&amp;quot;\&amp;quot;,\&amp;quot; + \&amp;quot;\&amp;quot;phone_number\&amp;quot;:\&amp;quot;\&amp;quot; + var_phone_number + \&amp;quot;\&amp;quot;,\&amp;quot; + \&amp;quot;\&amp;quot;pin\&amp;quot;:\&amp;quot;\&amp;quot; + var_enciphered_pin + \&amp;quot;\&amp;quot;,\&amp;quot; + \&amp;quot;\&amp;quot;device_id\&amp;quot;:\&amp;quot;\&amp;quot; + var_device_id + \&amp;quot;\&amp;quot;,\&amp;quot; + \&amp;quot;\&amp;quot;fcm_token\&amp;quot;:\&amp;quot;\&amp;quot; + var_fcm_token + \&amp;quot;\&amp;quot;}\&amp;quot;</message>
  <nestedLevel>1</nestedLevel>
</record>
<record>
  <date>2019-12-17T11:18:44</date>
  <millis>1576556324185</millis>
  <sequence>19</sequence>
  <level>START</level>
  <class>com.kms.katalon.core.logging.XmlKeywordLogger</class>
  <method>startKeyword</method>
  <thread>1</thread>
  <message>Start action : out.println(plain)</message>
  <nestedLevel>1</nestedLevel>
  <property name="startLine">36</property>
  <property name="stepIndex">3</property>
</record>
<record>
  <date>2019-12-17T11:18:44</date>
  <millis>1576556324192</millis>
  <sequence>20</sequence>
  <level>END</level>
  <class>com.kms.katalon.core.logging.XmlKeywordLogger</class>
  <method>endKeyword</method>
  <thread>1</thread>
  <message>End action : out.println(plain)</message>
  <nestedLevel>1</nestedLevel>
</record>
<record>
  <date>2019-12-17T11:18:44</date>
  <millis>1576556324192</millis>
  <sequence>21</sequence>
  <level>START</level>
  <class>com.kms.katalon.core.logging.XmlKeywordLogger</class>
  <method>startKeyword</method>
  <thread>1</thread>
  <message>Start action : encipheredData = SecureUtils.encryptAesEwallet(plain, var_aes_key)</message>
  <nestedLevel>1</nestedLevel>
  <property name="startLine">39</property>
  <property name="stepIndex">4</property>
</record>
<record>
  <date>2019-12-17T11:18:44</date>
  <millis>1576556324213</millis>
  <sequence>22</sequence>
  <level>END</level>
  <class>com.kms.katalon.core.logging.XmlKeywordLogger</class>
  <method>endKeyword</method>
  <thread>1</thread>
  <message>End action : encipheredData = SecureUtils.encryptAesEwallet(plain, var_aes_key)</message>
  <nestedLevel>1</nestedLevel>
</record>
<record>
  <date>2019-12-17T11:18:44</date>
  <millis>1576556324213</millis>
  <sequence>23</sequence>
  <level>START</level>
  <class>com.kms.katalon.core.logging.XmlKeywordLogger</class>
  <method>startKeyword</method>
  <thread>1</thread>
  <message>Start action : body = \&amp;quot;{\&amp;quot;organisation_id\&amp;quot;:\&amp;quot;1\&amp;quot;,\&amp;quot;data\&amp;quot;:\&amp;quot;\&amp;quot; + encipheredData + \&amp;quot;\&amp;quot;,\&amp;quot;lang\&amp;quot;:\&amp;quot;id\&amp;quot;}\&amp;quot;</message>
  <nestedLevel>1</nestedLevel>
  <property name="startLine">42</property>
  <property name="stepIndex">5</property>
</record>
<record>
  <date>2019-12-17T11:18:44</date>
  <millis>1576556324214</millis>
  <sequence>24</sequence>
  <level>END</level>
  <class>com.kms.katalon.core.logging.XmlKeywordLogger</class>
  <method>endKeyword</method>
  <thread>1</thread>
  <message>End action : body = \&amp;quot;{\&amp;quot;organisation_id\&amp;quot;:\&amp;quot;1\&amp;quot;,\&amp;quot;data\&amp;quot;:\&amp;quot;\&amp;quot; + encipheredData + \&amp;quot;\&amp;quot;,\&amp;quot;lang\&amp;quot;:\&amp;quot;id\&amp;quot;}\&amp;quot;</message>
  <nestedLevel>1</nestedLevel>
</record>
<record>
  <date>2019-12-17T11:18:44</date>
  <millis>1576556324214</millis>
  <sequence>25</sequence>
  <level>START</level>
  <class>com.kms.katalon.core.logging.XmlKeywordLogger</class>
  <method>startKeyword</method>
  <thread>1</thread>
  <message>Start action : out.println(body)</message>
  <nestedLevel>1</nestedLevel>
  <property name="startLine">44</property>
  <property name="stepIndex">6</property>
</record>
<record>
  <date>2019-12-17T11:18:44</date>
  <millis>1576556324214</millis>
  <sequence>26</sequence>
  <level>END</level>
  <class>com.kms.katalon.core.logging.XmlKeywordLogger</class>
  <method>endKeyword</method>
  <thread>1</thread>
  <message>End action : out.println(body)</message>
  <nestedLevel>1</nestedLevel>
</record>
<record>
  <date>2019-12-17T11:18:44</date>
  <millis>1576556324215</millis>
  <sequence>27</sequence>
  <level>START</level>
  <class>com.kms.katalon.core.logging.XmlKeywordLogger</class>
  <method>startKeyword</method>
  <thread>1</thread>
  <message>Start action : request = findTestObject(\&amp;quot;Account/obj_loginCustomer\&amp;quot;)</message>
  <nestedLevel>1</nestedLevel>
  <property name="startLine">46</property>
  <property name="stepIndex">7</property>
</record>
<record>
  <date>2019-12-17T11:18:44</date>
  <millis>1576556324256</millis>
  <sequence>29</sequence>
  <level>END</level>
  <class>com.kms.katalon.core.logging.XmlKeywordLogger</class>
  <method>endKeyword</method>
  <thread>1</thread>
  <message>End action : request = findTestObject(\&amp;quot;Account/obj_loginCustomer\&amp;quot;)</message>
  <nestedLevel>1</nestedLevel>
</record>
<record>
  <date>2019-12-17T11:18:44</date>
  <millis>1576556324256</millis>
  <sequence>30</sequence>
  <level>START</level>
  <class>com.kms.katalon.core.logging.XmlKeywordLogger</class>
  <method>startKeyword</method>
  <thread>1</thread>
  <message>Start action : request.setBodyContent(new com.kms.katalon.core.testobject.impl.HttpTextBodyContent(body, UTF-8, application/json))</message>
  <nestedLevel>1</nestedLevel>
  <property name="startLine">47</property>
  <property name="stepIndex">8</property>
</record>
<record>
  <date>2019-12-17T11:18:44</date>
  <millis>1576556324264</millis>
  <sequence>31</sequence>
  <level>END</level>
  <class>com.kms.katalon.core.logging.XmlKeywordLogger</class>
  <method>endKeyword</method>
  <thread>1</thread>
  <message>End action : request.setBodyContent(new com.kms.katalon.core.testobject.impl.HttpTextBodyContent(body, UTF-8, application/json))</message>
  <nestedLevel>1</nestedLevel>
</record>
<record>
  <date>2019-12-17T11:18:44</date>
  <millis>1576556324264</millis>
  <sequence>32</sequence>
  <level>START</level>
  <class>com.kms.katalon.core.logging.XmlKeywordLogger</class>
  <method>startKeyword</method>
  <thread>1</thread>
  <message>Start action : response = sendRequest(request)</message>
  <nestedLevel>1</nestedLevel>
  <property name="startLine">49</property>
  <property name="stepIndex">9</property>
</record>
<record>
  <date>2019-12-17T11:18:45</date>
  <millis>1576556325303</millis>
  <sequence>34</sequence>
  <level>INFO</level>
  <class>com.kms.katalon.core.logging.XmlKeywordLogger</class>
  <method>logMessage</method>
  <thread>1</thread>
  <message>HAR: D:\\katalon-ewallet\\Reports\\E_Wallet\\TS_addSoF\\TS_addSofDKI\\20191217_111840\\requests\\main\\0.har</message>
  <nestedLevel>1</nestedLevel>
  <property name="harId">2be70016-0d5f-47db-bba2-997a7c4f5024</property>
</record>
<record>
  <date>2019-12-17T11:18:45</date>
  <millis>1576556325377</millis>
  <sequence>35</sequence>
  <level>PASSED</level>
  <class>com.kms.katalon.core.logging.XmlKeywordLogger</class>
  <method>logMessage</method>
  <thread>1</thread>
  <message>Send request successfully</message>
  <nestedLevel>1</nestedLevel>
</record>
<record>
  <date>2019-12-17T11:18:45</date>
  <millis>1576556325378</millis>
  <sequence>36</sequence>
  <level>END</level>
  <class>com.kms.katalon.core.logging.XmlKeywordLogger</class>
  <method>endKeyword</method>
  <thread>1</thread>
  <message>End action : response = sendRequest(request)</message>
  <nestedLevel>1</nestedLevel>
</record>
<record>
  <date>2019-12-17T11:18:45</date>
  <millis>1576556325378</millis>
  <sequence>37</sequence>
  <level>START</level>
  <class>com.kms.katalon.core.logging.XmlKeywordLogger</class>
  <method>startKeyword</method>
  <thread>1</thread>
  <message>Start action : println(request.getRestUrl())</message>
  <nestedLevel>1</nestedLevel>
  <property name="startLine">52</property>
  <property name="stepIndex">10</property>
</record>
<record>
  <date>2019-12-17T11:18:45</date>
  <millis>1576556325384</millis>
  <sequence>38</sequence>
  <level>END</level>
  <class>com.kms.katalon.core.logging.XmlKeywordLogger</class>
  <method>endKeyword</method>
  <thread>1</thread>
  <message>End action : println(request.getRestUrl())</message>
  <nestedLevel>1</nestedLevel>
</record>
<record>
  <date>2019-12-17T11:18:45</date>
  <millis>1576556325385</millis>
  <sequence>39</sequence>
  <level>START</level>
  <class>com.kms.katalon.core.logging.XmlKeywordLogger</class>
  <method>startKeyword</method>
  <thread>1</thread>
  <message>Start action : body_content = responseBodyContent</message>
  <nestedLevel>1</nestedLevel>
  <property name="startLine">53</property>
  <property name="stepIndex">11</property>
</record>
<record>
  <date>2019-12-17T11:18:45</date>
  <millis>1576556325390</millis>
  <sequence>40</sequence>
  <level>END</level>
  <class>com.kms.katalon.core.logging.XmlKeywordLogger</class>
  <method>endKeyword</method>
  <thread>1</thread>
  <message>End action : body_content = responseBodyContent</message>
  <nestedLevel>1</nestedLevel>
</record>
<record>
  <date>2019-12-17T11:18:45</date>
  <millis>1576556325391</millis>
  <sequence>41</sequence>
  <level>START</level>
  <class>com.kms.katalon.core.logging.XmlKeywordLogger</class>
  <method>startKeyword</method>
  <thread>1</thread>
  <message>Start action : status_code = statusCode</message>
  <nestedLevel>1</nestedLevel>
  <property name="startLine">54</property>
  <property name="stepIndex">12</property>
</record>
<record>
  <date>2019-12-17T11:18:45</date>
  <millis>1576556325392</millis>
  <sequence>42</sequence>
  <level>END</level>
  <class>com.kms.katalon.core.logging.XmlKeywordLogger</class>
  <method>endKeyword</method>
  <thread>1</thread>
  <message>End action : status_code = statusCode</message>
  <nestedLevel>1</nestedLevel>
</record>
<record>
  <date>2019-12-17T11:18:45</date>
  <millis>1576556325392</millis>
  <sequence>43</sequence>
  <level>START</level>
  <class>com.kms.katalon.core.logging.XmlKeywordLogger</class>
  <method>startKeyword</method>
  <thread>1</thread>
  <message>Start action : respDataMap = JsonSlurper().parseText(body_content)</message>
  <nestedLevel>1</nestedLevel>
  <property name="startLine">56</property>
  <property name="stepIndex">13</property>
</record>
<record>
  <date>2019-12-17T11:18:45</date>
  <millis>1576556325405</millis>
  <sequence>44</sequence>
  <level>END</level>
  <class>com.kms.katalon.core.logging.XmlKeywordLogger</class>
  <method>endKeyword</method>
  <thread>1</thread>
  <message>End action : respDataMap = JsonSlurper().parseText(body_content)</message>
  <nestedLevel>1</nestedLevel>
</record>
<record>
  <date>2019-12-17T11:18:45</date>
  <millis>1576556325405</millis>
  <sequence>45</sequence>
  <level>START</level>
  <class>com.kms.katalon.core.logging.XmlKeywordLogger</class>
  <method>startKeyword</method>
  <thread>1</thread>
  <message>Start action : out.println(respDataMap)</message>
  <nestedLevel>1</nestedLevel>
  <property name="startLine">58</property>
  <property name="stepIndex">14</property>
</record>
<record>
  <date>2019-12-17T11:18:45</date>
  <millis>1576556325409</millis>
  <sequence>46</sequence>
  <level>END</level>
  <class>com.kms.katalon.core.logging.XmlKeywordLogger</class>
  <method>endKeyword</method>
  <thread>1</thread>
  <message>End action : out.println(respDataMap)</message>
  <nestedLevel>1</nestedLevel>
</record>
<record>
  <date>2019-12-17T11:18:45</date>
  <millis>1576556325409</millis>
  <sequence>47</sequence>
  <level>START</level>
  <class>com.kms.katalon.core.logging.XmlKeywordLogger</class>
  <method>startKeyword</method>
  <thread>1</thread>
  <message>Start action : rc_ref = ReturnCodeWrapper(var_expected_rc).getEnumRC()</message>
  <nestedLevel>1</nestedLevel>
  <property name="startLine">60</property>
  <property name="stepIndex">15</property>
</record>
<record>
  <date>2019-12-17T11:18:45</date>
  <millis>1576556325420</millis>
  <sequence>48</sequence>
  <level>END</level>
  <class>com.kms.katalon.core.logging.XmlKeywordLogger</class>
  <method>endKeyword</method>
  <thread>1</thread>
  <message>End action : rc_ref = ReturnCodeWrapper(var_expected_rc).getEnumRC()</message>
  <nestedLevel>1</nestedLevel>
</record>
<record>
  <date>2019-12-17T11:18:45</date>
  <millis>1576556325421</millis>
  <sequence>49</sequence>
  <level>START</level>
  <class>com.kms.katalon.core.logging.XmlKeywordLogger</class>
  <method>startKeyword</method>
  <thread>1</thread>
  <message>Start action : out.println(var_expected_rc)</message>
  <nestedLevel>1</nestedLevel>
  <property name="startLine">62</property>
  <property name="stepIndex">16</property>
</record>
<record>
  <date>2019-12-17T11:18:45</date>
  <millis>1576556325422</millis>
  <sequence>50</sequence>
  <level>END</level>
  <class>com.kms.katalon.core.logging.XmlKeywordLogger</class>
  <method>endKeyword</method>
  <thread>1</thread>
  <message>End action : out.println(var_expected_rc)</message>
  <nestedLevel>1</nestedLevel>
</record>
<record>
  <date>2019-12-17T11:18:45</date>
  <millis>1576556325422</millis>
  <sequence>51</sequence>
  <level>START</level>
  <class>com.kms.katalon.core.logging.XmlKeywordLogger</class>
  <method>startKeyword</method>
  <thread>1</thread>
  <message>Start action : out.println(rc_ref.getRCName())</message>
  <nestedLevel>1</nestedLevel>
  <property name="startLine">63</property>
  <property name="stepIndex">17</property>
</record>
<record>
  <date>2019-12-17T11:18:45</date>
  <millis>1576556325424</millis>
  <sequence>52</sequence>
  <level>END</level>
  <class>com.kms.katalon.core.logging.XmlKeywordLogger</class>
  <method>endKeyword</method>
  <thread>1</thread>
  <message>End action : out.println(rc_ref.getRCName())</message>
  <nestedLevel>1</nestedLevel>
</record>
<record>
  <date>2019-12-17T11:18:45</date>
  <millis>1576556325424</millis>
  <sequence>53</sequence>
  <level>START</level>
  <class>com.kms.katalon.core.logging.XmlKeywordLogger</class>
  <method>startKeyword</method>
  <thread>1</thread>
  <message>Start action : out.println(rc_ref.getHttpResponse())</message>
  <nestedLevel>1</nestedLevel>
  <property name="startLine">64</property>
  <property name="stepIndex">18</property>
</record>
<record>
  <date>2019-12-17T11:18:45</date>
  <millis>1576556325426</millis>
  <sequence>54</sequence>
  <level>END</level>
  <class>com.kms.katalon.core.logging.XmlKeywordLogger</class>
  <method>endKeyword</method>
  <thread>1</thread>
  <message>End action : out.println(rc_ref.getHttpResponse())</message>
  <nestedLevel>1</nestedLevel>
</record>
<record>
  <date>2019-12-17T11:18:45</date>
  <millis>1576556325426</millis>
  <sequence>55</sequence>
  <level>START</level>
  <class>com.kms.katalon.core.logging.XmlKeywordLogger</class>
  <method>startKeyword</method>
  <thread>1</thread>
  <message>Start action : rcIsTrue = verifyEqual(response_code, rc_ref.getRCName())</message>
  <nestedLevel>1</nestedLevel>
  <property name="startLine">66</property>
  <property name="stepIndex">19</property>
</record>
<record>
  <date>2019-12-17T11:18:45</date>
  <millis>1576556325447</millis>
  <sequence>57</sequence>
  <level>PASSED</level>
  <class>com.kms.katalon.core.logging.XmlKeywordLogger</class>
  <method>logMessage</method>
  <thread>1</thread>
  <message>Actual object &amp;apos;RC00&amp;apos; and expected object &amp;apos;RC00&amp;apos; are equal</message>
  <nestedLevel>1</nestedLevel>
</record>
<record>
  <date>2019-12-17T11:18:45</date>
  <millis>1576556325448</millis>
  <sequence>58</sequence>
  <level>END</level>
  <class>com.kms.katalon.core.logging.XmlKeywordLogger</class>
  <method>endKeyword</method>
  <thread>1</thread>
  <message>End action : rcIsTrue = verifyEqual(response_code, rc_ref.getRCName())</message>
  <nestedLevel>1</nestedLevel>
</record>
<record>
  <date>2019-12-17T11:18:45</date>
  <millis>1576556325448</millis>
  <sequence>59</sequence>
  <level>START</level>
  <class>com.kms.katalon.core.logging.XmlKeywordLogger</class>
  <method>startKeyword</method>
  <thread>1</thread>
  <message>Start action : httpRespIsTrue = verifyEqual(statusCode, rc_ref.getHttpResponse())</message>
  <nestedLevel>1</nestedLevel>
  <property name="startLine">67</property>
  <property name="stepIndex">20</property>
</record>
<record>
  <date>2019-12-17T11:18:45</date>
  <millis>1576556325451</millis>
  <sequence>61</sequence>
  <level>PASSED</level>
  <class>com.kms.katalon.core.logging.XmlKeywordLogger</class>
  <method>logMessage</method>
  <thread>1</thread>
  <message>Actual object &amp;apos;200&amp;apos; and expected object &amp;apos;200&amp;apos; are equal</message>
  <nestedLevel>1</nestedLevel>
</record>
<record>
  <date>2019-12-17T11:18:45</date>
  <millis>1576556325452</millis>
  <sequence>62</sequence>
  <level>END</level>
  <class>com.kms.katalon.core.logging.XmlKeywordLogger</class>
  <method>endKeyword</method>
  <thread>1</thread>
  <message>End action : httpRespIsTrue = verifyEqual(statusCode, rc_ref.getHttpResponse())</message>
  <nestedLevel>1</nestedLevel>
</record>
<record>
  <date>2019-12-17T11:18:45</date>
  <millis>1576556325452</millis>
  <sequence>63</sequence>
  <level>START</level>
  <class>com.kms.katalon.core.logging.XmlKeywordLogger</class>
  <method>startKeyword</method>
  <thread>1</thread>
  <message>Start action : if (rc_ref == RC00)</message>
  <nestedLevel>1</nestedLevel>
  <property name="startLine">69</property>
  <property name="stepIndex">21</property>
</record>
<record>
  <date>2019-12-17T11:18:45</date>
  <millis>1576556325452</millis>
  <sequence>64</sequence>
  <level>START</level>
  <class>com.kms.katalon.core.logging.XmlKeywordLogger</class>
  <method>startKeyword</method>
  <thread>1</thread>
  <message>Start action : decipheredResponseData = SecureUtils.decryptAesEwallet(data, var_aes_key)</message>
  <nestedLevel>2</nestedLevel>
  <property name="startLine">71</property>
  <property name="stepIndex">1</property>
</record>
<record>
  <date>2019-12-17T11:18:45</date>
  <millis>1576556325455</millis>
  <sequence>65</sequence>
  <level>END</level>
  <class>com.kms.katalon.core.logging.XmlKeywordLogger</class>
  <method>endKeyword</method>
  <thread>1</thread>
  <message>End action : decipheredResponseData = SecureUtils.decryptAesEwallet(data, var_aes_key)</message>
  <nestedLevel>2</nestedLevel>
</record>
<record>
  <date>2019-12-17T11:18:45</date>
  <millis>1576556325455</millis>
  <sequence>66</sequence>
  <level>START</level>
  <class>com.kms.katalon.core.logging.XmlKeywordLogger</class>
  <method>startKeyword</method>
  <thread>1</thread>
  <message>Start action : decipheredRespDataMap = JsonSlurper().parseText(decipheredResponseData)</message>
  <nestedLevel>2</nestedLevel>
  <property name="startLine">72</property>
  <property name="stepIndex">2</property>
</record>
<record>
  <date>2019-12-17T11:18:45</date>
  <millis>1576556325455</millis>
  <sequence>67</sequence>
  <level>END</level>
  <class>com.kms.katalon.core.logging.XmlKeywordLogger</class>
  <method>endKeyword</method>
  <thread>1</thread>
  <message>End action : decipheredRespDataMap = JsonSlurper().parseText(decipheredResponseData)</message>
  <nestedLevel>2</nestedLevel>
</record>
<record>
  <date>2019-12-17T11:18:45</date>
  <millis>1576556325456</millis>
  <sequence>68</sequence>
  <level>START</level>
  <class>com.kms.katalon.core.logging.XmlKeywordLogger</class>
  <method>startKeyword</method>
  <thread>1</thread>
  <message>Start action : out.println(decipheredRespDataMap)</message>
  <nestedLevel>2</nestedLevel>
  <property name="startLine">74</property>
  <property name="stepIndex">3</property>
</record>
<record>
  <date>2019-12-17T11:18:45</date>
  <millis>1576556325456</millis>
  <sequence>69</sequence>
  <level>END</level>
  <class>com.kms.katalon.core.logging.XmlKeywordLogger</class>
  <method>endKeyword</method>
  <thread>1</thread>
  <message>End action : out.println(decipheredRespDataMap)</message>
  <nestedLevel>2</nestedLevel>
</record>
<record>
  <date>2019-12-17T11:18:45</date>
  <millis>1576556325456</millis>
  <sequence>70</sequence>
  <level>START</level>
  <class>com.kms.katalon.core.logging.XmlKeywordLogger</class>
  <method>startKeyword</method>
  <thread>1</thread>
  <message>Start action : access_token_customer = access_token</message>
  <nestedLevel>2</nestedLevel>
  <property name="startLine">77</property>
  <property name="stepIndex">4</property>
</record>
<record>
  <date>2019-12-17T11:18:45</date>
  <millis>1576556325457</millis>
  <sequence>71</sequence>
  <level>END</level>
  <class>com.kms.katalon.core.logging.XmlKeywordLogger</class>
  <method>endKeyword</method>
  <thread>1</thread>
  <message>End action : access_token_customer = access_token</message>
  <nestedLevel>2</nestedLevel>
</record>
<record>
  <date>2019-12-17T11:18:45</date>
  <millis>1576556325457</millis>
  <sequence>72</sequence>
  <level>END</level>
  <class>com.kms.katalon.core.logging.XmlKeywordLogger</class>
  <method>endKeyword</method>
  <thread>1</thread>
  <message>End action : if (rc_ref == RC00)</message>
  <nestedLevel>1</nestedLevel>
</record>
<record>
  <date>2019-12-17T11:18:45</date>
  <millis>1576556325457</millis>
  <sequence>73</sequence>
  <level>PASSED</level>
  <class>com.kms.katalon.core.logging.XmlKeywordLogger</class>
  <method>logMessage</method>
  <thread>1</thread>
  <message>Test Cases/Account/TC_loginCustomer/TC_login081266483909</message>
  <nestedLevel>1</nestedLevel>
</record>
<record>
  <date>2019-12-17T11:18:45</date>
  <millis>1576556325457</millis>
  <sequence>74</sequence>
  <level>END</level>
  <class>com.kms.katalon.core.logging.XmlKeywordLogger</class>
  <method>endTest</method>
  <thread>1</thread>
  <message>End Test Case : Test Cases/Account/TC_loginCustomer/TC_login081266483909</message>
  <nestedLevel>0</nestedLevel>
</record>
<record>
  <date>2019-12-17T11:18:45</date>
  <millis>1576556325461</millis>
  <sequence>75</sequence>
  <level>START</level>
  <class>com.kms.katalon.core.logging.XmlKeywordLogger</class>
  <method>startTest</method>
  <thread>1</thread>
  <message>Start Test Case : Test Cases/E_Wallet/TC_addSoF/TC_addSofDKI</message>
  <nestedLevel>1</nestedLevel>
  <property name="name">Test Cases/E_Wallet/TC_addSoF/TC_addSofDKI</property>
  <property name="description"></property>
  <property name="id">Test Cases/E_Wallet/TC_addSoF/TC_addSofDKI</property>
  <property name="source">D:\\katalon-ewallet\\Test Cases\\E_Wallet\\TC_addSoF\\TC_addSofDKI.tc</property>
  <property name="tag"></property>
  <property name="isOptional">false</property>
</record>
<record>
  <date>2019-12-17T11:18:45</date>
  <millis>1576556325475</millis>
  <sequence>77</sequence>
  <level>INFO</level>
  <class>com.kms.katalon.core.logging.XmlKeywordLogger</class>
  <method>logMessage</method>
  <thread>1</thread>
  <message>var_user_agent = 1</message>
  <nestedLevel>1</nestedLevel>
</record>
<record>
  <date>2019-12-17T11:18:45</date>
  <millis>1576556325475</millis>
  <sequence>78</sequence>
  <level>INFO</level>
  <class>com.kms.katalon.core.logging.XmlKeywordLogger</class>
  <method>logMessage</method>
  <thread>1</thread>
  <message>var_track_1 = </message>
  <nestedLevel>1</nestedLevel>
</record>
<record>
  <date>2019-12-17T11:18:45</date>
  <millis>1576556325475</millis>
  <sequence>79</sequence>
  <level>INFO</level>
  <class>com.kms.katalon.core.logging.XmlKeywordLogger</class>
  <method>logMessage</method>
  <thread>1</thread>
  <message>var_track_2 = 5049488500000681=2212221</message>
  <nestedLevel>1</nestedLevel>
</record>
<record>
  <date>2019-12-17T11:18:45</date>
  <millis>1576556325476</millis>
  <sequence>80</sequence>
  <level>INFO</level>
  <class>com.kms.katalon.core.logging.XmlKeywordLogger</class>
  <method>logMessage</method>
  <thread>1</thread>
  <message>var_organisation_id = 1</message>
  <nestedLevel>1</nestedLevel>
</record>
<record>
  <date>2019-12-17T11:18:45</date>
  <millis>1576556325476</millis>
  <sequence>81</sequence>
  <level>INFO</level>
  <class>com.kms.katalon.core.logging.XmlKeywordLogger</class>
  <method>logMessage</method>
  <thread>1</thread>
  <message>var_lang = id</message>
  <nestedLevel>1</nestedLevel>
</record>
<record>
  <date>2019-12-17T11:18:45</date>
  <millis>1576556325476</millis>
  <sequence>82</sequence>
  <level>INFO</level>
  <class>com.kms.katalon.core.logging.XmlKeywordLogger</class>
  <method>logMessage</method>
  <thread>1</thread>
  <message>var_expected_rc = RC00</message>
  <nestedLevel>1</nestedLevel>
</record>
<record>
  <date>2019-12-17T11:18:45</date>
  <millis>1576556325476</millis>
  <sequence>83</sequence>
  <level>INFO</level>
  <class>com.kms.katalon.core.logging.XmlKeywordLogger</class>
  <method>logMessage</method>
  <thread>1</thread>
  <message>var_customer_token = 1</message>
  <nestedLevel>1</nestedLevel>
</record>
<record>
  <date>2019-12-17T11:18:45</date>
  <millis>1576556325485</millis>
  <sequence>84</sequence>
  <level>INFO</level>
  <class>com.kms.katalon.core.logging.XmlKeywordLogger</class>
  <method>logMessage</method>
  <thread>1</thread>
  <message>(Default) var_partner_token = ABCDEF0123456789</message>
  <nestedLevel>1</nestedLevel>
</record>
<record>
  <date>2019-12-17T11:18:45</date>
  <millis>1576556325493</millis>
  <sequence>85</sequence>
  <level>INFO</level>
  <class>com.kms.katalon.core.logging.XmlKeywordLogger</class>
  <method>logMessage</method>
  <thread>1</thread>
  <message>(Default) access_token_customer = hL3e8yLLuJqLEd70HeEdFc7mlzpcWEDqLgAkiwmfufWznMJ2lW9jIwKfjAB5</message>
  <nestedLevel>1</nestedLevel>
</record>
<record>
  <date>2019-12-17T11:18:45</date>
  <millis>1576556325504</millis>
  <sequence>86</sequence>
  <level>INFO</level>
  <class>com.kms.katalon.core.logging.XmlKeywordLogger</class>
  <method>logMessage</method>
  <thread>1</thread>
  <message>(Default) var_aes_key = this_key_have_to_equal_32_bytes!</message>
  <nestedLevel>1</nestedLevel>
</record>
<record>
  <date>2019-12-17T11:18:45</date>
  <millis>1576556325505</millis>
  <sequence>87</sequence>
  <level>INFO</level>
  <class>com.kms.katalon.core.logging.XmlKeywordLogger</class>
  <method>logMessage</method>
  <thread>1</thread>
  <message>var_journal_number = 1774</message>
  <nestedLevel>1</nestedLevel>
</record>
<record>
  <date>2019-12-17T11:18:45</date>
  <millis>1576556325505</millis>
  <sequence>88</sequence>
  <level>INFO</level>
  <class>com.kms.katalon.core.logging.XmlKeywordLogger</class>
  <method>logMessage</method>
  <thread>1</thread>
  <message>var_plain_pan = 5049488500000681</message>
  <nestedLevel>1</nestedLevel>
</record>
<record>
  <date>2019-12-17T11:18:45</date>
  <millis>1576556325647</millis>
  <sequence>89</sequence>
  <level>START</level>
  <class>com.kms.katalon.core.logging.XmlKeywordLogger</class>
  <method>startKeyword</method>
  <thread>1</thread>
  <message>Start action : plain = \&amp;quot;{\&amp;quot; + \&amp;quot;\&amp;quot;user_agent\&amp;quot;:\&amp;quot;\&amp;quot; + var_user_agent + \&amp;quot;\&amp;quot;,\&amp;quot; + \&amp;quot;\&amp;quot;track_1\&amp;quot;:\&amp;quot;\&amp;quot; + var_track_1 + \&amp;quot;\&amp;quot;,\&amp;quot; + \&amp;quot;\&amp;quot;track_2\&amp;quot;:\&amp;quot;\&amp;quot; + var_track_2 + \&amp;quot;\&amp;quot;,\&amp;quot; + \&amp;quot;\&amp;quot;journal_number\&amp;quot;:\&amp;quot;\&amp;quot; + var_journal_number + \&amp;quot;\&amp;quot;,\&amp;quot; + \&amp;quot;\&amp;quot;pan\&amp;quot;:\&amp;quot;\&amp;quot; + var_plain_pan + \&amp;quot;\&amp;quot;}\&amp;quot;</message>
  <nestedLevel>1</nestedLevel>
  <property name="startLine">20</property>
  <property name="stepIndex">1</property>
</record>
<record>
  <date>2019-12-17T11:18:45</date>
  <millis>1576556325648</millis>
  <sequence>90</sequence>
  <level>END</level>
  <class>com.kms.katalon.core.logging.XmlKeywordLogger</class>
  <method>endKeyword</method>
  <thread>1</thread>
  <message>End action : plain = \&amp;quot;{\&amp;quot; + \&amp;quot;\&amp;quot;user_agent\&amp;quot;:\&amp;quot;\&amp;quot; + var_user_agent + \&amp;quot;\&amp;quot;,\&amp;quot; + \&amp;quot;\&amp;quot;track_1\&amp;quot;:\&amp;quot;\&amp;quot; + var_track_1 + \&amp;quot;\&amp;quot;,\&amp;quot; + \&amp;quot;\&amp;quot;track_2\&amp;quot;:\&amp;quot;\&amp;quot; + var_track_2 + \&amp;quot;\&amp;quot;,\&amp;quot; + \&amp;quot;\&amp;quot;journal_number\&amp;quot;:\&amp;quot;\&amp;quot; + var_journal_number + \&amp;quot;\&amp;quot;,\&amp;quot; + \&amp;quot;\&amp;quot;pan\&amp;quot;:\&amp;quot;\&amp;quot; + var_plain_pan + \&amp;quot;\&amp;quot;}\&amp;quot;</message>
  <nestedLevel>1</nestedLevel>
</record>
<record>
  <date>2019-12-17T11:18:45</date>
  <millis>1576556325649</millis>
  <sequence>91</sequence>
  <level>START</level>
  <class>com.kms.katalon.core.logging.XmlKeywordLogger</class>
  <method>startKeyword</method>
  <thread>1</thread>
  <message>Start action : out.println(plain)</message>
  <nestedLevel>1</nestedLevel>
  <property name="startLine">29</property>
  <property name="stepIndex">2</property>
</record>
<record>
  <date>2019-12-17T11:18:45</date>
  <millis>1576556325650</millis>
  <sequence>92</sequence>
  <level>END</level>
  <class>com.kms.katalon.core.logging.XmlKeywordLogger</class>
  <method>endKeyword</method>
  <thread>1</thread>
  <message>End action : out.println(plain)</message>
  <nestedLevel>1</nestedLevel>
</record>
<record>
  <date>2019-12-17T11:18:45</date>
  <millis>1576556325651</millis>
  <sequence>93</sequence>
  <level>START</level>
  <class>com.kms.katalon.core.logging.XmlKeywordLogger</class>
  <method>startKeyword</method>
  <thread>1</thread>
  <message>Start action : out.println(\&amp;quot;var_customer_token\&amp;quot; + var_customer_token)</message>
  <nestedLevel>1</nestedLevel>
  <property name="startLine">30</property>
  <property name="stepIndex">3</property>
</record>
<record>
  <date>2019-12-17T11:18:45</date>
  <millis>1576556325651</millis>
  <sequence>94</sequence>
  <level>END</level>
  <class>com.kms.katalon.core.logging.XmlKeywordLogger</class>
  <method>endKeyword</method>
  <thread>1</thread>
  <message>End action : out.println(\&amp;quot;var_customer_token\&amp;quot; + var_customer_token)</message>
  <nestedLevel>1</nestedLevel>
</record>
<record>
  <date>2019-12-17T11:18:45</date>
  <millis>1576556325651</millis>
  <sequence>95</sequence>
  <level>START</level>
  <class>com.kms.katalon.core.logging.XmlKeywordLogger</class>
  <method>startKeyword</method>
  <thread>1</thread>
  <message>Start action : out.println(\&amp;quot;var_partner_token\&amp;quot; + var_partner_token)</message>
  <nestedLevel>1</nestedLevel>
  <property name="startLine">31</property>
  <property name="stepIndex">4</property>
</record>
<record>
  <date>2019-12-17T11:18:45</date>
  <millis>1576556325652</millis>
  <sequence>96</sequence>
  <level>END</level>
  <class>com.kms.katalon.core.logging.XmlKeywordLogger</class>
  <method>endKeyword</method>
  <thread>1</thread>
  <message>End action : out.println(\&amp;quot;var_partner_token\&amp;quot; + var_partner_token)</message>
  <nestedLevel>1</nestedLevel>
</record>
<record>
  <date>2019-12-17T11:18:45</date>
  <millis>1576556325652</millis>
  <sequence>97</sequence>
  <level>START</level>
  <class>com.kms.katalon.core.logging.XmlKeywordLogger</class>
  <method>startKeyword</method>
  <thread>1</thread>
  <message>Start action : encipheredData = SecureUtils.encryptAesEwallet(plain, var_aes_key)</message>
  <nestedLevel>1</nestedLevel>
  <property name="startLine">34</property>
  <property name="stepIndex">5</property>
</record>
<record>
  <date>2019-12-17T11:18:45</date>
  <millis>1576556325653</millis>
  <sequence>98</sequence>
  <level>END</level>
  <class>com.kms.katalon.core.logging.XmlKeywordLogger</class>
  <method>endKeyword</method>
  <thread>1</thread>
  <message>End action : encipheredData = SecureUtils.encryptAesEwallet(plain, var_aes_key)</message>
  <nestedLevel>1</nestedLevel>
</record>
<record>
  <date>2019-12-17T11:18:45</date>
  <millis>1576556325653</millis>
  <sequence>99</sequence>
  <level>START</level>
  <class>com.kms.katalon.core.logging.XmlKeywordLogger</class>
  <method>startKeyword</method>
  <thread>1</thread>
  <message>Start action : body = \&amp;quot;{\&amp;quot;organisation_id\&amp;quot;:\&amp;quot;\&amp;quot; + var_organisation_id + \&amp;quot;\&amp;quot;,\&amp;quot; + \&amp;quot;\&amp;quot;data\&amp;quot;:\&amp;quot;\&amp;quot; + encipheredData + \&amp;quot;\&amp;quot;,\&amp;quot; + \&amp;quot;\&amp;quot;lang\&amp;quot;:\&amp;quot;\&amp;quot; + var_lang + \&amp;quot;\&amp;quot;}\&amp;quot;</message>
  <nestedLevel>1</nestedLevel>
  <property name="startLine">37</property>
  <property name="stepIndex">6</property>
</record>
<record>
  <date>2019-12-17T11:18:45</date>
  <millis>1576556325653</millis>
  <sequence>100</sequence>
  <level>END</level>
  <class>com.kms.katalon.core.logging.XmlKeywordLogger</class>
  <method>endKeyword</method>
  <thread>1</thread>
  <message>End action : body = \&amp;quot;{\&amp;quot;organisation_id\&amp;quot;:\&amp;quot;\&amp;quot; + var_organisation_id + \&amp;quot;\&amp;quot;,\&amp;quot; + \&amp;quot;\&amp;quot;data\&amp;quot;:\&amp;quot;\&amp;quot; + encipheredData + \&amp;quot;\&amp;quot;,\&amp;quot; + \&amp;quot;\&amp;quot;lang\&amp;quot;:\&amp;quot;\&amp;quot; + var_lang + \&amp;quot;\&amp;quot;}\&amp;quot;</message>
  <nestedLevel>1</nestedLevel>
</record>
<record>
  <date>2019-12-17T11:18:45</date>
  <millis>1576556325654</millis>
  <sequence>101</sequence>
  <level>START</level>
  <class>com.kms.katalon.core.logging.XmlKeywordLogger</class>
  <method>startKeyword</method>
  <thread>1</thread>
  <message>Start action : out.println(body)</message>
  <nestedLevel>1</nestedLevel>
  <property name="startLine">41</property>
  <property name="stepIndex">7</property>
</record>
<record>
  <date>2019-12-17T11:18:45</date>
  <millis>1576556325654</millis>
  <sequence>102</sequence>
  <level>END</level>
  <class>com.kms.katalon.core.logging.XmlKeywordLogger</class>
  <method>endKeyword</method>
  <thread>1</thread>
  <message>End action : out.println(body)</message>
  <nestedLevel>1</nestedLevel>
</record>
<record>
  <date>2019-12-17T11:18:45</date>
  <millis>1576556325654</millis>
  <sequence>103</sequence>
  <level>START</level>
  <class>com.kms.katalon.core.logging.XmlKeywordLogger</class>
  <method>startKeyword</method>
  <thread>1</thread>
  <message>Start action : request = findTestObject(\&amp;quot;E_Wallet/obj_addSofDKI\&amp;quot;)</message>
  <nestedLevel>1</nestedLevel>
  <property name="startLine">44</property>
  <property name="stepIndex">8</property>
</record>
<record>
  <date>2019-12-17T11:18:45</date>
  <millis>1576556325687</millis>
  <sequence>105</sequence>
  <level>END</level>
  <class>com.kms.katalon.core.logging.XmlKeywordLogger</class>
  <method>endKeyword</method>
  <thread>1</thread>
  <message>End action : request = findTestObject(\&amp;quot;E_Wallet/obj_addSofDKI\&amp;quot;)</message>
  <nestedLevel>1</nestedLevel>
</record>
<record>
  <date>2019-12-17T11:18:45</date>
  <millis>1576556325688</millis>
  <sequence>106</sequence>
  <level>START</level>
  <class>com.kms.katalon.core.logging.XmlKeywordLogger</class>
  <method>startKeyword</method>
  <thread>1</thread>
  <message>Start action : println(hostname)</message>
  <nestedLevel>1</nestedLevel>
  <property name="startLine">46</property>
  <property name="stepIndex">9</property>
</record>
<record>
  <date>2019-12-17T11:18:45</date>
  <millis>1576556325689</millis>
  <sequence>107</sequence>
  <level>END</level>
  <class>com.kms.katalon.core.logging.XmlKeywordLogger</class>
  <method>endKeyword</method>
  <thread>1</thread>
  <message>End action : println(hostname)</message>
  <nestedLevel>1</nestedLevel>
</record>
<record>
  <date>2019-12-17T11:18:45</date>
  <millis>1576556325689</millis>
  <sequence>108</sequence>
  <level>START</level>
  <class>com.kms.katalon.core.logging.XmlKeywordLogger</class>
  <method>startKeyword</method>
  <thread>1</thread>
  <message>Start action : println(request.getRestUrl())</message>
  <nestedLevel>1</nestedLevel>
  <property name="startLine">47</property>
  <property name="stepIndex">10</property>
</record>
<record>
  <date>2019-12-17T11:18:45</date>
  <millis>1576556325690</millis>
  <sequence>109</sequence>
  <level>END</level>
  <class>com.kms.katalon.core.logging.XmlKeywordLogger</class>
  <method>endKeyword</method>
  <thread>1</thread>
  <message>End action : println(request.getRestUrl())</message>
  <nestedLevel>1</nestedLevel>
</record>
<record>
  <date>2019-12-17T11:18:45</date>
  <millis>1576556325690</millis>
  <sequence>110</sequence>
  <level>START</level>
  <class>com.kms.katalon.core.logging.XmlKeywordLogger</class>
  <method>startKeyword</method>
  <thread>1</thread>
  <message>Start action : request.setBodyContent(new com.kms.katalon.core.testobject.impl.HttpTextBodyContent(body, UTF-8, application/json))</message>
  <nestedLevel>1</nestedLevel>
  <property name="startLine">49</property>
  <property name="stepIndex">11</property>
</record>
<record>
  <date>2019-12-17T11:18:45</date>
  <millis>1576556325691</millis>
  <sequence>111</sequence>
  <level>END</level>
  <class>com.kms.katalon.core.logging.XmlKeywordLogger</class>
  <method>endKeyword</method>
  <thread>1</thread>
  <message>End action : request.setBodyContent(new com.kms.katalon.core.testobject.impl.HttpTextBodyContent(body, UTF-8, application/json))</message>
  <nestedLevel>1</nestedLevel>
</record>
<record>
  <date>2019-12-17T11:18:45</date>
  <millis>1576556325692</millis>
  <sequence>112</sequence>
  <level>START</level>
  <class>com.kms.katalon.core.logging.XmlKeywordLogger</class>
  <method>startKeyword</method>
  <thread>1</thread>
  <message>Start action : if (var_customer_token == 0)</message>
  <nestedLevel>1</nestedLevel>
  <property name="startLine">51</property>
  <property name="stepIndex">12</property>
</record>
<record>
  <date>2019-12-17T11:18:45</date>
  <millis>1576556325692</millis>
  <sequence>113</sequence>
  <level>END</level>
  <class>com.kms.katalon.core.logging.XmlKeywordLogger</class>
  <method>endKeyword</method>
  <thread>1</thread>
  <message>End action : if (var_customer_token == 0)</message>
  <nestedLevel>1</nestedLevel>
</record>
<record>
  <date>2019-12-17T11:18:45</date>
  <millis>1576556325693</millis>
  <sequence>114</sequence>
  <level>START</level>
  <class>com.kms.katalon.core.logging.XmlKeywordLogger</class>
  <method>startKeyword</method>
  <thread>1</thread>
  <message>Start action : else</message>
  <nestedLevel>1</nestedLevel>
  <property name="startLine">54</property>
  <property name="stepIndex">13</property>
</record>
<record>
  <date>2019-12-17T11:18:45</date>
  <millis>1576556325693</millis>
  <sequence>115</sequence>
  <level>START</level>
  <class>com.kms.katalon.core.logging.XmlKeywordLogger</class>
  <method>startKeyword</method>
  <thread>1</thread>
  <message>Start action : out.println(\&amp;quot;using access_token = \&amp;quot; + access_token_customer)</message>
  <nestedLevel>2</nestedLevel>
  <property name="startLine">55</property>
  <property name="stepIndex">1</property>
</record>
<record>
  <date>2019-12-17T11:18:45</date>
  <millis>1576556325694</millis>
  <sequence>116</sequence>
  <level>END</level>
  <class>com.kms.katalon.core.logging.XmlKeywordLogger</class>
  <method>endKeyword</method>
  <thread>1</thread>
  <message>End action : out.println(\&amp;quot;using access_token = \&amp;quot; + access_token_customer)</message>
  <nestedLevel>2</nestedLevel>
</record>
<record>
  <date>2019-12-17T11:18:45</date>
  <millis>1576556325694</millis>
  <sequence>117</sequence>
  <level>START</level>
  <class>com.kms.katalon.core.logging.XmlKeywordLogger</class>
  <method>startKeyword</method>
  <thread>1</thread>
  <message>Start action : listQuery = new java.util.ArrayList()</message>
  <nestedLevel>2</nestedLevel>
  <property name="startLine">56</property>
  <property name="stepIndex">2</property>
</record>
<record>
  <date>2019-12-17T11:18:45</date>
  <millis>1576556325695</millis>
  <sequence>118</sequence>
  <level>END</level>
  <class>com.kms.katalon.core.logging.XmlKeywordLogger</class>
  <method>endKeyword</method>
  <thread>1</thread>
  <message>End action : listQuery = new java.util.ArrayList()</message>
  <nestedLevel>2</nestedLevel>
</record>
<record>
  <date>2019-12-17T11:18:45</date>
  <millis>1576556325695</millis>
  <sequence>119</sequence>
  <level>START</level>
  <class>com.kms.katalon.core.logging.XmlKeywordLogger</class>
  <method>startKeyword</method>
  <thread>1</thread>
  <message>Start action : listQuery.add(new com.kms.katalon.core.testobject.TestObjectProperty(token, com.kms.katalon.core.testobject.ConditionType.EQUALS, internal.GlobalVariable.access_token_customer))</message>
  <nestedLevel>2</nestedLevel>
  <property name="startLine">58</property>
  <property name="stepIndex">3</property>
</record>
<record>
  <date>2019-12-17T11:18:45</date>
  <millis>1576556325705</millis>
  <sequence>120</sequence>
  <level>END</level>
  <class>com.kms.katalon.core.logging.XmlKeywordLogger</class>
  <method>endKeyword</method>
  <thread>1</thread>
  <message>End action : listQuery.add(new com.kms.katalon.core.testobject.TestObjectProperty(token, com.kms.katalon.core.testobject.ConditionType.EQUALS, internal.GlobalVariable.access_token_customer))</message>
  <nestedLevel>2</nestedLevel>
</record>
<record>
  <date>2019-12-17T11:18:45</date>
  <millis>1576556325705</millis>
  <sequence>121</sequence>
  <level>START</level>
  <class>com.kms.katalon.core.logging.XmlKeywordLogger</class>
  <method>startKeyword</method>
  <thread>1</thread>
  <message>Start action : request.setRestParameters(listQuery)</message>
  <nestedLevel>2</nestedLevel>
  <property name="startLine">59</property>
  <property name="stepIndex">4</property>
</record>
<record>
  <date>2019-12-17T11:18:45</date>
  <millis>1576556325707</millis>
  <sequence>122</sequence>
  <level>END</level>
  <class>com.kms.katalon.core.logging.XmlKeywordLogger</class>
  <method>endKeyword</method>
  <thread>1</thread>
  <message>End action : request.setRestParameters(listQuery)</message>
  <nestedLevel>2</nestedLevel>
</record>
<record>
  <date>2019-12-17T11:18:45</date>
  <millis>1576556325707</millis>
  <sequence>123</sequence>
  <level>END</level>
  <class>com.kms.katalon.core.logging.XmlKeywordLogger</class>
  <method>endKeyword</method>
  <thread>1</thread>
  <message>End action : else</message>
  <nestedLevel>1</nestedLevel>
</record>
<record>
  <date>2019-12-17T11:18:45</date>
  <millis>1576556325707</millis>
  <sequence>124</sequence>
  <level>START</level>
  <class>com.kms.katalon.core.logging.XmlKeywordLogger</class>
  <method>startKeyword</method>
  <thread>1</thread>
  <message>Start action : response = sendRequest(request)</message>
  <nestedLevel>1</nestedLevel>
  <property name="startLine">63</property>
  <property name="stepIndex">14</property>
</record>
<record>
  <date>2019-12-17T11:18:46</date>
  <millis>1576556326125</millis>
  <sequence>126</sequence>
  <level>INFO</level>
  <class>com.kms.katalon.core.logging.XmlKeywordLogger</class>
  <method>logMessage</method>
  <thread>1</thread>
  <message>HAR: D:\\katalon-ewallet\\Reports\\E_Wallet\\TS_addSoF\\TS_addSofDKI\\20191217_111840\\requests\\main\\1.har</message>
  <nestedLevel>1</nestedLevel>
  <property name="harId">0acbe2f9-bd73-4df7-805b-5c06c6509f5b</property>
</record>
<record>
  <date>2019-12-17T11:18:46</date>
  <millis>1576556326155</millis>
  <sequence>127</sequence>
  <level>PASSED</level>
  <class>com.kms.katalon.core.logging.XmlKeywordLogger</class>
  <method>logMessage</method>
  <thread>1</thread>
  <message>Send request successfully</message>
  <nestedLevel>1</nestedLevel>
</record>
<record>
  <date>2019-12-17T11:18:46</date>
  <millis>1576556326157</millis>
  <sequence>128</sequence>
  <level>END</level>
  <class>com.kms.katalon.core.logging.XmlKeywordLogger</class>
  <method>endKeyword</method>
  <thread>1</thread>
  <message>End action : response = sendRequest(request)</message>
  <nestedLevel>1</nestedLevel>
</record>
<record>
  <date>2019-12-17T11:18:46</date>
  <millis>1576556326157</millis>
  <sequence>129</sequence>
  <level>START</level>
  <class>com.kms.katalon.core.logging.XmlKeywordLogger</class>
  <method>startKeyword</method>
  <thread>1</thread>
  <message>Start action : body_content = responseBodyContent</message>
  <nestedLevel>1</nestedLevel>
  <property name="startLine">66</property>
  <property name="stepIndex">15</property>
</record>
<record>
  <date>2019-12-17T11:18:46</date>
  <millis>1576556326158</millis>
  <sequence>130</sequence>
  <level>END</level>
  <class>com.kms.katalon.core.logging.XmlKeywordLogger</class>
  <method>endKeyword</method>
  <thread>1</thread>
  <message>End action : body_content = responseBodyContent</message>
  <nestedLevel>1</nestedLevel>
</record>
<record>
  <date>2019-12-17T11:18:46</date>
  <millis>1576556326159</millis>
  <sequence>131</sequence>
  <level>START</level>
  <class>com.kms.katalon.core.logging.XmlKeywordLogger</class>
  <method>startKeyword</method>
  <thread>1</thread>
  <message>Start action : status_code = statusCode</message>
  <nestedLevel>1</nestedLevel>
  <property name="startLine">67</property>
  <property name="stepIndex">16</property>
</record>
<record>
  <date>2019-12-17T11:18:46</date>
  <millis>1576556326160</millis>
  <sequence>132</sequence>
  <level>END</level>
  <class>com.kms.katalon.core.logging.XmlKeywordLogger</class>
  <method>endKeyword</method>
  <thread>1</thread>
  <message>End action : status_code = statusCode</message>
  <nestedLevel>1</nestedLevel>
</record>
<record>
  <date>2019-12-17T11:18:46</date>
  <millis>1576556326160</millis>
  <sequence>133</sequence>
  <level>START</level>
  <class>com.kms.katalon.core.logging.XmlKeywordLogger</class>
  <method>startKeyword</method>
  <thread>1</thread>
  <message>Start action : respDataMap = JsonSlurper().parseText(body_content)</message>
  <nestedLevel>1</nestedLevel>
  <property name="startLine">68</property>
  <property name="stepIndex">17</property>
</record>
<record>
  <date>2019-12-17T11:18:46</date>
  <millis>1576556326161</millis>
  <sequence>134</sequence>
  <level>END</level>
  <class>com.kms.katalon.core.logging.XmlKeywordLogger</class>
  <method>endKeyword</method>
  <thread>1</thread>
  <message>End action : respDataMap = JsonSlurper().parseText(body_content)</message>
  <nestedLevel>1</nestedLevel>
</record>
<record>
  <date>2019-12-17T11:18:46</date>
  <millis>1576556326162</millis>
  <sequence>135</sequence>
  <level>START</level>
  <class>com.kms.katalon.core.logging.XmlKeywordLogger</class>
  <method>startKeyword</method>
  <thread>1</thread>
  <message>Start action : out.println(respDataMap)</message>
  <nestedLevel>1</nestedLevel>
  <property name="startLine">70</property>
  <property name="stepIndex">18</property>
</record>
<record>
  <date>2019-12-17T11:18:46</date>
  <millis>1576556326163</millis>
  <sequence>136</sequence>
  <level>END</level>
  <class>com.kms.katalon.core.logging.XmlKeywordLogger</class>
  <method>endKeyword</method>
  <thread>1</thread>
  <message>End action : out.println(respDataMap)</message>
  <nestedLevel>1</nestedLevel>
</record>
<record>
  <date>2019-12-17T11:18:46</date>
  <millis>1576556326164</millis>
  <sequence>137</sequence>
  <level>START</level>
  <class>com.kms.katalon.core.logging.XmlKeywordLogger</class>
  <method>startKeyword</method>
  <thread>1</thread>
  <message>Start action : println(body_content)</message>
  <nestedLevel>1</nestedLevel>
  <property name="startLine">71</property>
  <property name="stepIndex">19</property>
</record>
<record>
  <date>2019-12-17T11:18:46</date>
  <millis>1576556326165</millis>
  <sequence>138</sequence>
  <level>END</level>
  <class>com.kms.katalon.core.logging.XmlKeywordLogger</class>
  <method>endKeyword</method>
  <thread>1</thread>
  <message>End action : println(body_content)</message>
  <nestedLevel>1</nestedLevel>
</record>
<record>
  <date>2019-12-17T11:18:46</date>
  <millis>1576556326165</millis>
  <sequence>139</sequence>
  <level>START</level>
  <class>com.kms.katalon.core.logging.XmlKeywordLogger</class>
  <method>startKeyword</method>
  <thread>1</thread>
  <message>Start action : rc_ref = ReturnCodeWrapper(var_expected_rc).getEnumRC()</message>
  <nestedLevel>1</nestedLevel>
  <property name="startLine">74</property>
  <property name="stepIndex">20</property>
</record>
<record>
  <date>2019-12-17T11:18:46</date>
  <millis>1576556326167</millis>
  <sequence>140</sequence>
  <level>END</level>
  <class>com.kms.katalon.core.logging.XmlKeywordLogger</class>
  <method>endKeyword</method>
  <thread>1</thread>
  <message>End action : rc_ref = ReturnCodeWrapper(var_expected_rc).getEnumRC()</message>
  <nestedLevel>1</nestedLevel>
</record>
<record>
  <date>2019-12-17T11:18:46</date>
  <millis>1576556326167</millis>
  <sequence>141</sequence>
  <level>START</level>
  <class>com.kms.katalon.core.logging.XmlKeywordLogger</class>
  <method>startKeyword</method>
  <thread>1</thread>
  <message>Start action : out.println(var_expected_rc)</message>
  <nestedLevel>1</nestedLevel>
  <property name="startLine">76</property>
  <property name="stepIndex">21</property>
</record>
<record>
  <date>2019-12-17T11:18:46</date>
  <millis>1576556326168</millis>
  <sequence>142</sequence>
  <level>END</level>
  <class>com.kms.katalon.core.logging.XmlKeywordLogger</class>
  <method>endKeyword</method>
  <thread>1</thread>
  <message>End action : out.println(var_expected_rc)</message>
  <nestedLevel>1</nestedLevel>
</record>
<record>
  <date>2019-12-17T11:18:46</date>
  <millis>1576556326168</millis>
  <sequence>143</sequence>
  <level>START</level>
  <class>com.kms.katalon.core.logging.XmlKeywordLogger</class>
  <method>startKeyword</method>
  <thread>1</thread>
  <message>Start action : out.println(rc_ref.getRCName())</message>
  <nestedLevel>1</nestedLevel>
  <property name="startLine">77</property>
  <property name="stepIndex">22</property>
</record>
<record>
  <date>2019-12-17T11:18:46</date>
  <millis>1576556326168</millis>
  <sequence>144</sequence>
  <level>END</level>
  <class>com.kms.katalon.core.logging.XmlKeywordLogger</class>
  <method>endKeyword</method>
  <thread>1</thread>
  <message>End action : out.println(rc_ref.getRCName())</message>
  <nestedLevel>1</nestedLevel>
</record>
<record>
  <date>2019-12-17T11:18:46</date>
  <millis>1576556326168</millis>
  <sequence>145</sequence>
  <level>START</level>
  <class>com.kms.katalon.core.logging.XmlKeywordLogger</class>
  <method>startKeyword</method>
  <thread>1</thread>
  <message>Start action : out.println(rc_ref.getHttpResponse())</message>
  <nestedLevel>1</nestedLevel>
  <property name="startLine">78</property>
  <property name="stepIndex">23</property>
</record>
<record>
  <date>2019-12-17T11:18:46</date>
  <millis>1576556326169</millis>
  <sequence>146</sequence>
  <level>END</level>
  <class>com.kms.katalon.core.logging.XmlKeywordLogger</class>
  <method>endKeyword</method>
  <thread>1</thread>
  <message>End action : out.println(rc_ref.getHttpResponse())</message>
  <nestedLevel>1</nestedLevel>
</record>
<record>
  <date>2019-12-17T11:18:46</date>
  <millis>1576556326169</millis>
  <sequence>147</sequence>
  <level>START</level>
  <class>com.kms.katalon.core.logging.XmlKeywordLogger</class>
  <method>startKeyword</method>
  <thread>1</thread>
  <message>Start action : result = verifyEqual(response_code, rc_ref.getRCName())</message>
  <nestedLevel>1</nestedLevel>
  <property name="startLine">81</property>
  <property name="stepIndex">24</property>
</record>
<record>
  <date>2019-12-17T11:18:46</date>
  <millis>1576556326185</millis>
  <sequence>151</sequence>
  <level>FAILED</level>
  <class>com.kms.katalon.core.logging.XmlKeywordLogger</class>
  <method>logMessage</method>
  <thread>1</thread>
  <message>Unable to verify equal between actual object &amp;apos;RC02&amp;apos; and expected object &amp;apos;RC00&amp;apos; (Root cause: com.kms.katalon.core.exception.StepFailedException: Actual object &amp;apos;RC02&amp;apos; and expected object &amp;apos;RC00&amp;apos; are not equal\r\n\tat com.kms.katalon.core.keyword.builtin.VerifyEqualKeyword$_verifyEqual_closure1.doCall(VerifyEqualKeyword.groovy:58)\r\n\tat com.kms.katalon.core.keyword.builtin.VerifyEqualKeyword$_verifyEqual_closure1.call(VerifyEqualKeyword.groovy)\r\n\tat com.kms.katalon.core.keyword.internal.KeywordMain.runKeyword(KeywordMain.groovy:68)\r\n\tat com.kms.katalon.core.keyword.builtin.VerifyEqualKeyword.verifyEqual(VerifyEqualKeyword.groovy:63)\r\n\tat com.kms.katalon.core.keyword.builtin.VerifyEqualKeyword.execute(VerifyEqualKeyword.groovy:44)\r\n\tat com.kms.katalon.core.keyword.internal.KeywordExecutor.executeKeywordForPlatform(KeywordExecutor.groovy:56)\r\n\tat com.kms.katalon.core.keyword.BuiltinKeywords.verifyEqual(BuiltinKeywords.groovy:141)\r\n\tat TC_addSofDKI.run(TC_addSofDKI:81)\r\n\tat com.kms.katalon.core.main.ScriptEngine.run(ScriptEngine.java:194)\r\n\tat com.kms.katalon.core.main.ScriptEngine.runScriptAsRawText(ScriptEngine.java:119)\r\n\tat com.kms.katalon.core.main.TestCaseExecutor.runScript(TestCaseExecutor.java:337)\r\n\tat com.kms.katalon.core.main.TestCaseExecutor.doExecute(TestCaseExecutor.java:328)\r\n\tat com.kms.katalon.core.main.TestCaseExecutor.processExecutionPhase(TestCaseExecutor.java:307)\r\n\tat com.kms.katalon.core.main.TestCaseExecutor.accessMainPhase(TestCaseExecutor.java:299)\r\n\tat com.kms.katalon.core.main.TestCaseExecutor.execute(TestCaseExecutor.java:233)\r\n\tat com.kms.katalon.core.main.TestSuiteExecutor.accessTestCaseMainPhase(TestSuiteExecutor.java:133)\r\n\tat com.kms.katalon.core.main.TestSuiteExecutor.accessTestSuiteMainPhase(TestSuiteExecutor.java:116)\r\n\tat com.kms.katalon.core.main.TestSuiteExecutor.execute(TestSuiteExecutor.java:83)\r\n\tat com.kms.katalon.core.main.TestCaseMain.startTestSuite(TestCaseMain.java:157)\r\n\tat com.kms.katalon.core.main.TestCaseMain$startTestSuite$0.call(Unknown Source)\r\n\tat TempTestSuite1576556320785.run(TempTestSuite1576556320785.groovy:35)\r\n)</message>
  <nestedLevel>1</nestedLevel>
  <property name="failed.exception.class">com.kms.katalon.core.exception.StepFailedException</property>
  <property name="failed.exception.stacktrace">com.kms.katalon.core.exception.StepFailedException: Actual object &apos;RC02&apos; and expected object &apos;RC00&apos; are not equal\r\n\tat com.kms.katalon.core.keyword.builtin.VerifyEqualKeyword$_verifyEqual_closure1.doCall(VerifyEqualKeyword.groovy:58)\r\n\tat com.kms.katalon.core.keyword.builtin.VerifyEqualKeyword$_verifyEqual_closure1.call(VerifyEqualKeyword.groovy)\r\n\tat com.kms.katalon.core.keyword.internal.KeywordMain.runKeyword(KeywordMain.groovy:68)\r\n\tat com.kms.katalon.core.keyword.builtin.VerifyEqualKeyword.verifyEqual(VerifyEqualKeyword.groovy:63)\r\n\tat com.kms.katalon.core.keyword.builtin.VerifyEqualKeyword.execute(VerifyEqualKeyword.groovy:44)\r\n\tat com.kms.katalon.core.keyword.internal.KeywordExecutor.executeKeywordForPlatform(KeywordExecutor.groovy:56)\r\n\tat com.kms.katalon.core.keyword.BuiltinKeywords.verifyEqual(BuiltinKeywords.groovy:141)\r\n\tat TC_addSofDKI.run(TC_addSofDKI:81)\r\n\tat com.kms.katalon.core.main.ScriptEngine.run(ScriptEngine.java:194)\r\n\tat com.kms.katalon.core.main.ScriptEngine.runScriptAsRawText(ScriptEngine.java:119)\r\n\tat com.kms.katalon.core.main.TestCaseExecutor.runScript(TestCaseExecutor.java:337)\r\n\tat com.kms.katalon.core.main.TestCaseExecutor.doExecute(TestCaseExecutor.java:328)\r\n\tat com.kms.katalon.core.main.TestCaseExecutor.processExecutionPhase(TestCaseExecutor.java:307)\r\n\tat com.kms.katalon.core.main.TestCaseExecutor.accessMainPhase(TestCaseExecutor.java:299)\r\n\tat com.kms.katalon.core.main.TestCaseExecutor.execute(TestCaseExecutor.java:233)\r\n\tat com.kms.katalon.core.main.TestSuiteExecutor.accessTestCaseMainPhase(TestSuiteExecutor.java:133)\r\n\tat com.kms.katalon.core.main.TestSuiteExecutor.accessTestSuiteMainPhase(TestSuiteExecutor.java:116)\r\n\tat com.kms.katalon.core.main.TestSuiteExecutor.execute(TestSuiteExecutor.java:83)\r\n\tat com.kms.katalon.core.main.TestCaseMain.startTestSuite(TestCaseMain.java:157)\r\n\tat com.kms.katalon.core.main.TestCaseMain$startTestSuite$0.call(Unknown Source)\r\n\tat TempTestSuite1576556320785.run(TempTestSuite1576556320785.groovy:35)\r\n</property>
  <property name="failed.exception.message">Actual object &apos;RC02&apos; and expected object &apos;RC00&apos; are not equal</property>
</record>
<record>
  <date>2019-12-17T11:18:46</date>
  <millis>1576556326187</millis>
  <sequence>152</sequence>
  <level>END</level>
  <class>com.kms.katalon.core.logging.XmlKeywordLogger</class>
  <method>endKeyword</method>
  <thread>1</thread>
  <message>End action : result = verifyEqual(response_code, rc_ref.getRCName())</message>
  <nestedLevel>1</nestedLevel>
</record>
<record>
  <date>2019-12-17T11:18:46</date>
  <millis>1576556326188</millis>
  <sequence>154</sequence>
  <level>FAILED</level>
  <class>com.kms.katalon.core.logging.XmlKeywordLogger</class>
  <method>logMessage</method>
  <thread>1</thread>
  <message>Test Cases/E_Wallet/TC_addSoF/TC_addSofDKI FAILED.\nReason:\ncom.kms.katalon.core.exception.StepFailedException: Actual object &amp;apos;RC02&amp;apos; and expected object &amp;apos;RC00&amp;apos; are not equal\r\n\tat com.kms.katalon.core.keyword.builtin.VerifyEqualKeyword$_verifyEqual_closure1.doCall(VerifyEqualKeyword.groovy:58)\r\n\tat com.kms.katalon.core.keyword.builtin.VerifyEqualKeyword$_verifyEqual_closure1.call(VerifyEqualKeyword.groovy)\r\n\tat com.kms.katalon.core.keyword.internal.KeywordMain.runKeyword(KeywordMain.groovy:68)\r\n\tat com.kms.katalon.core.keyword.builtin.VerifyEqualKeyword.verifyEqual(VerifyEqualKeyword.groovy:63)\r\n\tat com.kms.katalon.core.keyword.builtin.VerifyEqualKeyword.execute(VerifyEqualKeyword.groovy:44)\r\n\tat com.kms.katalon.core.keyword.internal.KeywordExecutor.executeKeywordForPlatform(KeywordExecutor.groovy:56)\r\n\tat com.kms.katalon.core.keyword.BuiltinKeywords.verifyEqual(BuiltinKeywords.groovy:141)\r\n\tat TC_addSofDKI.run(TC_addSofDKI:81)\r\n\tat com.kms.katalon.core.main.ScriptEngine.run(ScriptEngine.java:194)\r\n\tat com.kms.katalon.core.main.ScriptEngine.runScriptAsRawText(ScriptEngine.java:119)\r\n\tat com.kms.katalon.core.main.TestCaseExecutor.runScript(TestCaseExecutor.java:337)\r\n\tat com.kms.katalon.core.main.TestCaseExecutor.doExecute(TestCaseExecutor.java:328)\r\n\tat com.kms.katalon.core.main.TestCaseExecutor.processExecutionPhase(TestCaseExecutor.java:307)\r\n\tat com.kms.katalon.core.main.TestCaseExecutor.accessMainPhase(TestCaseExecutor.java:299)\r\n\tat com.kms.katalon.core.main.TestCaseExecutor.execute(TestCaseExecutor.java:233)\r\n\tat com.kms.katalon.core.main.TestSuiteExecutor.accessTestCaseMainPhase(TestSuiteExecutor.java:133)\r\n\tat com.kms.katalon.core.main.TestSuiteExecutor.accessTestSuiteMainPhase(TestSuiteExecutor.java:116)\r\n\tat com.kms.katalon.core.main.TestSuiteExecutor.execute(TestSuiteExecutor.java:83)\r\n\tat com.kms.katalon.core.main.TestCaseMain.startTestSuite(TestCaseMain.java:157)\r\n\tat com.kms.katalon.core.main.TestCaseMain$startTestSuite$0.call(Unknown Source)\r\n\tat TempTestSuite1576556320785.run(TempTestSuite1576556320785.groovy:35)\r\n</message>
  <exception>
    <message>com.kms.katalon.core.exception.StepFailedException: Actual object 'RC02' and expected object 'RC00' are not equal</message>
    <frame>
      <class>com.kms.katalon.core.keyword.builtin.VerifyEqualKeyword$_verifyEqual_closure1</class>
      <method>doCall</method>
      <line>58</line>
    </frame>
    <frame>
      <class>com.kms.katalon.core.keyword.builtin.VerifyEqualKeyword$_verifyEqual_closure1</class>
      <method>call</method>
    </frame>
    <frame>
      <class>com.kms.katalon.core.keyword.internal.KeywordMain</class>
      <method>runKeyword</method>
      <line>68</line>
    </frame>
    <frame>
      <class>com.kms.katalon.core.keyword.builtin.VerifyEqualKeyword</class>
      <method>verifyEqual</method>
      <line>63</line>
    </frame>
    <frame>
      <class>com.kms.katalon.core.keyword.builtin.VerifyEqualKeyword</class>
      <method>execute</method>
      <line>44</line>
    </frame>
    <frame>
      <class>com.kms.katalon.core.keyword.internal.KeywordExecutor</class>
      <method>executeKeywordForPlatform</method>
      <line>56</line>
    </frame>
    <frame>
      <class>com.kms.katalon.core.keyword.BuiltinKeywords</class>
      <method>verifyEqual</method>
      <line>141</line>
    </frame>
    <frame>
      <class>TC_addSofDKI</class>
      <method>run</method>
      <line>81</line>
    </frame>
    <frame>
      <class>com.kms.katalon.core.main.ScriptEngine</class>
      <method>run</method>
      <line>194</line>
    </frame>
    <frame>
      <class>com.kms.katalon.core.main.ScriptEngine</class>
      <method>runScriptAsRawText</method>
      <line>119</line>
    </frame>
    <frame>
      <class>com.kms.katalon.core.main.TestCaseExecutor</class>
      <method>runScript</method>
      <line>337</line>
    </frame>
    <frame>
      <class>com.kms.katalon.core.main.TestCaseExecutor</class>
      <method>doExecute</method>
      <line>328</line>
    </frame>
    <frame>
      <class>com.kms.katalon.core.main.TestCaseExecutor</class>
      <method>processExecutionPhase</method>
      <line>307</line>
    </frame>
    <frame>
      <class>com.kms.katalon.core.main.TestCaseExecutor</class>
      <method>accessMainPhase</method>
      <line>299</line>
    </frame>
    <frame>
      <class>com.kms.katalon.core.main.TestCaseExecutor</class>
      <method>execute</method>
      <line>233</line>
    </frame>
    <frame>
      <class>com.kms.katalon.core.main.TestSuiteExecutor</class>
      <method>accessTestCaseMainPhase</method>
      <line>133</line>
    </frame>
    <frame>
      <class>com.kms.katalon.core.main.TestSuiteExecutor</class>
      <method>accessTestSuiteMainPhase</method>
      <line>116</line>
    </frame>
    <frame>
      <class>com.kms.katalon.core.main.TestSuiteExecutor</class>
      <method>execute</method>
      <line>83</line>
    </frame>
    <frame>
      <class>com.kms.katalon.core.main.TestCaseMain</class>
      <method>startTestSuite</method>
      <line>157</line>
    </frame>
    <frame>
      <class>com.kms.katalon.core.main.TestCaseMain$startTestSuite$0</class>
      <method>call</method>
    </frame>
    <frame>
      <class>TempTestSuite1576556320785</class>
      <method>run</method>
      <line>35</line>
    </frame>
  </exception>
  <nestedLevel>0</nestedLevel>
  <property name="failed.exception.stacktrace">com.kms.katalon.core.exception.StepFailedException: Actual object &apos;RC02&apos; and expected object &apos;RC00&apos; are not equal\r\n\tat com.kms.katalon.core.keyword.builtin.VerifyEqualKeyword$_verifyEqual_closure1.doCall(VerifyEqualKeyword.groovy:58)\r\n\tat com.kms.katalon.core.keyword.builtin.VerifyEqualKeyword$_verifyEqual_closure1.call(VerifyEqualKeyword.groovy)\r\n\tat com.kms.katalon.core.keyword.internal.KeywordMain.runKeyword(KeywordMain.groovy:68)\r\n\tat com.kms.katalon.core.keyword.builtin.VerifyEqualKeyword.verifyEqual(VerifyEqualKeyword.groovy:63)\r\n\tat com.kms.katalon.core.keyword.builtin.VerifyEqualKeyword.execute(VerifyEqualKeyword.groovy:44)\r\n\tat com.kms.katalon.core.keyword.internal.KeywordExecutor.executeKeywordForPlatform(KeywordExecutor.groovy:56)\r\n\tat com.kms.katalon.core.keyword.BuiltinKeywords.verifyEqual(BuiltinKeywords.groovy:141)\r\n\tat TC_addSofDKI.run(TC_addSofDKI:81)\r\n\tat com.kms.katalon.core.main.ScriptEngine.run(ScriptEngine.java:194)\r\n\tat com.kms.katalon.core.main.ScriptEngine.runScriptAsRawText(ScriptEngine.java:119)\r\n\tat com.kms.katalon.core.main.TestCaseExecutor.runScript(TestCaseExecutor.java:337)\r\n\tat com.kms.katalon.core.main.TestCaseExecutor.doExecute(TestCaseExecutor.java:328)\r\n\tat com.kms.katalon.core.main.TestCaseExecutor.processExecutionPhase(TestCaseExecutor.java:307)\r\n\tat com.kms.katalon.core.main.TestCaseExecutor.accessMainPhase(TestCaseExecutor.java:299)\r\n\tat com.kms.katalon.core.main.TestCaseExecutor.execute(TestCaseExecutor.java:233)\r\n\tat com.kms.katalon.core.main.TestSuiteExecutor.accessTestCaseMainPhase(TestSuiteExecutor.java:133)\r\n\tat com.kms.katalon.core.main.TestSuiteExecutor.accessTestSuiteMainPhase(TestSuiteExecutor.java:116)\r\n\tat com.kms.katalon.core.main.TestSuiteExecutor.execute(TestSuiteExecutor.java:83)\r\n\tat com.kms.katalon.core.main.TestCaseMain.startTestSuite(TestCaseMain.java:157)\r\n\tat com.kms.katalon.core.main.TestCaseMain$startTestSuite$0.call(Unknown Source)\r\n\tat TempTestSuite1576556320785.run(TempTestSuite1576556320785.groovy:35)\r\n</property>
  <property name="failed.exception.class">com.kms.katalon.core.exception.StepFailedException</property>
  <property name="failed.exception.message">Actual object &apos;RC02&apos; and expected object &apos;RC00&apos; are not equal</property>
</record>
<record>
  <date>2019-12-17T11:18:46</date>
  <millis>1576556326190</millis>
  <sequence>156</sequence>
  <level>END</level>
  <class>com.kms.katalon.core.logging.XmlKeywordLogger</class>
  <method>endTest</method>
  <thread>1</thread>
  <message>End Test Case : Test Cases/E_Wallet/TC_addSoF/TC_addSofDKI</message>
  <nestedLevel>0</nestedLevel>
</record>
<record>
  <date>2019-12-17T11:18:46</date>
  <millis>1576556326190</millis>
  <sequence>157</sequence>
  <level>START</level>
  <class>com.kms.katalon.core.logging.XmlKeywordLogger</class>
  <method>startKeyword</method>
  <thread>1</thread>
  <message>Start listener action : exportKatalonReports</message>
  <nestedLevel>0</nestedLevel>
</record>
<record>
  <date>2019-12-17T11:18:46</date>
  <millis>1576556326336</millis>
  <sequence>449</sequence>
  <level>INFO</level>
  <class>com.kms.katalon.core.logging.XmlKeywordLogger</class>
  <method>logMessage</method>
  <thread>1</thread>
  <message>Start generating HTML report folder at: D:\\katalon-ewallet\\Reports\\E_Wallet\\TS_addSoF\\TS_addSofDKI\\20191217_111840...</message>
  <nestedLevel>0</nestedLevel>
</record>
<record>
  <date>2019-12-17T11:18:46</date>
  <millis>1576556326610</millis>
  <sequence>450</sequence>
  <level>INFO</level>
  <class>com.kms.katalon.core.logging.XmlKeywordLogger</class>
  <method>logMessage</method>
  <thread>1</thread>
  <message>HTML report generated</message>
  <nestedLevel>0</nestedLevel>
</record>
<record>
  <date>2019-12-17T11:18:46</date>
  <millis>1576556326611</millis>
  <sequence>451</sequence>
  <level>INFO</level>
  <class>com.kms.katalon.core.logging.XmlKeywordLogger</class>
  <method>logMessage</method>
  <thread>1</thread>
  <message>Start generating CSV report folder at: D:\\katalon-ewallet\\Reports\\E_Wallet\\TS_addSoF\\TS_addSofDKI\\20191217_111840...</message>
  <nestedLevel>0</nestedLevel>
</record>
<record>
  <date>2019-12-17T11:18:46</date>
  <millis>1576556326637</millis>
  <sequence>452</sequence>
  <level>INFO</level>
  <class>com.kms.katalon.core.logging.XmlKeywordLogger</class>
  <method>logMessage</method>
  <thread>1</thread>
  <message>CSV report generated</message>
  <nestedLevel>0</nestedLevel>
</record>
<record>
  <date>2019-12-17T11:18:46</date>
  <millis>1576556326637</millis>
  <sequence>453</sequence>
  <level>INFO</level>
  <class>com.kms.katalon.core.logging.XmlKeywordLogger</class>
  <method>logMessage</method>
  <thread>1</thread>
  <message>Start generating JUnit report folder at: D:\\katalon-ewallet\\Reports\\E_Wallet\\TS_addSoF\\TS_addSofDKI\\20191217_111840...</message>
  <nestedLevel>0</nestedLevel>
</record>
<record>
  <date>2019-12-17T11:18:46</date>
  <millis>1576556326768</millis>
  <sequence>454</sequence>
  <level>INFO</level>
  <class>com.kms.katalon.core.logging.XmlKeywordLogger</class>
  <method>logMessage</method>
  <thread>1</thread>
  <message>JUnit report generated</message>
  <nestedLevel>0</nestedLevel>
</record>
<record>
  <date>2019-12-17T11:18:46</date>
  <millis>1576556326768</millis>
  <sequence>456</sequence>
  <level>END</level>
  <class>com.kms.katalon.core.logging.XmlKeywordLogger</class>
  <method>endKeyword</method>
  <thread>1</thread>
  <message>End listener action : exportKatalonReports</message>
  <nestedLevel>0</nestedLevel>
</record>
<record>
  <date>2019-12-17T11:18:46</date>
  <millis>1576556326810</millis>
  <sequence>457</sequence>
  <level>END</level>
  <class>com.kms.katalon.core.logging.XmlKeywordLogger</class>
  <method>endSuite</method>
  <thread>1</thread>
  <message>End Test Suite : Test Suites/E_Wallet/TS_addSoF/TS_addSofDKI</message>
  <nestedLevel>0</nestedLevel>
</record>
</log>